<html>
<head>
<title>TestNG:  Emergency</title>
<link href="../testng.css" rel="stylesheet" type="text/css" />
<link href="../my-testng.css" rel="stylesheet" type="text/css" />

<style type="text/css">
.log { display: none;} 
.stack-trace { display: none;} 
</style>
<script type="text/javascript">
<!--
function flip(e) {
  current = e.style.display;
  if (current == 'block') {
    e.style.display = 'none';
    return 0;
  }
  else {
    e.style.display = 'block';
    return 1;
  }
}

function toggleBox(szDivId, elem, msg1, msg2)
{
  var res = -1;  if (document.getElementById) {
    res = flip(document.getElementById(szDivId));
  }
  else if (document.all) {
    // this is the way old msie versions work
    res = flip(document.all[szDivId]);
  }
  if(elem) {
    if(res == 0) elem.innerHTML = msg1; else elem.innerHTML = msg2;
  }

}

function toggleAllBoxes() {
  if (document.getElementsByTagName) {
    d = document.getElementsByTagName('div');
    for (i = 0; i < d.length; i++) {
      if (d[i].className == 'log') {
        flip(d[i]);
      }
    }
  }
}

// -->
</script>

</head>
<body>
<h2 align='center'>Emergency</h2><table border='1' align="center">
<tr>
<td>Tests passed/Failed/Skipped:</td><td>1/53/0</td>
</tr><tr>
<td>Started on:</td><td>Fri Sep 16 13:41:37 PDT 2022</td>
</tr>
<tr><td>Total time:</td><td>1053 seconds (1053480 ms)</td>
</tr><tr>
<td>Included groups:</td><td></td>
</tr><tr>
<td>Excluded groups:</td><td></td>
</tr>
</table><p/>
<small><i>(Hover the method name to see the test class name)</i></small><p/>
<table width='100%' border='1' class='invocation-failed'>
<tr><td colspan='4' align='center'><b>FAILED TESTS</b></td></tr>
<tr><td><b>Test method</b></td>
<td width="30%"><b>Exception</b></td>
<td width="10%"><b>Time (seconds)</b></td>
<td><b>Instance</b></td>
</tr>
<tr>
<td title='com.medmantra.testcases.Emergency.TC_104_Emergency_WorkList_Doctor_Activities_Raise_Radiology_Request.runRaiseRadiologyRequest()'><b>runRaiseRadiologyRequest</b><br>Test class: com.medmantra.testcases.Emergency.TC_104_Emergency_WorkList_Doctor_Activities_Raise_Radiology_Request<br>Parameters: By EP Number, CT, 100ML CONTRAST - C.T.SCAN, Clinical Notes, A Kaladhar, Has Been Generated</td>
<td><div><pre>java.lang.IllegalArgumentException: Keys to send should be a not null CharSequence
	at org.openqa.selenium.remote.RemoteWebElement.sendKeys(RemoteWebElement.java:92)
	at com.framework.selenium.api.base.SeleniumBase.type(SeleniumBase.java:342)
	at com.medmantra.pages.EmergencyWorkListPage.enterEPNumber(EmergencyWorkListPage.java:16)
	at com.medmantra.testcases.Emergency.TC_104_Emergency_WorkList_Doctor_Activities_Raise_Radiology_Request.runRaiseRadiologyRequest(TC_104_Emergency_WorkList_Doctor_Activities_Raise_Radiology_Request.java:25)
	at java.base/java.util.ArrayList.forEach(ArrayList.java:1511)
... Removed 27 stack frames</pre></div><a href='#' onClick='toggleBox("stack-trace771935234", this, "Click to show all stack frames", "Click to hide stack frames")'>Click to show all stack frames</a>
<div class='stack-trace' id='stack-trace771935234'><pre>java.lang.IllegalArgumentException: Keys to send should be a not null CharSequence
	at org.openqa.selenium.remote.RemoteWebElement.sendKeys(RemoteWebElement.java:92)
	at com.framework.selenium.api.base.SeleniumBase.type(SeleniumBase.java:342)
	at com.medmantra.pages.EmergencyWorkListPage.enterEPNumber(EmergencyWorkListPage.java:16)
	at com.medmantra.testcases.Emergency.TC_104_Emergency_WorkList_Doctor_Activities_Raise_Radiology_Request.runRaiseRadiologyRequest(TC_104_Emergency_WorkList_Doctor_Activities_Raise_Radiology_Request.java:25)
	at java.base/jdk.internal.reflect.NativeMethodAccessorImpl.invoke0(Native Method)
	at java.base/jdk.internal.reflect.NativeMethodAccessorImpl.invoke(NativeMethodAccessorImpl.java:77)
	at java.base/jdk.internal.reflect.DelegatingMethodAccessorImpl.invoke(DelegatingMethodAccessorImpl.java:43)
	at java.base/java.lang.reflect.Method.invoke(Method.java:568)
	at org.testng.internal.MethodInvocationHelper.invokeMethod(MethodInvocationHelper.java:133)
	at org.testng.internal.TestInvoker.invokeMethod(TestInvoker.java:598)
	at org.testng.internal.TestInvoker.invokeTestMethod(TestInvoker.java:173)
	at org.testng.internal.MethodRunner.runInSequence(MethodRunner.java:46)
	at org.testng.internal.TestInvoker$MethodInvocationAgent.invoke(TestInvoker.java:824)
	at org.testng.internal.TestInvoker.invokeTestMethods(TestInvoker.java:146)
	at org.testng.internal.TestMethodWorker.invokeTestMethods(TestMethodWorker.java:146)
	at org.testng.internal.TestMethodWorker.run(TestMethodWorker.java:128)
	at java.base/java.util.ArrayList.forEach(ArrayList.java:1511)
	at org.testng.TestRunner.privateRun(TestRunner.java:794)
	at org.testng.TestRunner.run(TestRunner.java:596)
	at org.testng.SuiteRunner.runTest(SuiteRunner.java:377)
	at org.testng.SuiteRunner.runSequentially(SuiteRunner.java:371)
	at org.testng.SuiteRunner.privateRun(SuiteRunner.java:332)
	at org.testng.SuiteRunner.run(SuiteRunner.java:276)
	at org.testng.SuiteRunnerWorker.runSuite(SuiteRunnerWorker.java:53)
	at org.testng.SuiteRunnerWorker.run(SuiteRunnerWorker.java:96)
	at org.testng.TestNG.runSuitesSequentially(TestNG.java:1212)
	at org.testng.TestNG.runSuitesLocally(TestNG.java:1134)
	at org.testng.TestNG.runSuites(TestNG.java:1063)
	at org.testng.TestNG.run(TestNG.java:1031)
	at org.testng.remote.AbstractRemoteTestNG.run(AbstractRemoteTestNG.java:115)
	at org.testng.remote.RemoteTestNG.initAndRun(RemoteTestNG.java:251)
	at org.testng.remote.RemoteTestNG.main(RemoteTestNG.java:77)
</pre></div></td>
<td>13</td>
<td>com.medmantra.testcases.Emergency.TC_104_Emergency_WorkList_Doctor_Activities_Raise_Radiology_Request@38145825</td></tr>
<tr>
<td title='com.medmantra.testcases.Emergency.TC_113_Emergency_WorkList_Doctor_Activities_Raised_Services.runRaisedServices()'><b>runRaisedServices</b><br>Test class: com.medmantra.testcases.Emergency.TC_113_Emergency_WorkList_Doctor_Activities_Raised_Services<br>Parameters: By EP Number, Patient Requests</td>
<td><div><pre>java.lang.IllegalArgumentException: Keys to send should be a not null CharSequence
	at org.openqa.selenium.remote.RemoteWebElement.sendKeys(RemoteWebElement.java:92)
	at com.framework.selenium.api.base.SeleniumBase.type(SeleniumBase.java:342)
	at com.medmantra.pages.EmergencyWorkListPage.enterEPNumber(EmergencyWorkListPage.java:16)
	at com.medmantra.testcases.Emergency.TC_113_Emergency_WorkList_Doctor_Activities_Raised_Services.runRaisedServices(TC_113_Emergency_WorkList_Doctor_Activities_Raised_Services.java:24)
	at java.base/java.util.ArrayList.forEach(ArrayList.java:1511)
... Removed 27 stack frames</pre></div><a href='#' onClick='toggleBox("stack-trace1607336783", this, "Click to show all stack frames", "Click to hide stack frames")'>Click to show all stack frames</a>
<div class='stack-trace' id='stack-trace1607336783'><pre>java.lang.IllegalArgumentException: Keys to send should be a not null CharSequence
	at org.openqa.selenium.remote.RemoteWebElement.sendKeys(RemoteWebElement.java:92)
	at com.framework.selenium.api.base.SeleniumBase.type(SeleniumBase.java:342)
	at com.medmantra.pages.EmergencyWorkListPage.enterEPNumber(EmergencyWorkListPage.java:16)
	at com.medmantra.testcases.Emergency.TC_113_Emergency_WorkList_Doctor_Activities_Raised_Services.runRaisedServices(TC_113_Emergency_WorkList_Doctor_Activities_Raised_Services.java:24)
	at java.base/jdk.internal.reflect.NativeMethodAccessorImpl.invoke0(Native Method)
	at java.base/jdk.internal.reflect.NativeMethodAccessorImpl.invoke(NativeMethodAccessorImpl.java:77)
	at java.base/jdk.internal.reflect.DelegatingMethodAccessorImpl.invoke(DelegatingMethodAccessorImpl.java:43)
	at java.base/java.lang.reflect.Method.invoke(Method.java:568)
	at org.testng.internal.MethodInvocationHelper.invokeMethod(MethodInvocationHelper.java:133)
	at org.testng.internal.TestInvoker.invokeMethod(TestInvoker.java:598)
	at org.testng.internal.TestInvoker.invokeTestMethod(TestInvoker.java:173)
	at org.testng.internal.MethodRunner.runInSequence(MethodRunner.java:46)
	at org.testng.internal.TestInvoker$MethodInvocationAgent.invoke(TestInvoker.java:824)
	at org.testng.internal.TestInvoker.invokeTestMethods(TestInvoker.java:146)
	at org.testng.internal.TestMethodWorker.invokeTestMethods(TestMethodWorker.java:146)
	at org.testng.internal.TestMethodWorker.run(TestMethodWorker.java:128)
	at java.base/java.util.ArrayList.forEach(ArrayList.java:1511)
	at org.testng.TestRunner.privateRun(TestRunner.java:794)
	at org.testng.TestRunner.run(TestRunner.java:596)
	at org.testng.SuiteRunner.runTest(SuiteRunner.java:377)
	at org.testng.SuiteRunner.runSequentially(SuiteRunner.java:371)
	at org.testng.SuiteRunner.privateRun(SuiteRunner.java:332)
	at org.testng.SuiteRunner.run(SuiteRunner.java:276)
	at org.testng.SuiteRunnerWorker.runSuite(SuiteRunnerWorker.java:53)
	at org.testng.SuiteRunnerWorker.run(SuiteRunnerWorker.java:96)
	at org.testng.TestNG.runSuitesSequentially(TestNG.java:1212)
	at org.testng.TestNG.runSuitesLocally(TestNG.java:1134)
	at org.testng.TestNG.runSuites(TestNG.java:1063)
	at org.testng.TestNG.run(TestNG.java:1031)
	at org.testng.remote.AbstractRemoteTestNG.run(AbstractRemoteTestNG.java:115)
	at org.testng.remote.RemoteTestNG.initAndRun(RemoteTestNG.java:251)
	at org.testng.remote.RemoteTestNG.main(RemoteTestNG.java:77)
</pre></div></td>
<td>12</td>
<td>com.medmantra.testcases.Emergency.TC_113_Emergency_WorkList_Doctor_Activities_Raised_Services@1e4f4a5c</td></tr>
<tr>
<td title='com.medmantra.testcases.Emergency.TC_133_Emergency_WorkList_Doctor_Activities_Prescription_Update_Drug.runUpdateAlias()'><b>runUpdateAlias</b><br>Test class: com.medmantra.testcases.Emergency.TC_133_Emergency_WorkList_Doctor_Activities_Prescription_Update_Drug<br>Parameters: By EP Number, After Breakfast, Quicklist successfully updated.</td>
<td><div><pre>java.lang.IllegalArgumentException: Keys to send should be a not null CharSequence
	at org.openqa.selenium.remote.RemoteWebElement.sendKeys(RemoteWebElement.java:92)
	at com.framework.selenium.api.base.SeleniumBase.type(SeleniumBase.java:342)
	at com.medmantra.pages.EmergencyWorkListPage.enterEPNumber(EmergencyWorkListPage.java:16)
	at com.medmantra.testcases.Emergency.TC_133_Emergency_WorkList_Doctor_Activities_Prescription_Update_Drug.runUpdateAlias(TC_133_Emergency_WorkList_Doctor_Activities_Prescription_Update_Drug.java:24)
	at java.base/java.util.ArrayList.forEach(ArrayList.java:1511)
... Removed 27 stack frames</pre></div><a href='#' onClick='toggleBox("stack-trace843891533", this, "Click to show all stack frames", "Click to hide stack frames")'>Click to show all stack frames</a>
<div class='stack-trace' id='stack-trace843891533'><pre>java.lang.IllegalArgumentException: Keys to send should be a not null CharSequence
	at org.openqa.selenium.remote.RemoteWebElement.sendKeys(RemoteWebElement.java:92)
	at com.framework.selenium.api.base.SeleniumBase.type(SeleniumBase.java:342)
	at com.medmantra.pages.EmergencyWorkListPage.enterEPNumber(EmergencyWorkListPage.java:16)
	at com.medmantra.testcases.Emergency.TC_133_Emergency_WorkList_Doctor_Activities_Prescription_Update_Drug.runUpdateAlias(TC_133_Emergency_WorkList_Doctor_Activities_Prescription_Update_Drug.java:24)
	at java.base/jdk.internal.reflect.NativeMethodAccessorImpl.invoke0(Native Method)
	at java.base/jdk.internal.reflect.NativeMethodAccessorImpl.invoke(NativeMethodAccessorImpl.java:77)
	at java.base/jdk.internal.reflect.DelegatingMethodAccessorImpl.invoke(DelegatingMethodAccessorImpl.java:43)
	at java.base/java.lang.reflect.Method.invoke(Method.java:568)
	at org.testng.internal.MethodInvocationHelper.invokeMethod(MethodInvocationHelper.java:133)
	at org.testng.internal.TestInvoker.invokeMethod(TestInvoker.java:598)
	at org.testng.internal.TestInvoker.invokeTestMethod(TestInvoker.java:173)
	at org.testng.internal.MethodRunner.runInSequence(MethodRunner.java:46)
	at org.testng.internal.TestInvoker$MethodInvocationAgent.invoke(TestInvoker.java:824)
	at org.testng.internal.TestInvoker.invokeTestMethods(TestInvoker.java:146)
	at org.testng.internal.TestMethodWorker.invokeTestMethods(TestMethodWorker.java:146)
	at org.testng.internal.TestMethodWorker.run(TestMethodWorker.java:128)
	at java.base/java.util.ArrayList.forEach(ArrayList.java:1511)
	at org.testng.TestRunner.privateRun(TestRunner.java:794)
	at org.testng.TestRunner.run(TestRunner.java:596)
	at org.testng.SuiteRunner.runTest(SuiteRunner.java:377)
	at org.testng.SuiteRunner.runSequentially(SuiteRunner.java:371)
	at org.testng.SuiteRunner.privateRun(SuiteRunner.java:332)
	at org.testng.SuiteRunner.run(SuiteRunner.java:276)
	at org.testng.SuiteRunnerWorker.runSuite(SuiteRunnerWorker.java:53)
	at org.testng.SuiteRunnerWorker.run(SuiteRunnerWorker.java:96)
	at org.testng.TestNG.runSuitesSequentially(TestNG.java:1212)
	at org.testng.TestNG.runSuitesLocally(TestNG.java:1134)
	at org.testng.TestNG.runSuites(TestNG.java:1063)
	at org.testng.TestNG.run(TestNG.java:1031)
	at org.testng.remote.AbstractRemoteTestNG.run(AbstractRemoteTestNG.java:115)
	at org.testng.remote.RemoteTestNG.initAndRun(RemoteTestNG.java:251)
	at org.testng.remote.RemoteTestNG.main(RemoteTestNG.java:77)
</pre></div></td>
<td>12</td>
<td>com.medmantra.testcases.Emergency.TC_133_Emergency_WorkList_Doctor_Activities_Prescription_Update_Drug@5d908d47</td></tr>
<tr>
<td title='com.medmantra.testcases.Emergency.TC_084_Emergency_WorkList_Doctor_Activities_Diet_Update_Allergy.runUpdateAllergy()'><b>runUpdateAllergy</b><br>Test class: com.medmantra.testcases.Emergency.TC_084_Emergency_WorkList_Doctor_Activities_Diet_Update_Allergy<br>Parameters: By EP Number, Moderate, Updated successfully</td>
<td><div><pre>java.lang.IllegalArgumentException: Keys to send should be a not null CharSequence
	at org.openqa.selenium.remote.RemoteWebElement.sendKeys(RemoteWebElement.java:92)
	at com.framework.selenium.api.base.SeleniumBase.type(SeleniumBase.java:342)
	at com.medmantra.pages.EmergencyWorkListPage.enterEPNumber(EmergencyWorkListPage.java:16)
	at com.medmantra.testcases.Emergency.TC_084_Emergency_WorkList_Doctor_Activities_Diet_Update_Allergy.runUpdateAllergy(TC_084_Emergency_WorkList_Doctor_Activities_Diet_Update_Allergy.java:24)
	at java.base/java.util.ArrayList.forEach(ArrayList.java:1511)
... Removed 27 stack frames</pre></div><a href='#' onClick='toggleBox("stack-trace139527382", this, "Click to show all stack frames", "Click to hide stack frames")'>Click to show all stack frames</a>
<div class='stack-trace' id='stack-trace139527382'><pre>java.lang.IllegalArgumentException: Keys to send should be a not null CharSequence
	at org.openqa.selenium.remote.RemoteWebElement.sendKeys(RemoteWebElement.java:92)
	at com.framework.selenium.api.base.SeleniumBase.type(SeleniumBase.java:342)
	at com.medmantra.pages.EmergencyWorkListPage.enterEPNumber(EmergencyWorkListPage.java:16)
	at com.medmantra.testcases.Emergency.TC_084_Emergency_WorkList_Doctor_Activities_Diet_Update_Allergy.runUpdateAllergy(TC_084_Emergency_WorkList_Doctor_Activities_Diet_Update_Allergy.java:24)
	at java.base/jdk.internal.reflect.NativeMethodAccessorImpl.invoke0(Native Method)
	at java.base/jdk.internal.reflect.NativeMethodAccessorImpl.invoke(NativeMethodAccessorImpl.java:77)
	at java.base/jdk.internal.reflect.DelegatingMethodAccessorImpl.invoke(DelegatingMethodAccessorImpl.java:43)
	at java.base/java.lang.reflect.Method.invoke(Method.java:568)
	at org.testng.internal.MethodInvocationHelper.invokeMethod(MethodInvocationHelper.java:133)
	at org.testng.internal.TestInvoker.invokeMethod(TestInvoker.java:598)
	at org.testng.internal.TestInvoker.invokeTestMethod(TestInvoker.java:173)
	at org.testng.internal.MethodRunner.runInSequence(MethodRunner.java:46)
	at org.testng.internal.TestInvoker$MethodInvocationAgent.invoke(TestInvoker.java:824)
	at org.testng.internal.TestInvoker.invokeTestMethods(TestInvoker.java:146)
	at org.testng.internal.TestMethodWorker.invokeTestMethods(TestMethodWorker.java:146)
	at org.testng.internal.TestMethodWorker.run(TestMethodWorker.java:128)
	at java.base/java.util.ArrayList.forEach(ArrayList.java:1511)
	at org.testng.TestRunner.privateRun(TestRunner.java:794)
	at org.testng.TestRunner.run(TestRunner.java:596)
	at org.testng.SuiteRunner.runTest(SuiteRunner.java:377)
	at org.testng.SuiteRunner.runSequentially(SuiteRunner.java:371)
	at org.testng.SuiteRunner.privateRun(SuiteRunner.java:332)
	at org.testng.SuiteRunner.run(SuiteRunner.java:276)
	at org.testng.SuiteRunnerWorker.runSuite(SuiteRunnerWorker.java:53)
	at org.testng.SuiteRunnerWorker.run(SuiteRunnerWorker.java:96)
	at org.testng.TestNG.runSuitesSequentially(TestNG.java:1212)
	at org.testng.TestNG.runSuitesLocally(TestNG.java:1134)
	at org.testng.TestNG.runSuites(TestNG.java:1063)
	at org.testng.TestNG.run(TestNG.java:1031)
	at org.testng.remote.AbstractRemoteTestNG.run(AbstractRemoteTestNG.java:115)
	at org.testng.remote.RemoteTestNG.initAndRun(RemoteTestNG.java:251)
	at org.testng.remote.RemoteTestNG.main(RemoteTestNG.java:77)
</pre></div></td>
<td>12</td>
<td>com.medmantra.testcases.Emergency.TC_084_Emergency_WorkList_Doctor_Activities_Diet_Update_Allergy@66ea810</td></tr>
<tr>
<td title='com.medmantra.testcases.Emergency.TC_079_Emergency_WorkList_Doctor_Activities_Therapeutic_Request_Update.runUpdateBBTherapeuticRequest()'><b>runUpdateBBTherapeuticRequest</b><br>Test class: com.medmantra.testcases.Emergency.TC_079_Emergency_WorkList_Doctor_Activities_Therapeutic_Request_Update<br>Parameters: By EP Number, RL, Therapeutic Request Updated</td>
<td><div><pre>java.lang.IllegalArgumentException: Keys to send should be a not null CharSequence
	at org.openqa.selenium.remote.RemoteWebElement.sendKeys(RemoteWebElement.java:92)
	at com.framework.selenium.api.base.SeleniumBase.type(SeleniumBase.java:342)
	at com.medmantra.pages.EmergencyWorkListPage.enterEPNumber(EmergencyWorkListPage.java:16)
	at com.medmantra.testcases.Emergency.TC_079_Emergency_WorkList_Doctor_Activities_Therapeutic_Request_Update.runUpdateBBTherapeuticRequest(TC_079_Emergency_WorkList_Doctor_Activities_Therapeutic_Request_Update.java:24)
	at java.base/java.util.ArrayList.forEach(ArrayList.java:1511)
... Removed 27 stack frames</pre></div><a href='#' onClick='toggleBox("stack-trace1762556809", this, "Click to show all stack frames", "Click to hide stack frames")'>Click to show all stack frames</a>
<div class='stack-trace' id='stack-trace1762556809'><pre>java.lang.IllegalArgumentException: Keys to send should be a not null CharSequence
	at org.openqa.selenium.remote.RemoteWebElement.sendKeys(RemoteWebElement.java:92)
	at com.framework.selenium.api.base.SeleniumBase.type(SeleniumBase.java:342)
	at com.medmantra.pages.EmergencyWorkListPage.enterEPNumber(EmergencyWorkListPage.java:16)
	at com.medmantra.testcases.Emergency.TC_079_Emergency_WorkList_Doctor_Activities_Therapeutic_Request_Update.runUpdateBBTherapeuticRequest(TC_079_Emergency_WorkList_Doctor_Activities_Therapeutic_Request_Update.java:24)
	at java.base/jdk.internal.reflect.NativeMethodAccessorImpl.invoke0(Native Method)
	at java.base/jdk.internal.reflect.NativeMethodAccessorImpl.invoke(NativeMethodAccessorImpl.java:77)
	at java.base/jdk.internal.reflect.DelegatingMethodAccessorImpl.invoke(DelegatingMethodAccessorImpl.java:43)
	at java.base/java.lang.reflect.Method.invoke(Method.java:568)
	at org.testng.internal.MethodInvocationHelper.invokeMethod(MethodInvocationHelper.java:133)
	at org.testng.internal.TestInvoker.invokeMethod(TestInvoker.java:598)
	at org.testng.internal.TestInvoker.invokeTestMethod(TestInvoker.java:173)
	at org.testng.internal.MethodRunner.runInSequence(MethodRunner.java:46)
	at org.testng.internal.TestInvoker$MethodInvocationAgent.invoke(TestInvoker.java:824)
	at org.testng.internal.TestInvoker.invokeTestMethods(TestInvoker.java:146)
	at org.testng.internal.TestMethodWorker.invokeTestMethods(TestMethodWorker.java:146)
	at org.testng.internal.TestMethodWorker.run(TestMethodWorker.java:128)
	at java.base/java.util.ArrayList.forEach(ArrayList.java:1511)
	at org.testng.TestRunner.privateRun(TestRunner.java:794)
	at org.testng.TestRunner.run(TestRunner.java:596)
	at org.testng.SuiteRunner.runTest(SuiteRunner.java:377)
	at org.testng.SuiteRunner.runSequentially(SuiteRunner.java:371)
	at org.testng.SuiteRunner.privateRun(SuiteRunner.java:332)
	at org.testng.SuiteRunner.run(SuiteRunner.java:276)
	at org.testng.SuiteRunnerWorker.runSuite(SuiteRunnerWorker.java:53)
	at org.testng.SuiteRunnerWorker.run(SuiteRunnerWorker.java:96)
	at org.testng.TestNG.runSuitesSequentially(TestNG.java:1212)
	at org.testng.TestNG.runSuitesLocally(TestNG.java:1134)
	at org.testng.TestNG.runSuites(TestNG.java:1063)
	at org.testng.TestNG.run(TestNG.java:1031)
	at org.testng.remote.AbstractRemoteTestNG.run(AbstractRemoteTestNG.java:115)
	at org.testng.remote.RemoteTestNG.initAndRun(RemoteTestNG.java:251)
	at org.testng.remote.RemoteTestNG.main(RemoteTestNG.java:77)
</pre></div></td>
<td>12</td>
<td>com.medmantra.testcases.Emergency.TC_079_Emergency_WorkList_Doctor_Activities_Therapeutic_Request_Update@46d59067</td></tr>
<tr>
<td title='com.medmantra.testcases.Emergency.TC_080_Emergency_WorkList_Doctor_Activities_Raise_CSSD_Request.runRaiseCSSDRequest()'><b>runRaiseCSSDRequest</b><br>Test class: com.medmantra.testcases.Emergency.TC_080_Emergency_WorkList_Doctor_Activities_Raise_CSSD_Request<br>Parameters: By EP Number, ARM FORCEPS, 1, raised successfully</td>
<td><div><pre>java.lang.IllegalArgumentException: Keys to send should be a not null CharSequence
	at org.openqa.selenium.remote.RemoteWebElement.sendKeys(RemoteWebElement.java:92)
	at com.framework.selenium.api.base.SeleniumBase.type(SeleniumBase.java:342)
	at com.medmantra.pages.EmergencyWorkListPage.enterEPNumber(EmergencyWorkListPage.java:16)
	at com.medmantra.testcases.Emergency.TC_080_Emergency_WorkList_Doctor_Activities_Raise_CSSD_Request.runRaiseCSSDRequest(TC_080_Emergency_WorkList_Doctor_Activities_Raise_CSSD_Request.java:25)
	at java.base/java.util.ArrayList.forEach(ArrayList.java:1511)
... Removed 27 stack frames</pre></div><a href='#' onClick='toggleBox("stack-trace1222416720", this, "Click to show all stack frames", "Click to hide stack frames")'>Click to show all stack frames</a>
<div class='stack-trace' id='stack-trace1222416720'><pre>java.lang.IllegalArgumentException: Keys to send should be a not null CharSequence
	at org.openqa.selenium.remote.RemoteWebElement.sendKeys(RemoteWebElement.java:92)
	at com.framework.selenium.api.base.SeleniumBase.type(SeleniumBase.java:342)
	at com.medmantra.pages.EmergencyWorkListPage.enterEPNumber(EmergencyWorkListPage.java:16)
	at com.medmantra.testcases.Emergency.TC_080_Emergency_WorkList_Doctor_Activities_Raise_CSSD_Request.runRaiseCSSDRequest(TC_080_Emergency_WorkList_Doctor_Activities_Raise_CSSD_Request.java:25)
	at java.base/jdk.internal.reflect.NativeMethodAccessorImpl.invoke0(Native Method)
	at java.base/jdk.internal.reflect.NativeMethodAccessorImpl.invoke(NativeMethodAccessorImpl.java:77)
	at java.base/jdk.internal.reflect.DelegatingMethodAccessorImpl.invoke(DelegatingMethodAccessorImpl.java:43)
	at java.base/java.lang.reflect.Method.invoke(Method.java:568)
	at org.testng.internal.MethodInvocationHelper.invokeMethod(MethodInvocationHelper.java:133)
	at org.testng.internal.TestInvoker.invokeMethod(TestInvoker.java:598)
	at org.testng.internal.TestInvoker.invokeTestMethod(TestInvoker.java:173)
	at org.testng.internal.MethodRunner.runInSequence(MethodRunner.java:46)
	at org.testng.internal.TestInvoker$MethodInvocationAgent.invoke(TestInvoker.java:824)
	at org.testng.internal.TestInvoker.invokeTestMethods(TestInvoker.java:146)
	at org.testng.internal.TestMethodWorker.invokeTestMethods(TestMethodWorker.java:146)
	at org.testng.internal.TestMethodWorker.run(TestMethodWorker.java:128)
	at java.base/java.util.ArrayList.forEach(ArrayList.java:1511)
	at org.testng.TestRunner.privateRun(TestRunner.java:794)
	at org.testng.TestRunner.run(TestRunner.java:596)
	at org.testng.SuiteRunner.runTest(SuiteRunner.java:377)
	at org.testng.SuiteRunner.runSequentially(SuiteRunner.java:371)
	at org.testng.SuiteRunner.privateRun(SuiteRunner.java:332)
	at org.testng.SuiteRunner.run(SuiteRunner.java:276)
	at org.testng.SuiteRunnerWorker.runSuite(SuiteRunnerWorker.java:53)
	at org.testng.SuiteRunnerWorker.run(SuiteRunnerWorker.java:96)
	at org.testng.TestNG.runSuitesSequentially(TestNG.java:1212)
	at org.testng.TestNG.runSuitesLocally(TestNG.java:1134)
	at org.testng.TestNG.runSuites(TestNG.java:1063)
	at org.testng.TestNG.run(TestNG.java:1031)
	at org.testng.remote.AbstractRemoteTestNG.run(AbstractRemoteTestNG.java:115)
	at org.testng.remote.RemoteTestNG.initAndRun(RemoteTestNG.java:251)
	at org.testng.remote.RemoteTestNG.main(RemoteTestNG.java:77)
</pre></div></td>
<td>12</td>
<td>com.medmantra.testcases.Emergency.TC_080_Emergency_WorkList_Doctor_Activities_Raise_CSSD_Request@2d0399f4</td></tr>
<tr>
<td title='com.medmantra.testcases.Emergency.TC_069_Emergency_WorkList_Doctor_Activities_Recurring_Request_Lab.runRaiseRecurringRequestLab()'><b>runRaiseRecurringRequestLab</b><br>Test class: com.medmantra.testcases.Emergency.TC_069_Emergency_WorkList_Doctor_Activities_Recurring_Request_Lab<br>Parameters: By EP Number, 1, 1, 04, Recuring details are saved</td>
<td><div><pre>java.lang.IllegalArgumentException: Keys to send should be a not null CharSequence
	at org.openqa.selenium.remote.RemoteWebElement.sendKeys(RemoteWebElement.java:92)
	at com.framework.selenium.api.base.SeleniumBase.type(SeleniumBase.java:342)
	at com.medmantra.pages.EmergencyWorkListPage.enterEPNumber(EmergencyWorkListPage.java:16)
	at com.medmantra.testcases.Emergency.TC_069_Emergency_WorkList_Doctor_Activities_Recurring_Request_Lab.runRaiseRecurringRequestLab(TC_069_Emergency_WorkList_Doctor_Activities_Recurring_Request_Lab.java:25)
	at java.base/java.util.ArrayList.forEach(ArrayList.java:1511)
... Removed 27 stack frames</pre></div><a href='#' onClick='toggleBox("stack-trace760822614", this, "Click to show all stack frames", "Click to hide stack frames")'>Click to show all stack frames</a>
<div class='stack-trace' id='stack-trace760822614'><pre>java.lang.IllegalArgumentException: Keys to send should be a not null CharSequence
	at org.openqa.selenium.remote.RemoteWebElement.sendKeys(RemoteWebElement.java:92)
	at com.framework.selenium.api.base.SeleniumBase.type(SeleniumBase.java:342)
	at com.medmantra.pages.EmergencyWorkListPage.enterEPNumber(EmergencyWorkListPage.java:16)
	at com.medmantra.testcases.Emergency.TC_069_Emergency_WorkList_Doctor_Activities_Recurring_Request_Lab.runRaiseRecurringRequestLab(TC_069_Emergency_WorkList_Doctor_Activities_Recurring_Request_Lab.java:25)
	at java.base/jdk.internal.reflect.NativeMethodAccessorImpl.invoke0(Native Method)
	at java.base/jdk.internal.reflect.NativeMethodAccessorImpl.invoke(NativeMethodAccessorImpl.java:77)
	at java.base/jdk.internal.reflect.DelegatingMethodAccessorImpl.invoke(DelegatingMethodAccessorImpl.java:43)
	at java.base/java.lang.reflect.Method.invoke(Method.java:568)
	at org.testng.internal.MethodInvocationHelper.invokeMethod(MethodInvocationHelper.java:133)
	at org.testng.internal.TestInvoker.invokeMethod(TestInvoker.java:598)
	at org.testng.internal.TestInvoker.invokeTestMethod(TestInvoker.java:173)
	at org.testng.internal.MethodRunner.runInSequence(MethodRunner.java:46)
	at org.testng.internal.TestInvoker$MethodInvocationAgent.invoke(TestInvoker.java:824)
	at org.testng.internal.TestInvoker.invokeTestMethods(TestInvoker.java:146)
	at org.testng.internal.TestMethodWorker.invokeTestMethods(TestMethodWorker.java:146)
	at org.testng.internal.TestMethodWorker.run(TestMethodWorker.java:128)
	at java.base/java.util.ArrayList.forEach(ArrayList.java:1511)
	at org.testng.TestRunner.privateRun(TestRunner.java:794)
	at org.testng.TestRunner.run(TestRunner.java:596)
	at org.testng.SuiteRunner.runTest(SuiteRunner.java:377)
	at org.testng.SuiteRunner.runSequentially(SuiteRunner.java:371)
	at org.testng.SuiteRunner.privateRun(SuiteRunner.java:332)
	at org.testng.SuiteRunner.run(SuiteRunner.java:276)
	at org.testng.SuiteRunnerWorker.runSuite(SuiteRunnerWorker.java:53)
	at org.testng.SuiteRunnerWorker.run(SuiteRunnerWorker.java:96)
	at org.testng.TestNG.runSuitesSequentially(TestNG.java:1212)
	at org.testng.TestNG.runSuitesLocally(TestNG.java:1134)
	at org.testng.TestNG.runSuites(TestNG.java:1063)
	at org.testng.TestNG.run(TestNG.java:1031)
	at org.testng.remote.AbstractRemoteTestNG.run(AbstractRemoteTestNG.java:115)
	at org.testng.remote.RemoteTestNG.initAndRun(RemoteTestNG.java:251)
	at org.testng.remote.RemoteTestNG.main(RemoteTestNG.java:77)
</pre></div></td>
<td>12</td>
<td>com.medmantra.testcases.Emergency.TC_069_Emergency_WorkList_Doctor_Activities_Recurring_Request_Lab@2584b82d</td></tr>
<tr>
<td title='com.medmantra.testcases.Emergency.TC_134_Emergency_WorkList_Doctor_Activities_Prescription_Delete_Drug.runDeleteDrug()'><b>runDeleteDrug</b><br>Test class: com.medmantra.testcases.Emergency.TC_134_Emergency_WorkList_Doctor_Activities_Prescription_Delete_Drug<br>Parameters: By EP Number, Record deleted Successfully</td>
<td><div><pre>java.lang.IllegalArgumentException: Keys to send should be a not null CharSequence
	at org.openqa.selenium.remote.RemoteWebElement.sendKeys(RemoteWebElement.java:92)
	at com.framework.selenium.api.base.SeleniumBase.type(SeleniumBase.java:342)
	at com.medmantra.pages.EmergencyWorkListPage.enterEPNumber(EmergencyWorkListPage.java:16)
	at com.medmantra.testcases.Emergency.TC_134_Emergency_WorkList_Doctor_Activities_Prescription_Delete_Drug.runDeleteDrug(TC_134_Emergency_WorkList_Doctor_Activities_Prescription_Delete_Drug.java:24)
	at java.base/java.util.ArrayList.forEach(ArrayList.java:1511)
... Removed 27 stack frames</pre></div><a href='#' onClick='toggleBox("stack-trace592310748", this, "Click to show all stack frames", "Click to hide stack frames")'>Click to show all stack frames</a>
<div class='stack-trace' id='stack-trace592310748'><pre>java.lang.IllegalArgumentException: Keys to send should be a not null CharSequence
	at org.openqa.selenium.remote.RemoteWebElement.sendKeys(RemoteWebElement.java:92)
	at com.framework.selenium.api.base.SeleniumBase.type(SeleniumBase.java:342)
	at com.medmantra.pages.EmergencyWorkListPage.enterEPNumber(EmergencyWorkListPage.java:16)
	at com.medmantra.testcases.Emergency.TC_134_Emergency_WorkList_Doctor_Activities_Prescription_Delete_Drug.runDeleteDrug(TC_134_Emergency_WorkList_Doctor_Activities_Prescription_Delete_Drug.java:24)
	at java.base/jdk.internal.reflect.NativeMethodAccessorImpl.invoke0(Native Method)
	at java.base/jdk.internal.reflect.NativeMethodAccessorImpl.invoke(NativeMethodAccessorImpl.java:77)
	at java.base/jdk.internal.reflect.DelegatingMethodAccessorImpl.invoke(DelegatingMethodAccessorImpl.java:43)
	at java.base/java.lang.reflect.Method.invoke(Method.java:568)
	at org.testng.internal.MethodInvocationHelper.invokeMethod(MethodInvocationHelper.java:133)
	at org.testng.internal.TestInvoker.invokeMethod(TestInvoker.java:598)
	at org.testng.internal.TestInvoker.invokeTestMethod(TestInvoker.java:173)
	at org.testng.internal.MethodRunner.runInSequence(MethodRunner.java:46)
	at org.testng.internal.TestInvoker$MethodInvocationAgent.invoke(TestInvoker.java:824)
	at org.testng.internal.TestInvoker.invokeTestMethods(TestInvoker.java:146)
	at org.testng.internal.TestMethodWorker.invokeTestMethods(TestMethodWorker.java:146)
	at org.testng.internal.TestMethodWorker.run(TestMethodWorker.java:128)
	at java.base/java.util.ArrayList.forEach(ArrayList.java:1511)
	at org.testng.TestRunner.privateRun(TestRunner.java:794)
	at org.testng.TestRunner.run(TestRunner.java:596)
	at org.testng.SuiteRunner.runTest(SuiteRunner.java:377)
	at org.testng.SuiteRunner.runSequentially(SuiteRunner.java:371)
	at org.testng.SuiteRunner.privateRun(SuiteRunner.java:332)
	at org.testng.SuiteRunner.run(SuiteRunner.java:276)
	at org.testng.SuiteRunnerWorker.runSuite(SuiteRunnerWorker.java:53)
	at org.testng.SuiteRunnerWorker.run(SuiteRunnerWorker.java:96)
	at org.testng.TestNG.runSuitesSequentially(TestNG.java:1212)
	at org.testng.TestNG.runSuitesLocally(TestNG.java:1134)
	at org.testng.TestNG.runSuites(TestNG.java:1063)
	at org.testng.TestNG.run(TestNG.java:1031)
	at org.testng.remote.AbstractRemoteTestNG.run(AbstractRemoteTestNG.java:115)
	at org.testng.remote.RemoteTestNG.initAndRun(RemoteTestNG.java:251)
	at org.testng.remote.RemoteTestNG.main(RemoteTestNG.java:77)
</pre></div></td>
<td>12</td>
<td>com.medmantra.testcases.Emergency.TC_134_Emergency_WorkList_Doctor_Activities_Prescription_Delete_Drug@5efa40fe</td></tr>
<tr>
<td title='com.medmantra.testcases.Emergency.TC_143_Emergency_WorkList_Doctor_Activities_PainAssessment_Save.runSavePainAssessment()'><b>runSavePainAssessment</b><br>Test class: com.medmantra.testcases.Emergency.TC_143_Emergency_WorkList_Doctor_Activities_PainAssessment_Save<br>Parameters: By EP Number, Location, Normal, Pain Character</td>
<td><div><pre>java.lang.IllegalArgumentException: Keys to send should be a not null CharSequence
	at org.openqa.selenium.remote.RemoteWebElement.sendKeys(RemoteWebElement.java:92)
	at com.framework.selenium.api.base.SeleniumBase.type(SeleniumBase.java:342)
	at com.medmantra.pages.EmergencyWorkListPage.enterEPNumber(EmergencyWorkListPage.java:16)
	at com.medmantra.testcases.Emergency.TC_143_Emergency_WorkList_Doctor_Activities_PainAssessment_Save.runSavePainAssessment(TC_143_Emergency_WorkList_Doctor_Activities_PainAssessment_Save.java:25)
	at java.base/java.util.ArrayList.forEach(ArrayList.java:1511)
... Removed 27 stack frames</pre></div><a href='#' onClick='toggleBox("stack-trace2060371675", this, "Click to show all stack frames", "Click to hide stack frames")'>Click to show all stack frames</a>
<div class='stack-trace' id='stack-trace2060371675'><pre>java.lang.IllegalArgumentException: Keys to send should be a not null CharSequence
	at org.openqa.selenium.remote.RemoteWebElement.sendKeys(RemoteWebElement.java:92)
	at com.framework.selenium.api.base.SeleniumBase.type(SeleniumBase.java:342)
	at com.medmantra.pages.EmergencyWorkListPage.enterEPNumber(EmergencyWorkListPage.java:16)
	at com.medmantra.testcases.Emergency.TC_143_Emergency_WorkList_Doctor_Activities_PainAssessment_Save.runSavePainAssessment(TC_143_Emergency_WorkList_Doctor_Activities_PainAssessment_Save.java:25)
	at java.base/jdk.internal.reflect.NativeMethodAccessorImpl.invoke0(Native Method)
	at java.base/jdk.internal.reflect.NativeMethodAccessorImpl.invoke(NativeMethodAccessorImpl.java:77)
	at java.base/jdk.internal.reflect.DelegatingMethodAccessorImpl.invoke(DelegatingMethodAccessorImpl.java:43)
	at java.base/java.lang.reflect.Method.invoke(Method.java:568)
	at org.testng.internal.MethodInvocationHelper.invokeMethod(MethodInvocationHelper.java:133)
	at org.testng.internal.TestInvoker.invokeMethod(TestInvoker.java:598)
	at org.testng.internal.TestInvoker.invokeTestMethod(TestInvoker.java:173)
	at org.testng.internal.MethodRunner.runInSequence(MethodRunner.java:46)
	at org.testng.internal.TestInvoker$MethodInvocationAgent.invoke(TestInvoker.java:824)
	at org.testng.internal.TestInvoker.invokeTestMethods(TestInvoker.java:146)
	at org.testng.internal.TestMethodWorker.invokeTestMethods(TestMethodWorker.java:146)
	at org.testng.internal.TestMethodWorker.run(TestMethodWorker.java:128)
	at java.base/java.util.ArrayList.forEach(ArrayList.java:1511)
	at org.testng.TestRunner.privateRun(TestRunner.java:794)
	at org.testng.TestRunner.run(TestRunner.java:596)
	at org.testng.SuiteRunner.runTest(SuiteRunner.java:377)
	at org.testng.SuiteRunner.runSequentially(SuiteRunner.java:371)
	at org.testng.SuiteRunner.privateRun(SuiteRunner.java:332)
	at org.testng.SuiteRunner.run(SuiteRunner.java:276)
	at org.testng.SuiteRunnerWorker.runSuite(SuiteRunnerWorker.java:53)
	at org.testng.SuiteRunnerWorker.run(SuiteRunnerWorker.java:96)
	at org.testng.TestNG.runSuitesSequentially(TestNG.java:1212)
	at org.testng.TestNG.runSuitesLocally(TestNG.java:1134)
	at org.testng.TestNG.runSuites(TestNG.java:1063)
	at org.testng.TestNG.run(TestNG.java:1031)
	at org.testng.remote.AbstractRemoteTestNG.run(AbstractRemoteTestNG.java:115)
	at org.testng.remote.RemoteTestNG.initAndRun(RemoteTestNG.java:251)
	at org.testng.remote.RemoteTestNG.main(RemoteTestNG.java:77)
</pre></div></td>
<td>12</td>
<td>com.medmantra.testcases.Emergency.TC_143_Emergency_WorkList_Doctor_Activities_PainAssessment_Save@6e2aa843</td></tr>
<tr>
<td title='com.medmantra.testcases.Emergency.TC_078_Emergency_WorkList_Doctor_Activities_Therapeutic_Request_Fluid_No.runRaiseBBTherapeuticRequest()'><b>runRaiseBBTherapeuticRequest</b><br>Test class: com.medmantra.testcases.Emergency.TC_078_Emergency_WorkList_Doctor_Activities_Therapeutic_Request_Fluid_No<br>Parameters: By EP Number, PLASMA EXCHANGE, 60, 200, 1, 1, 23, 1, Therapeutic Request Number is</td>
<td><div><pre>java.lang.IllegalArgumentException: Keys to send should be a not null CharSequence
	at org.openqa.selenium.remote.RemoteWebElement.sendKeys(RemoteWebElement.java:92)
	at com.framework.selenium.api.base.SeleniumBase.type(SeleniumBase.java:342)
	at com.medmantra.pages.EmergencyWorkListPage.enterEPNumber(EmergencyWorkListPage.java:16)
	at com.medmantra.testcases.Emergency.TC_078_Emergency_WorkList_Doctor_Activities_Therapeutic_Request_Fluid_No.runRaiseBBTherapeuticRequest(TC_078_Emergency_WorkList_Doctor_Activities_Therapeutic_Request_Fluid_No.java:25)
	at java.base/java.util.ArrayList.forEach(ArrayList.java:1511)
... Removed 27 stack frames</pre></div><a href='#' onClick='toggleBox("stack-trace1735943023", this, "Click to show all stack frames", "Click to hide stack frames")'>Click to show all stack frames</a>
<div class='stack-trace' id='stack-trace1735943023'><pre>java.lang.IllegalArgumentException: Keys to send should be a not null CharSequence
	at org.openqa.selenium.remote.RemoteWebElement.sendKeys(RemoteWebElement.java:92)
	at com.framework.selenium.api.base.SeleniumBase.type(SeleniumBase.java:342)
	at com.medmantra.pages.EmergencyWorkListPage.enterEPNumber(EmergencyWorkListPage.java:16)
	at com.medmantra.testcases.Emergency.TC_078_Emergency_WorkList_Doctor_Activities_Therapeutic_Request_Fluid_No.runRaiseBBTherapeuticRequest(TC_078_Emergency_WorkList_Doctor_Activities_Therapeutic_Request_Fluid_No.java:25)
	at java.base/jdk.internal.reflect.NativeMethodAccessorImpl.invoke0(Native Method)
	at java.base/jdk.internal.reflect.NativeMethodAccessorImpl.invoke(NativeMethodAccessorImpl.java:77)
	at java.base/jdk.internal.reflect.DelegatingMethodAccessorImpl.invoke(DelegatingMethodAccessorImpl.java:43)
	at java.base/java.lang.reflect.Method.invoke(Method.java:568)
	at org.testng.internal.MethodInvocationHelper.invokeMethod(MethodInvocationHelper.java:133)
	at org.testng.internal.TestInvoker.invokeMethod(TestInvoker.java:598)
	at org.testng.internal.TestInvoker.invokeTestMethod(TestInvoker.java:173)
	at org.testng.internal.MethodRunner.runInSequence(MethodRunner.java:46)
	at org.testng.internal.TestInvoker$MethodInvocationAgent.invoke(TestInvoker.java:824)
	at org.testng.internal.TestInvoker.invokeTestMethods(TestInvoker.java:146)
	at org.testng.internal.TestMethodWorker.invokeTestMethods(TestMethodWorker.java:146)
	at org.testng.internal.TestMethodWorker.run(TestMethodWorker.java:128)
	at java.base/java.util.ArrayList.forEach(ArrayList.java:1511)
	at org.testng.TestRunner.privateRun(TestRunner.java:794)
	at org.testng.TestRunner.run(TestRunner.java:596)
	at org.testng.SuiteRunner.runTest(SuiteRunner.java:377)
	at org.testng.SuiteRunner.runSequentially(SuiteRunner.java:371)
	at org.testng.SuiteRunner.privateRun(SuiteRunner.java:332)
	at org.testng.SuiteRunner.run(SuiteRunner.java:276)
	at org.testng.SuiteRunnerWorker.runSuite(SuiteRunnerWorker.java:53)
	at org.testng.SuiteRunnerWorker.run(SuiteRunnerWorker.java:96)
	at org.testng.TestNG.runSuitesSequentially(TestNG.java:1212)
	at org.testng.TestNG.runSuitesLocally(TestNG.java:1134)
	at org.testng.TestNG.runSuites(TestNG.java:1063)
	at org.testng.TestNG.run(TestNG.java:1031)
	at org.testng.remote.AbstractRemoteTestNG.run(AbstractRemoteTestNG.java:115)
	at org.testng.remote.RemoteTestNG.initAndRun(RemoteTestNG.java:251)
	at org.testng.remote.RemoteTestNG.main(RemoteTestNG.java:77)
</pre></div></td>
<td>12</td>
<td>com.medmantra.testcases.Emergency.TC_078_Emergency_WorkList_Doctor_Activities_Therapeutic_Request_Fluid_No@d23e042</td></tr>
<tr>
<td title='com.medmantra.testcases.Emergency.TC_077_Emergency_WorkList_Doctor_Activities_Therapeutic_Request_Fluid_Yes.runRaiseBBTherapeuticRequest()'><b>runRaiseBBTherapeuticRequest</b><br>Test class: com.medmantra.testcases.Emergency.TC_077_Emergency_WorkList_Doctor_Activities_Therapeutic_Request_Fluid_Yes<br>Parameters: By EP Number, PLASMA EXCHANGE, 60, 200, 1, 1, 23, 1, DS, 1, Therapeutic Request Number is</td>
<td><div><pre>java.lang.IllegalArgumentException: Keys to send should be a not null CharSequence
	at org.openqa.selenium.remote.RemoteWebElement.sendKeys(RemoteWebElement.java:92)
	at com.framework.selenium.api.base.SeleniumBase.type(SeleniumBase.java:342)
	at com.medmantra.pages.EmergencyWorkListPage.enterEPNumber(EmergencyWorkListPage.java:16)
	at com.medmantra.testcases.Emergency.TC_077_Emergency_WorkList_Doctor_Activities_Therapeutic_Request_Fluid_Yes.runRaiseBBTherapeuticRequest(TC_077_Emergency_WorkList_Doctor_Activities_Therapeutic_Request_Fluid_Yes.java:26)
	at java.base/java.util.ArrayList.forEach(ArrayList.java:1511)
... Removed 27 stack frames</pre></div><a href='#' onClick='toggleBox("stack-trace403683222", this, "Click to show all stack frames", "Click to hide stack frames")'>Click to show all stack frames</a>
<div class='stack-trace' id='stack-trace403683222'><pre>java.lang.IllegalArgumentException: Keys to send should be a not null CharSequence
	at org.openqa.selenium.remote.RemoteWebElement.sendKeys(RemoteWebElement.java:92)
	at com.framework.selenium.api.base.SeleniumBase.type(SeleniumBase.java:342)
	at com.medmantra.pages.EmergencyWorkListPage.enterEPNumber(EmergencyWorkListPage.java:16)
	at com.medmantra.testcases.Emergency.TC_077_Emergency_WorkList_Doctor_Activities_Therapeutic_Request_Fluid_Yes.runRaiseBBTherapeuticRequest(TC_077_Emergency_WorkList_Doctor_Activities_Therapeutic_Request_Fluid_Yes.java:26)
	at java.base/jdk.internal.reflect.NativeMethodAccessorImpl.invoke0(Native Method)
	at java.base/jdk.internal.reflect.NativeMethodAccessorImpl.invoke(NativeMethodAccessorImpl.java:77)
	at java.base/jdk.internal.reflect.DelegatingMethodAccessorImpl.invoke(DelegatingMethodAccessorImpl.java:43)
	at java.base/java.lang.reflect.Method.invoke(Method.java:568)
	at org.testng.internal.MethodInvocationHelper.invokeMethod(MethodInvocationHelper.java:133)
	at org.testng.internal.TestInvoker.invokeMethod(TestInvoker.java:598)
	at org.testng.internal.TestInvoker.invokeTestMethod(TestInvoker.java:173)
	at org.testng.internal.MethodRunner.runInSequence(MethodRunner.java:46)
	at org.testng.internal.TestInvoker$MethodInvocationAgent.invoke(TestInvoker.java:824)
	at org.testng.internal.TestInvoker.invokeTestMethods(TestInvoker.java:146)
	at org.testng.internal.TestMethodWorker.invokeTestMethods(TestMethodWorker.java:146)
	at org.testng.internal.TestMethodWorker.run(TestMethodWorker.java:128)
	at java.base/java.util.ArrayList.forEach(ArrayList.java:1511)
	at org.testng.TestRunner.privateRun(TestRunner.java:794)
	at org.testng.TestRunner.run(TestRunner.java:596)
	at org.testng.SuiteRunner.runTest(SuiteRunner.java:377)
	at org.testng.SuiteRunner.runSequentially(SuiteRunner.java:371)
	at org.testng.SuiteRunner.privateRun(SuiteRunner.java:332)
	at org.testng.SuiteRunner.run(SuiteRunner.java:276)
	at org.testng.SuiteRunnerWorker.runSuite(SuiteRunnerWorker.java:53)
	at org.testng.SuiteRunnerWorker.run(SuiteRunnerWorker.java:96)
	at org.testng.TestNG.runSuitesSequentially(TestNG.java:1212)
	at org.testng.TestNG.runSuitesLocally(TestNG.java:1134)
	at org.testng.TestNG.runSuites(TestNG.java:1063)
	at org.testng.TestNG.run(TestNG.java:1031)
	at org.testng.remote.AbstractRemoteTestNG.run(AbstractRemoteTestNG.java:115)
	at org.testng.remote.RemoteTestNG.initAndRun(RemoteTestNG.java:251)
	at org.testng.remote.RemoteTestNG.main(RemoteTestNG.java:77)
</pre></div></td>
<td>12</td>
<td>com.medmantra.testcases.Emergency.TC_077_Emergency_WorkList_Doctor_Activities_Therapeutic_Request_Fluid_Yes@3aa078fd</td></tr>
<tr>
<td title='com.medmantra.testcases.Emergency.TC_117_Emergency_WorkList_Doctor_Activities_Profile_Request_Save.runProfileRequestSave()'><b>runProfileRequestSave</b><br>Test class: com.medmantra.testcases.Emergency.TC_117_Emergency_WorkList_Doctor_Activities_Profile_Request_Save<br>Parameters: By EP Number, CARDIAC PROFILE, Profile raised successfully</td>
<td><div><pre>java.lang.IllegalArgumentException: Keys to send should be a not null CharSequence
	at org.openqa.selenium.remote.RemoteWebElement.sendKeys(RemoteWebElement.java:92)
	at com.framework.selenium.api.base.SeleniumBase.type(SeleniumBase.java:342)
	at com.medmantra.pages.EmergencyWorkListPage.enterEPNumber(EmergencyWorkListPage.java:16)
	at com.medmantra.testcases.Emergency.TC_117_Emergency_WorkList_Doctor_Activities_Profile_Request_Save.runProfileRequestSave(TC_117_Emergency_WorkList_Doctor_Activities_Profile_Request_Save.java:24)
	at java.base/java.util.ArrayList.forEach(ArrayList.java:1511)
... Removed 27 stack frames</pre></div><a href='#' onClick='toggleBox("stack-trace1089970921", this, "Click to show all stack frames", "Click to hide stack frames")'>Click to show all stack frames</a>
<div class='stack-trace' id='stack-trace1089970921'><pre>java.lang.IllegalArgumentException: Keys to send should be a not null CharSequence
	at org.openqa.selenium.remote.RemoteWebElement.sendKeys(RemoteWebElement.java:92)
	at com.framework.selenium.api.base.SeleniumBase.type(SeleniumBase.java:342)
	at com.medmantra.pages.EmergencyWorkListPage.enterEPNumber(EmergencyWorkListPage.java:16)
	at com.medmantra.testcases.Emergency.TC_117_Emergency_WorkList_Doctor_Activities_Profile_Request_Save.runProfileRequestSave(TC_117_Emergency_WorkList_Doctor_Activities_Profile_Request_Save.java:24)
	at java.base/jdk.internal.reflect.NativeMethodAccessorImpl.invoke0(Native Method)
	at java.base/jdk.internal.reflect.NativeMethodAccessorImpl.invoke(NativeMethodAccessorImpl.java:77)
	at java.base/jdk.internal.reflect.DelegatingMethodAccessorImpl.invoke(DelegatingMethodAccessorImpl.java:43)
	at java.base/java.lang.reflect.Method.invoke(Method.java:568)
	at org.testng.internal.MethodInvocationHelper.invokeMethod(MethodInvocationHelper.java:133)
	at org.testng.internal.TestInvoker.invokeMethod(TestInvoker.java:598)
	at org.testng.internal.TestInvoker.invokeTestMethod(TestInvoker.java:173)
	at org.testng.internal.MethodRunner.runInSequence(MethodRunner.java:46)
	at org.testng.internal.TestInvoker$MethodInvocationAgent.invoke(TestInvoker.java:824)
	at org.testng.internal.TestInvoker.invokeTestMethods(TestInvoker.java:146)
	at org.testng.internal.TestMethodWorker.invokeTestMethods(TestMethodWorker.java:146)
	at org.testng.internal.TestMethodWorker.run(TestMethodWorker.java:128)
	at java.base/java.util.ArrayList.forEach(ArrayList.java:1511)
	at org.testng.TestRunner.privateRun(TestRunner.java:794)
	at org.testng.TestRunner.run(TestRunner.java:596)
	at org.testng.SuiteRunner.runTest(SuiteRunner.java:377)
	at org.testng.SuiteRunner.runSequentially(SuiteRunner.java:371)
	at org.testng.SuiteRunner.privateRun(SuiteRunner.java:332)
	at org.testng.SuiteRunner.run(SuiteRunner.java:276)
	at org.testng.SuiteRunnerWorker.runSuite(SuiteRunnerWorker.java:53)
	at org.testng.SuiteRunnerWorker.run(SuiteRunnerWorker.java:96)
	at org.testng.TestNG.runSuitesSequentially(TestNG.java:1212)
	at org.testng.TestNG.runSuitesLocally(TestNG.java:1134)
	at org.testng.TestNG.runSuites(TestNG.java:1063)
	at org.testng.TestNG.run(TestNG.java:1031)
	at org.testng.remote.AbstractRemoteTestNG.run(AbstractRemoteTestNG.java:115)
	at org.testng.remote.RemoteTestNG.initAndRun(RemoteTestNG.java:251)
	at org.testng.remote.RemoteTestNG.main(RemoteTestNG.java:77)
</pre></div></td>
<td>12</td>
<td>com.medmantra.testcases.Emergency.TC_117_Emergency_WorkList_Doctor_Activities_Profile_Request_Save@1df8da7a</td></tr>
<tr>
<td title='com.medmantra.testcases.Emergency.TC_116_Emergency_WorkList_Doctor_Activities_Package_Request_Delete.runPackageRequestDelete()'><b>runPackageRequestDelete</b><br>Test class: com.medmantra.testcases.Emergency.TC_116_Emergency_WorkList_Doctor_Activities_Package_Request_Delete<br>Parameters: By EP Number, Package cancelled successfully</td>
<td><div><pre>java.lang.IllegalArgumentException: Keys to send should be a not null CharSequence
	at org.openqa.selenium.remote.RemoteWebElement.sendKeys(RemoteWebElement.java:92)
	at com.framework.selenium.api.base.SeleniumBase.type(SeleniumBase.java:342)
	at com.medmantra.pages.EmergencyWorkListPage.enterEPNumber(EmergencyWorkListPage.java:16)
	at com.medmantra.testcases.Emergency.TC_116_Emergency_WorkList_Doctor_Activities_Package_Request_Delete.runPackageRequestDelete(TC_116_Emergency_WorkList_Doctor_Activities_Package_Request_Delete.java:24)
	at java.base/java.util.ArrayList.forEach(ArrayList.java:1511)
... Removed 27 stack frames</pre></div><a href='#' onClick='toggleBox("stack-trace1196199404", this, "Click to show all stack frames", "Click to hide stack frames")'>Click to show all stack frames</a>
<div class='stack-trace' id='stack-trace1196199404'><pre>java.lang.IllegalArgumentException: Keys to send should be a not null CharSequence
	at org.openqa.selenium.remote.RemoteWebElement.sendKeys(RemoteWebElement.java:92)
	at com.framework.selenium.api.base.SeleniumBase.type(SeleniumBase.java:342)
	at com.medmantra.pages.EmergencyWorkListPage.enterEPNumber(EmergencyWorkListPage.java:16)
	at com.medmantra.testcases.Emergency.TC_116_Emergency_WorkList_Doctor_Activities_Package_Request_Delete.runPackageRequestDelete(TC_116_Emergency_WorkList_Doctor_Activities_Package_Request_Delete.java:24)
	at java.base/jdk.internal.reflect.NativeMethodAccessorImpl.invoke0(Native Method)
	at java.base/jdk.internal.reflect.NativeMethodAccessorImpl.invoke(NativeMethodAccessorImpl.java:77)
	at java.base/jdk.internal.reflect.DelegatingMethodAccessorImpl.invoke(DelegatingMethodAccessorImpl.java:43)
	at java.base/java.lang.reflect.Method.invoke(Method.java:568)
	at org.testng.internal.MethodInvocationHelper.invokeMethod(MethodInvocationHelper.java:133)
	at org.testng.internal.TestInvoker.invokeMethod(TestInvoker.java:598)
	at org.testng.internal.TestInvoker.invokeTestMethod(TestInvoker.java:173)
	at org.testng.internal.MethodRunner.runInSequence(MethodRunner.java:46)
	at org.testng.internal.TestInvoker$MethodInvocationAgent.invoke(TestInvoker.java:824)
	at org.testng.internal.TestInvoker.invokeTestMethods(TestInvoker.java:146)
	at org.testng.internal.TestMethodWorker.invokeTestMethods(TestMethodWorker.java:146)
	at org.testng.internal.TestMethodWorker.run(TestMethodWorker.java:128)
	at java.base/java.util.ArrayList.forEach(ArrayList.java:1511)
	at org.testng.TestRunner.privateRun(TestRunner.java:794)
	at org.testng.TestRunner.run(TestRunner.java:596)
	at org.testng.SuiteRunner.runTest(SuiteRunner.java:377)
	at org.testng.SuiteRunner.runSequentially(SuiteRunner.java:371)
	at org.testng.SuiteRunner.privateRun(SuiteRunner.java:332)
	at org.testng.SuiteRunner.run(SuiteRunner.java:276)
	at org.testng.SuiteRunnerWorker.runSuite(SuiteRunnerWorker.java:53)
	at org.testng.SuiteRunnerWorker.run(SuiteRunnerWorker.java:96)
	at org.testng.TestNG.runSuitesSequentially(TestNG.java:1212)
	at org.testng.TestNG.runSuitesLocally(TestNG.java:1134)
	at org.testng.TestNG.runSuites(TestNG.java:1063)
	at org.testng.TestNG.run(TestNG.java:1031)
	at org.testng.remote.AbstractRemoteTestNG.run(AbstractRemoteTestNG.java:115)
	at org.testng.remote.RemoteTestNG.initAndRun(RemoteTestNG.java:251)
	at org.testng.remote.RemoteTestNG.main(RemoteTestNG.java:77)
</pre></div></td>
<td>12</td>
<td>com.medmantra.testcases.Emergency.TC_116_Emergency_WorkList_Doctor_Activities_Package_Request_Delete@798162bc</td></tr>
<tr>
<td title='com.medmantra.testcases.Emergency.TC_068_Emergency_WorkList_Doctor_Activities_Raise_Request_Lab.runRaiseRequestLab()'><b>runRaiseRequestLab</b><br>Test class: com.medmantra.testcases.Emergency.TC_068_Emergency_WorkList_Doctor_Activities_Raise_Request_Lab<br>Parameters: By EP Number, SPecimenCollectionWardsLink.aspx</td>
<td><div><pre>java.lang.IllegalArgumentException: Keys to send should be a not null CharSequence
	at org.openqa.selenium.remote.RemoteWebElement.sendKeys(RemoteWebElement.java:92)
	at com.framework.selenium.api.base.SeleniumBase.type(SeleniumBase.java:342)
	at com.medmantra.pages.EmergencyWorkListPage.enterEPNumber(EmergencyWorkListPage.java:16)
	at com.medmantra.testcases.Emergency.TC_068_Emergency_WorkList_Doctor_Activities_Raise_Request_Lab.runRaiseRequestLab(TC_068_Emergency_WorkList_Doctor_Activities_Raise_Request_Lab.java:24)
	at java.base/java.util.ArrayList.forEach(ArrayList.java:1511)
... Removed 27 stack frames</pre></div><a href='#' onClick='toggleBox("stack-trace235423657", this, "Click to show all stack frames", "Click to hide stack frames")'>Click to show all stack frames</a>
<div class='stack-trace' id='stack-trace235423657'><pre>java.lang.IllegalArgumentException: Keys to send should be a not null CharSequence
	at org.openqa.selenium.remote.RemoteWebElement.sendKeys(RemoteWebElement.java:92)
	at com.framework.selenium.api.base.SeleniumBase.type(SeleniumBase.java:342)
	at com.medmantra.pages.EmergencyWorkListPage.enterEPNumber(EmergencyWorkListPage.java:16)
	at com.medmantra.testcases.Emergency.TC_068_Emergency_WorkList_Doctor_Activities_Raise_Request_Lab.runRaiseRequestLab(TC_068_Emergency_WorkList_Doctor_Activities_Raise_Request_Lab.java:24)
	at java.base/jdk.internal.reflect.NativeMethodAccessorImpl.invoke0(Native Method)
	at java.base/jdk.internal.reflect.NativeMethodAccessorImpl.invoke(NativeMethodAccessorImpl.java:77)
	at java.base/jdk.internal.reflect.DelegatingMethodAccessorImpl.invoke(DelegatingMethodAccessorImpl.java:43)
	at java.base/java.lang.reflect.Method.invoke(Method.java:568)
	at org.testng.internal.MethodInvocationHelper.invokeMethod(MethodInvocationHelper.java:133)
	at org.testng.internal.TestInvoker.invokeMethod(TestInvoker.java:598)
	at org.testng.internal.TestInvoker.invokeTestMethod(TestInvoker.java:173)
	at org.testng.internal.MethodRunner.runInSequence(MethodRunner.java:46)
	at org.testng.internal.TestInvoker$MethodInvocationAgent.invoke(TestInvoker.java:824)
	at org.testng.internal.TestInvoker.invokeTestMethods(TestInvoker.java:146)
	at org.testng.internal.TestMethodWorker.invokeTestMethods(TestMethodWorker.java:146)
	at org.testng.internal.TestMethodWorker.run(TestMethodWorker.java:128)
	at java.base/java.util.ArrayList.forEach(ArrayList.java:1511)
	at org.testng.TestRunner.privateRun(TestRunner.java:794)
	at org.testng.TestRunner.run(TestRunner.java:596)
	at org.testng.SuiteRunner.runTest(SuiteRunner.java:377)
	at org.testng.SuiteRunner.runSequentially(SuiteRunner.java:371)
	at org.testng.SuiteRunner.privateRun(SuiteRunner.java:332)
	at org.testng.SuiteRunner.run(SuiteRunner.java:276)
	at org.testng.SuiteRunnerWorker.runSuite(SuiteRunnerWorker.java:53)
	at org.testng.SuiteRunnerWorker.run(SuiteRunnerWorker.java:96)
	at org.testng.TestNG.runSuitesSequentially(TestNG.java:1212)
	at org.testng.TestNG.runSuitesLocally(TestNG.java:1134)
	at org.testng.TestNG.runSuites(TestNG.java:1063)
	at org.testng.TestNG.run(TestNG.java:1031)
	at org.testng.remote.AbstractRemoteTestNG.run(AbstractRemoteTestNG.java:115)
	at org.testng.remote.RemoteTestNG.initAndRun(RemoteTestNG.java:251)
	at org.testng.remote.RemoteTestNG.main(RemoteTestNG.java:77)
</pre></div></td>
<td>12</td>
<td>com.medmantra.testcases.Emergency.TC_068_Emergency_WorkList_Doctor_Activities_Raise_Request_Lab@7dfd3c81</td></tr>
<tr>
<td title='com.medmantra.testcases.Emergency.TC_076_Emergency_WorkList_Doctor_Activities_Raise_BB_Procedure_Request.runRaiseBBProcedureRequest()'><b>runRaiseBBProcedureRequest</b><br>Test class: com.medmantra.testcases.Emergency.TC_076_Emergency_WorkList_Doctor_Activities_Raise_BB_Procedure_Request<br>Parameters: By EP Number, A Kaladhar, 23, BED SIDE, Request Number is</td>
<td><div><pre>java.lang.IllegalArgumentException: Keys to send should be a not null CharSequence
	at org.openqa.selenium.remote.RemoteWebElement.sendKeys(RemoteWebElement.java:92)
	at com.framework.selenium.api.base.SeleniumBase.type(SeleniumBase.java:342)
	at com.medmantra.pages.EmergencyWorkListPage.enterEPNumber(EmergencyWorkListPage.java:16)
	at com.medmantra.testcases.Emergency.TC_076_Emergency_WorkList_Doctor_Activities_Raise_BB_Procedure_Request.runRaiseBBProcedureRequest(TC_076_Emergency_WorkList_Doctor_Activities_Raise_BB_Procedure_Request.java:25)
	at java.base/java.util.ArrayList.forEach(ArrayList.java:1511)
... Removed 27 stack frames</pre></div><a href='#' onClick='toggleBox("stack-trace385589213", this, "Click to show all stack frames", "Click to hide stack frames")'>Click to show all stack frames</a>
<div class='stack-trace' id='stack-trace385589213'><pre>java.lang.IllegalArgumentException: Keys to send should be a not null CharSequence
	at org.openqa.selenium.remote.RemoteWebElement.sendKeys(RemoteWebElement.java:92)
	at com.framework.selenium.api.base.SeleniumBase.type(SeleniumBase.java:342)
	at com.medmantra.pages.EmergencyWorkListPage.enterEPNumber(EmergencyWorkListPage.java:16)
	at com.medmantra.testcases.Emergency.TC_076_Emergency_WorkList_Doctor_Activities_Raise_BB_Procedure_Request.runRaiseBBProcedureRequest(TC_076_Emergency_WorkList_Doctor_Activities_Raise_BB_Procedure_Request.java:25)
	at java.base/jdk.internal.reflect.NativeMethodAccessorImpl.invoke0(Native Method)
	at java.base/jdk.internal.reflect.NativeMethodAccessorImpl.invoke(NativeMethodAccessorImpl.java:77)
	at java.base/jdk.internal.reflect.DelegatingMethodAccessorImpl.invoke(DelegatingMethodAccessorImpl.java:43)
	at java.base/java.lang.reflect.Method.invoke(Method.java:568)
	at org.testng.internal.MethodInvocationHelper.invokeMethod(MethodInvocationHelper.java:133)
	at org.testng.internal.TestInvoker.invokeMethod(TestInvoker.java:598)
	at org.testng.internal.TestInvoker.invokeTestMethod(TestInvoker.java:173)
	at org.testng.internal.MethodRunner.runInSequence(MethodRunner.java:46)
	at org.testng.internal.TestInvoker$MethodInvocationAgent.invoke(TestInvoker.java:824)
	at org.testng.internal.TestInvoker.invokeTestMethods(TestInvoker.java:146)
	at org.testng.internal.TestMethodWorker.invokeTestMethods(TestMethodWorker.java:146)
	at org.testng.internal.TestMethodWorker.run(TestMethodWorker.java:128)
	at java.base/java.util.ArrayList.forEach(ArrayList.java:1511)
	at org.testng.TestRunner.privateRun(TestRunner.java:794)
	at org.testng.TestRunner.run(TestRunner.java:596)
	at org.testng.SuiteRunner.runTest(SuiteRunner.java:377)
	at org.testng.SuiteRunner.runSequentially(SuiteRunner.java:371)
	at org.testng.SuiteRunner.privateRun(SuiteRunner.java:332)
	at org.testng.SuiteRunner.run(SuiteRunner.java:276)
	at org.testng.SuiteRunnerWorker.runSuite(SuiteRunnerWorker.java:53)
	at org.testng.SuiteRunnerWorker.run(SuiteRunnerWorker.java:96)
	at org.testng.TestNG.runSuitesSequentially(TestNG.java:1212)
	at org.testng.TestNG.runSuitesLocally(TestNG.java:1134)
	at org.testng.TestNG.runSuites(TestNG.java:1063)
	at org.testng.TestNG.run(TestNG.java:1031)
	at org.testng.remote.AbstractRemoteTestNG.run(AbstractRemoteTestNG.java:115)
	at org.testng.remote.RemoteTestNG.initAndRun(RemoteTestNG.java:251)
	at org.testng.remote.RemoteTestNG.main(RemoteTestNG.java:77)
</pre></div></td>
<td>12</td>
<td>com.medmantra.testcases.Emergency.TC_076_Emergency_WorkList_Doctor_Activities_Raise_BB_Procedure_Request@1f9e9475</td></tr>
<tr>
<td title='com.medmantra.testcases.Emergency.TC_140_Emergency_WorkList_Doctor_Activities_ProgressNote_Save.runSaveProgressNotes()'><b>runSaveProgressNotes</b><br>Test class: com.medmantra.testcases.Emergency.TC_140_Emergency_WorkList_Doctor_Activities_ProgressNote_Save<br>Parameters: By EP Number, Progress Notes, Plan Of Care, Progress Note</td>
<td><div><pre>java.lang.IllegalArgumentException: Keys to send should be a not null CharSequence
	at org.openqa.selenium.remote.RemoteWebElement.sendKeys(RemoteWebElement.java:92)
	at com.framework.selenium.api.base.SeleniumBase.type(SeleniumBase.java:342)
	at com.medmantra.pages.EmergencyWorkListPage.enterEPNumber(EmergencyWorkListPage.java:16)
	at com.medmantra.testcases.Emergency.TC_140_Emergency_WorkList_Doctor_Activities_ProgressNote_Save.runSaveProgressNotes(TC_140_Emergency_WorkList_Doctor_Activities_ProgressNote_Save.java:25)
	at java.base/java.util.ArrayList.forEach(ArrayList.java:1511)
... Removed 27 stack frames</pre></div><a href='#' onClick='toggleBox("stack-trace1466251587", this, "Click to show all stack frames", "Click to hide stack frames")'>Click to show all stack frames</a>
<div class='stack-trace' id='stack-trace1466251587'><pre>java.lang.IllegalArgumentException: Keys to send should be a not null CharSequence
	at org.openqa.selenium.remote.RemoteWebElement.sendKeys(RemoteWebElement.java:92)
	at com.framework.selenium.api.base.SeleniumBase.type(SeleniumBase.java:342)
	at com.medmantra.pages.EmergencyWorkListPage.enterEPNumber(EmergencyWorkListPage.java:16)
	at com.medmantra.testcases.Emergency.TC_140_Emergency_WorkList_Doctor_Activities_ProgressNote_Save.runSaveProgressNotes(TC_140_Emergency_WorkList_Doctor_Activities_ProgressNote_Save.java:25)
	at java.base/jdk.internal.reflect.NativeMethodAccessorImpl.invoke0(Native Method)
	at java.base/jdk.internal.reflect.NativeMethodAccessorImpl.invoke(NativeMethodAccessorImpl.java:77)
	at java.base/jdk.internal.reflect.DelegatingMethodAccessorImpl.invoke(DelegatingMethodAccessorImpl.java:43)
	at java.base/java.lang.reflect.Method.invoke(Method.java:568)
	at org.testng.internal.MethodInvocationHelper.invokeMethod(MethodInvocationHelper.java:133)
	at org.testng.internal.TestInvoker.invokeMethod(TestInvoker.java:598)
	at org.testng.internal.TestInvoker.invokeTestMethod(TestInvoker.java:173)
	at org.testng.internal.MethodRunner.runInSequence(MethodRunner.java:46)
	at org.testng.internal.TestInvoker$MethodInvocationAgent.invoke(TestInvoker.java:824)
	at org.testng.internal.TestInvoker.invokeTestMethods(TestInvoker.java:146)
	at org.testng.internal.TestMethodWorker.invokeTestMethods(TestMethodWorker.java:146)
	at org.testng.internal.TestMethodWorker.run(TestMethodWorker.java:128)
	at java.base/java.util.ArrayList.forEach(ArrayList.java:1511)
	at org.testng.TestRunner.privateRun(TestRunner.java:794)
	at org.testng.TestRunner.run(TestRunner.java:596)
	at org.testng.SuiteRunner.runTest(SuiteRunner.java:377)
	at org.testng.SuiteRunner.runSequentially(SuiteRunner.java:371)
	at org.testng.SuiteRunner.privateRun(SuiteRunner.java:332)
	at org.testng.SuiteRunner.run(SuiteRunner.java:276)
	at org.testng.SuiteRunnerWorker.runSuite(SuiteRunnerWorker.java:53)
	at org.testng.SuiteRunnerWorker.run(SuiteRunnerWorker.java:96)
	at org.testng.TestNG.runSuitesSequentially(TestNG.java:1212)
	at org.testng.TestNG.runSuitesLocally(TestNG.java:1134)
	at org.testng.TestNG.runSuites(TestNG.java:1063)
	at org.testng.TestNG.run(TestNG.java:1031)
	at org.testng.remote.AbstractRemoteTestNG.run(AbstractRemoteTestNG.java:115)
	at org.testng.remote.RemoteTestNG.initAndRun(RemoteTestNG.java:251)
	at org.testng.remote.RemoteTestNG.main(RemoteTestNG.java:77)
</pre></div></td>
<td>12</td>
<td>com.medmantra.testcases.Emergency.TC_140_Emergency_WorkList_Doctor_Activities_ProgressNote_Save@49c90a9c</td></tr>
<tr>
<td title='com.medmantra.testcases.Emergency.TC_029_Emergency_Registration.runEmergencyRegistration()'><b>runEmergencyRegistration</b><br>Test class: com.medmantra.testcases.Emergency.TC_029_Emergency_Registration<br>Parameters: identification Mark, UHID</td>
<td><div><pre>java.lang.RuntimeException: See the reporter for details.
	at com.framework.utils.Reporter.reportStep(Reporter.java:92)
	at com.framework.utils.Reporter.reportStep(Reporter.java:107)
	at com.framework.selenium.api.base.SeleniumBase.takeSnap(SeleniumBase.java:913)
	at com.framework.utils.Reporter.reportStep(Reporter.java:80)
	at com.framework.utils.Reporter.reportStep(Reporter.java:107)
	at com.framework.selenium.api.base.SeleniumBase.takeSnap(SeleniumBase.java:913)
	at com.framework.utils.Reporter.reportStep(Reporter.java:80)
	at com.framework.utils.Reporter.reportStep(Reporter.java:107)
	at com.medmantra.pages.RegistrationPage.clickEmergencyRegisterBtn(RegistrationPage.java:605)
	at com.medmantra.testcases.Emergency.TC_029_Emergency_Registration.runEmergencyRegistration(TC_029_Emergency_Registration.java:34)
	at java.base/java.util.ArrayList.forEach(ArrayList.java:1511)
... Removed 27 stack frames</pre></div><a href='#' onClick='toggleBox("stack-trace113042195", this, "Click to show all stack frames", "Click to hide stack frames")'>Click to show all stack frames</a>
<div class='stack-trace' id='stack-trace113042195'><pre>java.lang.RuntimeException: See the reporter for details.
	at com.framework.utils.Reporter.reportStep(Reporter.java:92)
	at com.framework.utils.Reporter.reportStep(Reporter.java:107)
	at com.framework.selenium.api.base.SeleniumBase.takeSnap(SeleniumBase.java:913)
	at com.framework.utils.Reporter.reportStep(Reporter.java:80)
	at com.framework.utils.Reporter.reportStep(Reporter.java:107)
	at com.framework.selenium.api.base.SeleniumBase.takeSnap(SeleniumBase.java:913)
	at com.framework.utils.Reporter.reportStep(Reporter.java:80)
	at com.framework.utils.Reporter.reportStep(Reporter.java:107)
	at com.medmantra.pages.RegistrationPage.clickEmergencyRegisterBtn(RegistrationPage.java:605)
	at com.medmantra.testcases.Emergency.TC_029_Emergency_Registration.runEmergencyRegistration(TC_029_Emergency_Registration.java:34)
	at java.base/jdk.internal.reflect.NativeMethodAccessorImpl.invoke0(Native Method)
	at java.base/jdk.internal.reflect.NativeMethodAccessorImpl.invoke(NativeMethodAccessorImpl.java:77)
	at java.base/jdk.internal.reflect.DelegatingMethodAccessorImpl.invoke(DelegatingMethodAccessorImpl.java:43)
	at java.base/java.lang.reflect.Method.invoke(Method.java:568)
	at org.testng.internal.MethodInvocationHelper.invokeMethod(MethodInvocationHelper.java:133)
	at org.testng.internal.TestInvoker.invokeMethod(TestInvoker.java:598)
	at org.testng.internal.TestInvoker.invokeTestMethod(TestInvoker.java:173)
	at org.testng.internal.MethodRunner.runInSequence(MethodRunner.java:46)
	at org.testng.internal.TestInvoker$MethodInvocationAgent.invoke(TestInvoker.java:824)
	at org.testng.internal.TestInvoker.invokeTestMethods(TestInvoker.java:146)
	at org.testng.internal.TestMethodWorker.invokeTestMethods(TestMethodWorker.java:146)
	at org.testng.internal.TestMethodWorker.run(TestMethodWorker.java:128)
	at java.base/java.util.ArrayList.forEach(ArrayList.java:1511)
	at org.testng.TestRunner.privateRun(TestRunner.java:794)
	at org.testng.TestRunner.run(TestRunner.java:596)
	at org.testng.SuiteRunner.runTest(SuiteRunner.java:377)
	at org.testng.SuiteRunner.runSequentially(SuiteRunner.java:371)
	at org.testng.SuiteRunner.privateRun(SuiteRunner.java:332)
	at org.testng.SuiteRunner.run(SuiteRunner.java:276)
	at org.testng.SuiteRunnerWorker.runSuite(SuiteRunnerWorker.java:53)
	at org.testng.SuiteRunnerWorker.run(SuiteRunnerWorker.java:96)
	at org.testng.TestNG.runSuitesSequentially(TestNG.java:1212)
	at org.testng.TestNG.runSuitesLocally(TestNG.java:1134)
	at org.testng.TestNG.runSuites(TestNG.java:1063)
	at org.testng.TestNG.run(TestNG.java:1031)
	at org.testng.remote.AbstractRemoteTestNG.run(AbstractRemoteTestNG.java:115)
	at org.testng.remote.RemoteTestNG.initAndRun(RemoteTestNG.java:251)
	at org.testng.remote.RemoteTestNG.main(RemoteTestNG.java:77)
</pre></div></td>
<td>51</td>
<td>com.medmantra.testcases.Emergency.TC_029_Emergency_Registration@126253fd</td></tr>
<tr>
<td title='com.medmantra.testcases.Emergency.TC_122_Emergency_WorkList_Doctor_Activities_Prescription_Add_QuickList.runAddQuickList()'><b>runAddQuickList</b><br>Test class: com.medmantra.testcases.Emergency.TC_122_Emergency_WorkList_Doctor_Activities_Prescription_Add_QuickList<br>Parameters: By EP Number, Alias successfully added to quicklist.</td>
<td><div><pre>java.lang.IllegalArgumentException: Keys to send should be a not null CharSequence
	at org.openqa.selenium.remote.RemoteWebElement.sendKeys(RemoteWebElement.java:92)
	at com.framework.selenium.api.base.SeleniumBase.type(SeleniumBase.java:342)
	at com.medmantra.pages.EmergencyWorkListPage.enterEPNumber(EmergencyWorkListPage.java:16)
	at com.medmantra.testcases.Emergency.TC_122_Emergency_WorkList_Doctor_Activities_Prescription_Add_QuickList.runAddQuickList(TC_122_Emergency_WorkList_Doctor_Activities_Prescription_Add_QuickList.java:28)
	at java.base/java.util.ArrayList.forEach(ArrayList.java:1511)
... Removed 27 stack frames</pre></div><a href='#' onClick='toggleBox("stack-trace798235044", this, "Click to show all stack frames", "Click to hide stack frames")'>Click to show all stack frames</a>
<div class='stack-trace' id='stack-trace798235044'><pre>java.lang.IllegalArgumentException: Keys to send should be a not null CharSequence
	at org.openqa.selenium.remote.RemoteWebElement.sendKeys(RemoteWebElement.java:92)
	at com.framework.selenium.api.base.SeleniumBase.type(SeleniumBase.java:342)
	at com.medmantra.pages.EmergencyWorkListPage.enterEPNumber(EmergencyWorkListPage.java:16)
	at com.medmantra.testcases.Emergency.TC_122_Emergency_WorkList_Doctor_Activities_Prescription_Add_QuickList.runAddQuickList(TC_122_Emergency_WorkList_Doctor_Activities_Prescription_Add_QuickList.java:28)
	at java.base/jdk.internal.reflect.NativeMethodAccessorImpl.invoke0(Native Method)
	at java.base/jdk.internal.reflect.NativeMethodAccessorImpl.invoke(NativeMethodAccessorImpl.java:77)
	at java.base/jdk.internal.reflect.DelegatingMethodAccessorImpl.invoke(DelegatingMethodAccessorImpl.java:43)
	at java.base/java.lang.reflect.Method.invoke(Method.java:568)
	at org.testng.internal.MethodInvocationHelper.invokeMethod(MethodInvocationHelper.java:133)
	at org.testng.internal.TestInvoker.invokeMethod(TestInvoker.java:598)
	at org.testng.internal.TestInvoker.invokeTestMethod(TestInvoker.java:173)
	at org.testng.internal.MethodRunner.runInSequence(MethodRunner.java:46)
	at org.testng.internal.TestInvoker$MethodInvocationAgent.invoke(TestInvoker.java:824)
	at org.testng.internal.TestInvoker.invokeTestMethods(TestInvoker.java:146)
	at org.testng.internal.TestMethodWorker.invokeTestMethods(TestMethodWorker.java:146)
	at org.testng.internal.TestMethodWorker.run(TestMethodWorker.java:128)
	at java.base/java.util.ArrayList.forEach(ArrayList.java:1511)
	at org.testng.TestRunner.privateRun(TestRunner.java:794)
	at org.testng.TestRunner.run(TestRunner.java:596)
	at org.testng.SuiteRunner.runTest(SuiteRunner.java:377)
	at org.testng.SuiteRunner.runSequentially(SuiteRunner.java:371)
	at org.testng.SuiteRunner.privateRun(SuiteRunner.java:332)
	at org.testng.SuiteRunner.run(SuiteRunner.java:276)
	at org.testng.SuiteRunnerWorker.runSuite(SuiteRunnerWorker.java:53)
	at org.testng.SuiteRunnerWorker.run(SuiteRunnerWorker.java:96)
	at org.testng.TestNG.runSuitesSequentially(TestNG.java:1212)
	at org.testng.TestNG.runSuitesLocally(TestNG.java:1134)
	at org.testng.TestNG.runSuites(TestNG.java:1063)
	at org.testng.TestNG.run(TestNG.java:1031)
	at org.testng.remote.AbstractRemoteTestNG.run(AbstractRemoteTestNG.java:115)
	at org.testng.remote.RemoteTestNG.initAndRun(RemoteTestNG.java:251)
	at org.testng.remote.RemoteTestNG.main(RemoteTestNG.java:77)
</pre></div></td>
<td>12</td>
<td>com.medmantra.testcases.Emergency.TC_122_Emergency_WorkList_Doctor_Activities_Prescription_Add_QuickList@660acfb</td></tr>
<tr>
<td title='com.medmantra.testcases.Emergency.TC_103_Emergency_WorkList_Doctor_Activities_Pharmacy_Delete_Drug_Alias.runDeleteDrugFromAlias()'><b>runDeleteDrugFromAlias</b><br>Test class: com.medmantra.testcases.Emergency.TC_103_Emergency_WorkList_Doctor_Activities_Pharmacy_Delete_Drug_Alias<br>Parameters: By EP Number, Record deleted Successfully</td>
<td><div><pre>java.lang.IllegalArgumentException: Keys to send should be a not null CharSequence
	at org.openqa.selenium.remote.RemoteWebElement.sendKeys(RemoteWebElement.java:92)
	at com.framework.selenium.api.base.SeleniumBase.type(SeleniumBase.java:342)
	at com.medmantra.pages.EmergencyWorkListPage.enterEPNumber(EmergencyWorkListPage.java:16)
	at com.medmantra.testcases.Emergency.TC_103_Emergency_WorkList_Doctor_Activities_Pharmacy_Delete_Drug_Alias.runDeleteDrugFromAlias(TC_103_Emergency_WorkList_Doctor_Activities_Pharmacy_Delete_Drug_Alias.java:24)
	at java.base/java.util.ArrayList.forEach(ArrayList.java:1511)
... Removed 27 stack frames</pre></div><a href='#' onClick='toggleBox("stack-trace688481469", this, "Click to show all stack frames", "Click to hide stack frames")'>Click to show all stack frames</a>
<div class='stack-trace' id='stack-trace688481469'><pre>java.lang.IllegalArgumentException: Keys to send should be a not null CharSequence
	at org.openqa.selenium.remote.RemoteWebElement.sendKeys(RemoteWebElement.java:92)
	at com.framework.selenium.api.base.SeleniumBase.type(SeleniumBase.java:342)
	at com.medmantra.pages.EmergencyWorkListPage.enterEPNumber(EmergencyWorkListPage.java:16)
	at com.medmantra.testcases.Emergency.TC_103_Emergency_WorkList_Doctor_Activities_Pharmacy_Delete_Drug_Alias.runDeleteDrugFromAlias(TC_103_Emergency_WorkList_Doctor_Activities_Pharmacy_Delete_Drug_Alias.java:24)
	at java.base/jdk.internal.reflect.NativeMethodAccessorImpl.invoke0(Native Method)
	at java.base/jdk.internal.reflect.NativeMethodAccessorImpl.invoke(NativeMethodAccessorImpl.java:77)
	at java.base/jdk.internal.reflect.DelegatingMethodAccessorImpl.invoke(DelegatingMethodAccessorImpl.java:43)
	at java.base/java.lang.reflect.Method.invoke(Method.java:568)
	at org.testng.internal.MethodInvocationHelper.invokeMethod(MethodInvocationHelper.java:133)
	at org.testng.internal.TestInvoker.invokeMethod(TestInvoker.java:598)
	at org.testng.internal.TestInvoker.invokeTestMethod(TestInvoker.java:173)
	at org.testng.internal.MethodRunner.runInSequence(MethodRunner.java:46)
	at org.testng.internal.TestInvoker$MethodInvocationAgent.invoke(TestInvoker.java:824)
	at org.testng.internal.TestInvoker.invokeTestMethods(TestInvoker.java:146)
	at org.testng.internal.TestMethodWorker.invokeTestMethods(TestMethodWorker.java:146)
	at org.testng.internal.TestMethodWorker.run(TestMethodWorker.java:128)
	at java.base/java.util.ArrayList.forEach(ArrayList.java:1511)
	at org.testng.TestRunner.privateRun(TestRunner.java:794)
	at org.testng.TestRunner.run(TestRunner.java:596)
	at org.testng.SuiteRunner.runTest(SuiteRunner.java:377)
	at org.testng.SuiteRunner.runSequentially(SuiteRunner.java:371)
	at org.testng.SuiteRunner.privateRun(SuiteRunner.java:332)
	at org.testng.SuiteRunner.run(SuiteRunner.java:276)
	at org.testng.SuiteRunnerWorker.runSuite(SuiteRunnerWorker.java:53)
	at org.testng.SuiteRunnerWorker.run(SuiteRunnerWorker.java:96)
	at org.testng.TestNG.runSuitesSequentially(TestNG.java:1212)
	at org.testng.TestNG.runSuitesLocally(TestNG.java:1134)
	at org.testng.TestNG.runSuites(TestNG.java:1063)
	at org.testng.TestNG.run(TestNG.java:1031)
	at org.testng.remote.AbstractRemoteTestNG.run(AbstractRemoteTestNG.java:115)
	at org.testng.remote.RemoteTestNG.initAndRun(RemoteTestNG.java:251)
	at org.testng.remote.RemoteTestNG.main(RemoteTestNG.java:77)
</pre></div></td>
<td>12</td>
<td>com.medmantra.testcases.Emergency.TC_103_Emergency_WorkList_Doctor_Activities_Pharmacy_Delete_Drug_Alias@12591ac8</td></tr>
<tr>
<td title='com.medmantra.testcases.Emergency.TC_081_Emergency_WorkList_Doctor_Activities_Raise_Diet_Request.runRaiseDietRequest()'><b>runRaiseDietRequest</b><br>Test class: com.medmantra.testcases.Emergency.TC_081_Emergency_WorkList_Doctor_Activities_Raise_Diet_Request<br>Parameters: By EP Number, DIABETIC DIET, NON VEG, Diet request number is</td>
<td><div><pre>java.lang.IllegalArgumentException: Keys to send should be a not null CharSequence
	at org.openqa.selenium.remote.RemoteWebElement.sendKeys(RemoteWebElement.java:92)
	at com.framework.selenium.api.base.SeleniumBase.type(SeleniumBase.java:342)
	at com.medmantra.pages.EmergencyWorkListPage.enterEPNumber(EmergencyWorkListPage.java:16)
	at com.medmantra.testcases.Emergency.TC_081_Emergency_WorkList_Doctor_Activities_Raise_Diet_Request.runRaiseDietRequest(TC_081_Emergency_WorkList_Doctor_Activities_Raise_Diet_Request.java:25)
	at java.base/java.util.ArrayList.forEach(ArrayList.java:1511)
... Removed 27 stack frames</pre></div><a href='#' onClick='toggleBox("stack-trace1978443480", this, "Click to show all stack frames", "Click to hide stack frames")'>Click to show all stack frames</a>
<div class='stack-trace' id='stack-trace1978443480'><pre>java.lang.IllegalArgumentException: Keys to send should be a not null CharSequence
	at org.openqa.selenium.remote.RemoteWebElement.sendKeys(RemoteWebElement.java:92)
	at com.framework.selenium.api.base.SeleniumBase.type(SeleniumBase.java:342)
	at com.medmantra.pages.EmergencyWorkListPage.enterEPNumber(EmergencyWorkListPage.java:16)
	at com.medmantra.testcases.Emergency.TC_081_Emergency_WorkList_Doctor_Activities_Raise_Diet_Request.runRaiseDietRequest(TC_081_Emergency_WorkList_Doctor_Activities_Raise_Diet_Request.java:25)
	at java.base/jdk.internal.reflect.NativeMethodAccessorImpl.invoke0(Native Method)
	at java.base/jdk.internal.reflect.NativeMethodAccessorImpl.invoke(NativeMethodAccessorImpl.java:77)
	at java.base/jdk.internal.reflect.DelegatingMethodAccessorImpl.invoke(DelegatingMethodAccessorImpl.java:43)
	at java.base/java.lang.reflect.Method.invoke(Method.java:568)
	at org.testng.internal.MethodInvocationHelper.invokeMethod(MethodInvocationHelper.java:133)
	at org.testng.internal.TestInvoker.invokeMethod(TestInvoker.java:598)
	at org.testng.internal.TestInvoker.invokeTestMethod(TestInvoker.java:173)
	at org.testng.internal.MethodRunner.runInSequence(MethodRunner.java:46)
	at org.testng.internal.TestInvoker$MethodInvocationAgent.invoke(TestInvoker.java:824)
	at org.testng.internal.TestInvoker.invokeTestMethods(TestInvoker.java:146)
	at org.testng.internal.TestMethodWorker.invokeTestMethods(TestMethodWorker.java:146)
	at org.testng.internal.TestMethodWorker.run(TestMethodWorker.java:128)
	at java.base/java.util.ArrayList.forEach(ArrayList.java:1511)
	at org.testng.TestRunner.privateRun(TestRunner.java:794)
	at org.testng.TestRunner.run(TestRunner.java:596)
	at org.testng.SuiteRunner.runTest(SuiteRunner.java:377)
	at org.testng.SuiteRunner.runSequentially(SuiteRunner.java:371)
	at org.testng.SuiteRunner.privateRun(SuiteRunner.java:332)
	at org.testng.SuiteRunner.run(SuiteRunner.java:276)
	at org.testng.SuiteRunnerWorker.runSuite(SuiteRunnerWorker.java:53)
	at org.testng.SuiteRunnerWorker.run(SuiteRunnerWorker.java:96)
	at org.testng.TestNG.runSuitesSequentially(TestNG.java:1212)
	at org.testng.TestNG.runSuitesLocally(TestNG.java:1134)
	at org.testng.TestNG.runSuites(TestNG.java:1063)
	at org.testng.TestNG.run(TestNG.java:1031)
	at org.testng.remote.AbstractRemoteTestNG.run(AbstractRemoteTestNG.java:115)
	at org.testng.remote.RemoteTestNG.initAndRun(RemoteTestNG.java:251)
	at org.testng.remote.RemoteTestNG.main(RemoteTestNG.java:77)
</pre></div></td>
<td>12</td>
<td>com.medmantra.testcases.Emergency.TC_081_Emergency_WorkList_Doctor_Activities_Raise_Diet_Request@5dafbe45</td></tr>
<tr>
<td title='com.medmantra.testcases.Emergency.TC_074_Emergency_WorkList_Doctor_Activities_Raise_BB_Surgical_Request.runRaiseBBSurgicalRequest()'><b>runRaiseBBSurgicalRequest</b><br>Test class: com.medmantra.testcases.Emergency.TC_074_Emergency_WorkList_Doctor_Activities_Raise_BB_Surgical_Request<br>Parameters: By EP Number, FRESH FROZEN PLASMA, 23, 1, 1st FloorSpecial Ward, A Kaladhar, Indications, Request successfully completed with request number</td>
<td><div><pre>java.lang.IllegalArgumentException: Keys to send should be a not null CharSequence
	at org.openqa.selenium.remote.RemoteWebElement.sendKeys(RemoteWebElement.java:92)
	at com.framework.selenium.api.base.SeleniumBase.type(SeleniumBase.java:342)
	at com.medmantra.pages.EmergencyWorkListPage.enterEPNumber(EmergencyWorkListPage.java:16)
	at com.medmantra.testcases.Emergency.TC_074_Emergency_WorkList_Doctor_Activities_Raise_BB_Surgical_Request.runRaiseBBSurgicalRequest(TC_074_Emergency_WorkList_Doctor_Activities_Raise_BB_Surgical_Request.java:25)
	at java.base/java.util.ArrayList.forEach(ArrayList.java:1511)
... Removed 27 stack frames</pre></div><a href='#' onClick='toggleBox("stack-trace1839813660", this, "Click to show all stack frames", "Click to hide stack frames")'>Click to show all stack frames</a>
<div class='stack-trace' id='stack-trace1839813660'><pre>java.lang.IllegalArgumentException: Keys to send should be a not null CharSequence
	at org.openqa.selenium.remote.RemoteWebElement.sendKeys(RemoteWebElement.java:92)
	at com.framework.selenium.api.base.SeleniumBase.type(SeleniumBase.java:342)
	at com.medmantra.pages.EmergencyWorkListPage.enterEPNumber(EmergencyWorkListPage.java:16)
	at com.medmantra.testcases.Emergency.TC_074_Emergency_WorkList_Doctor_Activities_Raise_BB_Surgical_Request.runRaiseBBSurgicalRequest(TC_074_Emergency_WorkList_Doctor_Activities_Raise_BB_Surgical_Request.java:25)
	at java.base/jdk.internal.reflect.NativeMethodAccessorImpl.invoke0(Native Method)
	at java.base/jdk.internal.reflect.NativeMethodAccessorImpl.invoke(NativeMethodAccessorImpl.java:77)
	at java.base/jdk.internal.reflect.DelegatingMethodAccessorImpl.invoke(DelegatingMethodAccessorImpl.java:43)
	at java.base/java.lang.reflect.Method.invoke(Method.java:568)
	at org.testng.internal.MethodInvocationHelper.invokeMethod(MethodInvocationHelper.java:133)
	at org.testng.internal.TestInvoker.invokeMethod(TestInvoker.java:598)
	at org.testng.internal.TestInvoker.invokeTestMethod(TestInvoker.java:173)
	at org.testng.internal.MethodRunner.runInSequence(MethodRunner.java:46)
	at org.testng.internal.TestInvoker$MethodInvocationAgent.invoke(TestInvoker.java:824)
	at org.testng.internal.TestInvoker.invokeTestMethods(TestInvoker.java:146)
	at org.testng.internal.TestMethodWorker.invokeTestMethods(TestMethodWorker.java:146)
	at org.testng.internal.TestMethodWorker.run(TestMethodWorker.java:128)
	at java.base/java.util.ArrayList.forEach(ArrayList.java:1511)
	at org.testng.TestRunner.privateRun(TestRunner.java:794)
	at org.testng.TestRunner.run(TestRunner.java:596)
	at org.testng.SuiteRunner.runTest(SuiteRunner.java:377)
	at org.testng.SuiteRunner.runSequentially(SuiteRunner.java:371)
	at org.testng.SuiteRunner.privateRun(SuiteRunner.java:332)
	at org.testng.SuiteRunner.run(SuiteRunner.java:276)
	at org.testng.SuiteRunnerWorker.runSuite(SuiteRunnerWorker.java:53)
	at org.testng.SuiteRunnerWorker.run(SuiteRunnerWorker.java:96)
	at org.testng.TestNG.runSuitesSequentially(TestNG.java:1212)
	at org.testng.TestNG.runSuitesLocally(TestNG.java:1134)
	at org.testng.TestNG.runSuites(TestNG.java:1063)
	at org.testng.TestNG.run(TestNG.java:1031)
	at org.testng.remote.AbstractRemoteTestNG.run(AbstractRemoteTestNG.java:115)
	at org.testng.remote.RemoteTestNG.initAndRun(RemoteTestNG.java:251)
	at org.testng.remote.RemoteTestNG.main(RemoteTestNG.java:77)
</pre></div></td>
<td>12</td>
<td>com.medmantra.testcases.Emergency.TC_074_Emergency_WorkList_Doctor_Activities_Raise_BB_Surgical_Request@626abbd0</td></tr>
<tr>
<td title='com.medmantra.testcases.Emergency.TC_108_Emergency_WorkList_Doctor_Activities_Radiology_View_Prerequisites.runViewPrerequisites()'><b>runViewPrerequisites</b><br>Test class: com.medmantra.testcases.Emergency.TC_108_Emergency_WorkList_Doctor_Activities_Radiology_View_Prerequisites<br>Parameters: By EP Number, CT, 100ML CONTRAST - C.T.SCAN, Clinical Notes, A Kaladhar, ForPrerequisites.aspx</td>
<td><div><pre>java.lang.IllegalArgumentException: Keys to send should be a not null CharSequence
	at org.openqa.selenium.remote.RemoteWebElement.sendKeys(RemoteWebElement.java:92)
	at com.framework.selenium.api.base.SeleniumBase.type(SeleniumBase.java:342)
	at com.medmantra.pages.EmergencyWorkListPage.enterEPNumber(EmergencyWorkListPage.java:16)
	at com.medmantra.testcases.Emergency.TC_108_Emergency_WorkList_Doctor_Activities_Radiology_View_Prerequisites.runViewPrerequisites(TC_108_Emergency_WorkList_Doctor_Activities_Radiology_View_Prerequisites.java:25)
	at java.base/java.util.ArrayList.forEach(ArrayList.java:1511)
... Removed 27 stack frames</pre></div><a href='#' onClick='toggleBox("stack-trace740858526", this, "Click to show all stack frames", "Click to hide stack frames")'>Click to show all stack frames</a>
<div class='stack-trace' id='stack-trace740858526'><pre>java.lang.IllegalArgumentException: Keys to send should be a not null CharSequence
	at org.openqa.selenium.remote.RemoteWebElement.sendKeys(RemoteWebElement.java:92)
	at com.framework.selenium.api.base.SeleniumBase.type(SeleniumBase.java:342)
	at com.medmantra.pages.EmergencyWorkListPage.enterEPNumber(EmergencyWorkListPage.java:16)
	at com.medmantra.testcases.Emergency.TC_108_Emergency_WorkList_Doctor_Activities_Radiology_View_Prerequisites.runViewPrerequisites(TC_108_Emergency_WorkList_Doctor_Activities_Radiology_View_Prerequisites.java:25)
	at java.base/jdk.internal.reflect.NativeMethodAccessorImpl.invoke0(Native Method)
	at java.base/jdk.internal.reflect.NativeMethodAccessorImpl.invoke(NativeMethodAccessorImpl.java:77)
	at java.base/jdk.internal.reflect.DelegatingMethodAccessorImpl.invoke(DelegatingMethodAccessorImpl.java:43)
	at java.base/java.lang.reflect.Method.invoke(Method.java:568)
	at org.testng.internal.MethodInvocationHelper.invokeMethod(MethodInvocationHelper.java:133)
	at org.testng.internal.TestInvoker.invokeMethod(TestInvoker.java:598)
	at org.testng.internal.TestInvoker.invokeTestMethod(TestInvoker.java:173)
	at org.testng.internal.MethodRunner.runInSequence(MethodRunner.java:46)
	at org.testng.internal.TestInvoker$MethodInvocationAgent.invoke(TestInvoker.java:824)
	at org.testng.internal.TestInvoker.invokeTestMethods(TestInvoker.java:146)
	at org.testng.internal.TestMethodWorker.invokeTestMethods(TestMethodWorker.java:146)
	at org.testng.internal.TestMethodWorker.run(TestMethodWorker.java:128)
	at java.base/java.util.ArrayList.forEach(ArrayList.java:1511)
	at org.testng.TestRunner.privateRun(TestRunner.java:794)
	at org.testng.TestRunner.run(TestRunner.java:596)
	at org.testng.SuiteRunner.runTest(SuiteRunner.java:377)
	at org.testng.SuiteRunner.runSequentially(SuiteRunner.java:371)
	at org.testng.SuiteRunner.privateRun(SuiteRunner.java:332)
	at org.testng.SuiteRunner.run(SuiteRunner.java:276)
	at org.testng.SuiteRunnerWorker.runSuite(SuiteRunnerWorker.java:53)
	at org.testng.SuiteRunnerWorker.run(SuiteRunnerWorker.java:96)
	at org.testng.TestNG.runSuitesSequentially(TestNG.java:1212)
	at org.testng.TestNG.runSuitesLocally(TestNG.java:1134)
	at org.testng.TestNG.runSuites(TestNG.java:1063)
	at org.testng.TestNG.run(TestNG.java:1031)
	at org.testng.remote.AbstractRemoteTestNG.run(AbstractRemoteTestNG.java:115)
	at org.testng.remote.RemoteTestNG.initAndRun(RemoteTestNG.java:251)
	at org.testng.remote.RemoteTestNG.main(RemoteTestNG.java:77)
</pre></div></td>
<td>12</td>
<td>com.medmantra.testcases.Emergency.TC_108_Emergency_WorkList_Doctor_Activities_Radiology_View_Prerequisites@3e0e1046</td></tr>
<tr>
<td title='com.medmantra.testcases.Emergency.TC_040_TransactionsDashboard_Triage_minorconsultant.runPendingDashboard()'><b>runPendingDashboard</b><br>Test class: com.medmantra.testcases.Emergency.TC_040_TransactionsDashboard_Triage_minorconsultant<br>Parameters: Chief Complaints</td>
<td><div><pre>java.lang.RuntimeException: See the reporter for details.
	at com.framework.utils.Reporter.reportStep(Reporter.java:92)
	at com.framework.utils.Reporter.reportStep(Reporter.java:107)
	at com.framework.selenium.api.base.SeleniumBase.locateElement(SeleniumBase.java:632)
	at com.framework.selenium.api.base.SeleniumBase.click(SeleniumBase.java:206)
	at com.medmantra.pages.EmergencyDashboardPage.clickTriage(EmergencyDashboardPage.java:79)
	at com.medmantra.testcases.Emergency.TC_040_TransactionsDashboard_Triage_minorconsultant.runPendingDashboard(TC_040_TransactionsDashboard_Triage_minorconsultant.java:33)
	at java.base/java.util.ArrayList.forEach(ArrayList.java:1511)
... Removed 27 stack frames</pre></div><a href='#' onClick='toggleBox("stack-trace1423900009", this, "Click to show all stack frames", "Click to hide stack frames")'>Click to show all stack frames</a>
<div class='stack-trace' id='stack-trace1423900009'><pre>java.lang.RuntimeException: See the reporter for details.
	at com.framework.utils.Reporter.reportStep(Reporter.java:92)
	at com.framework.utils.Reporter.reportStep(Reporter.java:107)
	at com.framework.selenium.api.base.SeleniumBase.locateElement(SeleniumBase.java:632)
	at com.framework.selenium.api.base.SeleniumBase.click(SeleniumBase.java:206)
	at com.medmantra.pages.EmergencyDashboardPage.clickTriage(EmergencyDashboardPage.java:79)
	at com.medmantra.testcases.Emergency.TC_040_TransactionsDashboard_Triage_minorconsultant.runPendingDashboard(TC_040_TransactionsDashboard_Triage_minorconsultant.java:33)
	at java.base/jdk.internal.reflect.NativeMethodAccessorImpl.invoke0(Native Method)
	at java.base/jdk.internal.reflect.NativeMethodAccessorImpl.invoke(NativeMethodAccessorImpl.java:77)
	at java.base/jdk.internal.reflect.DelegatingMethodAccessorImpl.invoke(DelegatingMethodAccessorImpl.java:43)
	at java.base/java.lang.reflect.Method.invoke(Method.java:568)
	at org.testng.internal.MethodInvocationHelper.invokeMethod(MethodInvocationHelper.java:133)
	at org.testng.internal.TestInvoker.invokeMethod(TestInvoker.java:598)
	at org.testng.internal.TestInvoker.invokeTestMethod(TestInvoker.java:173)
	at org.testng.internal.MethodRunner.runInSequence(MethodRunner.java:46)
	at org.testng.internal.TestInvoker$MethodInvocationAgent.invoke(TestInvoker.java:824)
	at org.testng.internal.TestInvoker.invokeTestMethods(TestInvoker.java:146)
	at org.testng.internal.TestMethodWorker.invokeTestMethods(TestMethodWorker.java:146)
	at org.testng.internal.TestMethodWorker.run(TestMethodWorker.java:128)
	at java.base/java.util.ArrayList.forEach(ArrayList.java:1511)
	at org.testng.TestRunner.privateRun(TestRunner.java:794)
	at org.testng.TestRunner.run(TestRunner.java:596)
	at org.testng.SuiteRunner.runTest(SuiteRunner.java:377)
	at org.testng.SuiteRunner.runSequentially(SuiteRunner.java:371)
	at org.testng.SuiteRunner.privateRun(SuiteRunner.java:332)
	at org.testng.SuiteRunner.run(SuiteRunner.java:276)
	at org.testng.SuiteRunnerWorker.runSuite(SuiteRunnerWorker.java:53)
	at org.testng.SuiteRunnerWorker.run(SuiteRunnerWorker.java:96)
	at org.testng.TestNG.runSuitesSequentially(TestNG.java:1212)
	at org.testng.TestNG.runSuitesLocally(TestNG.java:1134)
	at org.testng.TestNG.runSuites(TestNG.java:1063)
	at org.testng.TestNG.run(TestNG.java:1031)
	at org.testng.remote.AbstractRemoteTestNG.run(AbstractRemoteTestNG.java:115)
	at org.testng.remote.RemoteTestNG.initAndRun(RemoteTestNG.java:251)
	at org.testng.remote.RemoteTestNG.main(RemoteTestNG.java:77)
</pre></div></td>
<td>103</td>
<td>com.medmantra.testcases.Emergency.TC_040_TransactionsDashboard_Triage_minorconsultant@6a4f1a55</td></tr>
<tr>
<td title='com.medmantra.testcases.Emergency.TC_101_Emergency_WorkList_Doctor_Activities_Pharmacy_Add_Alias.runAddAlias()'><b>runAddAlias</b><br>Test class: com.medmantra.testcases.Emergency.TC_101_Emergency_WorkList_Doctor_Activities_Pharmacy_Add_Alias<br>Parameters: By EP Number, F - FMCG, cer, Alias successfully added to quicklist.</td>
<td><div><pre>java.lang.IllegalArgumentException: Keys to send should be a not null CharSequence
	at org.openqa.selenium.remote.RemoteWebElement.sendKeys(RemoteWebElement.java:92)
	at com.framework.selenium.api.base.SeleniumBase.type(SeleniumBase.java:342)
	at com.medmantra.pages.EmergencyWorkListPage.enterEPNumber(EmergencyWorkListPage.java:16)
	at com.medmantra.testcases.Emergency.TC_101_Emergency_WorkList_Doctor_Activities_Pharmacy_Add_Alias.runAddAlias(TC_101_Emergency_WorkList_Doctor_Activities_Pharmacy_Add_Alias.java:29)
	at java.base/java.util.ArrayList.forEach(ArrayList.java:1511)
... Removed 27 stack frames</pre></div><a href='#' onClick='toggleBox("stack-trace401882954", this, "Click to show all stack frames", "Click to hide stack frames")'>Click to show all stack frames</a>
<div class='stack-trace' id='stack-trace401882954'><pre>java.lang.IllegalArgumentException: Keys to send should be a not null CharSequence
	at org.openqa.selenium.remote.RemoteWebElement.sendKeys(RemoteWebElement.java:92)
	at com.framework.selenium.api.base.SeleniumBase.type(SeleniumBase.java:342)
	at com.medmantra.pages.EmergencyWorkListPage.enterEPNumber(EmergencyWorkListPage.java:16)
	at com.medmantra.testcases.Emergency.TC_101_Emergency_WorkList_Doctor_Activities_Pharmacy_Add_Alias.runAddAlias(TC_101_Emergency_WorkList_Doctor_Activities_Pharmacy_Add_Alias.java:29)
	at java.base/jdk.internal.reflect.NativeMethodAccessorImpl.invoke0(Native Method)
	at java.base/jdk.internal.reflect.NativeMethodAccessorImpl.invoke(NativeMethodAccessorImpl.java:77)
	at java.base/jdk.internal.reflect.DelegatingMethodAccessorImpl.invoke(DelegatingMethodAccessorImpl.java:43)
	at java.base/java.lang.reflect.Method.invoke(Method.java:568)
	at org.testng.internal.MethodInvocationHelper.invokeMethod(MethodInvocationHelper.java:133)
	at org.testng.internal.TestInvoker.invokeMethod(TestInvoker.java:598)
	at org.testng.internal.TestInvoker.invokeTestMethod(TestInvoker.java:173)
	at org.testng.internal.MethodRunner.runInSequence(MethodRunner.java:46)
	at org.testng.internal.TestInvoker$MethodInvocationAgent.invoke(TestInvoker.java:824)
	at org.testng.internal.TestInvoker.invokeTestMethods(TestInvoker.java:146)
	at org.testng.internal.TestMethodWorker.invokeTestMethods(TestMethodWorker.java:146)
	at org.testng.internal.TestMethodWorker.run(TestMethodWorker.java:128)
	at java.base/java.util.ArrayList.forEach(ArrayList.java:1511)
	at org.testng.TestRunner.privateRun(TestRunner.java:794)
	at org.testng.TestRunner.run(TestRunner.java:596)
	at org.testng.SuiteRunner.runTest(SuiteRunner.java:377)
	at org.testng.SuiteRunner.runSequentially(SuiteRunner.java:371)
	at org.testng.SuiteRunner.privateRun(SuiteRunner.java:332)
	at org.testng.SuiteRunner.run(SuiteRunner.java:276)
	at org.testng.SuiteRunnerWorker.runSuite(SuiteRunnerWorker.java:53)
	at org.testng.SuiteRunnerWorker.run(SuiteRunnerWorker.java:96)
	at org.testng.TestNG.runSuitesSequentially(TestNG.java:1212)
	at org.testng.TestNG.runSuitesLocally(TestNG.java:1134)
	at org.testng.TestNG.runSuites(TestNG.java:1063)
	at org.testng.TestNG.run(TestNG.java:1031)
	at org.testng.remote.AbstractRemoteTestNG.run(AbstractRemoteTestNG.java:115)
	at org.testng.remote.RemoteTestNG.initAndRun(RemoteTestNG.java:251)
	at org.testng.remote.RemoteTestNG.main(RemoteTestNG.java:77)
</pre></div></td>
<td>12</td>
<td>com.medmantra.testcases.Emergency.TC_101_Emergency_WorkList_Doctor_Activities_Pharmacy_Add_Alias@14bdbc74</td></tr>
<tr>
<td title='com.medmantra.testcases.Emergency.TC_071_Emergency_WorkList_Doctor_Activities_View_Request.runViewRequestLab()'><b>runViewRequestLab</b><br>Test class: com.medmantra.testcases.Emergency.TC_071_Emergency_WorkList_Doctor_Activities_View_Request<br>Parameters: By EP Number, LRN</td>
<td><div><pre>java.lang.IllegalArgumentException: Keys to send should be a not null CharSequence
	at org.openqa.selenium.remote.RemoteWebElement.sendKeys(RemoteWebElement.java:92)
	at com.framework.selenium.api.base.SeleniumBase.type(SeleniumBase.java:342)
	at com.medmantra.pages.EmergencyWorkListPage.enterEPNumber(EmergencyWorkListPage.java:16)
	at com.medmantra.testcases.Emergency.TC_071_Emergency_WorkList_Doctor_Activities_View_Request.runViewRequestLab(TC_071_Emergency_WorkList_Doctor_Activities_View_Request.java:24)
	at java.base/java.util.ArrayList.forEach(ArrayList.java:1511)
... Removed 27 stack frames</pre></div><a href='#' onClick='toggleBox("stack-trace1626241617", this, "Click to show all stack frames", "Click to hide stack frames")'>Click to show all stack frames</a>
<div class='stack-trace' id='stack-trace1626241617'><pre>java.lang.IllegalArgumentException: Keys to send should be a not null CharSequence
	at org.openqa.selenium.remote.RemoteWebElement.sendKeys(RemoteWebElement.java:92)
	at com.framework.selenium.api.base.SeleniumBase.type(SeleniumBase.java:342)
	at com.medmantra.pages.EmergencyWorkListPage.enterEPNumber(EmergencyWorkListPage.java:16)
	at com.medmantra.testcases.Emergency.TC_071_Emergency_WorkList_Doctor_Activities_View_Request.runViewRequestLab(TC_071_Emergency_WorkList_Doctor_Activities_View_Request.java:24)
	at java.base/jdk.internal.reflect.NativeMethodAccessorImpl.invoke0(Native Method)
	at java.base/jdk.internal.reflect.NativeMethodAccessorImpl.invoke(NativeMethodAccessorImpl.java:77)
	at java.base/jdk.internal.reflect.DelegatingMethodAccessorImpl.invoke(DelegatingMethodAccessorImpl.java:43)
	at java.base/java.lang.reflect.Method.invoke(Method.java:568)
	at org.testng.internal.MethodInvocationHelper.invokeMethod(MethodInvocationHelper.java:133)
	at org.testng.internal.TestInvoker.invokeMethod(TestInvoker.java:598)
	at org.testng.internal.TestInvoker.invokeTestMethod(TestInvoker.java:173)
	at org.testng.internal.MethodRunner.runInSequence(MethodRunner.java:46)
	at org.testng.internal.TestInvoker$MethodInvocationAgent.invoke(TestInvoker.java:824)
	at org.testng.internal.TestInvoker.invokeTestMethods(TestInvoker.java:146)
	at org.testng.internal.TestMethodWorker.invokeTestMethods(TestMethodWorker.java:146)
	at org.testng.internal.TestMethodWorker.run(TestMethodWorker.java:128)
	at java.base/java.util.ArrayList.forEach(ArrayList.java:1511)
	at org.testng.TestRunner.privateRun(TestRunner.java:794)
	at org.testng.TestRunner.run(TestRunner.java:596)
	at org.testng.SuiteRunner.runTest(SuiteRunner.java:377)
	at org.testng.SuiteRunner.runSequentially(SuiteRunner.java:371)
	at org.testng.SuiteRunner.privateRun(SuiteRunner.java:332)
	at org.testng.SuiteRunner.run(SuiteRunner.java:276)
	at org.testng.SuiteRunnerWorker.runSuite(SuiteRunnerWorker.java:53)
	at org.testng.SuiteRunnerWorker.run(SuiteRunnerWorker.java:96)
	at org.testng.TestNG.runSuitesSequentially(TestNG.java:1212)
	at org.testng.TestNG.runSuitesLocally(TestNG.java:1134)
	at org.testng.TestNG.runSuites(TestNG.java:1063)
	at org.testng.TestNG.run(TestNG.java:1031)
	at org.testng.remote.AbstractRemoteTestNG.run(AbstractRemoteTestNG.java:115)
	at org.testng.remote.RemoteTestNG.initAndRun(RemoteTestNG.java:251)
	at org.testng.remote.RemoteTestNG.main(RemoteTestNG.java:77)
</pre></div></td>
<td>12</td>
<td>com.medmantra.testcases.Emergency.TC_071_Emergency_WorkList_Doctor_Activities_View_Request@7dfb0c0f</td></tr>
<tr>
<td title='com.medmantra.testcases.Emergency.TC_110_Emergency_WorkList_Doctor_Activities_Radiology_Save_Aneasthesia.runAnesthesiaRequest()'><b>runAnesthesiaRequest</b><br>Test class: com.medmantra.testcases.Emergency.TC_110_Emergency_WorkList_Doctor_Activities_Radiology_Save_Aneasthesia<br>Parameters: By EP Number, CT, 100ML CONTRAST - C.T.SCAN, Clinical Notes, A Kaladhar, EA, GENERAL ANAESTHESIA, Clonazepam .25mg, Epidural, 1, ANAND K SATHAPATHY</td>
<td><div><pre>java.lang.IllegalArgumentException: Keys to send should be a not null CharSequence
	at org.openqa.selenium.remote.RemoteWebElement.sendKeys(RemoteWebElement.java:92)
	at com.framework.selenium.api.base.SeleniumBase.type(SeleniumBase.java:342)
	at com.medmantra.pages.EmergencyWorkListPage.enterEPNumber(EmergencyWorkListPage.java:16)
	at com.medmantra.testcases.Emergency.TC_110_Emergency_WorkList_Doctor_Activities_Radiology_Save_Aneasthesia.runAnesthesiaRequest(TC_110_Emergency_WorkList_Doctor_Activities_Radiology_Save_Aneasthesia.java:26)
	at java.base/java.util.ArrayList.forEach(ArrayList.java:1511)
... Removed 27 stack frames</pre></div><a href='#' onClick='toggleBox("stack-trace433639711", this, "Click to show all stack frames", "Click to hide stack frames")'>Click to show all stack frames</a>
<div class='stack-trace' id='stack-trace433639711'><pre>java.lang.IllegalArgumentException: Keys to send should be a not null CharSequence
	at org.openqa.selenium.remote.RemoteWebElement.sendKeys(RemoteWebElement.java:92)
	at com.framework.selenium.api.base.SeleniumBase.type(SeleniumBase.java:342)
	at com.medmantra.pages.EmergencyWorkListPage.enterEPNumber(EmergencyWorkListPage.java:16)
	at com.medmantra.testcases.Emergency.TC_110_Emergency_WorkList_Doctor_Activities_Radiology_Save_Aneasthesia.runAnesthesiaRequest(TC_110_Emergency_WorkList_Doctor_Activities_Radiology_Save_Aneasthesia.java:26)
	at java.base/jdk.internal.reflect.NativeMethodAccessorImpl.invoke0(Native Method)
	at java.base/jdk.internal.reflect.NativeMethodAccessorImpl.invoke(NativeMethodAccessorImpl.java:77)
	at java.base/jdk.internal.reflect.DelegatingMethodAccessorImpl.invoke(DelegatingMethodAccessorImpl.java:43)
	at java.base/java.lang.reflect.Method.invoke(Method.java:568)
	at org.testng.internal.MethodInvocationHelper.invokeMethod(MethodInvocationHelper.java:133)
	at org.testng.internal.TestInvoker.invokeMethod(TestInvoker.java:598)
	at org.testng.internal.TestInvoker.invokeTestMethod(TestInvoker.java:173)
	at org.testng.internal.MethodRunner.runInSequence(MethodRunner.java:46)
	at org.testng.internal.TestInvoker$MethodInvocationAgent.invoke(TestInvoker.java:824)
	at org.testng.internal.TestInvoker.invokeTestMethods(TestInvoker.java:146)
	at org.testng.internal.TestMethodWorker.invokeTestMethods(TestMethodWorker.java:146)
	at org.testng.internal.TestMethodWorker.run(TestMethodWorker.java:128)
	at java.base/java.util.ArrayList.forEach(ArrayList.java:1511)
	at org.testng.TestRunner.privateRun(TestRunner.java:794)
	at org.testng.TestRunner.run(TestRunner.java:596)
	at org.testng.SuiteRunner.runTest(SuiteRunner.java:377)
	at org.testng.SuiteRunner.runSequentially(SuiteRunner.java:371)
	at org.testng.SuiteRunner.privateRun(SuiteRunner.java:332)
	at org.testng.SuiteRunner.run(SuiteRunner.java:276)
	at org.testng.SuiteRunnerWorker.runSuite(SuiteRunnerWorker.java:53)
	at org.testng.SuiteRunnerWorker.run(SuiteRunnerWorker.java:96)
	at org.testng.TestNG.runSuitesSequentially(TestNG.java:1212)
	at org.testng.TestNG.runSuitesLocally(TestNG.java:1134)
	at org.testng.TestNG.runSuites(TestNG.java:1063)
	at org.testng.TestNG.run(TestNG.java:1031)
	at org.testng.remote.AbstractRemoteTestNG.run(AbstractRemoteTestNG.java:115)
	at org.testng.remote.RemoteTestNG.initAndRun(RemoteTestNG.java:251)
	at org.testng.remote.RemoteTestNG.main(RemoteTestNG.java:77)
</pre></div></td>
<td>12</td>
<td>com.medmantra.testcases.Emergency.TC_110_Emergency_WorkList_Doctor_Activities_Radiology_Save_Aneasthesia@24c1b2d2</td></tr>
<tr>
<td title='com.medmantra.testcases.Emergency.TC_030_Transactions_Dashboard_DoctorAppointment_Walkin.runAppointmentWalkin()'><b>runAppointmentWalkin</b><br>Test class: com.medmantra.testcases.Emergency.TC_030_Transactions_Dashboard_DoctorAppointment_Walkin<br>Parameters: In Person, CARDIOLOGY</td>
<td><div><pre>java.lang.IllegalArgumentException: Keys to send should be a not null CharSequence
	at org.openqa.selenium.remote.RemoteWebElement.sendKeys(RemoteWebElement.java:92)
	at com.framework.selenium.api.base.SeleniumBase.type(SeleniumBase.java:342)
	at com.medmantra.pages.DoctorsAppoinmentPage.enterUhid(DoctorsAppoinmentPage.java:17)
	at com.medmantra.testcases.Emergency.TC_030_Transactions_Dashboard_DoctorAppointment_Walkin.runAppointmentWalkin(TC_030_Transactions_Dashboard_DoctorAppointment_Walkin.java:25)
	at java.base/java.util.ArrayList.forEach(ArrayList.java:1511)
... Removed 27 stack frames</pre></div><a href='#' onClick='toggleBox("stack-trace1046956206", this, "Click to show all stack frames", "Click to hide stack frames")'>Click to show all stack frames</a>
<div class='stack-trace' id='stack-trace1046956206'><pre>java.lang.IllegalArgumentException: Keys to send should be a not null CharSequence
	at org.openqa.selenium.remote.RemoteWebElement.sendKeys(RemoteWebElement.java:92)
	at com.framework.selenium.api.base.SeleniumBase.type(SeleniumBase.java:342)
	at com.medmantra.pages.DoctorsAppoinmentPage.enterUhid(DoctorsAppoinmentPage.java:17)
	at com.medmantra.testcases.Emergency.TC_030_Transactions_Dashboard_DoctorAppointment_Walkin.runAppointmentWalkin(TC_030_Transactions_Dashboard_DoctorAppointment_Walkin.java:25)
	at java.base/jdk.internal.reflect.NativeMethodAccessorImpl.invoke0(Native Method)
	at java.base/jdk.internal.reflect.NativeMethodAccessorImpl.invoke(NativeMethodAccessorImpl.java:77)
	at java.base/jdk.internal.reflect.DelegatingMethodAccessorImpl.invoke(DelegatingMethodAccessorImpl.java:43)
	at java.base/java.lang.reflect.Method.invoke(Method.java:568)
	at org.testng.internal.MethodInvocationHelper.invokeMethod(MethodInvocationHelper.java:133)
	at org.testng.internal.TestInvoker.invokeMethod(TestInvoker.java:598)
	at org.testng.internal.TestInvoker.invokeTestMethod(TestInvoker.java:173)
	at org.testng.internal.MethodRunner.runInSequence(MethodRunner.java:46)
	at org.testng.internal.TestInvoker$MethodInvocationAgent.invoke(TestInvoker.java:824)
	at org.testng.internal.TestInvoker.invokeTestMethods(TestInvoker.java:146)
	at org.testng.internal.TestMethodWorker.invokeTestMethods(TestMethodWorker.java:146)
	at org.testng.internal.TestMethodWorker.run(TestMethodWorker.java:128)
	at java.base/java.util.ArrayList.forEach(ArrayList.java:1511)
	at org.testng.TestRunner.privateRun(TestRunner.java:794)
	at org.testng.TestRunner.run(TestRunner.java:596)
	at org.testng.SuiteRunner.runTest(SuiteRunner.java:377)
	at org.testng.SuiteRunner.runSequentially(SuiteRunner.java:371)
	at org.testng.SuiteRunner.privateRun(SuiteRunner.java:332)
	at org.testng.SuiteRunner.run(SuiteRunner.java:276)
	at org.testng.SuiteRunnerWorker.runSuite(SuiteRunnerWorker.java:53)
	at org.testng.SuiteRunnerWorker.run(SuiteRunnerWorker.java:96)
	at org.testng.TestNG.runSuitesSequentially(TestNG.java:1212)
	at org.testng.TestNG.runSuitesLocally(TestNG.java:1134)
	at org.testng.TestNG.runSuites(TestNG.java:1063)
	at org.testng.TestNG.run(TestNG.java:1031)
	at org.testng.remote.AbstractRemoteTestNG.run(AbstractRemoteTestNG.java:115)
	at org.testng.remote.RemoteTestNG.initAndRun(RemoteTestNG.java:251)
	at org.testng.remote.RemoteTestNG.main(RemoteTestNG.java:77)
</pre></div></td>
<td>20</td>
<td>com.medmantra.testcases.Emergency.TC_030_Transactions_Dashboard_DoctorAppointment_Walkin@7fb4f2a9</td></tr>
<tr>
<td title='com.medmantra.testcases.Emergency.TC_088_Emergency_WorkList_Doctor_Activities_Raise_Forms_Request_Location.runRaiseFormsRequestLocation()'><b>runRaiseFormsRequestLocation</b><br>Test class: com.medmantra.testcases.Emergency.TC_088_Emergency_WorkList_Doctor_Activities_Raise_Forms_Request_Location<br>Parameters: By EP Number, IP, Default, Record Saved Successfully</td>
<td><div><pre>java.lang.IllegalArgumentException: Keys to send should be a not null CharSequence
	at org.openqa.selenium.remote.RemoteWebElement.sendKeys(RemoteWebElement.java:92)
	at com.framework.selenium.api.base.SeleniumBase.type(SeleniumBase.java:342)
	at com.medmantra.pages.EmergencyWorkListPage.enterEPNumber(EmergencyWorkListPage.java:16)
	at com.medmantra.testcases.Emergency.TC_088_Emergency_WorkList_Doctor_Activities_Raise_Forms_Request_Location.runRaiseFormsRequestLocation(TC_088_Emergency_WorkList_Doctor_Activities_Raise_Forms_Request_Location.java:25)
	at java.base/java.util.ArrayList.forEach(ArrayList.java:1511)
... Removed 27 stack frames</pre></div><a href='#' onClick='toggleBox("stack-trace1907159141", this, "Click to show all stack frames", "Click to hide stack frames")'>Click to show all stack frames</a>
<div class='stack-trace' id='stack-trace1907159141'><pre>java.lang.IllegalArgumentException: Keys to send should be a not null CharSequence
	at org.openqa.selenium.remote.RemoteWebElement.sendKeys(RemoteWebElement.java:92)
	at com.framework.selenium.api.base.SeleniumBase.type(SeleniumBase.java:342)
	at com.medmantra.pages.EmergencyWorkListPage.enterEPNumber(EmergencyWorkListPage.java:16)
	at com.medmantra.testcases.Emergency.TC_088_Emergency_WorkList_Doctor_Activities_Raise_Forms_Request_Location.runRaiseFormsRequestLocation(TC_088_Emergency_WorkList_Doctor_Activities_Raise_Forms_Request_Location.java:25)
	at java.base/jdk.internal.reflect.NativeMethodAccessorImpl.invoke0(Native Method)
	at java.base/jdk.internal.reflect.NativeMethodAccessorImpl.invoke(NativeMethodAccessorImpl.java:77)
	at java.base/jdk.internal.reflect.DelegatingMethodAccessorImpl.invoke(DelegatingMethodAccessorImpl.java:43)
	at java.base/java.lang.reflect.Method.invoke(Method.java:568)
	at org.testng.internal.MethodInvocationHelper.invokeMethod(MethodInvocationHelper.java:133)
	at org.testng.internal.TestInvoker.invokeMethod(TestInvoker.java:598)
	at org.testng.internal.TestInvoker.invokeTestMethod(TestInvoker.java:173)
	at org.testng.internal.MethodRunner.runInSequence(MethodRunner.java:46)
	at org.testng.internal.TestInvoker$MethodInvocationAgent.invoke(TestInvoker.java:824)
	at org.testng.internal.TestInvoker.invokeTestMethods(TestInvoker.java:146)
	at org.testng.internal.TestMethodWorker.invokeTestMethods(TestMethodWorker.java:146)
	at org.testng.internal.TestMethodWorker.run(TestMethodWorker.java:128)
	at java.base/java.util.ArrayList.forEach(ArrayList.java:1511)
	at org.testng.TestRunner.privateRun(TestRunner.java:794)
	at org.testng.TestRunner.run(TestRunner.java:596)
	at org.testng.SuiteRunner.runTest(SuiteRunner.java:377)
	at org.testng.SuiteRunner.runSequentially(SuiteRunner.java:371)
	at org.testng.SuiteRunner.privateRun(SuiteRunner.java:332)
	at org.testng.SuiteRunner.run(SuiteRunner.java:276)
	at org.testng.SuiteRunnerWorker.runSuite(SuiteRunnerWorker.java:53)
	at org.testng.SuiteRunnerWorker.run(SuiteRunnerWorker.java:96)
	at org.testng.TestNG.runSuitesSequentially(TestNG.java:1212)
	at org.testng.TestNG.runSuitesLocally(TestNG.java:1134)
	at org.testng.TestNG.runSuites(TestNG.java:1063)
	at org.testng.TestNG.run(TestNG.java:1031)
	at org.testng.remote.AbstractRemoteTestNG.run(AbstractRemoteTestNG.java:115)
	at org.testng.remote.RemoteTestNG.initAndRun(RemoteTestNG.java:251)
	at org.testng.remote.RemoteTestNG.main(RemoteTestNG.java:77)
</pre></div></td>
<td>12</td>
<td>com.medmantra.testcases.Emergency.TC_088_Emergency_WorkList_Doctor_Activities_Raise_Forms_Request_Location@2f953efd</td></tr>
<tr>
<td title='com.medmantra.testcases.Emergency.TC_075_Emergency_WorkList_Doctor_Activities_Raise_BB_Therapeutic_Request.runRaiseBBTherapeuticRequest()'><b>runRaiseBBTherapeuticRequest</b><br>Test class: com.medmantra.testcases.Emergency.TC_075_Emergency_WorkList_Doctor_Activities_Raise_BB_Therapeutic_Request<br>Parameters: By EP Number, FRESH FROZEN PLASMA, 23, 1, 1st FloorSpecial Ward, A Kaladhar, Indications, Request successfully completed with request number</td>
<td><div><pre>java.lang.IllegalArgumentException: Keys to send should be a not null CharSequence
	at org.openqa.selenium.remote.RemoteWebElement.sendKeys(RemoteWebElement.java:92)
	at com.framework.selenium.api.base.SeleniumBase.type(SeleniumBase.java:342)
	at com.medmantra.pages.EmergencyWorkListPage.enterEPNumber(EmergencyWorkListPage.java:16)
	at com.medmantra.testcases.Emergency.TC_075_Emergency_WorkList_Doctor_Activities_Raise_BB_Therapeutic_Request.runRaiseBBTherapeuticRequest(TC_075_Emergency_WorkList_Doctor_Activities_Raise_BB_Therapeutic_Request.java:25)
	at java.base/java.util.ArrayList.forEach(ArrayList.java:1511)
... Removed 27 stack frames</pre></div><a href='#' onClick='toggleBox("stack-trace268620232", this, "Click to show all stack frames", "Click to hide stack frames")'>Click to show all stack frames</a>
<div class='stack-trace' id='stack-trace268620232'><pre>java.lang.IllegalArgumentException: Keys to send should be a not null CharSequence
	at org.openqa.selenium.remote.RemoteWebElement.sendKeys(RemoteWebElement.java:92)
	at com.framework.selenium.api.base.SeleniumBase.type(SeleniumBase.java:342)
	at com.medmantra.pages.EmergencyWorkListPage.enterEPNumber(EmergencyWorkListPage.java:16)
	at com.medmantra.testcases.Emergency.TC_075_Emergency_WorkList_Doctor_Activities_Raise_BB_Therapeutic_Request.runRaiseBBTherapeuticRequest(TC_075_Emergency_WorkList_Doctor_Activities_Raise_BB_Therapeutic_Request.java:25)
	at java.base/jdk.internal.reflect.NativeMethodAccessorImpl.invoke0(Native Method)
	at java.base/jdk.internal.reflect.NativeMethodAccessorImpl.invoke(NativeMethodAccessorImpl.java:77)
	at java.base/jdk.internal.reflect.DelegatingMethodAccessorImpl.invoke(DelegatingMethodAccessorImpl.java:43)
	at java.base/java.lang.reflect.Method.invoke(Method.java:568)
	at org.testng.internal.MethodInvocationHelper.invokeMethod(MethodInvocationHelper.java:133)
	at org.testng.internal.TestInvoker.invokeMethod(TestInvoker.java:598)
	at org.testng.internal.TestInvoker.invokeTestMethod(TestInvoker.java:173)
	at org.testng.internal.MethodRunner.runInSequence(MethodRunner.java:46)
	at org.testng.internal.TestInvoker$MethodInvocationAgent.invoke(TestInvoker.java:824)
	at org.testng.internal.TestInvoker.invokeTestMethods(TestInvoker.java:146)
	at org.testng.internal.TestMethodWorker.invokeTestMethods(TestMethodWorker.java:146)
	at org.testng.internal.TestMethodWorker.run(TestMethodWorker.java:128)
	at java.base/java.util.ArrayList.forEach(ArrayList.java:1511)
	at org.testng.TestRunner.privateRun(TestRunner.java:794)
	at org.testng.TestRunner.run(TestRunner.java:596)
	at org.testng.SuiteRunner.runTest(SuiteRunner.java:377)
	at org.testng.SuiteRunner.runSequentially(SuiteRunner.java:371)
	at org.testng.SuiteRunner.privateRun(SuiteRunner.java:332)
	at org.testng.SuiteRunner.run(SuiteRunner.java:276)
	at org.testng.SuiteRunnerWorker.runSuite(SuiteRunnerWorker.java:53)
	at org.testng.SuiteRunnerWorker.run(SuiteRunnerWorker.java:96)
	at org.testng.TestNG.runSuitesSequentially(TestNG.java:1212)
	at org.testng.TestNG.runSuitesLocally(TestNG.java:1134)
	at org.testng.TestNG.runSuites(TestNG.java:1063)
	at org.testng.TestNG.run(TestNG.java:1031)
	at org.testng.remote.AbstractRemoteTestNG.run(AbstractRemoteTestNG.java:115)
	at org.testng.remote.RemoteTestNG.initAndRun(RemoteTestNG.java:251)
	at org.testng.remote.RemoteTestNG.main(RemoteTestNG.java:77)
</pre></div></td>
<td>12</td>
<td>com.medmantra.testcases.Emergency.TC_075_Emergency_WorkList_Doctor_Activities_Raise_BB_Therapeutic_Request@169bb4dd</td></tr>
<tr>
<td title='com.medmantra.testcases.Emergency.TC_106_Emergency_WorkList_Doctor_Activities_Raise_Radiology_Previous_Request.runRaiseRadiologyPreviousRequest()'><b>runRaiseRadiologyPreviousRequest</b><br>Test class: com.medmantra.testcases.Emergency.TC_106_Emergency_WorkList_Doctor_Activities_Raise_Radiology_Previous_Request<br>Parameters: By EP Number, Has Been Generated</td>
<td><div><pre>java.lang.IllegalArgumentException: Keys to send should be a not null CharSequence
	at org.openqa.selenium.remote.RemoteWebElement.sendKeys(RemoteWebElement.java:92)
	at com.framework.selenium.api.base.SeleniumBase.type(SeleniumBase.java:342)
	at com.medmantra.pages.EmergencyWorkListPage.enterEPNumber(EmergencyWorkListPage.java:16)
	at com.medmantra.testcases.Emergency.TC_106_Emergency_WorkList_Doctor_Activities_Raise_Radiology_Previous_Request.runRaiseRadiologyPreviousRequest(TC_106_Emergency_WorkList_Doctor_Activities_Raise_Radiology_Previous_Request.java:25)
	at java.base/java.util.ArrayList.forEach(ArrayList.java:1511)
... Removed 27 stack frames</pre></div><a href='#' onClick='toggleBox("stack-trace2057431147", this, "Click to show all stack frames", "Click to hide stack frames")'>Click to show all stack frames</a>
<div class='stack-trace' id='stack-trace2057431147'><pre>java.lang.IllegalArgumentException: Keys to send should be a not null CharSequence
	at org.openqa.selenium.remote.RemoteWebElement.sendKeys(RemoteWebElement.java:92)
	at com.framework.selenium.api.base.SeleniumBase.type(SeleniumBase.java:342)
	at com.medmantra.pages.EmergencyWorkListPage.enterEPNumber(EmergencyWorkListPage.java:16)
	at com.medmantra.testcases.Emergency.TC_106_Emergency_WorkList_Doctor_Activities_Raise_Radiology_Previous_Request.runRaiseRadiologyPreviousRequest(TC_106_Emergency_WorkList_Doctor_Activities_Raise_Radiology_Previous_Request.java:25)
	at java.base/jdk.internal.reflect.NativeMethodAccessorImpl.invoke0(Native Method)
	at java.base/jdk.internal.reflect.NativeMethodAccessorImpl.invoke(NativeMethodAccessorImpl.java:77)
	at java.base/jdk.internal.reflect.DelegatingMethodAccessorImpl.invoke(DelegatingMethodAccessorImpl.java:43)
	at java.base/java.lang.reflect.Method.invoke(Method.java:568)
	at org.testng.internal.MethodInvocationHelper.invokeMethod(MethodInvocationHelper.java:133)
	at org.testng.internal.TestInvoker.invokeMethod(TestInvoker.java:598)
	at org.testng.internal.TestInvoker.invokeTestMethod(TestInvoker.java:173)
	at org.testng.internal.MethodRunner.runInSequence(MethodRunner.java:46)
	at org.testng.internal.TestInvoker$MethodInvocationAgent.invoke(TestInvoker.java:824)
	at org.testng.internal.TestInvoker.invokeTestMethods(TestInvoker.java:146)
	at org.testng.internal.TestMethodWorker.invokeTestMethods(TestMethodWorker.java:146)
	at org.testng.internal.TestMethodWorker.run(TestMethodWorker.java:128)
	at java.base/java.util.ArrayList.forEach(ArrayList.java:1511)
	at org.testng.TestRunner.privateRun(TestRunner.java:794)
	at org.testng.TestRunner.run(TestRunner.java:596)
	at org.testng.SuiteRunner.runTest(SuiteRunner.java:377)
	at org.testng.SuiteRunner.runSequentially(SuiteRunner.java:371)
	at org.testng.SuiteRunner.privateRun(SuiteRunner.java:332)
	at org.testng.SuiteRunner.run(SuiteRunner.java:276)
	at org.testng.SuiteRunnerWorker.runSuite(SuiteRunnerWorker.java:53)
	at org.testng.SuiteRunnerWorker.run(SuiteRunnerWorker.java:96)
	at org.testng.TestNG.runSuitesSequentially(TestNG.java:1212)
	at org.testng.TestNG.runSuitesLocally(TestNG.java:1134)
	at org.testng.TestNG.runSuites(TestNG.java:1063)
	at org.testng.TestNG.run(TestNG.java:1031)
	at org.testng.remote.AbstractRemoteTestNG.run(AbstractRemoteTestNG.java:115)
	at org.testng.remote.RemoteTestNG.initAndRun(RemoteTestNG.java:251)
	at org.testng.remote.RemoteTestNG.main(RemoteTestNG.java:77)
</pre></div></td>
<td>12</td>
<td>com.medmantra.testcases.Emergency.TC_106_Emergency_WorkList_Doctor_Activities_Raise_Radiology_Previous_Request@41330d4f</td></tr>
<tr>
<td title='com.medmantra.testcases.Emergency.TC_070_Emergency_WorkList_Doctor_Activities_Raise_Emergency_Request.runRaiseEmergencyRequestLab()'><b>runRaiseEmergencyRequestLab</b><br>Test class: com.medmantra.testcases.Emergency.TC_070_Emergency_WorkList_Doctor_Activities_Raise_Emergency_Request<br>Parameters: By EP Number, Yes, SPecimenCollectionWardsLink.aspx</td>
<td><div><pre>java.lang.IllegalArgumentException: Keys to send should be a not null CharSequence
	at org.openqa.selenium.remote.RemoteWebElement.sendKeys(RemoteWebElement.java:92)
	at com.framework.selenium.api.base.SeleniumBase.type(SeleniumBase.java:342)
	at com.medmantra.pages.EmergencyWorkListPage.enterEPNumber(EmergencyWorkListPage.java:16)
	at com.medmantra.testcases.Emergency.TC_070_Emergency_WorkList_Doctor_Activities_Raise_Emergency_Request.runRaiseEmergencyRequestLab(TC_070_Emergency_WorkList_Doctor_Activities_Raise_Emergency_Request.java:25)
	at java.base/java.util.ArrayList.forEach(ArrayList.java:1511)
... Removed 27 stack frames</pre></div><a href='#' onClick='toggleBox("stack-trace2045532088", this, "Click to show all stack frames", "Click to hide stack frames")'>Click to show all stack frames</a>
<div class='stack-trace' id='stack-trace2045532088'><pre>java.lang.IllegalArgumentException: Keys to send should be a not null CharSequence
	at org.openqa.selenium.remote.RemoteWebElement.sendKeys(RemoteWebElement.java:92)
	at com.framework.selenium.api.base.SeleniumBase.type(SeleniumBase.java:342)
	at com.medmantra.pages.EmergencyWorkListPage.enterEPNumber(EmergencyWorkListPage.java:16)
	at com.medmantra.testcases.Emergency.TC_070_Emergency_WorkList_Doctor_Activities_Raise_Emergency_Request.runRaiseEmergencyRequestLab(TC_070_Emergency_WorkList_Doctor_Activities_Raise_Emergency_Request.java:25)
	at java.base/jdk.internal.reflect.NativeMethodAccessorImpl.invoke0(Native Method)
	at java.base/jdk.internal.reflect.NativeMethodAccessorImpl.invoke(NativeMethodAccessorImpl.java:77)
	at java.base/jdk.internal.reflect.DelegatingMethodAccessorImpl.invoke(DelegatingMethodAccessorImpl.java:43)
	at java.base/java.lang.reflect.Method.invoke(Method.java:568)
	at org.testng.internal.MethodInvocationHelper.invokeMethod(MethodInvocationHelper.java:133)
	at org.testng.internal.TestInvoker.invokeMethod(TestInvoker.java:598)
	at org.testng.internal.TestInvoker.invokeTestMethod(TestInvoker.java:173)
	at org.testng.internal.MethodRunner.runInSequence(MethodRunner.java:46)
	at org.testng.internal.TestInvoker$MethodInvocationAgent.invoke(TestInvoker.java:824)
	at org.testng.internal.TestInvoker.invokeTestMethods(TestInvoker.java:146)
	at org.testng.internal.TestMethodWorker.invokeTestMethods(TestMethodWorker.java:146)
	at org.testng.internal.TestMethodWorker.run(TestMethodWorker.java:128)
	at java.base/java.util.ArrayList.forEach(ArrayList.java:1511)
	at org.testng.TestRunner.privateRun(TestRunner.java:794)
	at org.testng.TestRunner.run(TestRunner.java:596)
	at org.testng.SuiteRunner.runTest(SuiteRunner.java:377)
	at org.testng.SuiteRunner.runSequentially(SuiteRunner.java:371)
	at org.testng.SuiteRunner.privateRun(SuiteRunner.java:332)
	at org.testng.SuiteRunner.run(SuiteRunner.java:276)
	at org.testng.SuiteRunnerWorker.runSuite(SuiteRunnerWorker.java:53)
	at org.testng.SuiteRunnerWorker.run(SuiteRunnerWorker.java:96)
	at org.testng.TestNG.runSuitesSequentially(TestNG.java:1212)
	at org.testng.TestNG.runSuitesLocally(TestNG.java:1134)
	at org.testng.TestNG.runSuites(TestNG.java:1063)
	at org.testng.TestNG.run(TestNG.java:1031)
	at org.testng.remote.AbstractRemoteTestNG.run(AbstractRemoteTestNG.java:115)
	at org.testng.remote.RemoteTestNG.initAndRun(RemoteTestNG.java:251)
	at org.testng.remote.RemoteTestNG.main(RemoteTestNG.java:77)
</pre></div></td>
<td>12</td>
<td>com.medmantra.testcases.Emergency.TC_070_Emergency_WorkList_Doctor_Activities_Raise_Emergency_Request@7bbc8656</td></tr>
<tr>
<td title='com.medmantra.testcases.Emergency.TC_085_Emergency_WorkList_Doctor_Activities_Diet_Inactive_Allergy.runInactiveAllergy()'><b>runInactiveAllergy</b><br>Test class: com.medmantra.testcases.Emergency.TC_085_Emergency_WorkList_Doctor_Activities_Diet_Inactive_Allergy<br>Parameters: By EP Number, Inactive Reason, Updated successfully</td>
<td><div><pre>java.lang.IllegalArgumentException: Keys to send should be a not null CharSequence
	at org.openqa.selenium.remote.RemoteWebElement.sendKeys(RemoteWebElement.java:92)
	at com.framework.selenium.api.base.SeleniumBase.type(SeleniumBase.java:342)
	at com.medmantra.pages.EmergencyWorkListPage.enterEPNumber(EmergencyWorkListPage.java:16)
	at com.medmantra.testcases.Emergency.TC_085_Emergency_WorkList_Doctor_Activities_Diet_Inactive_Allergy.runInactiveAllergy(TC_085_Emergency_WorkList_Doctor_Activities_Diet_Inactive_Allergy.java:24)
	at java.base/java.util.ArrayList.forEach(ArrayList.java:1511)
... Removed 27 stack frames</pre></div><a href='#' onClick='toggleBox("stack-trace1600154294", this, "Click to show all stack frames", "Click to hide stack frames")'>Click to show all stack frames</a>
<div class='stack-trace' id='stack-trace1600154294'><pre>java.lang.IllegalArgumentException: Keys to send should be a not null CharSequence
	at org.openqa.selenium.remote.RemoteWebElement.sendKeys(RemoteWebElement.java:92)
	at com.framework.selenium.api.base.SeleniumBase.type(SeleniumBase.java:342)
	at com.medmantra.pages.EmergencyWorkListPage.enterEPNumber(EmergencyWorkListPage.java:16)
	at com.medmantra.testcases.Emergency.TC_085_Emergency_WorkList_Doctor_Activities_Diet_Inactive_Allergy.runInactiveAllergy(TC_085_Emergency_WorkList_Doctor_Activities_Diet_Inactive_Allergy.java:24)
	at java.base/jdk.internal.reflect.NativeMethodAccessorImpl.invoke0(Native Method)
	at java.base/jdk.internal.reflect.NativeMethodAccessorImpl.invoke(NativeMethodAccessorImpl.java:77)
	at java.base/jdk.internal.reflect.DelegatingMethodAccessorImpl.invoke(DelegatingMethodAccessorImpl.java:43)
	at java.base/java.lang.reflect.Method.invoke(Method.java:568)
	at org.testng.internal.MethodInvocationHelper.invokeMethod(MethodInvocationHelper.java:133)
	at org.testng.internal.TestInvoker.invokeMethod(TestInvoker.java:598)
	at org.testng.internal.TestInvoker.invokeTestMethod(TestInvoker.java:173)
	at org.testng.internal.MethodRunner.runInSequence(MethodRunner.java:46)
	at org.testng.internal.TestInvoker$MethodInvocationAgent.invoke(TestInvoker.java:824)
	at org.testng.internal.TestInvoker.invokeTestMethods(TestInvoker.java:146)
	at org.testng.internal.TestMethodWorker.invokeTestMethods(TestMethodWorker.java:146)
	at org.testng.internal.TestMethodWorker.run(TestMethodWorker.java:128)
	at java.base/java.util.ArrayList.forEach(ArrayList.java:1511)
	at org.testng.TestRunner.privateRun(TestRunner.java:794)
	at org.testng.TestRunner.run(TestRunner.java:596)
	at org.testng.SuiteRunner.runTest(SuiteRunner.java:377)
	at org.testng.SuiteRunner.runSequentially(SuiteRunner.java:371)
	at org.testng.SuiteRunner.privateRun(SuiteRunner.java:332)
	at org.testng.SuiteRunner.run(SuiteRunner.java:276)
	at org.testng.SuiteRunnerWorker.runSuite(SuiteRunnerWorker.java:53)
	at org.testng.SuiteRunnerWorker.run(SuiteRunnerWorker.java:96)
	at org.testng.TestNG.runSuitesSequentially(TestNG.java:1212)
	at org.testng.TestNG.runSuitesLocally(TestNG.java:1134)
	at org.testng.TestNG.runSuites(TestNG.java:1063)
	at org.testng.TestNG.run(TestNG.java:1031)
	at org.testng.remote.AbstractRemoteTestNG.run(AbstractRemoteTestNG.java:115)
	at org.testng.remote.RemoteTestNG.initAndRun(RemoteTestNG.java:251)
	at org.testng.remote.RemoteTestNG.main(RemoteTestNG.java:77)
</pre></div></td>
<td>12</td>
<td>com.medmantra.testcases.Emergency.TC_085_Emergency_WorkList_Doctor_Activities_Diet_Inactive_Allergy@6cd24612</td></tr>
<tr>
<td title='com.medmantra.testcases.Emergency.TC_083_Emergency_WorkList_Doctor_Activities_Diet_Add_Allergy.runAddAllergy()'><b>runAddAllergy</b><br>Test class: com.medmantra.testcases.Emergency.TC_083_Emergency_WorkList_Doctor_Activities_Diet_Add_Allergy<br>Parameters: By EP Number, Mild, Allergen</td>
<td><div><pre>java.lang.IllegalArgumentException: Keys to send should be a not null CharSequence
	at org.openqa.selenium.remote.RemoteWebElement.sendKeys(RemoteWebElement.java:92)
	at com.framework.selenium.api.base.SeleniumBase.type(SeleniumBase.java:342)
	at com.medmantra.pages.EmergencyWorkListPage.enterEPNumber(EmergencyWorkListPage.java:16)
	at com.medmantra.testcases.Emergency.TC_083_Emergency_WorkList_Doctor_Activities_Diet_Add_Allergy.runAddAllergy(TC_083_Emergency_WorkList_Doctor_Activities_Diet_Add_Allergy.java:28)
	at java.base/java.util.ArrayList.forEach(ArrayList.java:1511)
... Removed 27 stack frames</pre></div><a href='#' onClick='toggleBox("stack-trace1745174877", this, "Click to show all stack frames", "Click to hide stack frames")'>Click to show all stack frames</a>
<div class='stack-trace' id='stack-trace1745174877'><pre>java.lang.IllegalArgumentException: Keys to send should be a not null CharSequence
	at org.openqa.selenium.remote.RemoteWebElement.sendKeys(RemoteWebElement.java:92)
	at com.framework.selenium.api.base.SeleniumBase.type(SeleniumBase.java:342)
	at com.medmantra.pages.EmergencyWorkListPage.enterEPNumber(EmergencyWorkListPage.java:16)
	at com.medmantra.testcases.Emergency.TC_083_Emergency_WorkList_Doctor_Activities_Diet_Add_Allergy.runAddAllergy(TC_083_Emergency_WorkList_Doctor_Activities_Diet_Add_Allergy.java:28)
	at java.base/jdk.internal.reflect.NativeMethodAccessorImpl.invoke0(Native Method)
	at java.base/jdk.internal.reflect.NativeMethodAccessorImpl.invoke(NativeMethodAccessorImpl.java:77)
	at java.base/jdk.internal.reflect.DelegatingMethodAccessorImpl.invoke(DelegatingMethodAccessorImpl.java:43)
	at java.base/java.lang.reflect.Method.invoke(Method.java:568)
	at org.testng.internal.MethodInvocationHelper.invokeMethod(MethodInvocationHelper.java:133)
	at org.testng.internal.TestInvoker.invokeMethod(TestInvoker.java:598)
	at org.testng.internal.TestInvoker.invokeTestMethod(TestInvoker.java:173)
	at org.testng.internal.MethodRunner.runInSequence(MethodRunner.java:46)
	at org.testng.internal.TestInvoker$MethodInvocationAgent.invoke(TestInvoker.java:824)
	at org.testng.internal.TestInvoker.invokeTestMethods(TestInvoker.java:146)
	at org.testng.internal.TestMethodWorker.invokeTestMethods(TestMethodWorker.java:146)
	at org.testng.internal.TestMethodWorker.run(TestMethodWorker.java:128)
	at java.base/java.util.ArrayList.forEach(ArrayList.java:1511)
	at org.testng.TestRunner.privateRun(TestRunner.java:794)
	at org.testng.TestRunner.run(TestRunner.java:596)
	at org.testng.SuiteRunner.runTest(SuiteRunner.java:377)
	at org.testng.SuiteRunner.runSequentially(SuiteRunner.java:371)
	at org.testng.SuiteRunner.privateRun(SuiteRunner.java:332)
	at org.testng.SuiteRunner.run(SuiteRunner.java:276)
	at org.testng.SuiteRunnerWorker.runSuite(SuiteRunnerWorker.java:53)
	at org.testng.SuiteRunnerWorker.run(SuiteRunnerWorker.java:96)
	at org.testng.TestNG.runSuitesSequentially(TestNG.java:1212)
	at org.testng.TestNG.runSuitesLocally(TestNG.java:1134)
	at org.testng.TestNG.runSuites(TestNG.java:1063)
	at org.testng.TestNG.run(TestNG.java:1031)
	at org.testng.remote.AbstractRemoteTestNG.run(AbstractRemoteTestNG.java:115)
	at org.testng.remote.RemoteTestNG.initAndRun(RemoteTestNG.java:251)
	at org.testng.remote.RemoteTestNG.main(RemoteTestNG.java:77)
</pre></div></td>
<td>12</td>
<td>com.medmantra.testcases.Emergency.TC_083_Emergency_WorkList_Doctor_Activities_Diet_Add_Allergy@14dd7b39</td></tr>
<tr>
<td title='com.medmantra.testcases.Emergency.TC_132_Emergency_WorkList_Doctor_Activities_Prescription_Delete_Alias.runDeleteAlias()'><b>runDeleteAlias</b><br>Test class: com.medmantra.testcases.Emergency.TC_132_Emergency_WorkList_Doctor_Activities_Prescription_Delete_Alias<br>Parameters: By EP Number, Alias deleted Successfully</td>
<td><div><pre>java.lang.IllegalArgumentException: Keys to send should be a not null CharSequence
	at org.openqa.selenium.remote.RemoteWebElement.sendKeys(RemoteWebElement.java:92)
	at com.framework.selenium.api.base.SeleniumBase.type(SeleniumBase.java:342)
	at com.medmantra.pages.EmergencyWorkListPage.enterEPNumber(EmergencyWorkListPage.java:16)
	at com.medmantra.testcases.Emergency.TC_132_Emergency_WorkList_Doctor_Activities_Prescription_Delete_Alias.runDeleteAlias(TC_132_Emergency_WorkList_Doctor_Activities_Prescription_Delete_Alias.java:24)
	at java.base/java.util.ArrayList.forEach(ArrayList.java:1511)
... Removed 27 stack frames</pre></div><a href='#' onClick='toggleBox("stack-trace1839455427", this, "Click to show all stack frames", "Click to hide stack frames")'>Click to show all stack frames</a>
<div class='stack-trace' id='stack-trace1839455427'><pre>java.lang.IllegalArgumentException: Keys to send should be a not null CharSequence
	at org.openqa.selenium.remote.RemoteWebElement.sendKeys(RemoteWebElement.java:92)
	at com.framework.selenium.api.base.SeleniumBase.type(SeleniumBase.java:342)
	at com.medmantra.pages.EmergencyWorkListPage.enterEPNumber(EmergencyWorkListPage.java:16)
	at com.medmantra.testcases.Emergency.TC_132_Emergency_WorkList_Doctor_Activities_Prescription_Delete_Alias.runDeleteAlias(TC_132_Emergency_WorkList_Doctor_Activities_Prescription_Delete_Alias.java:24)
	at java.base/jdk.internal.reflect.NativeMethodAccessorImpl.invoke0(Native Method)
	at java.base/jdk.internal.reflect.NativeMethodAccessorImpl.invoke(NativeMethodAccessorImpl.java:77)
	at java.base/jdk.internal.reflect.DelegatingMethodAccessorImpl.invoke(DelegatingMethodAccessorImpl.java:43)
	at java.base/java.lang.reflect.Method.invoke(Method.java:568)
	at org.testng.internal.MethodInvocationHelper.invokeMethod(MethodInvocationHelper.java:133)
	at org.testng.internal.TestInvoker.invokeMethod(TestInvoker.java:598)
	at org.testng.internal.TestInvoker.invokeTestMethod(TestInvoker.java:173)
	at org.testng.internal.MethodRunner.runInSequence(MethodRunner.java:46)
	at org.testng.internal.TestInvoker$MethodInvocationAgent.invoke(TestInvoker.java:824)
	at org.testng.internal.TestInvoker.invokeTestMethods(TestInvoker.java:146)
	at org.testng.internal.TestMethodWorker.invokeTestMethods(TestMethodWorker.java:146)
	at org.testng.internal.TestMethodWorker.run(TestMethodWorker.java:128)
	at java.base/java.util.ArrayList.forEach(ArrayList.java:1511)
	at org.testng.TestRunner.privateRun(TestRunner.java:794)
	at org.testng.TestRunner.run(TestRunner.java:596)
	at org.testng.SuiteRunner.runTest(SuiteRunner.java:377)
	at org.testng.SuiteRunner.runSequentially(SuiteRunner.java:371)
	at org.testng.SuiteRunner.privateRun(SuiteRunner.java:332)
	at org.testng.SuiteRunner.run(SuiteRunner.java:276)
	at org.testng.SuiteRunnerWorker.runSuite(SuiteRunnerWorker.java:53)
	at org.testng.SuiteRunnerWorker.run(SuiteRunnerWorker.java:96)
	at org.testng.TestNG.runSuitesSequentially(TestNG.java:1212)
	at org.testng.TestNG.runSuitesLocally(TestNG.java:1134)
	at org.testng.TestNG.runSuites(TestNG.java:1063)
	at org.testng.TestNG.run(TestNG.java:1031)
	at org.testng.remote.AbstractRemoteTestNG.run(AbstractRemoteTestNG.java:115)
	at org.testng.remote.RemoteTestNG.initAndRun(RemoteTestNG.java:251)
	at org.testng.remote.RemoteTestNG.main(RemoteTestNG.java:77)
</pre></div></td>
<td>12</td>
<td>com.medmantra.testcases.Emergency.TC_132_Emergency_WorkList_Doctor_Activities_Prescription_Delete_Alias@1f9f6368</td></tr>
<tr>
<td title='com.medmantra.testcases.Emergency.TC_211_Emergency_WorkList_Raised_Services.runViewRaisedServices()'><b>runViewRaisedServices</b><br>Test class: com.medmantra.testcases.Emergency.TC_211_Emergency_WorkList_Raised_Services<br>Parameters: By EP Number, Patient Requests</td>
<td><div><pre>java.lang.IllegalArgumentException: Keys to send should be a not null CharSequence
	at org.openqa.selenium.remote.RemoteWebElement.sendKeys(RemoteWebElement.java:92)
	at com.framework.selenium.api.base.SeleniumBase.type(SeleniumBase.java:342)
	at com.medmantra.pages.EmergencyWorkListPage.enterEPNumber(EmergencyWorkListPage.java:16)
	at com.medmantra.testcases.Emergency.TC_211_Emergency_WorkList_Raised_Services.runViewRaisedServices(TC_211_Emergency_WorkList_Raised_Services.java:24)
	at java.base/java.util.ArrayList.forEach(ArrayList.java:1511)
... Removed 27 stack frames</pre></div><a href='#' onClick='toggleBox("stack-trace629977452", this, "Click to show all stack frames", "Click to hide stack frames")'>Click to show all stack frames</a>
<div class='stack-trace' id='stack-trace629977452'><pre>java.lang.IllegalArgumentException: Keys to send should be a not null CharSequence
	at org.openqa.selenium.remote.RemoteWebElement.sendKeys(RemoteWebElement.java:92)
	at com.framework.selenium.api.base.SeleniumBase.type(SeleniumBase.java:342)
	at com.medmantra.pages.EmergencyWorkListPage.enterEPNumber(EmergencyWorkListPage.java:16)
	at com.medmantra.testcases.Emergency.TC_211_Emergency_WorkList_Raised_Services.runViewRaisedServices(TC_211_Emergency_WorkList_Raised_Services.java:24)
	at java.base/jdk.internal.reflect.NativeMethodAccessorImpl.invoke0(Native Method)
	at java.base/jdk.internal.reflect.NativeMethodAccessorImpl.invoke(NativeMethodAccessorImpl.java:77)
	at java.base/jdk.internal.reflect.DelegatingMethodAccessorImpl.invoke(DelegatingMethodAccessorImpl.java:43)
	at java.base/java.lang.reflect.Method.invoke(Method.java:568)
	at org.testng.internal.MethodInvocationHelper.invokeMethod(MethodInvocationHelper.java:133)
	at org.testng.internal.TestInvoker.invokeMethod(TestInvoker.java:598)
	at org.testng.internal.TestInvoker.invokeTestMethod(TestInvoker.java:173)
	at org.testng.internal.MethodRunner.runInSequence(MethodRunner.java:46)
	at org.testng.internal.TestInvoker$MethodInvocationAgent.invoke(TestInvoker.java:824)
	at org.testng.internal.TestInvoker.invokeTestMethods(TestInvoker.java:146)
	at org.testng.internal.TestMethodWorker.invokeTestMethods(TestMethodWorker.java:146)
	at org.testng.internal.TestMethodWorker.run(TestMethodWorker.java:128)
	at java.base/java.util.ArrayList.forEach(ArrayList.java:1511)
	at org.testng.TestRunner.privateRun(TestRunner.java:794)
	at org.testng.TestRunner.run(TestRunner.java:596)
	at org.testng.SuiteRunner.runTest(SuiteRunner.java:377)
	at org.testng.SuiteRunner.runSequentially(SuiteRunner.java:371)
	at org.testng.SuiteRunner.privateRun(SuiteRunner.java:332)
	at org.testng.SuiteRunner.run(SuiteRunner.java:276)
	at org.testng.SuiteRunnerWorker.runSuite(SuiteRunnerWorker.java:53)
	at org.testng.SuiteRunnerWorker.run(SuiteRunnerWorker.java:96)
	at org.testng.TestNG.runSuitesSequentially(TestNG.java:1212)
	at org.testng.TestNG.runSuitesLocally(TestNG.java:1134)
	at org.testng.TestNG.runSuites(TestNG.java:1063)
	at org.testng.TestNG.run(TestNG.java:1031)
	at org.testng.remote.AbstractRemoteTestNG.run(AbstractRemoteTestNG.java:115)
	at org.testng.remote.RemoteTestNG.initAndRun(RemoteTestNG.java:251)
	at org.testng.remote.RemoteTestNG.main(RemoteTestNG.java:77)
</pre></div></td>
<td>13</td>
<td>com.medmantra.testcases.Emergency.TC_211_Emergency_WorkList_Raised_Services@1224144a</td></tr>
<tr>
<td title='com.medmantra.testcases.Emergency.TC_112_Emergency_WorkList_Doctor_Activities_Raise_Rehabilitation_Request.runRaiseRehabilitationRequest()'><b>runRaiseRehabilitationRequest</b><br>Test class: com.medmantra.testcases.Emergency.TC_112_Emergency_WorkList_Doctor_Activities_Raise_Rehabilitation_Request<br>Parameters: By EP Number, raised successfully</td>
<td><div><pre>java.lang.IllegalArgumentException: Keys to send should be a not null CharSequence
	at org.openqa.selenium.remote.RemoteWebElement.sendKeys(RemoteWebElement.java:92)
	at com.framework.selenium.api.base.SeleniumBase.type(SeleniumBase.java:342)
	at com.medmantra.pages.EmergencyWorkListPage.enterEPNumber(EmergencyWorkListPage.java:16)
	at com.medmantra.testcases.Emergency.TC_112_Emergency_WorkList_Doctor_Activities_Raise_Rehabilitation_Request.runRaiseRehabilitationRequest(TC_112_Emergency_WorkList_Doctor_Activities_Raise_Rehabilitation_Request.java:24)
	at java.base/java.util.ArrayList.forEach(ArrayList.java:1511)
... Removed 27 stack frames</pre></div><a href='#' onClick='toggleBox("stack-trace1577369573", this, "Click to show all stack frames", "Click to hide stack frames")'>Click to show all stack frames</a>
<div class='stack-trace' id='stack-trace1577369573'><pre>java.lang.IllegalArgumentException: Keys to send should be a not null CharSequence
	at org.openqa.selenium.remote.RemoteWebElement.sendKeys(RemoteWebElement.java:92)
	at com.framework.selenium.api.base.SeleniumBase.type(SeleniumBase.java:342)
	at com.medmantra.pages.EmergencyWorkListPage.enterEPNumber(EmergencyWorkListPage.java:16)
	at com.medmantra.testcases.Emergency.TC_112_Emergency_WorkList_Doctor_Activities_Raise_Rehabilitation_Request.runRaiseRehabilitationRequest(TC_112_Emergency_WorkList_Doctor_Activities_Raise_Rehabilitation_Request.java:24)
	at java.base/jdk.internal.reflect.NativeMethodAccessorImpl.invoke0(Native Method)
	at java.base/jdk.internal.reflect.NativeMethodAccessorImpl.invoke(NativeMethodAccessorImpl.java:77)
	at java.base/jdk.internal.reflect.DelegatingMethodAccessorImpl.invoke(DelegatingMethodAccessorImpl.java:43)
	at java.base/java.lang.reflect.Method.invoke(Method.java:568)
	at org.testng.internal.MethodInvocationHelper.invokeMethod(MethodInvocationHelper.java:133)
	at org.testng.internal.TestInvoker.invokeMethod(TestInvoker.java:598)
	at org.testng.internal.TestInvoker.invokeTestMethod(TestInvoker.java:173)
	at org.testng.internal.MethodRunner.runInSequence(MethodRunner.java:46)
	at org.testng.internal.TestInvoker$MethodInvocationAgent.invoke(TestInvoker.java:824)
	at org.testng.internal.TestInvoker.invokeTestMethods(TestInvoker.java:146)
	at org.testng.internal.TestMethodWorker.invokeTestMethods(TestMethodWorker.java:146)
	at org.testng.internal.TestMethodWorker.run(TestMethodWorker.java:128)
	at java.base/java.util.ArrayList.forEach(ArrayList.java:1511)
	at org.testng.TestRunner.privateRun(TestRunner.java:794)
	at org.testng.TestRunner.run(TestRunner.java:596)
	at org.testng.SuiteRunner.runTest(SuiteRunner.java:377)
	at org.testng.SuiteRunner.runSequentially(SuiteRunner.java:371)
	at org.testng.SuiteRunner.privateRun(SuiteRunner.java:332)
	at org.testng.SuiteRunner.run(SuiteRunner.java:276)
	at org.testng.SuiteRunnerWorker.runSuite(SuiteRunnerWorker.java:53)
	at org.testng.SuiteRunnerWorker.run(SuiteRunnerWorker.java:96)
	at org.testng.TestNG.runSuitesSequentially(TestNG.java:1212)
	at org.testng.TestNG.runSuitesLocally(TestNG.java:1134)
	at org.testng.TestNG.runSuites(TestNG.java:1063)
	at org.testng.TestNG.run(TestNG.java:1031)
	at org.testng.remote.AbstractRemoteTestNG.run(AbstractRemoteTestNG.java:115)
	at org.testng.remote.RemoteTestNG.initAndRun(RemoteTestNG.java:251)
	at org.testng.remote.RemoteTestNG.main(RemoteTestNG.java:77)
</pre></div></td>
<td>12</td>
<td>com.medmantra.testcases.Emergency.TC_112_Emergency_WorkList_Doctor_Activities_Raise_Rehabilitation_Request@508dec2b</td></tr>
<tr>
<td title='com.medmantra.testcases.Emergency.TC_138_Emergency_WorkList_Doctor_Activities_PP_Diagnosis_Save.runSavePpDiagnosis()'><b>runSavePpDiagnosis</b><br>Test class: com.medmantra.testcases.Emergency.TC_138_Emergency_WorkList_Doctor_Activities_PP_Diagnosis_Save<br>Parameters: By EP Number, fever, Disease code</td>
<td><div><pre>java.lang.IllegalArgumentException: Keys to send should be a not null CharSequence
	at org.openqa.selenium.remote.RemoteWebElement.sendKeys(RemoteWebElement.java:92)
	at com.framework.selenium.api.base.SeleniumBase.type(SeleniumBase.java:342)
	at com.medmantra.pages.EmergencyWorkListPage.enterEPNumber(EmergencyWorkListPage.java:16)
	at com.medmantra.testcases.Emergency.TC_138_Emergency_WorkList_Doctor_Activities_PP_Diagnosis_Save.runSavePpDiagnosis(TC_138_Emergency_WorkList_Doctor_Activities_PP_Diagnosis_Save.java:24)
	at java.base/java.util.ArrayList.forEach(ArrayList.java:1511)
... Removed 27 stack frames</pre></div><a href='#' onClick='toggleBox("stack-trace1005501967", this, "Click to show all stack frames", "Click to hide stack frames")'>Click to show all stack frames</a>
<div class='stack-trace' id='stack-trace1005501967'><pre>java.lang.IllegalArgumentException: Keys to send should be a not null CharSequence
	at org.openqa.selenium.remote.RemoteWebElement.sendKeys(RemoteWebElement.java:92)
	at com.framework.selenium.api.base.SeleniumBase.type(SeleniumBase.java:342)
	at com.medmantra.pages.EmergencyWorkListPage.enterEPNumber(EmergencyWorkListPage.java:16)
	at com.medmantra.testcases.Emergency.TC_138_Emergency_WorkList_Doctor_Activities_PP_Diagnosis_Save.runSavePpDiagnosis(TC_138_Emergency_WorkList_Doctor_Activities_PP_Diagnosis_Save.java:24)
	at java.base/jdk.internal.reflect.NativeMethodAccessorImpl.invoke0(Native Method)
	at java.base/jdk.internal.reflect.NativeMethodAccessorImpl.invoke(NativeMethodAccessorImpl.java:77)
	at java.base/jdk.internal.reflect.DelegatingMethodAccessorImpl.invoke(DelegatingMethodAccessorImpl.java:43)
	at java.base/java.lang.reflect.Method.invoke(Method.java:568)
	at org.testng.internal.MethodInvocationHelper.invokeMethod(MethodInvocationHelper.java:133)
	at org.testng.internal.TestInvoker.invokeMethod(TestInvoker.java:598)
	at org.testng.internal.TestInvoker.invokeTestMethod(TestInvoker.java:173)
	at org.testng.internal.MethodRunner.runInSequence(MethodRunner.java:46)
	at org.testng.internal.TestInvoker$MethodInvocationAgent.invoke(TestInvoker.java:824)
	at org.testng.internal.TestInvoker.invokeTestMethods(TestInvoker.java:146)
	at org.testng.internal.TestMethodWorker.invokeTestMethods(TestMethodWorker.java:146)
	at org.testng.internal.TestMethodWorker.run(TestMethodWorker.java:128)
	at java.base/java.util.ArrayList.forEach(ArrayList.java:1511)
	at org.testng.TestRunner.privateRun(TestRunner.java:794)
	at org.testng.TestRunner.run(TestRunner.java:596)
	at org.testng.SuiteRunner.runTest(SuiteRunner.java:377)
	at org.testng.SuiteRunner.runSequentially(SuiteRunner.java:371)
	at org.testng.SuiteRunner.privateRun(SuiteRunner.java:332)
	at org.testng.SuiteRunner.run(SuiteRunner.java:276)
	at org.testng.SuiteRunnerWorker.runSuite(SuiteRunnerWorker.java:53)
	at org.testng.SuiteRunnerWorker.run(SuiteRunnerWorker.java:96)
	at org.testng.TestNG.runSuitesSequentially(TestNG.java:1212)
	at org.testng.TestNG.runSuitesLocally(TestNG.java:1134)
	at org.testng.TestNG.runSuites(TestNG.java:1063)
	at org.testng.TestNG.run(TestNG.java:1031)
	at org.testng.remote.AbstractRemoteTestNG.run(AbstractRemoteTestNG.java:115)
	at org.testng.remote.RemoteTestNG.initAndRun(RemoteTestNG.java:251)
	at org.testng.remote.RemoteTestNG.main(RemoteTestNG.java:77)
</pre></div></td>
<td>12</td>
<td>com.medmantra.testcases.Emergency.TC_138_Emergency_WorkList_Doctor_Activities_PP_Diagnosis_Save@1c9b0314</td></tr>
<tr>
<td title='com.medmantra.testcases.Emergency.TC_118_Emergency_WorkList_Doctor_Activities_Profile_Inclusions_View.runViewProfileInclusion()'><b>runViewProfileInclusion</b><br>Test class: com.medmantra.testcases.Emergency.TC_118_Emergency_WorkList_Doctor_Activities_Profile_Inclusions_View<br>Parameters: By EP Number, CARDIAC PROFILE, Package Inclusions</td>
<td><div><pre>java.lang.IllegalArgumentException: Keys to send should be a not null CharSequence
	at org.openqa.selenium.remote.RemoteWebElement.sendKeys(RemoteWebElement.java:92)
	at com.framework.selenium.api.base.SeleniumBase.type(SeleniumBase.java:342)
	at com.medmantra.pages.EmergencyWorkListPage.enterEPNumber(EmergencyWorkListPage.java:16)
	at com.medmantra.testcases.Emergency.TC_118_Emergency_WorkList_Doctor_Activities_Profile_Inclusions_View.runViewProfileInclusion(TC_118_Emergency_WorkList_Doctor_Activities_Profile_Inclusions_View.java:24)
	at java.base/java.util.ArrayList.forEach(ArrayList.java:1511)
... Removed 27 stack frames</pre></div><a href='#' onClick='toggleBox("stack-trace138106332", this, "Click to show all stack frames", "Click to hide stack frames")'>Click to show all stack frames</a>
<div class='stack-trace' id='stack-trace138106332'><pre>java.lang.IllegalArgumentException: Keys to send should be a not null CharSequence
	at org.openqa.selenium.remote.RemoteWebElement.sendKeys(RemoteWebElement.java:92)
	at com.framework.selenium.api.base.SeleniumBase.type(SeleniumBase.java:342)
	at com.medmantra.pages.EmergencyWorkListPage.enterEPNumber(EmergencyWorkListPage.java:16)
	at com.medmantra.testcases.Emergency.TC_118_Emergency_WorkList_Doctor_Activities_Profile_Inclusions_View.runViewProfileInclusion(TC_118_Emergency_WorkList_Doctor_Activities_Profile_Inclusions_View.java:24)
	at java.base/jdk.internal.reflect.NativeMethodAccessorImpl.invoke0(Native Method)
	at java.base/jdk.internal.reflect.NativeMethodAccessorImpl.invoke(NativeMethodAccessorImpl.java:77)
	at java.base/jdk.internal.reflect.DelegatingMethodAccessorImpl.invoke(DelegatingMethodAccessorImpl.java:43)
	at java.base/java.lang.reflect.Method.invoke(Method.java:568)
	at org.testng.internal.MethodInvocationHelper.invokeMethod(MethodInvocationHelper.java:133)
	at org.testng.internal.TestInvoker.invokeMethod(TestInvoker.java:598)
	at org.testng.internal.TestInvoker.invokeTestMethod(TestInvoker.java:173)
	at org.testng.internal.MethodRunner.runInSequence(MethodRunner.java:46)
	at org.testng.internal.TestInvoker$MethodInvocationAgent.invoke(TestInvoker.java:824)
	at org.testng.internal.TestInvoker.invokeTestMethods(TestInvoker.java:146)
	at org.testng.internal.TestMethodWorker.invokeTestMethods(TestMethodWorker.java:146)
	at org.testng.internal.TestMethodWorker.run(TestMethodWorker.java:128)
	at java.base/java.util.ArrayList.forEach(ArrayList.java:1511)
	at org.testng.TestRunner.privateRun(TestRunner.java:794)
	at org.testng.TestRunner.run(TestRunner.java:596)
	at org.testng.SuiteRunner.runTest(SuiteRunner.java:377)
	at org.testng.SuiteRunner.runSequentially(SuiteRunner.java:371)
	at org.testng.SuiteRunner.privateRun(SuiteRunner.java:332)
	at org.testng.SuiteRunner.run(SuiteRunner.java:276)
	at org.testng.SuiteRunnerWorker.runSuite(SuiteRunnerWorker.java:53)
	at org.testng.SuiteRunnerWorker.run(SuiteRunnerWorker.java:96)
	at org.testng.TestNG.runSuitesSequentially(TestNG.java:1212)
	at org.testng.TestNG.runSuitesLocally(TestNG.java:1134)
	at org.testng.TestNG.runSuites(TestNG.java:1063)
	at org.testng.TestNG.run(TestNG.java:1031)
	at org.testng.remote.AbstractRemoteTestNG.run(AbstractRemoteTestNG.java:115)
	at org.testng.remote.RemoteTestNG.initAndRun(RemoteTestNG.java:251)
	at org.testng.remote.RemoteTestNG.main(RemoteTestNG.java:77)
</pre></div></td>
<td>12</td>
<td>com.medmantra.testcases.Emergency.TC_118_Emergency_WorkList_Doctor_Activities_Profile_Inclusions_View@23941fb4</td></tr>
<tr>
<td title='com.medmantra.testcases.Emergency.TC_102_Emergency_WorkList_Doctor_Activities_Pharmacy_Delete_Alias.runDeleteAlias()'><b>runDeleteAlias</b><br>Test class: com.medmantra.testcases.Emergency.TC_102_Emergency_WorkList_Doctor_Activities_Pharmacy_Delete_Alias<br>Parameters: By EP Number, Alias deleted Successfully</td>
<td><div><pre>java.lang.IllegalArgumentException: Keys to send should be a not null CharSequence
	at org.openqa.selenium.remote.RemoteWebElement.sendKeys(RemoteWebElement.java:92)
	at com.framework.selenium.api.base.SeleniumBase.type(SeleniumBase.java:342)
	at com.medmantra.pages.EmergencyWorkListPage.enterEPNumber(EmergencyWorkListPage.java:16)
	at com.medmantra.testcases.Emergency.TC_102_Emergency_WorkList_Doctor_Activities_Pharmacy_Delete_Alias.runDeleteAlias(TC_102_Emergency_WorkList_Doctor_Activities_Pharmacy_Delete_Alias.java:24)
	at java.base/java.util.ArrayList.forEach(ArrayList.java:1511)
... Removed 27 stack frames</pre></div><a href='#' onClick='toggleBox("stack-trace201451", this, "Click to show all stack frames", "Click to hide stack frames")'>Click to show all stack frames</a>
<div class='stack-trace' id='stack-trace201451'><pre>java.lang.IllegalArgumentException: Keys to send should be a not null CharSequence
	at org.openqa.selenium.remote.RemoteWebElement.sendKeys(RemoteWebElement.java:92)
	at com.framework.selenium.api.base.SeleniumBase.type(SeleniumBase.java:342)
	at com.medmantra.pages.EmergencyWorkListPage.enterEPNumber(EmergencyWorkListPage.java:16)
	at com.medmantra.testcases.Emergency.TC_102_Emergency_WorkList_Doctor_Activities_Pharmacy_Delete_Alias.runDeleteAlias(TC_102_Emergency_WorkList_Doctor_Activities_Pharmacy_Delete_Alias.java:24)
	at java.base/jdk.internal.reflect.NativeMethodAccessorImpl.invoke0(Native Method)
	at java.base/jdk.internal.reflect.NativeMethodAccessorImpl.invoke(NativeMethodAccessorImpl.java:77)
	at java.base/jdk.internal.reflect.DelegatingMethodAccessorImpl.invoke(DelegatingMethodAccessorImpl.java:43)
	at java.base/java.lang.reflect.Method.invoke(Method.java:568)
	at org.testng.internal.MethodInvocationHelper.invokeMethod(MethodInvocationHelper.java:133)
	at org.testng.internal.TestInvoker.invokeMethod(TestInvoker.java:598)
	at org.testng.internal.TestInvoker.invokeTestMethod(TestInvoker.java:173)
	at org.testng.internal.MethodRunner.runInSequence(MethodRunner.java:46)
	at org.testng.internal.TestInvoker$MethodInvocationAgent.invoke(TestInvoker.java:824)
	at org.testng.internal.TestInvoker.invokeTestMethods(TestInvoker.java:146)
	at org.testng.internal.TestMethodWorker.invokeTestMethods(TestMethodWorker.java:146)
	at org.testng.internal.TestMethodWorker.run(TestMethodWorker.java:128)
	at java.base/java.util.ArrayList.forEach(ArrayList.java:1511)
	at org.testng.TestRunner.privateRun(TestRunner.java:794)
	at org.testng.TestRunner.run(TestRunner.java:596)
	at org.testng.SuiteRunner.runTest(SuiteRunner.java:377)
	at org.testng.SuiteRunner.runSequentially(SuiteRunner.java:371)
	at org.testng.SuiteRunner.privateRun(SuiteRunner.java:332)
	at org.testng.SuiteRunner.run(SuiteRunner.java:276)
	at org.testng.SuiteRunnerWorker.runSuite(SuiteRunnerWorker.java:53)
	at org.testng.SuiteRunnerWorker.run(SuiteRunnerWorker.java:96)
	at org.testng.TestNG.runSuitesSequentially(TestNG.java:1212)
	at org.testng.TestNG.runSuitesLocally(TestNG.java:1134)
	at org.testng.TestNG.runSuites(TestNG.java:1063)
	at org.testng.TestNG.run(TestNG.java:1031)
	at org.testng.remote.AbstractRemoteTestNG.run(AbstractRemoteTestNG.java:115)
	at org.testng.remote.RemoteTestNG.initAndRun(RemoteTestNG.java:251)
	at org.testng.remote.RemoteTestNG.main(RemoteTestNG.java:77)
</pre></div></td>
<td>12</td>
<td>com.medmantra.testcases.Emergency.TC_102_Emergency_WorkList_Doctor_Activities_Pharmacy_Delete_Alias@5a7fe64f</td></tr>
<tr>
<td title='com.medmantra.testcases.Emergency.TC_114_Emergency_WorkList_Doctor_Activities_Package_Request_Save.runPackageRequestSave()'><b>runPackageRequestSave</b><br>Test class: com.medmantra.testcases.Emergency.TC_114_Emergency_WorkList_Doctor_Activities_Package_Request_Save<br>Parameters: By EP Number, 3D CRT(Excluding pet ct planning)(PACKAGE), Package raised successfully</td>
<td><div><pre>java.lang.IllegalArgumentException: Keys to send should be a not null CharSequence
	at org.openqa.selenium.remote.RemoteWebElement.sendKeys(RemoteWebElement.java:92)
	at com.framework.selenium.api.base.SeleniumBase.type(SeleniumBase.java:342)
	at com.medmantra.pages.EmergencyWorkListPage.enterEPNumber(EmergencyWorkListPage.java:16)
	at com.medmantra.testcases.Emergency.TC_114_Emergency_WorkList_Doctor_Activities_Package_Request_Save.runPackageRequestSave(TC_114_Emergency_WorkList_Doctor_Activities_Package_Request_Save.java:24)
	at java.base/java.util.ArrayList.forEach(ArrayList.java:1511)
... Removed 27 stack frames</pre></div><a href='#' onClick='toggleBox("stack-trace1495145975", this, "Click to show all stack frames", "Click to hide stack frames")'>Click to show all stack frames</a>
<div class='stack-trace' id='stack-trace1495145975'><pre>java.lang.IllegalArgumentException: Keys to send should be a not null CharSequence
	at org.openqa.selenium.remote.RemoteWebElement.sendKeys(RemoteWebElement.java:92)
	at com.framework.selenium.api.base.SeleniumBase.type(SeleniumBase.java:342)
	at com.medmantra.pages.EmergencyWorkListPage.enterEPNumber(EmergencyWorkListPage.java:16)
	at com.medmantra.testcases.Emergency.TC_114_Emergency_WorkList_Doctor_Activities_Package_Request_Save.runPackageRequestSave(TC_114_Emergency_WorkList_Doctor_Activities_Package_Request_Save.java:24)
	at java.base/jdk.internal.reflect.NativeMethodAccessorImpl.invoke0(Native Method)
	at java.base/jdk.internal.reflect.NativeMethodAccessorImpl.invoke(NativeMethodAccessorImpl.java:77)
	at java.base/jdk.internal.reflect.DelegatingMethodAccessorImpl.invoke(DelegatingMethodAccessorImpl.java:43)
	at java.base/java.lang.reflect.Method.invoke(Method.java:568)
	at org.testng.internal.MethodInvocationHelper.invokeMethod(MethodInvocationHelper.java:133)
	at org.testng.internal.TestInvoker.invokeMethod(TestInvoker.java:598)
	at org.testng.internal.TestInvoker.invokeTestMethod(TestInvoker.java:173)
	at org.testng.internal.MethodRunner.runInSequence(MethodRunner.java:46)
	at org.testng.internal.TestInvoker$MethodInvocationAgent.invoke(TestInvoker.java:824)
	at org.testng.internal.TestInvoker.invokeTestMethods(TestInvoker.java:146)
	at org.testng.internal.TestMethodWorker.invokeTestMethods(TestMethodWorker.java:146)
	at org.testng.internal.TestMethodWorker.run(TestMethodWorker.java:128)
	at java.base/java.util.ArrayList.forEach(ArrayList.java:1511)
	at org.testng.TestRunner.privateRun(TestRunner.java:794)
	at org.testng.TestRunner.run(TestRunner.java:596)
	at org.testng.SuiteRunner.runTest(SuiteRunner.java:377)
	at org.testng.SuiteRunner.runSequentially(SuiteRunner.java:371)
	at org.testng.SuiteRunner.privateRun(SuiteRunner.java:332)
	at org.testng.SuiteRunner.run(SuiteRunner.java:276)
	at org.testng.SuiteRunnerWorker.runSuite(SuiteRunnerWorker.java:53)
	at org.testng.SuiteRunnerWorker.run(SuiteRunnerWorker.java:96)
	at org.testng.TestNG.runSuitesSequentially(TestNG.java:1212)
	at org.testng.TestNG.runSuitesLocally(TestNG.java:1134)
	at org.testng.TestNG.runSuites(TestNG.java:1063)
	at org.testng.TestNG.run(TestNG.java:1031)
	at org.testng.remote.AbstractRemoteTestNG.run(AbstractRemoteTestNG.java:115)
	at org.testng.remote.RemoteTestNG.initAndRun(RemoteTestNG.java:251)
	at org.testng.remote.RemoteTestNG.main(RemoteTestNG.java:77)
</pre></div></td>
<td>12</td>
<td>com.medmantra.testcases.Emergency.TC_114_Emergency_WorkList_Doctor_Activities_Package_Request_Save@37313c65</td></tr>
<tr>
<td title='com.medmantra.testcases.Emergency.TC_107_Emergency_WorkList_Doctor_Activities_Radiology_View_Clinical_Notes.runViewClinicalNotes()'><b>runViewClinicalNotes</b><br>Test class: com.medmantra.testcases.Emergency.TC_107_Emergency_WorkList_Doctor_Activities_Radiology_View_Clinical_Notes<br>Parameters: By EP Number, CT, 100ML CONTRAST - C.T.SCAN, Clinical Notes, A Kaladhar, ForClinicNotes.aspx</td>
<td><div><pre>java.lang.IllegalArgumentException: Keys to send should be a not null CharSequence
	at org.openqa.selenium.remote.RemoteWebElement.sendKeys(RemoteWebElement.java:92)
	at com.framework.selenium.api.base.SeleniumBase.type(SeleniumBase.java:342)
	at com.medmantra.pages.EmergencyWorkListPage.enterEPNumber(EmergencyWorkListPage.java:16)
	at com.medmantra.testcases.Emergency.TC_107_Emergency_WorkList_Doctor_Activities_Radiology_View_Clinical_Notes.runViewClinicalNotes(TC_107_Emergency_WorkList_Doctor_Activities_Radiology_View_Clinical_Notes.java:25)
	at java.base/java.util.ArrayList.forEach(ArrayList.java:1511)
... Removed 27 stack frames</pre></div><a href='#' onClick='toggleBox("stack-trace1712462585", this, "Click to show all stack frames", "Click to hide stack frames")'>Click to show all stack frames</a>
<div class='stack-trace' id='stack-trace1712462585'><pre>java.lang.IllegalArgumentException: Keys to send should be a not null CharSequence
	at org.openqa.selenium.remote.RemoteWebElement.sendKeys(RemoteWebElement.java:92)
	at com.framework.selenium.api.base.SeleniumBase.type(SeleniumBase.java:342)
	at com.medmantra.pages.EmergencyWorkListPage.enterEPNumber(EmergencyWorkListPage.java:16)
	at com.medmantra.testcases.Emergency.TC_107_Emergency_WorkList_Doctor_Activities_Radiology_View_Clinical_Notes.runViewClinicalNotes(TC_107_Emergency_WorkList_Doctor_Activities_Radiology_View_Clinical_Notes.java:25)
	at java.base/jdk.internal.reflect.NativeMethodAccessorImpl.invoke0(Native Method)
	at java.base/jdk.internal.reflect.NativeMethodAccessorImpl.invoke(NativeMethodAccessorImpl.java:77)
	at java.base/jdk.internal.reflect.DelegatingMethodAccessorImpl.invoke(DelegatingMethodAccessorImpl.java:43)
	at java.base/java.lang.reflect.Method.invoke(Method.java:568)
	at org.testng.internal.MethodInvocationHelper.invokeMethod(MethodInvocationHelper.java:133)
	at org.testng.internal.TestInvoker.invokeMethod(TestInvoker.java:598)
	at org.testng.internal.TestInvoker.invokeTestMethod(TestInvoker.java:173)
	at org.testng.internal.MethodRunner.runInSequence(MethodRunner.java:46)
	at org.testng.internal.TestInvoker$MethodInvocationAgent.invoke(TestInvoker.java:824)
	at org.testng.internal.TestInvoker.invokeTestMethods(TestInvoker.java:146)
	at org.testng.internal.TestMethodWorker.invokeTestMethods(TestMethodWorker.java:146)
	at org.testng.internal.TestMethodWorker.run(TestMethodWorker.java:128)
	at java.base/java.util.ArrayList.forEach(ArrayList.java:1511)
	at org.testng.TestRunner.privateRun(TestRunner.java:794)
	at org.testng.TestRunner.run(TestRunner.java:596)
	at org.testng.SuiteRunner.runTest(SuiteRunner.java:377)
	at org.testng.SuiteRunner.runSequentially(SuiteRunner.java:371)
	at org.testng.SuiteRunner.privateRun(SuiteRunner.java:332)
	at org.testng.SuiteRunner.run(SuiteRunner.java:276)
	at org.testng.SuiteRunnerWorker.runSuite(SuiteRunnerWorker.java:53)
	at org.testng.SuiteRunnerWorker.run(SuiteRunnerWorker.java:96)
	at org.testng.TestNG.runSuitesSequentially(TestNG.java:1212)
	at org.testng.TestNG.runSuitesLocally(TestNG.java:1134)
	at org.testng.TestNG.runSuites(TestNG.java:1063)
	at org.testng.TestNG.run(TestNG.java:1031)
	at org.testng.remote.AbstractRemoteTestNG.run(AbstractRemoteTestNG.java:115)
	at org.testng.remote.RemoteTestNG.initAndRun(RemoteTestNG.java:251)
	at org.testng.remote.RemoteTestNG.main(RemoteTestNG.java:77)
</pre></div></td>
<td>12</td>
<td>com.medmantra.testcases.Emergency.TC_107_Emergency_WorkList_Doctor_Activities_Radiology_View_Clinical_Notes@1b66c0fb</td></tr>
<tr>
<td title='com.medmantra.testcases.Emergency.TC_144_Emergency_WorkList_Doctor_Activities_PainAssessment_Update.runUpdatePainAssessment()'><b>runUpdatePainAssessment</b><br>Test class: com.medmantra.testcases.Emergency.TC_144_Emergency_WorkList_Doctor_Activities_PainAssessment_Update<br>Parameters: By EP Number, Location Updated</td>
<td><div><pre>java.lang.IllegalArgumentException: Keys to send should be a not null CharSequence
	at org.openqa.selenium.remote.RemoteWebElement.sendKeys(RemoteWebElement.java:92)
	at com.framework.selenium.api.base.SeleniumBase.type(SeleniumBase.java:342)
	at com.medmantra.pages.EmergencyWorkListPage.enterEPNumber(EmergencyWorkListPage.java:16)
	at com.medmantra.testcases.Emergency.TC_144_Emergency_WorkList_Doctor_Activities_PainAssessment_Update.runUpdatePainAssessment(TC_144_Emergency_WorkList_Doctor_Activities_PainAssessment_Update.java:24)
	at java.base/java.util.ArrayList.forEach(ArrayList.java:1511)
... Removed 27 stack frames</pre></div><a href='#' onClick='toggleBox("stack-trace2139184106", this, "Click to show all stack frames", "Click to hide stack frames")'>Click to show all stack frames</a>
<div class='stack-trace' id='stack-trace2139184106'><pre>java.lang.IllegalArgumentException: Keys to send should be a not null CharSequence
	at org.openqa.selenium.remote.RemoteWebElement.sendKeys(RemoteWebElement.java:92)
	at com.framework.selenium.api.base.SeleniumBase.type(SeleniumBase.java:342)
	at com.medmantra.pages.EmergencyWorkListPage.enterEPNumber(EmergencyWorkListPage.java:16)
	at com.medmantra.testcases.Emergency.TC_144_Emergency_WorkList_Doctor_Activities_PainAssessment_Update.runUpdatePainAssessment(TC_144_Emergency_WorkList_Doctor_Activities_PainAssessment_Update.java:24)
	at java.base/jdk.internal.reflect.NativeMethodAccessorImpl.invoke0(Native Method)
	at java.base/jdk.internal.reflect.NativeMethodAccessorImpl.invoke(NativeMethodAccessorImpl.java:77)
	at java.base/jdk.internal.reflect.DelegatingMethodAccessorImpl.invoke(DelegatingMethodAccessorImpl.java:43)
	at java.base/java.lang.reflect.Method.invoke(Method.java:568)
	at org.testng.internal.MethodInvocationHelper.invokeMethod(MethodInvocationHelper.java:133)
	at org.testng.internal.TestInvoker.invokeMethod(TestInvoker.java:598)
	at org.testng.internal.TestInvoker.invokeTestMethod(TestInvoker.java:173)
	at org.testng.internal.MethodRunner.runInSequence(MethodRunner.java:46)
	at org.testng.internal.TestInvoker$MethodInvocationAgent.invoke(TestInvoker.java:824)
	at org.testng.internal.TestInvoker.invokeTestMethods(TestInvoker.java:146)
	at org.testng.internal.TestMethodWorker.invokeTestMethods(TestMethodWorker.java:146)
	at org.testng.internal.TestMethodWorker.run(TestMethodWorker.java:128)
	at java.base/java.util.ArrayList.forEach(ArrayList.java:1511)
	at org.testng.TestRunner.privateRun(TestRunner.java:794)
	at org.testng.TestRunner.run(TestRunner.java:596)
	at org.testng.SuiteRunner.runTest(SuiteRunner.java:377)
	at org.testng.SuiteRunner.runSequentially(SuiteRunner.java:371)
	at org.testng.SuiteRunner.privateRun(SuiteRunner.java:332)
	at org.testng.SuiteRunner.run(SuiteRunner.java:276)
	at org.testng.SuiteRunnerWorker.runSuite(SuiteRunnerWorker.java:53)
	at org.testng.SuiteRunnerWorker.run(SuiteRunnerWorker.java:96)
	at org.testng.TestNG.runSuitesSequentially(TestNG.java:1212)
	at org.testng.TestNG.runSuitesLocally(TestNG.java:1134)
	at org.testng.TestNG.runSuites(TestNG.java:1063)
	at org.testng.TestNG.run(TestNG.java:1031)
	at org.testng.remote.AbstractRemoteTestNG.run(AbstractRemoteTestNG.java:115)
	at org.testng.remote.RemoteTestNG.initAndRun(RemoteTestNG.java:251)
	at org.testng.remote.RemoteTestNG.main(RemoteTestNG.java:77)
</pre></div></td>
<td>12</td>
<td>com.medmantra.testcases.Emergency.TC_144_Emergency_WorkList_Doctor_Activities_PainAssessment_Update@6f36c2f0</td></tr>
<tr>
<td title='com.medmantra.testcases.Emergency.TC_089_Emergency_WorkList_Doctor_Activities_Raise_LHK_Request.runRaiseLHKRequest()'><b>runRaiseLHKRequest</b><br>Test class: com.medmantra.testcases.Emergency.TC_089_Emergency_WorkList_Doctor_Activities_Raise_LHK_Request<br>Parameters: By EP Number, Water Bottle Service, Request raised with Request</td>
<td><div><pre>java.lang.IllegalArgumentException: Keys to send should be a not null CharSequence
	at org.openqa.selenium.remote.RemoteWebElement.sendKeys(RemoteWebElement.java:92)
	at com.framework.selenium.api.base.SeleniumBase.type(SeleniumBase.java:342)
	at com.medmantra.pages.EmergencyWorkListPage.enterEPNumber(EmergencyWorkListPage.java:16)
	at com.medmantra.testcases.Emergency.TC_089_Emergency_WorkList_Doctor_Activities_Raise_LHK_Request.runRaiseLHKRequest(TC_089_Emergency_WorkList_Doctor_Activities_Raise_LHK_Request.java:24)
	at java.base/java.util.ArrayList.forEach(ArrayList.java:1511)
... Removed 27 stack frames</pre></div><a href='#' onClick='toggleBox("stack-trace19422918", this, "Click to show all stack frames", "Click to hide stack frames")'>Click to show all stack frames</a>
<div class='stack-trace' id='stack-trace19422918'><pre>java.lang.IllegalArgumentException: Keys to send should be a not null CharSequence
	at org.openqa.selenium.remote.RemoteWebElement.sendKeys(RemoteWebElement.java:92)
	at com.framework.selenium.api.base.SeleniumBase.type(SeleniumBase.java:342)
	at com.medmantra.pages.EmergencyWorkListPage.enterEPNumber(EmergencyWorkListPage.java:16)
	at com.medmantra.testcases.Emergency.TC_089_Emergency_WorkList_Doctor_Activities_Raise_LHK_Request.runRaiseLHKRequest(TC_089_Emergency_WorkList_Doctor_Activities_Raise_LHK_Request.java:24)
	at java.base/jdk.internal.reflect.NativeMethodAccessorImpl.invoke0(Native Method)
	at java.base/jdk.internal.reflect.NativeMethodAccessorImpl.invoke(NativeMethodAccessorImpl.java:77)
	at java.base/jdk.internal.reflect.DelegatingMethodAccessorImpl.invoke(DelegatingMethodAccessorImpl.java:43)
	at java.base/java.lang.reflect.Method.invoke(Method.java:568)
	at org.testng.internal.MethodInvocationHelper.invokeMethod(MethodInvocationHelper.java:133)
	at org.testng.internal.TestInvoker.invokeMethod(TestInvoker.java:598)
	at org.testng.internal.TestInvoker.invokeTestMethod(TestInvoker.java:173)
	at org.testng.internal.MethodRunner.runInSequence(MethodRunner.java:46)
	at org.testng.internal.TestInvoker$MethodInvocationAgent.invoke(TestInvoker.java:824)
	at org.testng.internal.TestInvoker.invokeTestMethods(TestInvoker.java:146)
	at org.testng.internal.TestMethodWorker.invokeTestMethods(TestMethodWorker.java:146)
	at org.testng.internal.TestMethodWorker.run(TestMethodWorker.java:128)
	at java.base/java.util.ArrayList.forEach(ArrayList.java:1511)
	at org.testng.TestRunner.privateRun(TestRunner.java:794)
	at org.testng.TestRunner.run(TestRunner.java:596)
	at org.testng.SuiteRunner.runTest(SuiteRunner.java:377)
	at org.testng.SuiteRunner.runSequentially(SuiteRunner.java:371)
	at org.testng.SuiteRunner.privateRun(SuiteRunner.java:332)
	at org.testng.SuiteRunner.run(SuiteRunner.java:276)
	at org.testng.SuiteRunnerWorker.runSuite(SuiteRunnerWorker.java:53)
	at org.testng.SuiteRunnerWorker.run(SuiteRunnerWorker.java:96)
	at org.testng.TestNG.runSuitesSequentially(TestNG.java:1212)
	at org.testng.TestNG.runSuitesLocally(TestNG.java:1134)
	at org.testng.TestNG.runSuites(TestNG.java:1063)
	at org.testng.TestNG.run(TestNG.java:1031)
	at org.testng.remote.AbstractRemoteTestNG.run(AbstractRemoteTestNG.java:115)
	at org.testng.remote.RemoteTestNG.initAndRun(RemoteTestNG.java:251)
	at org.testng.remote.RemoteTestNG.main(RemoteTestNG.java:77)
</pre></div></td>
<td>12</td>
<td>com.medmantra.testcases.Emergency.TC_089_Emergency_WorkList_Doctor_Activities_Raise_LHK_Request@f68f0dc</td></tr>
<tr>
<td title='com.medmantra.testcases.Emergency.TC_115_Emergency_WorkList_Doctor_Activities_Package_Request_Update.runPackageRequestUpdate()'><b>runPackageRequestUpdate</b><br>Test class: com.medmantra.testcases.Emergency.TC_115_Emergency_WorkList_Doctor_Activities_Package_Request_Update<br>Parameters: By EP Number, Package updated successfully</td>
<td><div><pre>java.lang.IllegalArgumentException: Keys to send should be a not null CharSequence
	at org.openqa.selenium.remote.RemoteWebElement.sendKeys(RemoteWebElement.java:92)
	at com.framework.selenium.api.base.SeleniumBase.type(SeleniumBase.java:342)
	at com.medmantra.pages.EmergencyWorkListPage.enterEPNumber(EmergencyWorkListPage.java:16)
	at com.medmantra.testcases.Emergency.TC_115_Emergency_WorkList_Doctor_Activities_Package_Request_Update.runPackageRequestUpdate(TC_115_Emergency_WorkList_Doctor_Activities_Package_Request_Update.java:24)
	at java.base/java.util.ArrayList.forEach(ArrayList.java:1511)
... Removed 27 stack frames</pre></div><a href='#' onClick='toggleBox("stack-trace124491269", this, "Click to show all stack frames", "Click to hide stack frames")'>Click to show all stack frames</a>
<div class='stack-trace' id='stack-trace124491269'><pre>java.lang.IllegalArgumentException: Keys to send should be a not null CharSequence
	at org.openqa.selenium.remote.RemoteWebElement.sendKeys(RemoteWebElement.java:92)
	at com.framework.selenium.api.base.SeleniumBase.type(SeleniumBase.java:342)
	at com.medmantra.pages.EmergencyWorkListPage.enterEPNumber(EmergencyWorkListPage.java:16)
	at com.medmantra.testcases.Emergency.TC_115_Emergency_WorkList_Doctor_Activities_Package_Request_Update.runPackageRequestUpdate(TC_115_Emergency_WorkList_Doctor_Activities_Package_Request_Update.java:24)
	at java.base/jdk.internal.reflect.NativeMethodAccessorImpl.invoke0(Native Method)
	at java.base/jdk.internal.reflect.NativeMethodAccessorImpl.invoke(NativeMethodAccessorImpl.java:77)
	at java.base/jdk.internal.reflect.DelegatingMethodAccessorImpl.invoke(DelegatingMethodAccessorImpl.java:43)
	at java.base/java.lang.reflect.Method.invoke(Method.java:568)
	at org.testng.internal.MethodInvocationHelper.invokeMethod(MethodInvocationHelper.java:133)
	at org.testng.internal.TestInvoker.invokeMethod(TestInvoker.java:598)
	at org.testng.internal.TestInvoker.invokeTestMethod(TestInvoker.java:173)
	at org.testng.internal.MethodRunner.runInSequence(MethodRunner.java:46)
	at org.testng.internal.TestInvoker$MethodInvocationAgent.invoke(TestInvoker.java:824)
	at org.testng.internal.TestInvoker.invokeTestMethods(TestInvoker.java:146)
	at org.testng.internal.TestMethodWorker.invokeTestMethods(TestMethodWorker.java:146)
	at org.testng.internal.TestMethodWorker.run(TestMethodWorker.java:128)
	at java.base/java.util.ArrayList.forEach(ArrayList.java:1511)
	at org.testng.TestRunner.privateRun(TestRunner.java:794)
	at org.testng.TestRunner.run(TestRunner.java:596)
	at org.testng.SuiteRunner.runTest(SuiteRunner.java:377)
	at org.testng.SuiteRunner.runSequentially(SuiteRunner.java:371)
	at org.testng.SuiteRunner.privateRun(SuiteRunner.java:332)
	at org.testng.SuiteRunner.run(SuiteRunner.java:276)
	at org.testng.SuiteRunnerWorker.runSuite(SuiteRunnerWorker.java:53)
	at org.testng.SuiteRunnerWorker.run(SuiteRunnerWorker.java:96)
	at org.testng.TestNG.runSuitesSequentially(TestNG.java:1212)
	at org.testng.TestNG.runSuitesLocally(TestNG.java:1134)
	at org.testng.TestNG.runSuites(TestNG.java:1063)
	at org.testng.TestNG.run(TestNG.java:1031)
	at org.testng.remote.AbstractRemoteTestNG.run(AbstractRemoteTestNG.java:115)
	at org.testng.remote.RemoteTestNG.initAndRun(RemoteTestNG.java:251)
	at org.testng.remote.RemoteTestNG.main(RemoteTestNG.java:77)
</pre></div></td>
<td>12</td>
<td>com.medmantra.testcases.Emergency.TC_115_Emergency_WorkList_Doctor_Activities_Package_Request_Update@465232e9</td></tr>
<tr>
<td title='com.medmantra.testcases.Emergency.TC_119_Emergency_WorkList_Doctor_Activities_Profile_Request_Delete.runProfileRequestDelete()'><b>runProfileRequestDelete</b><br>Test class: com.medmantra.testcases.Emergency.TC_119_Emergency_WorkList_Doctor_Activities_Profile_Request_Delete<br>Parameters: By EP Number, Profile cancelled successfully</td>
<td><div><pre>java.lang.IllegalArgumentException: Keys to send should be a not null CharSequence
	at org.openqa.selenium.remote.RemoteWebElement.sendKeys(RemoteWebElement.java:92)
	at com.framework.selenium.api.base.SeleniumBase.type(SeleniumBase.java:342)
	at com.medmantra.pages.EmergencyWorkListPage.enterEPNumber(EmergencyWorkListPage.java:16)
	at com.medmantra.testcases.Emergency.TC_119_Emergency_WorkList_Doctor_Activities_Profile_Request_Delete.runProfileRequestDelete(TC_119_Emergency_WorkList_Doctor_Activities_Profile_Request_Delete.java:24)
	at java.base/java.util.ArrayList.forEach(ArrayList.java:1511)
... Removed 27 stack frames</pre></div><a href='#' onClick='toggleBox("stack-trace1122315668", this, "Click to show all stack frames", "Click to hide stack frames")'>Click to show all stack frames</a>
<div class='stack-trace' id='stack-trace1122315668'><pre>java.lang.IllegalArgumentException: Keys to send should be a not null CharSequence
	at org.openqa.selenium.remote.RemoteWebElement.sendKeys(RemoteWebElement.java:92)
	at com.framework.selenium.api.base.SeleniumBase.type(SeleniumBase.java:342)
	at com.medmantra.pages.EmergencyWorkListPage.enterEPNumber(EmergencyWorkListPage.java:16)
	at com.medmantra.testcases.Emergency.TC_119_Emergency_WorkList_Doctor_Activities_Profile_Request_Delete.runProfileRequestDelete(TC_119_Emergency_WorkList_Doctor_Activities_Profile_Request_Delete.java:24)
	at java.base/jdk.internal.reflect.NativeMethodAccessorImpl.invoke0(Native Method)
	at java.base/jdk.internal.reflect.NativeMethodAccessorImpl.invoke(NativeMethodAccessorImpl.java:77)
	at java.base/jdk.internal.reflect.DelegatingMethodAccessorImpl.invoke(DelegatingMethodAccessorImpl.java:43)
	at java.base/java.lang.reflect.Method.invoke(Method.java:568)
	at org.testng.internal.MethodInvocationHelper.invokeMethod(MethodInvocationHelper.java:133)
	at org.testng.internal.TestInvoker.invokeMethod(TestInvoker.java:598)
	at org.testng.internal.TestInvoker.invokeTestMethod(TestInvoker.java:173)
	at org.testng.internal.MethodRunner.runInSequence(MethodRunner.java:46)
	at org.testng.internal.TestInvoker$MethodInvocationAgent.invoke(TestInvoker.java:824)
	at org.testng.internal.TestInvoker.invokeTestMethods(TestInvoker.java:146)
	at org.testng.internal.TestMethodWorker.invokeTestMethods(TestMethodWorker.java:146)
	at org.testng.internal.TestMethodWorker.run(TestMethodWorker.java:128)
	at java.base/java.util.ArrayList.forEach(ArrayList.java:1511)
	at org.testng.TestRunner.privateRun(TestRunner.java:794)
	at org.testng.TestRunner.run(TestRunner.java:596)
	at org.testng.SuiteRunner.runTest(SuiteRunner.java:377)
	at org.testng.SuiteRunner.runSequentially(SuiteRunner.java:371)
	at org.testng.SuiteRunner.privateRun(SuiteRunner.java:332)
	at org.testng.SuiteRunner.run(SuiteRunner.java:276)
	at org.testng.SuiteRunnerWorker.runSuite(SuiteRunnerWorker.java:53)
	at org.testng.SuiteRunnerWorker.run(SuiteRunnerWorker.java:96)
	at org.testng.TestNG.runSuitesSequentially(TestNG.java:1212)
	at org.testng.TestNG.runSuitesLocally(TestNG.java:1134)
	at org.testng.TestNG.runSuites(TestNG.java:1063)
	at org.testng.TestNG.run(TestNG.java:1031)
	at org.testng.remote.AbstractRemoteTestNG.run(AbstractRemoteTestNG.java:115)
	at org.testng.remote.RemoteTestNG.initAndRun(RemoteTestNG.java:251)
	at org.testng.remote.RemoteTestNG.main(RemoteTestNG.java:77)
</pre></div></td>
<td>12</td>
<td>com.medmantra.testcases.Emergency.TC_119_Emergency_WorkList_Doctor_Activities_Profile_Request_Delete@7486b455</td></tr>
<tr>
<td title='com.medmantra.testcases.Emergency.TC_139_Emergency_WorkList_Doctor_Activities_PD_Diagnosis_Save.runSavePdDiagnosis()'><b>runSavePdDiagnosis</b><br>Test class: com.medmantra.testcases.Emergency.TC_139_Emergency_WorkList_Doctor_Activities_PD_Diagnosis_Save<br>Parameters: By EP Number, fever, Disease code</td>
<td><div><pre>java.lang.IllegalArgumentException: Keys to send should be a not null CharSequence
	at org.openqa.selenium.remote.RemoteWebElement.sendKeys(RemoteWebElement.java:92)
	at com.framework.selenium.api.base.SeleniumBase.type(SeleniumBase.java:342)
	at com.medmantra.pages.EmergencyWorkListPage.enterEPNumber(EmergencyWorkListPage.java:16)
	at com.medmantra.testcases.Emergency.TC_139_Emergency_WorkList_Doctor_Activities_PD_Diagnosis_Save.runSavePdDiagnosis(TC_139_Emergency_WorkList_Doctor_Activities_PD_Diagnosis_Save.java:24)
	at java.base/java.util.ArrayList.forEach(ArrayList.java:1511)
... Removed 27 stack frames</pre></div><a href='#' onClick='toggleBox("stack-trace974812014", this, "Click to show all stack frames", "Click to hide stack frames")'>Click to show all stack frames</a>
<div class='stack-trace' id='stack-trace974812014'><pre>java.lang.IllegalArgumentException: Keys to send should be a not null CharSequence
	at org.openqa.selenium.remote.RemoteWebElement.sendKeys(RemoteWebElement.java:92)
	at com.framework.selenium.api.base.SeleniumBase.type(SeleniumBase.java:342)
	at com.medmantra.pages.EmergencyWorkListPage.enterEPNumber(EmergencyWorkListPage.java:16)
	at com.medmantra.testcases.Emergency.TC_139_Emergency_WorkList_Doctor_Activities_PD_Diagnosis_Save.runSavePdDiagnosis(TC_139_Emergency_WorkList_Doctor_Activities_PD_Diagnosis_Save.java:24)
	at java.base/jdk.internal.reflect.NativeMethodAccessorImpl.invoke0(Native Method)
	at java.base/jdk.internal.reflect.NativeMethodAccessorImpl.invoke(NativeMethodAccessorImpl.java:77)
	at java.base/jdk.internal.reflect.DelegatingMethodAccessorImpl.invoke(DelegatingMethodAccessorImpl.java:43)
	at java.base/java.lang.reflect.Method.invoke(Method.java:568)
	at org.testng.internal.MethodInvocationHelper.invokeMethod(MethodInvocationHelper.java:133)
	at org.testng.internal.TestInvoker.invokeMethod(TestInvoker.java:598)
	at org.testng.internal.TestInvoker.invokeTestMethod(TestInvoker.java:173)
	at org.testng.internal.MethodRunner.runInSequence(MethodRunner.java:46)
	at org.testng.internal.TestInvoker$MethodInvocationAgent.invoke(TestInvoker.java:824)
	at org.testng.internal.TestInvoker.invokeTestMethods(TestInvoker.java:146)
	at org.testng.internal.TestMethodWorker.invokeTestMethods(TestMethodWorker.java:146)
	at org.testng.internal.TestMethodWorker.run(TestMethodWorker.java:128)
	at java.base/java.util.ArrayList.forEach(ArrayList.java:1511)
	at org.testng.TestRunner.privateRun(TestRunner.java:794)
	at org.testng.TestRunner.run(TestRunner.java:596)
	at org.testng.SuiteRunner.runTest(SuiteRunner.java:377)
	at org.testng.SuiteRunner.runSequentially(SuiteRunner.java:371)
	at org.testng.SuiteRunner.privateRun(SuiteRunner.java:332)
	at org.testng.SuiteRunner.run(SuiteRunner.java:276)
	at org.testng.SuiteRunnerWorker.runSuite(SuiteRunnerWorker.java:53)
	at org.testng.SuiteRunnerWorker.run(SuiteRunnerWorker.java:96)
	at org.testng.TestNG.runSuitesSequentially(TestNG.java:1212)
	at org.testng.TestNG.runSuitesLocally(TestNG.java:1134)
	at org.testng.TestNG.runSuites(TestNG.java:1063)
	at org.testng.TestNG.run(TestNG.java:1031)
	at org.testng.remote.AbstractRemoteTestNG.run(AbstractRemoteTestNG.java:115)
	at org.testng.remote.RemoteTestNG.initAndRun(RemoteTestNG.java:251)
	at org.testng.remote.RemoteTestNG.main(RemoteTestNG.java:77)
</pre></div></td>
<td>12</td>
<td>com.medmantra.testcases.Emergency.TC_139_Emergency_WorkList_Doctor_Activities_PD_Diagnosis_Save@45385f75</td></tr>
<tr>
<td title='com.medmantra.testcases.Emergency.TC_145_Emergency_WorkList_Doctor_Activities_PainAssessment_Delete.runUpdatePainAssessment()'><b>runUpdatePainAssessment</b><br>Test class: com.medmantra.testcases.Emergency.TC_145_Emergency_WorkList_Doctor_Activities_PainAssessment_Delete<br>Parameters: By EP Number, Pain Assessment Details data is not available</td>
<td><div><pre>java.lang.IllegalArgumentException: Keys to send should be a not null CharSequence
	at org.openqa.selenium.remote.RemoteWebElement.sendKeys(RemoteWebElement.java:92)
	at com.framework.selenium.api.base.SeleniumBase.type(SeleniumBase.java:342)
	at com.medmantra.pages.EmergencyWorkListPage.enterEPNumber(EmergencyWorkListPage.java:16)
	at com.medmantra.testcases.Emergency.TC_145_Emergency_WorkList_Doctor_Activities_PainAssessment_Delete.runUpdatePainAssessment(TC_145_Emergency_WorkList_Doctor_Activities_PainAssessment_Delete.java:24)
	at java.base/java.util.ArrayList.forEach(ArrayList.java:1511)
... Removed 27 stack frames</pre></div><a href='#' onClick='toggleBox("stack-trace1582465956", this, "Click to show all stack frames", "Click to hide stack frames")'>Click to show all stack frames</a>
<div class='stack-trace' id='stack-trace1582465956'><pre>java.lang.IllegalArgumentException: Keys to send should be a not null CharSequence
	at org.openqa.selenium.remote.RemoteWebElement.sendKeys(RemoteWebElement.java:92)
	at com.framework.selenium.api.base.SeleniumBase.type(SeleniumBase.java:342)
	at com.medmantra.pages.EmergencyWorkListPage.enterEPNumber(EmergencyWorkListPage.java:16)
	at com.medmantra.testcases.Emergency.TC_145_Emergency_WorkList_Doctor_Activities_PainAssessment_Delete.runUpdatePainAssessment(TC_145_Emergency_WorkList_Doctor_Activities_PainAssessment_Delete.java:24)
	at java.base/jdk.internal.reflect.NativeMethodAccessorImpl.invoke0(Native Method)
	at java.base/jdk.internal.reflect.NativeMethodAccessorImpl.invoke(NativeMethodAccessorImpl.java:77)
	at java.base/jdk.internal.reflect.DelegatingMethodAccessorImpl.invoke(DelegatingMethodAccessorImpl.java:43)
	at java.base/java.lang.reflect.Method.invoke(Method.java:568)
	at org.testng.internal.MethodInvocationHelper.invokeMethod(MethodInvocationHelper.java:133)
	at org.testng.internal.TestInvoker.invokeMethod(TestInvoker.java:598)
	at org.testng.internal.TestInvoker.invokeTestMethod(TestInvoker.java:173)
	at org.testng.internal.MethodRunner.runInSequence(MethodRunner.java:46)
	at org.testng.internal.TestInvoker$MethodInvocationAgent.invoke(TestInvoker.java:824)
	at org.testng.internal.TestInvoker.invokeTestMethods(TestInvoker.java:146)
	at org.testng.internal.TestMethodWorker.invokeTestMethods(TestMethodWorker.java:146)
	at org.testng.internal.TestMethodWorker.run(TestMethodWorker.java:128)
	at java.base/java.util.ArrayList.forEach(ArrayList.java:1511)
	at org.testng.TestRunner.privateRun(TestRunner.java:794)
	at org.testng.TestRunner.run(TestRunner.java:596)
	at org.testng.SuiteRunner.runTest(SuiteRunner.java:377)
	at org.testng.SuiteRunner.runSequentially(SuiteRunner.java:371)
	at org.testng.SuiteRunner.privateRun(SuiteRunner.java:332)
	at org.testng.SuiteRunner.run(SuiteRunner.java:276)
	at org.testng.SuiteRunnerWorker.runSuite(SuiteRunnerWorker.java:53)
	at org.testng.SuiteRunnerWorker.run(SuiteRunnerWorker.java:96)
	at org.testng.TestNG.runSuitesSequentially(TestNG.java:1212)
	at org.testng.TestNG.runSuitesLocally(TestNG.java:1134)
	at org.testng.TestNG.runSuites(TestNG.java:1063)
	at org.testng.TestNG.run(TestNG.java:1031)
	at org.testng.remote.AbstractRemoteTestNG.run(AbstractRemoteTestNG.java:115)
	at org.testng.remote.RemoteTestNG.initAndRun(RemoteTestNG.java:251)
	at org.testng.remote.RemoteTestNG.main(RemoteTestNG.java:77)
</pre></div></td>
<td>12</td>
<td>com.medmantra.testcases.Emergency.TC_145_Emergency_WorkList_Doctor_Activities_PainAssessment_Delete@f58853c</td></tr>
<tr>
<td title='com.medmantra.testcases.Emergency.TC_096_Emergency_WorkList_Doctor_Activities_Raise_Other_Request.runRaiseOtherRequest()'><b>runRaiseOtherRequest</b><br>Test class: com.medmantra.testcases.Emergency.TC_096_Emergency_WorkList_Doctor_Activities_Raise_Other_Request<br>Parameters: By EP Number, Oncology Surgical, A Kaladhar, Request raised successfully with Request</td>
<td><div><pre>java.lang.IllegalArgumentException: Keys to send should be a not null CharSequence
	at org.openqa.selenium.remote.RemoteWebElement.sendKeys(RemoteWebElement.java:92)
	at com.framework.selenium.api.base.SeleniumBase.type(SeleniumBase.java:342)
	at com.medmantra.pages.EmergencyWorkListPage.enterEPNumber(EmergencyWorkListPage.java:16)
	at com.medmantra.testcases.Emergency.TC_096_Emergency_WorkList_Doctor_Activities_Raise_Other_Request.runRaiseOtherRequest(TC_096_Emergency_WorkList_Doctor_Activities_Raise_Other_Request.java:25)
	at java.base/java.util.ArrayList.forEach(ArrayList.java:1511)
... Removed 27 stack frames</pre></div><a href='#' onClick='toggleBox("stack-trace1253622720", this, "Click to show all stack frames", "Click to hide stack frames")'>Click to show all stack frames</a>
<div class='stack-trace' id='stack-trace1253622720'><pre>java.lang.IllegalArgumentException: Keys to send should be a not null CharSequence
	at org.openqa.selenium.remote.RemoteWebElement.sendKeys(RemoteWebElement.java:92)
	at com.framework.selenium.api.base.SeleniumBase.type(SeleniumBase.java:342)
	at com.medmantra.pages.EmergencyWorkListPage.enterEPNumber(EmergencyWorkListPage.java:16)
	at com.medmantra.testcases.Emergency.TC_096_Emergency_WorkList_Doctor_Activities_Raise_Other_Request.runRaiseOtherRequest(TC_096_Emergency_WorkList_Doctor_Activities_Raise_Other_Request.java:25)
	at java.base/jdk.internal.reflect.NativeMethodAccessorImpl.invoke0(Native Method)
	at java.base/jdk.internal.reflect.NativeMethodAccessorImpl.invoke(NativeMethodAccessorImpl.java:77)
	at java.base/jdk.internal.reflect.DelegatingMethodAccessorImpl.invoke(DelegatingMethodAccessorImpl.java:43)
	at java.base/java.lang.reflect.Method.invoke(Method.java:568)
	at org.testng.internal.MethodInvocationHelper.invokeMethod(MethodInvocationHelper.java:133)
	at org.testng.internal.TestInvoker.invokeMethod(TestInvoker.java:598)
	at org.testng.internal.TestInvoker.invokeTestMethod(TestInvoker.java:173)
	at org.testng.internal.MethodRunner.runInSequence(MethodRunner.java:46)
	at org.testng.internal.TestInvoker$MethodInvocationAgent.invoke(TestInvoker.java:824)
	at org.testng.internal.TestInvoker.invokeTestMethods(TestInvoker.java:146)
	at org.testng.internal.TestMethodWorker.invokeTestMethods(TestMethodWorker.java:146)
	at org.testng.internal.TestMethodWorker.run(TestMethodWorker.java:128)
	at java.base/java.util.ArrayList.forEach(ArrayList.java:1511)
	at org.testng.TestRunner.privateRun(TestRunner.java:794)
	at org.testng.TestRunner.run(TestRunner.java:596)
	at org.testng.SuiteRunner.runTest(SuiteRunner.java:377)
	at org.testng.SuiteRunner.runSequentially(SuiteRunner.java:371)
	at org.testng.SuiteRunner.privateRun(SuiteRunner.java:332)
	at org.testng.SuiteRunner.run(SuiteRunner.java:276)
	at org.testng.SuiteRunnerWorker.runSuite(SuiteRunnerWorker.java:53)
	at org.testng.SuiteRunnerWorker.run(SuiteRunnerWorker.java:96)
	at org.testng.TestNG.runSuitesSequentially(TestNG.java:1212)
	at org.testng.TestNG.runSuitesLocally(TestNG.java:1134)
	at org.testng.TestNG.runSuites(TestNG.java:1063)
	at org.testng.TestNG.run(TestNG.java:1031)
	at org.testng.remote.AbstractRemoteTestNG.run(AbstractRemoteTestNG.java:115)
	at org.testng.remote.RemoteTestNG.initAndRun(RemoteTestNG.java:251)
	at org.testng.remote.RemoteTestNG.main(RemoteTestNG.java:77)
</pre></div></td>
<td>12</td>
<td>com.medmantra.testcases.Emergency.TC_096_Emergency_WorkList_Doctor_Activities_Raise_Other_Request@d2de489</td></tr>
<tr>
<td title='com.medmantra.testcases.Emergency.TC_141_Emergency_WorkList_Doctor_Activities_ProgressNote_Update.runUpdateProgressNotes()'><b>runUpdateProgressNotes</b><br>Test class: com.medmantra.testcases.Emergency.TC_141_Emergency_WorkList_Doctor_Activities_ProgressNote_Update<br>Parameters: By EP Number, Progress Notes Updated</td>
<td><div><pre>java.lang.IllegalArgumentException: Keys to send should be a not null CharSequence
	at org.openqa.selenium.remote.RemoteWebElement.sendKeys(RemoteWebElement.java:92)
	at com.framework.selenium.api.base.SeleniumBase.type(SeleniumBase.java:342)
	at com.medmantra.pages.EmergencyWorkListPage.enterEPNumber(EmergencyWorkListPage.java:16)
	at com.medmantra.testcases.Emergency.TC_141_Emergency_WorkList_Doctor_Activities_ProgressNote_Update.runUpdateProgressNotes(TC_141_Emergency_WorkList_Doctor_Activities_ProgressNote_Update.java:24)
	at java.base/java.util.ArrayList.forEach(ArrayList.java:1511)
... Removed 27 stack frames</pre></div><a href='#' onClick='toggleBox("stack-trace1846628", this, "Click to show all stack frames", "Click to hide stack frames")'>Click to show all stack frames</a>
<div class='stack-trace' id='stack-trace1846628'><pre>java.lang.IllegalArgumentException: Keys to send should be a not null CharSequence
	at org.openqa.selenium.remote.RemoteWebElement.sendKeys(RemoteWebElement.java:92)
	at com.framework.selenium.api.base.SeleniumBase.type(SeleniumBase.java:342)
	at com.medmantra.pages.EmergencyWorkListPage.enterEPNumber(EmergencyWorkListPage.java:16)
	at com.medmantra.testcases.Emergency.TC_141_Emergency_WorkList_Doctor_Activities_ProgressNote_Update.runUpdateProgressNotes(TC_141_Emergency_WorkList_Doctor_Activities_ProgressNote_Update.java:24)
	at java.base/jdk.internal.reflect.NativeMethodAccessorImpl.invoke0(Native Method)
	at java.base/jdk.internal.reflect.NativeMethodAccessorImpl.invoke(NativeMethodAccessorImpl.java:77)
	at java.base/jdk.internal.reflect.DelegatingMethodAccessorImpl.invoke(DelegatingMethodAccessorImpl.java:43)
	at java.base/java.lang.reflect.Method.invoke(Method.java:568)
	at org.testng.internal.MethodInvocationHelper.invokeMethod(MethodInvocationHelper.java:133)
	at org.testng.internal.TestInvoker.invokeMethod(TestInvoker.java:598)
	at org.testng.internal.TestInvoker.invokeTestMethod(TestInvoker.java:173)
	at org.testng.internal.MethodRunner.runInSequence(MethodRunner.java:46)
	at org.testng.internal.TestInvoker$MethodInvocationAgent.invoke(TestInvoker.java:824)
	at org.testng.internal.TestInvoker.invokeTestMethods(TestInvoker.java:146)
	at org.testng.internal.TestMethodWorker.invokeTestMethods(TestMethodWorker.java:146)
	at org.testng.internal.TestMethodWorker.run(TestMethodWorker.java:128)
	at java.base/java.util.ArrayList.forEach(ArrayList.java:1511)
	at org.testng.TestRunner.privateRun(TestRunner.java:794)
	at org.testng.TestRunner.run(TestRunner.java:596)
	at org.testng.SuiteRunner.runTest(SuiteRunner.java:377)
	at org.testng.SuiteRunner.runSequentially(SuiteRunner.java:371)
	at org.testng.SuiteRunner.privateRun(SuiteRunner.java:332)
	at org.testng.SuiteRunner.run(SuiteRunner.java:276)
	at org.testng.SuiteRunnerWorker.runSuite(SuiteRunnerWorker.java:53)
	at org.testng.SuiteRunnerWorker.run(SuiteRunnerWorker.java:96)
	at org.testng.TestNG.runSuitesSequentially(TestNG.java:1212)
	at org.testng.TestNG.runSuitesLocally(TestNG.java:1134)
	at org.testng.TestNG.runSuites(TestNG.java:1063)
	at org.testng.TestNG.run(TestNG.java:1031)
	at org.testng.remote.AbstractRemoteTestNG.run(AbstractRemoteTestNG.java:115)
	at org.testng.remote.RemoteTestNG.initAndRun(RemoteTestNG.java:251)
	at org.testng.remote.RemoteTestNG.main(RemoteTestNG.java:77)
</pre></div></td>
<td>12</td>
<td>com.medmantra.testcases.Emergency.TC_141_Emergency_WorkList_Doctor_Activities_ProgressNote_Update@2d29b4ee</td></tr>
<tr>
<td title='com.medmantra.testcases.Emergency.TC_142_Emergency_WorkList_Doctor_Activities_ProgressNote_Delete.runDeleteProgressNotes()'><b>runDeleteProgressNotes</b><br>Test class: com.medmantra.testcases.Emergency.TC_142_Emergency_WorkList_Doctor_Activities_ProgressNote_Delete<br>Parameters: By EP Number</td>
<td><div><pre>java.lang.IllegalArgumentException: Keys to send should be a not null CharSequence
	at org.openqa.selenium.remote.RemoteWebElement.sendKeys(RemoteWebElement.java:92)
	at com.framework.selenium.api.base.SeleniumBase.type(SeleniumBase.java:342)
	at com.medmantra.pages.EmergencyWorkListPage.enterEPNumber(EmergencyWorkListPage.java:16)
	at com.medmantra.testcases.Emergency.TC_142_Emergency_WorkList_Doctor_Activities_ProgressNote_Delete.runDeleteProgressNotes(TC_142_Emergency_WorkList_Doctor_Activities_ProgressNote_Delete.java:24)
	at java.base/java.util.ArrayList.forEach(ArrayList.java:1511)
... Removed 27 stack frames</pre></div><a href='#' onClick='toggleBox("stack-trace1622465228", this, "Click to show all stack frames", "Click to hide stack frames")'>Click to show all stack frames</a>
<div class='stack-trace' id='stack-trace1622465228'><pre>java.lang.IllegalArgumentException: Keys to send should be a not null CharSequence
	at org.openqa.selenium.remote.RemoteWebElement.sendKeys(RemoteWebElement.java:92)
	at com.framework.selenium.api.base.SeleniumBase.type(SeleniumBase.java:342)
	at com.medmantra.pages.EmergencyWorkListPage.enterEPNumber(EmergencyWorkListPage.java:16)
	at com.medmantra.testcases.Emergency.TC_142_Emergency_WorkList_Doctor_Activities_ProgressNote_Delete.runDeleteProgressNotes(TC_142_Emergency_WorkList_Doctor_Activities_ProgressNote_Delete.java:24)
	at java.base/jdk.internal.reflect.NativeMethodAccessorImpl.invoke0(Native Method)
	at java.base/jdk.internal.reflect.NativeMethodAccessorImpl.invoke(NativeMethodAccessorImpl.java:77)
	at java.base/jdk.internal.reflect.DelegatingMethodAccessorImpl.invoke(DelegatingMethodAccessorImpl.java:43)
	at java.base/java.lang.reflect.Method.invoke(Method.java:568)
	at org.testng.internal.MethodInvocationHelper.invokeMethod(MethodInvocationHelper.java:133)
	at org.testng.internal.TestInvoker.invokeMethod(TestInvoker.java:598)
	at org.testng.internal.TestInvoker.invokeTestMethod(TestInvoker.java:173)
	at org.testng.internal.MethodRunner.runInSequence(MethodRunner.java:46)
	at org.testng.internal.TestInvoker$MethodInvocationAgent.invoke(TestInvoker.java:824)
	at org.testng.internal.TestInvoker.invokeTestMethods(TestInvoker.java:146)
	at org.testng.internal.TestMethodWorker.invokeTestMethods(TestMethodWorker.java:146)
	at org.testng.internal.TestMethodWorker.run(TestMethodWorker.java:128)
	at java.base/java.util.ArrayList.forEach(ArrayList.java:1511)
	at org.testng.TestRunner.privateRun(TestRunner.java:794)
	at org.testng.TestRunner.run(TestRunner.java:596)
	at org.testng.SuiteRunner.runTest(SuiteRunner.java:377)
	at org.testng.SuiteRunner.runSequentially(SuiteRunner.java:371)
	at org.testng.SuiteRunner.privateRun(SuiteRunner.java:332)
	at org.testng.SuiteRunner.run(SuiteRunner.java:276)
	at org.testng.SuiteRunnerWorker.runSuite(SuiteRunnerWorker.java:53)
	at org.testng.SuiteRunnerWorker.run(SuiteRunnerWorker.java:96)
	at org.testng.TestNG.runSuitesSequentially(TestNG.java:1212)
	at org.testng.TestNG.runSuitesLocally(TestNG.java:1134)
	at org.testng.TestNG.runSuites(TestNG.java:1063)
	at org.testng.TestNG.run(TestNG.java:1031)
	at org.testng.remote.AbstractRemoteTestNG.run(AbstractRemoteTestNG.java:115)
	at org.testng.remote.RemoteTestNG.initAndRun(RemoteTestNG.java:251)
	at org.testng.remote.RemoteTestNG.main(RemoteTestNG.java:77)
</pre></div></td>
<td>12</td>
<td>com.medmantra.testcases.Emergency.TC_142_Emergency_WorkList_Doctor_Activities_ProgressNote_Delete@69ee81fc</td></tr>
<tr>
<td title='com.medmantra.testcases.Emergency.TC_111_Emergency_WorkList_Doctor_Activities_Radiology_Upload_Consent.runUploadConsent()'><b>runUploadConsent</b><br>Test class: com.medmantra.testcases.Emergency.TC_111_Emergency_WorkList_Doctor_Activities_Radiology_Upload_Consent<br>Parameters: By EP Number, CT, 100ML CONTRAST - C.T.SCAN, Clinical Notes, A Kaladhar, File Uploaded Successfully</td>
<td><div><pre>java.lang.IllegalArgumentException: Keys to send should be a not null CharSequence
	at org.openqa.selenium.remote.RemoteWebElement.sendKeys(RemoteWebElement.java:92)
	at com.framework.selenium.api.base.SeleniumBase.type(SeleniumBase.java:342)
	at com.medmantra.pages.EmergencyWorkListPage.enterEPNumber(EmergencyWorkListPage.java:16)
	at com.medmantra.testcases.Emergency.TC_111_Emergency_WorkList_Doctor_Activities_Radiology_Upload_Consent.runUploadConsent(TC_111_Emergency_WorkList_Doctor_Activities_Radiology_Upload_Consent.java:25)
	at java.base/java.util.ArrayList.forEach(ArrayList.java:1511)
... Removed 27 stack frames</pre></div><a href='#' onClick='toggleBox("stack-trace1336401756", this, "Click to show all stack frames", "Click to hide stack frames")'>Click to show all stack frames</a>
<div class='stack-trace' id='stack-trace1336401756'><pre>java.lang.IllegalArgumentException: Keys to send should be a not null CharSequence
	at org.openqa.selenium.remote.RemoteWebElement.sendKeys(RemoteWebElement.java:92)
	at com.framework.selenium.api.base.SeleniumBase.type(SeleniumBase.java:342)
	at com.medmantra.pages.EmergencyWorkListPage.enterEPNumber(EmergencyWorkListPage.java:16)
	at com.medmantra.testcases.Emergency.TC_111_Emergency_WorkList_Doctor_Activities_Radiology_Upload_Consent.runUploadConsent(TC_111_Emergency_WorkList_Doctor_Activities_Radiology_Upload_Consent.java:25)
	at java.base/jdk.internal.reflect.NativeMethodAccessorImpl.invoke0(Native Method)
	at java.base/jdk.internal.reflect.NativeMethodAccessorImpl.invoke(NativeMethodAccessorImpl.java:77)
	at java.base/jdk.internal.reflect.DelegatingMethodAccessorImpl.invoke(DelegatingMethodAccessorImpl.java:43)
	at java.base/java.lang.reflect.Method.invoke(Method.java:568)
	at org.testng.internal.MethodInvocationHelper.invokeMethod(MethodInvocationHelper.java:133)
	at org.testng.internal.TestInvoker.invokeMethod(TestInvoker.java:598)
	at org.testng.internal.TestInvoker.invokeTestMethod(TestInvoker.java:173)
	at org.testng.internal.MethodRunner.runInSequence(MethodRunner.java:46)
	at org.testng.internal.TestInvoker$MethodInvocationAgent.invoke(TestInvoker.java:824)
	at org.testng.internal.TestInvoker.invokeTestMethods(TestInvoker.java:146)
	at org.testng.internal.TestMethodWorker.invokeTestMethods(TestMethodWorker.java:146)
	at org.testng.internal.TestMethodWorker.run(TestMethodWorker.java:128)
	at java.base/java.util.ArrayList.forEach(ArrayList.java:1511)
	at org.testng.TestRunner.privateRun(TestRunner.java:794)
	at org.testng.TestRunner.run(TestRunner.java:596)
	at org.testng.SuiteRunner.runTest(SuiteRunner.java:377)
	at org.testng.SuiteRunner.runSequentially(SuiteRunner.java:371)
	at org.testng.SuiteRunner.privateRun(SuiteRunner.java:332)
	at org.testng.SuiteRunner.run(SuiteRunner.java:276)
	at org.testng.SuiteRunnerWorker.runSuite(SuiteRunnerWorker.java:53)
	at org.testng.SuiteRunnerWorker.run(SuiteRunnerWorker.java:96)
	at org.testng.TestNG.runSuitesSequentially(TestNG.java:1212)
	at org.testng.TestNG.runSuitesLocally(TestNG.java:1134)
	at org.testng.TestNG.runSuites(TestNG.java:1063)
	at org.testng.TestNG.run(TestNG.java:1031)
	at org.testng.remote.AbstractRemoteTestNG.run(AbstractRemoteTestNG.java:115)
	at org.testng.remote.RemoteTestNG.initAndRun(RemoteTestNG.java:251)
	at org.testng.remote.RemoteTestNG.main(RemoteTestNG.java:77)
</pre></div></td>
<td>12</td>
<td>com.medmantra.testcases.Emergency.TC_111_Emergency_WorkList_Doctor_Activities_Radiology_Upload_Consent@7dc19a70</td></tr>
<tr>
<td title='com.medmantra.testcases.Emergency.TC_086_Emergency_WorkList_Doctor_Activities_Raise_Equipment_Request.runRaiseEquipmentRequest()'><b>runRaiseEquipmentRequest</b><br>Test class: com.medmantra.testcases.Emergency.TC_086_Emergency_WorkList_Doctor_Activities_Raise_Equipment_Request<br>Parameters: By EP Number, raised successfully</td>
<td><div><pre>java.lang.IllegalArgumentException: Keys to send should be a not null CharSequence
	at org.openqa.selenium.remote.RemoteWebElement.sendKeys(RemoteWebElement.java:92)
	at com.framework.selenium.api.base.SeleniumBase.type(SeleniumBase.java:342)
	at com.medmantra.pages.EmergencyWorkListPage.enterEPNumber(EmergencyWorkListPage.java:16)
	at com.medmantra.testcases.Emergency.TC_086_Emergency_WorkList_Doctor_Activities_Raise_Equipment_Request.runRaiseEquipmentRequest(TC_086_Emergency_WorkList_Doctor_Activities_Raise_Equipment_Request.java:24)
	at java.base/java.util.ArrayList.forEach(ArrayList.java:1511)
... Removed 27 stack frames</pre></div><a href='#' onClick='toggleBox("stack-trace1263887658", this, "Click to show all stack frames", "Click to hide stack frames")'>Click to show all stack frames</a>
<div class='stack-trace' id='stack-trace1263887658'><pre>java.lang.IllegalArgumentException: Keys to send should be a not null CharSequence
	at org.openqa.selenium.remote.RemoteWebElement.sendKeys(RemoteWebElement.java:92)
	at com.framework.selenium.api.base.SeleniumBase.type(SeleniumBase.java:342)
	at com.medmantra.pages.EmergencyWorkListPage.enterEPNumber(EmergencyWorkListPage.java:16)
	at com.medmantra.testcases.Emergency.TC_086_Emergency_WorkList_Doctor_Activities_Raise_Equipment_Request.runRaiseEquipmentRequest(TC_086_Emergency_WorkList_Doctor_Activities_Raise_Equipment_Request.java:24)
	at java.base/jdk.internal.reflect.NativeMethodAccessorImpl.invoke0(Native Method)
	at java.base/jdk.internal.reflect.NativeMethodAccessorImpl.invoke(NativeMethodAccessorImpl.java:77)
	at java.base/jdk.internal.reflect.DelegatingMethodAccessorImpl.invoke(DelegatingMethodAccessorImpl.java:43)
	at java.base/java.lang.reflect.Method.invoke(Method.java:568)
	at org.testng.internal.MethodInvocationHelper.invokeMethod(MethodInvocationHelper.java:133)
	at org.testng.internal.TestInvoker.invokeMethod(TestInvoker.java:598)
	at org.testng.internal.TestInvoker.invokeTestMethod(TestInvoker.java:173)
	at org.testng.internal.MethodRunner.runInSequence(MethodRunner.java:46)
	at org.testng.internal.TestInvoker$MethodInvocationAgent.invoke(TestInvoker.java:824)
	at org.testng.internal.TestInvoker.invokeTestMethods(TestInvoker.java:146)
	at org.testng.internal.TestMethodWorker.invokeTestMethods(TestMethodWorker.java:146)
	at org.testng.internal.TestMethodWorker.run(TestMethodWorker.java:128)
	at java.base/java.util.ArrayList.forEach(ArrayList.java:1511)
	at org.testng.TestRunner.privateRun(TestRunner.java:794)
	at org.testng.TestRunner.run(TestRunner.java:596)
	at org.testng.SuiteRunner.runTest(SuiteRunner.java:377)
	at org.testng.SuiteRunner.runSequentially(SuiteRunner.java:371)
	at org.testng.SuiteRunner.privateRun(SuiteRunner.java:332)
	at org.testng.SuiteRunner.run(SuiteRunner.java:276)
	at org.testng.SuiteRunnerWorker.runSuite(SuiteRunnerWorker.java:53)
	at org.testng.SuiteRunnerWorker.run(SuiteRunnerWorker.java:96)
	at org.testng.TestNG.runSuitesSequentially(TestNG.java:1212)
	at org.testng.TestNG.runSuitesLocally(TestNG.java:1134)
	at org.testng.TestNG.runSuites(TestNG.java:1063)
	at org.testng.TestNG.run(TestNG.java:1031)
	at org.testng.remote.AbstractRemoteTestNG.run(AbstractRemoteTestNG.java:115)
	at org.testng.remote.RemoteTestNG.initAndRun(RemoteTestNG.java:251)
	at org.testng.remote.RemoteTestNG.main(RemoteTestNG.java:77)
</pre></div></td>
<td>12</td>
<td>com.medmantra.testcases.Emergency.TC_086_Emergency_WorkList_Doctor_Activities_Raise_Equipment_Request@2254127a</td></tr>
<tr>
<td title='com.medmantra.testcases.Emergency.TC_087_Emergency_WorkList_Doctor_Activities_Raise_Forms_Request_Personal.runRaiseFormsRequest()'><b>runRaiseFormsRequest</b><br>Test class: com.medmantra.testcases.Emergency.TC_087_Emergency_WorkList_Doctor_Activities_Raise_Forms_Request_Personal<br>Parameters: By EP Number, Record Saved Successfully</td>
<td><div><pre>java.lang.IllegalArgumentException: Keys to send should be a not null CharSequence
	at org.openqa.selenium.remote.RemoteWebElement.sendKeys(RemoteWebElement.java:92)
	at com.framework.selenium.api.base.SeleniumBase.type(SeleniumBase.java:342)
	at com.medmantra.pages.EmergencyWorkListPage.enterEPNumber(EmergencyWorkListPage.java:16)
	at com.medmantra.testcases.Emergency.TC_087_Emergency_WorkList_Doctor_Activities_Raise_Forms_Request_Personal.runRaiseFormsRequest(TC_087_Emergency_WorkList_Doctor_Activities_Raise_Forms_Request_Personal.java:24)
	at java.base/java.util.ArrayList.forEach(ArrayList.java:1511)
... Removed 27 stack frames</pre></div><a href='#' onClick='toggleBox("stack-trace221632586", this, "Click to show all stack frames", "Click to hide stack frames")'>Click to show all stack frames</a>
<div class='stack-trace' id='stack-trace221632586'><pre>java.lang.IllegalArgumentException: Keys to send should be a not null CharSequence
	at org.openqa.selenium.remote.RemoteWebElement.sendKeys(RemoteWebElement.java:92)
	at com.framework.selenium.api.base.SeleniumBase.type(SeleniumBase.java:342)
	at com.medmantra.pages.EmergencyWorkListPage.enterEPNumber(EmergencyWorkListPage.java:16)
	at com.medmantra.testcases.Emergency.TC_087_Emergency_WorkList_Doctor_Activities_Raise_Forms_Request_Personal.runRaiseFormsRequest(TC_087_Emergency_WorkList_Doctor_Activities_Raise_Forms_Request_Personal.java:24)
	at java.base/jdk.internal.reflect.NativeMethodAccessorImpl.invoke0(Native Method)
	at java.base/jdk.internal.reflect.NativeMethodAccessorImpl.invoke(NativeMethodAccessorImpl.java:77)
	at java.base/jdk.internal.reflect.DelegatingMethodAccessorImpl.invoke(DelegatingMethodAccessorImpl.java:43)
	at java.base/java.lang.reflect.Method.invoke(Method.java:568)
	at org.testng.internal.MethodInvocationHelper.invokeMethod(MethodInvocationHelper.java:133)
	at org.testng.internal.TestInvoker.invokeMethod(TestInvoker.java:598)
	at org.testng.internal.TestInvoker.invokeTestMethod(TestInvoker.java:173)
	at org.testng.internal.MethodRunner.runInSequence(MethodRunner.java:46)
	at org.testng.internal.TestInvoker$MethodInvocationAgent.invoke(TestInvoker.java:824)
	at org.testng.internal.TestInvoker.invokeTestMethods(TestInvoker.java:146)
	at org.testng.internal.TestMethodWorker.invokeTestMethods(TestMethodWorker.java:146)
	at org.testng.internal.TestMethodWorker.run(TestMethodWorker.java:128)
	at java.base/java.util.ArrayList.forEach(ArrayList.java:1511)
	at org.testng.TestRunner.privateRun(TestRunner.java:794)
	at org.testng.TestRunner.run(TestRunner.java:596)
	at org.testng.SuiteRunner.runTest(SuiteRunner.java:377)
	at org.testng.SuiteRunner.runSequentially(SuiteRunner.java:371)
	at org.testng.SuiteRunner.privateRun(SuiteRunner.java:332)
	at org.testng.SuiteRunner.run(SuiteRunner.java:276)
	at org.testng.SuiteRunnerWorker.runSuite(SuiteRunnerWorker.java:53)
	at org.testng.SuiteRunnerWorker.run(SuiteRunnerWorker.java:96)
	at org.testng.TestNG.runSuitesSequentially(TestNG.java:1212)
	at org.testng.TestNG.runSuitesLocally(TestNG.java:1134)
	at org.testng.TestNG.runSuites(TestNG.java:1063)
	at org.testng.TestNG.run(TestNG.java:1031)
	at org.testng.remote.AbstractRemoteTestNG.run(AbstractRemoteTestNG.java:115)
	at org.testng.remote.RemoteTestNG.initAndRun(RemoteTestNG.java:251)
	at org.testng.remote.RemoteTestNG.main(RemoteTestNG.java:77)
</pre></div></td>
<td>12</td>
<td>com.medmantra.testcases.Emergency.TC_087_Emergency_WorkList_Doctor_Activities_Raise_Forms_Request_Personal@51891008</td></tr>
</table><p>
<table width='100%' border='1' class='invocation-passed'>
<tr><td colspan='4' align='center'><b>PASSED TESTS</b></td></tr>
<tr><td><b>Test method</b></td>
<td width="30%"><b>Exception</b></td>
<td width="10%"><b>Time (seconds)</b></td>
<td><b>Instance</b></td>
</tr>
<tr>
<td title='com.medmantra.testcases.Emergency.TC_EmergencyBedBooking.runEmergencyBedBooking()'><b>runEmergencyBedBooking</b><br>Test class: com.medmantra.testcases.Emergency.TC_EmergencyBedBooking<br>Parameters: Main Building, Block1, First Floor, 1st FloorSpecial Ward, Emergency, Isolation</td>
<td></td>
<td>49</td>
<td>com.medmantra.testcases.Emergency.TC_EmergencyBedBooking@4dc27487</td></tr>
</table><p>
</body>
</html>