<?xml version="1.0" encoding="UTF-8"?>
<!-- Generated by org.testng.reporters.JUnitXMLReporter -->
<<<<<<< HEAD
<testsuite ignored="3" hostname="DESKTOP-6CGC2KB" failures="0" tests="2" name="TC_027" time="173.412" errors="0" timestamp="2022-08-17T13:18:30 IST">
  <testcase classname="com.medmantra.testcases.Registration.TC_001_REG_NormalRegistration" name="normalRegistration" time="106.849"/>
  <testcase classname="com.medmantra.testcases.ES_Appoinment.TC_027_ES_AppointmentBooking_Waitlist" name="runAppoinmentBookingWaitlist" time="60.166"/>
=======
<testsuite ignored="3" hostname="EC-AUTOMA-001" failures="2" tests="6" name="TC_027" time="816.622" errors="0" timestamp="2022-09-13T05:58:49 PDT">
  <testcase classname="com.medmantra.testcases.Laboratory.ToCreateLRNNumber" name="createLRN" time="124.474">
    <skipped/>
  </testcase> <!-- createLRN -->
  <testcase classname="com.medmantra.testcases.Laboratory.ToCreateLRNNumber" name="createLRN" time="123.031">
    <skipped/>
  </testcase> <!-- createLRN -->
  <testcase classname="com.medmantra.testcases.Laboratory.ToCreateLRNNumber" name="createLRN" time="122.406">
    <failure type="java.lang.RuntimeException" message="See the reporter for details.">
      <![CDATA[java.lang.RuntimeException: See the reporter for details.
at com.framework.utils.Reporter.reportStep(Reporter.java:92)
at com.framework.utils.Reporter.reportStep(Reporter.java:107)
at com.framework.selenium.api.base.SeleniumBase.locateElement(SeleniumBase.java:632)
at com.medmantra.pages.WardsDashboardPage.clickDoctorActivities(WardsDashboardPage.java:39)
at com.medmantra.testcases.Laboratory.ToCreateLRNNumber.createLRN(ToCreateLRNNumber.java:50)
at java.base/java.util.ArrayList.forEach(ArrayList.java:1511)
... Removed 26 stack frames]]>
    </failure>
  </testcase> <!-- createLRN -->
  <testcase classname="com.medmantra.testcases.Laboratory.TC_027_LAB_IPSampleCollectionPrintLabel" name="IPSampleCollectionPrintLabels" time="129.037">
    <skipped/>
  </testcase> <!-- IPSampleCollectionPrintLabels -->
  <testcase classname="com.medmantra.testcases.Laboratory.TC_027_LAB_IPSampleCollectionPrintLabel" name="IPSampleCollectionPrintLabels" time="129.219">
    <skipped/>
  </testcase> <!-- IPSampleCollectionPrintLabels -->
  <testcase classname="com.medmantra.testcases.Laboratory.TC_027_LAB_IPSampleCollectionPrintLabel" name="IPSampleCollectionPrintLabels" time="138.241">
    <failure type="java.lang.RuntimeException" message="See the reporter for details.">
      <![CDATA[java.lang.RuntimeException: See the reporter for details.
at com.framework.utils.Reporter.reportStep(Reporter.java:92)
at com.framework.utils.Reporter.reportStep(Reporter.java:107)
at com.framework.selenium.api.base.SeleniumBase.locateElement(SeleniumBase.java:632)
at com.medmantra.pages.IPSampleCollectionPage.clickLRN(IPSampleCollectionPage.java:77)
at com.medmantra.testcases.Laboratory.TC_027_LAB_IPSampleCollectionPrintLabel.IPSampleCollectionPrintLabels(TC_027_LAB_IPSampleCollectionPrintLabel.java:34)
at java.base/java.util.ArrayList.forEach(ArrayList.java:1511)
... Removed 27 stack frames]]>
    </failure>
  </testcase> <!-- IPSampleCollectionPrintLabels -->
>>>>>>> a36527de2242561f4ee434d68ee0055eb38bdbe2
  <testcase classname="com.framework.utils.Reporter" name="@BeforeSuite startReport" time="0.0">
    <ignored/>
  </testcase> <!-- @BeforeSuite startReport -->
  <testcase classname="com.framework.testng.api.base.ProjectSpecificMethods" name="@BeforeSuite url" time="0.0">
    <ignored/>
  </testcase> <!-- @BeforeSuite url -->
  <testcase classname="com.framework.utils.Reporter" name="@AfterSuite endResult" time="0.0">
    <ignored/>
  </testcase> <!-- @AfterSuite endResult -->
</testsuite> <!-- TC_027 -->
