<html>
<head>
<title>TestNG:  TC_012 - 019</title>
<link href="../testng.css" rel="stylesheet" type="text/css" />
<link href="../my-testng.css" rel="stylesheet" type="text/css" />

<style type="text/css">
.log { display: none;} 
.stack-trace { display: none;} 
</style>
<script type="text/javascript">
<!--
function flip(e) {
  current = e.style.display;
  if (current == 'block') {
    e.style.display = 'none';
    return 0;
  }
  else {
    e.style.display = 'block';
    return 1;
  }
}

function toggleBox(szDivId, elem, msg1, msg2)
{
  var res = -1;  if (document.getElementById) {
    res = flip(document.getElementById(szDivId));
  }
  else if (document.all) {
    // this is the way old msie versions work
    res = flip(document.all[szDivId]);
  }
  if(elem) {
    if(res == 0) elem.innerHTML = msg1; else elem.innerHTML = msg2;
  }

}

function toggleAllBoxes() {
  if (document.getElementsByTagName) {
    d = document.getElementsByTagName('div');
    for (i = 0; i < d.length; i++) {
      if (d[i].className == 'log') {
        flip(d[i]);
      }
    }
  }
}

// -->
</script>

</head>
<body>
<h2 align='center'>TC_012 - 019</h2><table border='1' align="center">
<tr>
<td>Tests passed/Failed/Skipped:</td><td>4/3/7</td>
</tr><tr>
<td>Started on:</td><td>Tue Sep 13 04:18:29 PDT 2022</td>
</tr>
<tr><td>Total time:</td><td>3090 seconds (3090617 ms)</td>
</tr><tr>
<td>Included groups:</td><td></td>
</tr><tr>
<td>Excluded groups:</td><td></td>
</tr>
</table><p/>
<small><i>(Hover the method name to see the test class name)</i></small><p/>
<table width='100%' border='1' class='invocation-failed'>
<tr><td colspan='4' align='center'><b>FAILED TESTS</b></td></tr>
<tr><td><b>Test method</b></td>
<td width="30%"><b>Exception</b></td>
<td width="10%"><b>Time (seconds)</b></td>
<td><b>Instance</b></td>
</tr>
<tr>
<td title='com.medmantra.testcases.Laboratory.TC_013_LAB_Lab_ReceptionPrintStickers.patientSearch()'><b>patientSearch</b><br>Test class: com.medmantra.testcases.Laboratory.TC_013_LAB_Lab_ReceptionPrintStickers<br>Parameters: OPP6659105, 
 Stickers</td>
<td><div><pre>java.lang.RuntimeException: See the reporter for details.
	at com.framework.utils.Reporter.reportStep(Reporter.java:92)
	at com.framework.utils.Reporter.reportStep(Reporter.java:107)
	at com.framework.selenium.api.base.SeleniumBase.verifyTitle(SeleniumBase.java:900)
	at com.medmantra.testcases.Laboratory.TC_013_LAB_Lab_ReceptionPrintStickers.patientSearch(TC_013_LAB_Lab_ReceptionPrintStickers.java:35)
	at java.base/java.util.ArrayList.forEach(ArrayList.java:1511)
... Removed 27 stack frames</pre></div><a href='#' onClick='toggleBox("stack-trace123366619", this, "Click to show all stack frames", "Click to hide stack frames")'>Click to show all stack frames</a>
<div class='stack-trace' id='stack-trace123366619'><pre>java.lang.RuntimeException: See the reporter for details.
	at com.framework.utils.Reporter.reportStep(Reporter.java:92)
	at com.framework.utils.Reporter.reportStep(Reporter.java:107)
	at com.framework.selenium.api.base.SeleniumBase.verifyTitle(SeleniumBase.java:900)
	at com.medmantra.testcases.Laboratory.TC_013_LAB_Lab_ReceptionPrintStickers.patientSearch(TC_013_LAB_Lab_ReceptionPrintStickers.java:35)
	at java.base/jdk.internal.reflect.NativeMethodAccessorImpl.invoke0(Native Method)
	at java.base/jdk.internal.reflect.NativeMethodAccessorImpl.invoke(NativeMethodAccessorImpl.java:77)
	at java.base/jdk.internal.reflect.DelegatingMethodAccessorImpl.invoke(DelegatingMethodAccessorImpl.java:43)
	at java.base/java.lang.reflect.Method.invoke(Method.java:568)
	at org.testng.internal.MethodInvocationHelper.invokeMethod(MethodInvocationHelper.java:133)
	at org.testng.internal.TestInvoker.invokeMethod(TestInvoker.java:598)
	at org.testng.internal.TestInvoker.retryFailed(TestInvoker.java:213)
	at org.testng.internal.MethodRunner.runInSequence(MethodRunner.java:58)
	at org.testng.internal.TestInvoker$MethodInvocationAgent.invoke(TestInvoker.java:824)
	at org.testng.internal.TestInvoker.invokeTestMethods(TestInvoker.java:146)
	at org.testng.internal.TestMethodWorker.invokeTestMethods(TestMethodWorker.java:146)
	at org.testng.internal.TestMethodWorker.run(TestMethodWorker.java:128)
	at java.base/java.util.ArrayList.forEach(ArrayList.java:1511)
	at org.testng.TestRunner.privateRun(TestRunner.java:794)
	at org.testng.TestRunner.run(TestRunner.java:596)
	at org.testng.SuiteRunner.runTest(SuiteRunner.java:377)
	at org.testng.SuiteRunner.runSequentially(SuiteRunner.java:371)
	at org.testng.SuiteRunner.privateRun(SuiteRunner.java:332)
	at org.testng.SuiteRunner.run(SuiteRunner.java:276)
	at org.testng.SuiteRunnerWorker.runSuite(SuiteRunnerWorker.java:53)
	at org.testng.SuiteRunnerWorker.run(SuiteRunnerWorker.java:96)
	at org.testng.TestNG.runSuitesSequentially(TestNG.java:1212)
	at org.testng.TestNG.runSuitesLocally(TestNG.java:1134)
	at org.testng.TestNG.runSuites(TestNG.java:1063)
	at org.testng.TestNG.run(TestNG.java:1031)
	at org.testng.remote.AbstractRemoteTestNG.run(AbstractRemoteTestNG.java:115)
	at org.testng.remote.RemoteTestNG.initAndRun(RemoteTestNG.java:251)
	at org.testng.remote.RemoteTestNG.main(RemoteTestNG.java:77)
</pre></div></td>
<td>34</td>
<td>com.medmantra.testcases.Laboratory.TC_013_LAB_Lab_ReceptionPrintStickers@6a4f1a55</td></tr>
<tr>
<td title='com.medmantra.testcases.Laboratory.TC_015_Lab_Reception_Generate_PP_Token.patientSearch()'><b>patientSearch</b><br>Test class: com.medmantra.testcases.Laboratory.TC_015_Lab_Reception_Generate_PP_Token<br>Parameters: OPP6656646</td>
<td><div><pre>java.lang.RuntimeException: See the reporter for details.
	at com.framework.utils.Reporter.reportStep(Reporter.java:92)
	at com.framework.utils.Reporter.reportStep(Reporter.java:107)
	at com.framework.selenium.api.base.SeleniumBase.locateElement(SeleniumBase.java:632)
	at com.medmantra.pages.LabReception.clickGeneratePPToken(LabReception.java:42)
	at com.medmantra.testcases.Laboratory.TC_015_Lab_Reception_Generate_PP_Token.patientSearch(TC_015_Lab_Reception_Generate_PP_Token.java:34)
	at java.base/java.util.ArrayList.forEach(ArrayList.java:1511)
... Removed 27 stack frames</pre></div><a href='#' onClick='toggleBox("stack-trace1703397679", this, "Click to show all stack frames", "Click to hide stack frames")'>Click to show all stack frames</a>
<div class='stack-trace' id='stack-trace1703397679'><pre>java.lang.RuntimeException: See the reporter for details.
	at com.framework.utils.Reporter.reportStep(Reporter.java:92)
	at com.framework.utils.Reporter.reportStep(Reporter.java:107)
	at com.framework.selenium.api.base.SeleniumBase.locateElement(SeleniumBase.java:632)
	at com.medmantra.pages.LabReception.clickGeneratePPToken(LabReception.java:42)
	at com.medmantra.testcases.Laboratory.TC_015_Lab_Reception_Generate_PP_Token.patientSearch(TC_015_Lab_Reception_Generate_PP_Token.java:34)
	at java.base/jdk.internal.reflect.NativeMethodAccessorImpl.invoke0(Native Method)
	at java.base/jdk.internal.reflect.NativeMethodAccessorImpl.invoke(NativeMethodAccessorImpl.java:77)
	at java.base/jdk.internal.reflect.DelegatingMethodAccessorImpl.invoke(DelegatingMethodAccessorImpl.java:43)
	at java.base/java.lang.reflect.Method.invoke(Method.java:568)
	at org.testng.internal.MethodInvocationHelper.invokeMethod(MethodInvocationHelper.java:133)
	at org.testng.internal.TestInvoker.invokeMethod(TestInvoker.java:598)
	at org.testng.internal.TestInvoker.retryFailed(TestInvoker.java:213)
	at org.testng.internal.MethodRunner.runInSequence(MethodRunner.java:58)
	at org.testng.internal.TestInvoker$MethodInvocationAgent.invoke(TestInvoker.java:824)
	at org.testng.internal.TestInvoker.invokeTestMethods(TestInvoker.java:146)
	at org.testng.internal.TestMethodWorker.invokeTestMethods(TestMethodWorker.java:146)
	at org.testng.internal.TestMethodWorker.run(TestMethodWorker.java:128)
	at java.base/java.util.ArrayList.forEach(ArrayList.java:1511)
	at org.testng.TestRunner.privateRun(TestRunner.java:794)
	at org.testng.TestRunner.run(TestRunner.java:596)
	at org.testng.SuiteRunner.runTest(SuiteRunner.java:377)
	at org.testng.SuiteRunner.runSequentially(SuiteRunner.java:371)
	at org.testng.SuiteRunner.privateRun(SuiteRunner.java:332)
	at org.testng.SuiteRunner.run(SuiteRunner.java:276)
	at org.testng.SuiteRunnerWorker.runSuite(SuiteRunnerWorker.java:53)
	at org.testng.SuiteRunnerWorker.run(SuiteRunnerWorker.java:96)
	at org.testng.TestNG.runSuitesSequentially(TestNG.java:1212)
	at org.testng.TestNG.runSuitesLocally(TestNG.java:1134)
	at org.testng.TestNG.runSuites(TestNG.java:1063)
	at org.testng.TestNG.run(TestNG.java:1031)
	at org.testng.remote.AbstractRemoteTestNG.run(AbstractRemoteTestNG.java:115)
	at org.testng.remote.RemoteTestNG.initAndRun(RemoteTestNG.java:251)
	at org.testng.remote.RemoteTestNG.main(RemoteTestNG.java:77)
</pre></div></td>
<td>119</td>
<td>com.medmantra.testcases.Laboratory.TC_015_Lab_Reception_Generate_PP_Token@2584b82d</td></tr>
<tr>
<td title='com.medmantra.testcases.Laboratory.TC_018_LAB_CounterAllocationAssignedTokensList.CounterAllocation()'><b>CounterAllocation</b><br>Test class: com.medmantra.testcases.Laboratory.TC_018_LAB_CounterAllocationAssignedTokensList<br>Parameters: OP COLLECTION SINDOORI BASMENT, Test A</td>
<td><div><pre>java.lang.RuntimeException: See the reporter for details.
	at com.framework.utils.Reporter.reportStep(Reporter.java:92)
	at com.framework.utils.Reporter.reportStep(Reporter.java:107)
	at com.framework.selenium.api.base.SeleniumBase.selectDropDownUsingText(SeleniumBase.java:410)
	at com.medmantra.pages.CounterAllocationPage.selectCounterName(CounterAllocationPage.java:20)
	at com.medmantra.testcases.Laboratory.TC_018_LAB_CounterAllocationAssignedTokensList.CounterAllocation(TC_018_LAB_CounterAllocationAssignedTokensList.java:33)
	at java.base/java.util.ArrayList.forEach(ArrayList.java:1511)
... Removed 27 stack frames</pre></div><a href='#' onClick='toggleBox("stack-trace459885056", this, "Click to show all stack frames", "Click to hide stack frames")'>Click to show all stack frames</a>
<div class='stack-trace' id='stack-trace459885056'><pre>java.lang.RuntimeException: See the reporter for details.
	at com.framework.utils.Reporter.reportStep(Reporter.java:92)
	at com.framework.utils.Reporter.reportStep(Reporter.java:107)
	at com.framework.selenium.api.base.SeleniumBase.selectDropDownUsingText(SeleniumBase.java:410)
	at com.medmantra.pages.CounterAllocationPage.selectCounterName(CounterAllocationPage.java:20)
	at com.medmantra.testcases.Laboratory.TC_018_LAB_CounterAllocationAssignedTokensList.CounterAllocation(TC_018_LAB_CounterAllocationAssignedTokensList.java:33)
	at java.base/jdk.internal.reflect.NativeMethodAccessorImpl.invoke0(Native Method)
	at java.base/jdk.internal.reflect.NativeMethodAccessorImpl.invoke(NativeMethodAccessorImpl.java:77)
	at java.base/jdk.internal.reflect.DelegatingMethodAccessorImpl.invoke(DelegatingMethodAccessorImpl.java:43)
	at java.base/java.lang.reflect.Method.invoke(Method.java:568)
	at org.testng.internal.MethodInvocationHelper.invokeMethod(MethodInvocationHelper.java:133)
	at org.testng.internal.TestInvoker.invokeMethod(TestInvoker.java:598)
	at org.testng.internal.TestInvoker.retryFailed(TestInvoker.java:213)
	at org.testng.internal.MethodRunner.runInSequence(MethodRunner.java:58)
	at org.testng.internal.TestInvoker$MethodInvocationAgent.invoke(TestInvoker.java:824)
	at org.testng.internal.TestInvoker.invokeTestMethods(TestInvoker.java:146)
	at org.testng.internal.TestMethodWorker.invokeTestMethods(TestMethodWorker.java:146)
	at org.testng.internal.TestMethodWorker.run(TestMethodWorker.java:128)
	at java.base/java.util.ArrayList.forEach(ArrayList.java:1511)
	at org.testng.TestRunner.privateRun(TestRunner.java:794)
	at org.testng.TestRunner.run(TestRunner.java:596)
	at org.testng.SuiteRunner.runTest(SuiteRunner.java:377)
	at org.testng.SuiteRunner.runSequentially(SuiteRunner.java:371)
	at org.testng.SuiteRunner.privateRun(SuiteRunner.java:332)
	at org.testng.SuiteRunner.run(SuiteRunner.java:276)
	at org.testng.SuiteRunnerWorker.runSuite(SuiteRunnerWorker.java:53)
	at org.testng.SuiteRunnerWorker.run(SuiteRunnerWorker.java:96)
	at org.testng.TestNG.runSuitesSequentially(TestNG.java:1212)
	at org.testng.TestNG.runSuitesLocally(TestNG.java:1134)
	at org.testng.TestNG.runSuites(TestNG.java:1063)
	at org.testng.TestNG.run(TestNG.java:1031)
	at org.testng.remote.AbstractRemoteTestNG.run(AbstractRemoteTestNG.java:115)
	at org.testng.remote.RemoteTestNG.initAndRun(RemoteTestNG.java:251)
	at org.testng.remote.RemoteTestNG.main(RemoteTestNG.java:77)
</pre></div></td>
<td>201</td>
<td>com.medmantra.testcases.Laboratory.TC_018_LAB_CounterAllocationAssignedTokensList@6933b6c6</td></tr>
</table><p>
<table width='100%' border='1' class='invocation-passed'>
<tr><td colspan='4' align='center'><b>PASSED TESTS</b></td></tr>
<tr><td><b>Test method</b></td>
<td width="30%"><b>Exception</b></td>
<td width="10%"><b>Time (seconds)</b></td>
<td><b>Instance</b></td>
</tr>
<tr>
<td title='com.medmantra.testcases.Laboratory.TC_012_LAB_LabReceptionPrintLabels.patientSearch()'><b>patientSearch</b><br>Test class: com.medmantra.testcases.Laboratory.TC_012_LAB_LabReceptionPrintLabels<br>Parameters: OPP6659139, APOLLO HOSPITALS</td>
<td></td>
<td>53</td>
<td>com.medmantra.testcases.Laboratory.TC_012_LAB_LabReceptionPrintLabels@1b919693</td></tr>
<tr>
<td title='com.medmantra.testcases.Laboratory.TC_014_Lab_ReceptionLabScheduleSlip.patientSearch()'><b>patientSearch</b><br>Test class: com.medmantra.testcases.Laboratory.TC_014_Lab_ReceptionLabScheduleSlip<br>Parameters: OPP6659103</td>
<td></td>
<td>32</td>
<td>com.medmantra.testcases.Laboratory.TC_014_Lab_ReceptionLabScheduleSlip@7dfd3c81</td></tr>
<tr>
<td title='com.medmantra.testcases.Laboratory.TC_016_Lab_CounterAllocation.counterAllocation()'><b>counterAllocation</b><br>Test class: com.medmantra.testcases.Laboratory.TC_016_Lab_CounterAllocation<br>Parameters: RR0004, OP COLLECTION MAIN, COUNTER F</td>
<td></td>
<td>25</td>
<td>com.medmantra.testcases.Laboratory.TC_016_Lab_CounterAllocation@7bbc8656</td></tr>
<tr>
<td title='com.medmantra.testcases.Laboratory.TC_019_LAB_CounterDisplay.CounterDisplay()'><b>CounterDisplay</b><br>Test class: com.medmantra.testcases.Laboratory.TC_019_LAB_CounterDisplay<br>Parameters: OP COLLECTION MAIN</td>
<td></td>
<td>29</td>
<td>com.medmantra.testcases.Laboratory.TC_019_LAB_CounterDisplay@7d3e8655</td></tr>
</table><p>
<table width='100%' border='1' class='invocation-skipped'>
<tr><td colspan='4' align='center'><b>SKIPPED TESTS</b></td></tr>
<tr><td><b>Test method</b></td>
<td width="30%"><b>Exception</b></td>
<td width="10%"><b>Time (seconds)</b></td>
<td><b>Instance</b></td>
</tr>
<tr>
<td title='com.medmantra.testcases.Laboratory.TC_013_LAB_Lab_ReceptionPrintStickers.patientSearch()'><b>patientSearch</b><br>Test class: com.medmantra.testcases.Laboratory.TC_013_LAB_Lab_ReceptionPrintStickers<br>Parameters: OPP6659105, 
 Stickers</td>
<td><div><pre>java.lang.RuntimeException: See the reporter for details.
	at com.framework.utils.Reporter.reportStep(Reporter.java:92)
	at com.framework.utils.Reporter.reportStep(Reporter.java:107)
	at com.framework.selenium.api.base.SeleniumBase.verifyTitle(SeleniumBase.java:900)
	at com.medmantra.testcases.Laboratory.TC_013_LAB_Lab_ReceptionPrintStickers.patientSearch(TC_013_LAB_Lab_ReceptionPrintStickers.java:35)
	at java.base/java.util.ArrayList.forEach(ArrayList.java:1511)
... Removed 27 stack frames</pre></div><a href='#' onClick='toggleBox("stack-trace2010632912", this, "Click to show all stack frames", "Click to hide stack frames")'>Click to show all stack frames</a>
<div class='stack-trace' id='stack-trace2010632912'><pre>java.lang.RuntimeException: See the reporter for details.
	at com.framework.utils.Reporter.reportStep(Reporter.java:92)
	at com.framework.utils.Reporter.reportStep(Reporter.java:107)
	at com.framework.selenium.api.base.SeleniumBase.verifyTitle(SeleniumBase.java:900)
	at com.medmantra.testcases.Laboratory.TC_013_LAB_Lab_ReceptionPrintStickers.patientSearch(TC_013_LAB_Lab_ReceptionPrintStickers.java:35)
	at java.base/jdk.internal.reflect.NativeMethodAccessorImpl.invoke0(Native Method)
	at java.base/jdk.internal.reflect.NativeMethodAccessorImpl.invoke(NativeMethodAccessorImpl.java:77)
	at java.base/jdk.internal.reflect.DelegatingMethodAccessorImpl.invoke(DelegatingMethodAccessorImpl.java:43)
	at java.base/java.lang.reflect.Method.invoke(Method.java:568)
	at org.testng.internal.MethodInvocationHelper.invokeMethod(MethodInvocationHelper.java:133)
	at org.testng.internal.TestInvoker.invokeMethod(TestInvoker.java:598)
	at org.testng.internal.TestInvoker.retryFailed(TestInvoker.java:213)
	at org.testng.internal.MethodRunner.runInSequence(MethodRunner.java:58)
	at org.testng.internal.TestInvoker$MethodInvocationAgent.invoke(TestInvoker.java:824)
	at org.testng.internal.TestInvoker.invokeTestMethods(TestInvoker.java:146)
	at org.testng.internal.TestMethodWorker.invokeTestMethods(TestMethodWorker.java:146)
	at org.testng.internal.TestMethodWorker.run(TestMethodWorker.java:128)
	at java.base/java.util.ArrayList.forEach(ArrayList.java:1511)
	at org.testng.TestRunner.privateRun(TestRunner.java:794)
	at org.testng.TestRunner.run(TestRunner.java:596)
	at org.testng.SuiteRunner.runTest(SuiteRunner.java:377)
	at org.testng.SuiteRunner.runSequentially(SuiteRunner.java:371)
	at org.testng.SuiteRunner.privateRun(SuiteRunner.java:332)
	at org.testng.SuiteRunner.run(SuiteRunner.java:276)
	at org.testng.SuiteRunnerWorker.runSuite(SuiteRunnerWorker.java:53)
	at org.testng.SuiteRunnerWorker.run(SuiteRunnerWorker.java:96)
	at org.testng.TestNG.runSuitesSequentially(TestNG.java:1212)
	at org.testng.TestNG.runSuitesLocally(TestNG.java:1134)
	at org.testng.TestNG.runSuites(TestNG.java:1063)
	at org.testng.TestNG.run(TestNG.java:1031)
	at org.testng.remote.AbstractRemoteTestNG.run(AbstractRemoteTestNG.java:115)
	at org.testng.remote.RemoteTestNG.initAndRun(RemoteTestNG.java:251)
	at org.testng.remote.RemoteTestNG.main(RemoteTestNG.java:77)
</pre></div></td>
<td>34</td>
<td>com.medmantra.testcases.Laboratory.TC_013_LAB_Lab_ReceptionPrintStickers@6a4f1a55</td></tr>
<tr>
<td title='com.medmantra.testcases.Laboratory.TC_015_Lab_Reception_Generate_PP_Token.patientSearch()'><b>patientSearch</b><br>Test class: com.medmantra.testcases.Laboratory.TC_015_Lab_Reception_Generate_PP_Token<br>Parameters: OPP6656646</td>
<td><div><pre>java.lang.RuntimeException: See the reporter for details.
	at com.framework.utils.Reporter.reportStep(Reporter.java:92)
	at com.framework.utils.Reporter.reportStep(Reporter.java:107)
	at com.framework.selenium.api.base.SeleniumBase.locateElement(SeleniumBase.java:632)
	at com.medmantra.pages.LabReception.clickGeneratePPToken(LabReception.java:42)
	at com.medmantra.testcases.Laboratory.TC_015_Lab_Reception_Generate_PP_Token.patientSearch(TC_015_Lab_Reception_Generate_PP_Token.java:34)
	at java.base/java.util.ArrayList.forEach(ArrayList.java:1511)
... Removed 27 stack frames</pre></div><a href='#' onClick='toggleBox("stack-trace1429623854", this, "Click to show all stack frames", "Click to hide stack frames")'>Click to show all stack frames</a>
<div class='stack-trace' id='stack-trace1429623854'><pre>java.lang.RuntimeException: See the reporter for details.
	at com.framework.utils.Reporter.reportStep(Reporter.java:92)
	at com.framework.utils.Reporter.reportStep(Reporter.java:107)
	at com.framework.selenium.api.base.SeleniumBase.locateElement(SeleniumBase.java:632)
	at com.medmantra.pages.LabReception.clickGeneratePPToken(LabReception.java:42)
	at com.medmantra.testcases.Laboratory.TC_015_Lab_Reception_Generate_PP_Token.patientSearch(TC_015_Lab_Reception_Generate_PP_Token.java:34)
	at java.base/jdk.internal.reflect.NativeMethodAccessorImpl.invoke0(Native Method)
	at java.base/jdk.internal.reflect.NativeMethodAccessorImpl.invoke(NativeMethodAccessorImpl.java:77)
	at java.base/jdk.internal.reflect.DelegatingMethodAccessorImpl.invoke(DelegatingMethodAccessorImpl.java:43)
	at java.base/java.lang.reflect.Method.invoke(Method.java:568)
	at org.testng.internal.MethodInvocationHelper.invokeMethod(MethodInvocationHelper.java:133)
	at org.testng.internal.TestInvoker.invokeMethod(TestInvoker.java:598)
	at org.testng.internal.TestInvoker.invokeTestMethod(TestInvoker.java:173)
	at org.testng.internal.MethodRunner.runInSequence(MethodRunner.java:46)
	at org.testng.internal.TestInvoker$MethodInvocationAgent.invoke(TestInvoker.java:824)
	at org.testng.internal.TestInvoker.invokeTestMethods(TestInvoker.java:146)
	at org.testng.internal.TestMethodWorker.invokeTestMethods(TestMethodWorker.java:146)
	at org.testng.internal.TestMethodWorker.run(TestMethodWorker.java:128)
	at java.base/java.util.ArrayList.forEach(ArrayList.java:1511)
	at org.testng.TestRunner.privateRun(TestRunner.java:794)
	at org.testng.TestRunner.run(TestRunner.java:596)
	at org.testng.SuiteRunner.runTest(SuiteRunner.java:377)
	at org.testng.SuiteRunner.runSequentially(SuiteRunner.java:371)
	at org.testng.SuiteRunner.privateRun(SuiteRunner.java:332)
	at org.testng.SuiteRunner.run(SuiteRunner.java:276)
	at org.testng.SuiteRunnerWorker.runSuite(SuiteRunnerWorker.java:53)
	at org.testng.SuiteRunnerWorker.run(SuiteRunnerWorker.java:96)
	at org.testng.TestNG.runSuitesSequentially(TestNG.java:1212)
	at org.testng.TestNG.runSuitesLocally(TestNG.java:1134)
	at org.testng.TestNG.runSuites(TestNG.java:1063)
	at org.testng.TestNG.run(TestNG.java:1031)
	at org.testng.remote.AbstractRemoteTestNG.run(AbstractRemoteTestNG.java:115)
	at org.testng.remote.RemoteTestNG.initAndRun(RemoteTestNG.java:251)
	at org.testng.remote.RemoteTestNG.main(RemoteTestNG.java:77)
</pre></div></td>
<td>119</td>
<td>com.medmantra.testcases.Laboratory.TC_015_Lab_Reception_Generate_PP_Token@2584b82d</td></tr>
<tr>
<td title='com.medmantra.testcases.Laboratory.TC_018_LAB_CounterAllocationAssignedTokensList.CounterAllocation()'><b>CounterAllocation</b><br>Test class: com.medmantra.testcases.Laboratory.TC_018_LAB_CounterAllocationAssignedTokensList<br>Parameters: OP COLLECTION SINDOORI BASMENT, Test A</td>
<td><div><pre>java.lang.RuntimeException: See the reporter for details.
	at com.framework.utils.Reporter.reportStep(Reporter.java:92)
	at com.framework.utils.Reporter.reportStep(Reporter.java:107)
	at com.framework.selenium.api.base.SeleniumBase.click(SeleniumBase.java:160)
	at com.medmantra.pages.LaboratoryPage.clickCounterAllocation(LaboratoryPage.java:60)
	at com.medmantra.testcases.Laboratory.TC_018_LAB_CounterAllocationAssignedTokensList.CounterAllocation(TC_018_LAB_CounterAllocationAssignedTokensList.java:31)
	at java.base/java.util.ArrayList.forEach(ArrayList.java:1511)
... Removed 27 stack frames</pre></div><a href='#' onClick='toggleBox("stack-trace447394338", this, "Click to show all stack frames", "Click to hide stack frames")'>Click to show all stack frames</a>
<div class='stack-trace' id='stack-trace447394338'><pre>java.lang.RuntimeException: See the reporter for details.
	at com.framework.utils.Reporter.reportStep(Reporter.java:92)
	at com.framework.utils.Reporter.reportStep(Reporter.java:107)
	at com.framework.selenium.api.base.SeleniumBase.click(SeleniumBase.java:160)
	at com.medmantra.pages.LaboratoryPage.clickCounterAllocation(LaboratoryPage.java:60)
	at com.medmantra.testcases.Laboratory.TC_018_LAB_CounterAllocationAssignedTokensList.CounterAllocation(TC_018_LAB_CounterAllocationAssignedTokensList.java:31)
	at java.base/jdk.internal.reflect.NativeMethodAccessorImpl.invoke0(Native Method)
	at java.base/jdk.internal.reflect.NativeMethodAccessorImpl.invoke(NativeMethodAccessorImpl.java:77)
	at java.base/jdk.internal.reflect.DelegatingMethodAccessorImpl.invoke(DelegatingMethodAccessorImpl.java:43)
	at java.base/java.lang.reflect.Method.invoke(Method.java:568)
	at org.testng.internal.MethodInvocationHelper.invokeMethod(MethodInvocationHelper.java:133)
	at org.testng.internal.TestInvoker.invokeMethod(TestInvoker.java:598)
	at org.testng.internal.TestInvoker.retryFailed(TestInvoker.java:213)
	at org.testng.internal.MethodRunner.runInSequence(MethodRunner.java:58)
	at org.testng.internal.TestInvoker$MethodInvocationAgent.invoke(TestInvoker.java:824)
	at org.testng.internal.TestInvoker.invokeTestMethods(TestInvoker.java:146)
	at org.testng.internal.TestMethodWorker.invokeTestMethods(TestMethodWorker.java:146)
	at org.testng.internal.TestMethodWorker.run(TestMethodWorker.java:128)
	at java.base/java.util.ArrayList.forEach(ArrayList.java:1511)
	at org.testng.TestRunner.privateRun(TestRunner.java:794)
	at org.testng.TestRunner.run(TestRunner.java:596)
	at org.testng.SuiteRunner.runTest(SuiteRunner.java:377)
	at org.testng.SuiteRunner.runSequentially(SuiteRunner.java:371)
	at org.testng.SuiteRunner.privateRun(SuiteRunner.java:332)
	at org.testng.SuiteRunner.run(SuiteRunner.java:276)
	at org.testng.SuiteRunnerWorker.runSuite(SuiteRunnerWorker.java:53)
	at org.testng.SuiteRunnerWorker.run(SuiteRunnerWorker.java:96)
	at org.testng.TestNG.runSuitesSequentially(TestNG.java:1212)
	at org.testng.TestNG.runSuitesLocally(TestNG.java:1134)
	at org.testng.TestNG.runSuites(TestNG.java:1063)
	at org.testng.TestNG.run(TestNG.java:1031)
	at org.testng.remote.AbstractRemoteTestNG.run(AbstractRemoteTestNG.java:115)
	at org.testng.remote.RemoteTestNG.initAndRun(RemoteTestNG.java:251)
	at org.testng.remote.RemoteTestNG.main(RemoteTestNG.java:77)
</pre></div></td>
<td>1993</td>
<td>com.medmantra.testcases.Laboratory.TC_018_LAB_CounterAllocationAssignedTokensList@6933b6c6</td></tr>
<tr>
<td title='com.medmantra.testcases.Laboratory.TC_013_LAB_Lab_ReceptionPrintStickers.patientSearch()'><b>patientSearch</b><br>Test class: com.medmantra.testcases.Laboratory.TC_013_LAB_Lab_ReceptionPrintStickers<br>Parameters: OPP6659105, 
 Stickers</td>
<td><div><pre>java.lang.RuntimeException: See the reporter for details.
	at com.framework.utils.Reporter.reportStep(Reporter.java:92)
	at com.framework.utils.Reporter.reportStep(Reporter.java:107)
	at com.framework.selenium.api.base.SeleniumBase.verifyTitle(SeleniumBase.java:900)
	at com.medmantra.testcases.Laboratory.TC_013_LAB_Lab_ReceptionPrintStickers.patientSearch(TC_013_LAB_Lab_ReceptionPrintStickers.java:35)
	at java.base/java.util.ArrayList.forEach(ArrayList.java:1511)
... Removed 27 stack frames</pre></div><a href='#' onClick='toggleBox("stack-trace1942416364", this, "Click to show all stack frames", "Click to hide stack frames")'>Click to show all stack frames</a>
<div class='stack-trace' id='stack-trace1942416364'><pre>java.lang.RuntimeException: See the reporter for details.
	at com.framework.utils.Reporter.reportStep(Reporter.java:92)
	at com.framework.utils.Reporter.reportStep(Reporter.java:107)
	at com.framework.selenium.api.base.SeleniumBase.verifyTitle(SeleniumBase.java:900)
	at com.medmantra.testcases.Laboratory.TC_013_LAB_Lab_ReceptionPrintStickers.patientSearch(TC_013_LAB_Lab_ReceptionPrintStickers.java:35)
	at java.base/jdk.internal.reflect.NativeMethodAccessorImpl.invoke0(Native Method)
	at java.base/jdk.internal.reflect.NativeMethodAccessorImpl.invoke(NativeMethodAccessorImpl.java:77)
	at java.base/jdk.internal.reflect.DelegatingMethodAccessorImpl.invoke(DelegatingMethodAccessorImpl.java:43)
	at java.base/java.lang.reflect.Method.invoke(Method.java:568)
	at org.testng.internal.MethodInvocationHelper.invokeMethod(MethodInvocationHelper.java:133)
	at org.testng.internal.TestInvoker.invokeMethod(TestInvoker.java:598)
	at org.testng.internal.TestInvoker.invokeTestMethod(TestInvoker.java:173)
	at org.testng.internal.MethodRunner.runInSequence(MethodRunner.java:46)
	at org.testng.internal.TestInvoker$MethodInvocationAgent.invoke(TestInvoker.java:824)
	at org.testng.internal.TestInvoker.invokeTestMethods(TestInvoker.java:146)
	at org.testng.internal.TestMethodWorker.invokeTestMethods(TestMethodWorker.java:146)
	at org.testng.internal.TestMethodWorker.run(TestMethodWorker.java:128)
	at java.base/java.util.ArrayList.forEach(ArrayList.java:1511)
	at org.testng.TestRunner.privateRun(TestRunner.java:794)
	at org.testng.TestRunner.run(TestRunner.java:596)
	at org.testng.SuiteRunner.runTest(SuiteRunner.java:377)
	at org.testng.SuiteRunner.runSequentially(SuiteRunner.java:371)
	at org.testng.SuiteRunner.privateRun(SuiteRunner.java:332)
	at org.testng.SuiteRunner.run(SuiteRunner.java:276)
	at org.testng.SuiteRunnerWorker.runSuite(SuiteRunnerWorker.java:53)
	at org.testng.SuiteRunnerWorker.run(SuiteRunnerWorker.java:96)
	at org.testng.TestNG.runSuitesSequentially(TestNG.java:1212)
	at org.testng.TestNG.runSuitesLocally(TestNG.java:1134)
	at org.testng.TestNG.runSuites(TestNG.java:1063)
	at org.testng.TestNG.run(TestNG.java:1031)
	at org.testng.remote.AbstractRemoteTestNG.run(AbstractRemoteTestNG.java:115)
	at org.testng.remote.RemoteTestNG.initAndRun(RemoteTestNG.java:251)
	at org.testng.remote.RemoteTestNG.main(RemoteTestNG.java:77)
</pre></div></td>
<td>42</td>
<td>com.medmantra.testcases.Laboratory.TC_013_LAB_Lab_ReceptionPrintStickers@6a4f1a55</td></tr>
<tr>
<td title='com.medmantra.testcases.Laboratory.TC_018_LAB_CounterAllocationAssignedTokensList.CounterAllocation()'><b>CounterAllocation</b><br>Test class: com.medmantra.testcases.Laboratory.TC_018_LAB_CounterAllocationAssignedTokensList<br>Parameters: OP COLLECTION SINDOORI BASMENT, Test A</td>
<td><div><pre>java.lang.RuntimeException: See the reporter for details.
	at com.framework.utils.Reporter.reportStep(Reporter.java:92)
	at com.framework.utils.Reporter.reportStep(Reporter.java:107)
	at com.framework.selenium.api.base.SeleniumBase.selectDropDownUsingText(SeleniumBase.java:410)
	at com.medmantra.pages.CounterAllocationPage.selectCounterName(CounterAllocationPage.java:20)
	at com.medmantra.testcases.Laboratory.TC_018_LAB_CounterAllocationAssignedTokensList.CounterAllocation(TC_018_LAB_CounterAllocationAssignedTokensList.java:33)
	at java.base/java.util.ArrayList.forEach(ArrayList.java:1511)
... Removed 27 stack frames</pre></div><a href='#' onClick='toggleBox("stack-trace1084953745", this, "Click to show all stack frames", "Click to hide stack frames")'>Click to show all stack frames</a>
<div class='stack-trace' id='stack-trace1084953745'><pre>java.lang.RuntimeException: See the reporter for details.
	at com.framework.utils.Reporter.reportStep(Reporter.java:92)
	at com.framework.utils.Reporter.reportStep(Reporter.java:107)
	at com.framework.selenium.api.base.SeleniumBase.selectDropDownUsingText(SeleniumBase.java:410)
	at com.medmantra.pages.CounterAllocationPage.selectCounterName(CounterAllocationPage.java:20)
	at com.medmantra.testcases.Laboratory.TC_018_LAB_CounterAllocationAssignedTokensList.CounterAllocation(TC_018_LAB_CounterAllocationAssignedTokensList.java:33)
	at java.base/jdk.internal.reflect.NativeMethodAccessorImpl.invoke0(Native Method)
	at java.base/jdk.internal.reflect.NativeMethodAccessorImpl.invoke(NativeMethodAccessorImpl.java:77)
	at java.base/jdk.internal.reflect.DelegatingMethodAccessorImpl.invoke(DelegatingMethodAccessorImpl.java:43)
	at java.base/java.lang.reflect.Method.invoke(Method.java:568)
	at org.testng.internal.MethodInvocationHelper.invokeMethod(MethodInvocationHelper.java:133)
	at org.testng.internal.TestInvoker.invokeMethod(TestInvoker.java:598)
	at org.testng.internal.TestInvoker.invokeTestMethod(TestInvoker.java:173)
	at org.testng.internal.MethodRunner.runInSequence(MethodRunner.java:46)
	at org.testng.internal.TestInvoker$MethodInvocationAgent.invoke(TestInvoker.java:824)
	at org.testng.internal.TestInvoker.invokeTestMethods(TestInvoker.java:146)
	at org.testng.internal.TestMethodWorker.invokeTestMethods(TestMethodWorker.java:146)
	at org.testng.internal.TestMethodWorker.run(TestMethodWorker.java:128)
	at java.base/java.util.ArrayList.forEach(ArrayList.java:1511)
	at org.testng.TestRunner.privateRun(TestRunner.java:794)
	at org.testng.TestRunner.run(TestRunner.java:596)
	at org.testng.SuiteRunner.runTest(SuiteRunner.java:377)
	at org.testng.SuiteRunner.runSequentially(SuiteRunner.java:371)
	at org.testng.SuiteRunner.privateRun(SuiteRunner.java:332)
	at org.testng.SuiteRunner.run(SuiteRunner.java:276)
	at org.testng.SuiteRunnerWorker.runSuite(SuiteRunnerWorker.java:53)
	at org.testng.SuiteRunnerWorker.run(SuiteRunnerWorker.java:96)
	at org.testng.TestNG.runSuitesSequentially(TestNG.java:1212)
	at org.testng.TestNG.runSuitesLocally(TestNG.java:1134)
	at org.testng.TestNG.runSuites(TestNG.java:1063)
	at org.testng.TestNG.run(TestNG.java:1031)
	at org.testng.remote.AbstractRemoteTestNG.run(AbstractRemoteTestNG.java:115)
	at org.testng.remote.RemoteTestNG.initAndRun(RemoteTestNG.java:251)
	at org.testng.remote.RemoteTestNG.main(RemoteTestNG.java:77)
</pre></div></td>
<td>201</td>
<td>com.medmantra.testcases.Laboratory.TC_018_LAB_CounterAllocationAssignedTokensList@6933b6c6</td></tr>
<tr>
<td title='com.medmantra.testcases.Laboratory.TC_014_Lab_ReceptionLabScheduleSlip.patientSearch()'><b>patientSearch</b><br>Test class: com.medmantra.testcases.Laboratory.TC_014_Lab_ReceptionLabScheduleSlip<br>Parameters: OPP6659103</td>
<td><div><pre>java.lang.RuntimeException: See the reporter for details.
	at com.framework.utils.Reporter.reportStep(Reporter.java:92)
	at com.framework.selenium.api.base.SeleniumBase.switchToWindow(SeleniumBase.java:783)
	at com.medmantra.pages.LabReception.clickLabScheduleSlip(LabReception.java:36)
	at com.medmantra.testcases.Laboratory.TC_014_Lab_ReceptionLabScheduleSlip.patientSearch(TC_014_Lab_ReceptionLabScheduleSlip.java:34)
	at java.base/java.util.ArrayList.forEach(ArrayList.java:1511)
... Removed 27 stack frames</pre></div><a href='#' onClick='toggleBox("stack-trace1383454473", this, "Click to show all stack frames", "Click to hide stack frames")'>Click to show all stack frames</a>
<div class='stack-trace' id='stack-trace1383454473'><pre>java.lang.RuntimeException: See the reporter for details.
	at com.framework.utils.Reporter.reportStep(Reporter.java:92)
	at com.framework.selenium.api.base.SeleniumBase.switchToWindow(SeleniumBase.java:783)
	at com.medmantra.pages.LabReception.clickLabScheduleSlip(LabReception.java:36)
	at com.medmantra.testcases.Laboratory.TC_014_Lab_ReceptionLabScheduleSlip.patientSearch(TC_014_Lab_ReceptionLabScheduleSlip.java:34)
	at java.base/jdk.internal.reflect.NativeMethodAccessorImpl.invoke0(Native Method)
	at java.base/jdk.internal.reflect.NativeMethodAccessorImpl.invoke(NativeMethodAccessorImpl.java:77)
	at java.base/jdk.internal.reflect.DelegatingMethodAccessorImpl.invoke(DelegatingMethodAccessorImpl.java:43)
	at java.base/java.lang.reflect.Method.invoke(Method.java:568)
	at org.testng.internal.MethodInvocationHelper.invokeMethod(MethodInvocationHelper.java:133)
	at org.testng.internal.TestInvoker.invokeMethod(TestInvoker.java:598)
	at org.testng.internal.TestInvoker.invokeTestMethod(TestInvoker.java:173)
	at org.testng.internal.MethodRunner.runInSequence(MethodRunner.java:46)
	at org.testng.internal.TestInvoker$MethodInvocationAgent.invoke(TestInvoker.java:824)
	at org.testng.internal.TestInvoker.invokeTestMethods(TestInvoker.java:146)
	at org.testng.internal.TestMethodWorker.invokeTestMethods(TestMethodWorker.java:146)
	at org.testng.internal.TestMethodWorker.run(TestMethodWorker.java:128)
	at java.base/java.util.ArrayList.forEach(ArrayList.java:1511)
	at org.testng.TestRunner.privateRun(TestRunner.java:794)
	at org.testng.TestRunner.run(TestRunner.java:596)
	at org.testng.SuiteRunner.runTest(SuiteRunner.java:377)
	at org.testng.SuiteRunner.runSequentially(SuiteRunner.java:371)
	at org.testng.SuiteRunner.privateRun(SuiteRunner.java:332)
	at org.testng.SuiteRunner.run(SuiteRunner.java:276)
	at org.testng.SuiteRunnerWorker.runSuite(SuiteRunnerWorker.java:53)
	at org.testng.SuiteRunnerWorker.run(SuiteRunnerWorker.java:96)
	at org.testng.TestNG.runSuitesSequentially(TestNG.java:1212)
	at org.testng.TestNG.runSuitesLocally(TestNG.java:1134)
	at org.testng.TestNG.runSuites(TestNG.java:1063)
	at org.testng.TestNG.run(TestNG.java:1031)
	at org.testng.remote.AbstractRemoteTestNG.run(AbstractRemoteTestNG.java:115)
	at org.testng.remote.RemoteTestNG.initAndRun(RemoteTestNG.java:251)
	at org.testng.remote.RemoteTestNG.main(RemoteTestNG.java:77)
</pre></div></td>
<td>30</td>
<td>com.medmantra.testcases.Laboratory.TC_014_Lab_ReceptionLabScheduleSlip@7dfd3c81</td></tr>
<tr>
<td title='com.medmantra.testcases.Laboratory.TC_015_Lab_Reception_Generate_PP_Token.patientSearch()'><b>patientSearch</b><br>Test class: com.medmantra.testcases.Laboratory.TC_015_Lab_Reception_Generate_PP_Token<br>Parameters: OPP6656646</td>
<td><div><pre>java.lang.RuntimeException: See the reporter for details.
	at com.framework.utils.Reporter.reportStep(Reporter.java:92)
	at com.framework.utils.Reporter.reportStep(Reporter.java:107)
	at com.framework.selenium.api.base.SeleniumBase.locateElement(SeleniumBase.java:632)
	at com.medmantra.pages.LabReception.clickGeneratePPToken(LabReception.java:42)
	at com.medmantra.testcases.Laboratory.TC_015_Lab_Reception_Generate_PP_Token.patientSearch(TC_015_Lab_Reception_Generate_PP_Token.java:34)
	at java.base/java.util.ArrayList.forEach(ArrayList.java:1511)
... Removed 27 stack frames</pre></div><a href='#' onClick='toggleBox("stack-trace147609090", this, "Click to show all stack frames", "Click to hide stack frames")'>Click to show all stack frames</a>
<div class='stack-trace' id='stack-trace147609090'><pre>java.lang.RuntimeException: See the reporter for details.
	at com.framework.utils.Reporter.reportStep(Reporter.java:92)
	at com.framework.utils.Reporter.reportStep(Reporter.java:107)
	at com.framework.selenium.api.base.SeleniumBase.locateElement(SeleniumBase.java:632)
	at com.medmantra.pages.LabReception.clickGeneratePPToken(LabReception.java:42)
	at com.medmantra.testcases.Laboratory.TC_015_Lab_Reception_Generate_PP_Token.patientSearch(TC_015_Lab_Reception_Generate_PP_Token.java:34)
	at java.base/jdk.internal.reflect.NativeMethodAccessorImpl.invoke0(Native Method)
	at java.base/jdk.internal.reflect.NativeMethodAccessorImpl.invoke(NativeMethodAccessorImpl.java:77)
	at java.base/jdk.internal.reflect.DelegatingMethodAccessorImpl.invoke(DelegatingMethodAccessorImpl.java:43)
	at java.base/java.lang.reflect.Method.invoke(Method.java:568)
	at org.testng.internal.MethodInvocationHelper.invokeMethod(MethodInvocationHelper.java:133)
	at org.testng.internal.TestInvoker.invokeMethod(TestInvoker.java:598)
	at org.testng.internal.TestInvoker.retryFailed(TestInvoker.java:213)
	at org.testng.internal.MethodRunner.runInSequence(MethodRunner.java:58)
	at org.testng.internal.TestInvoker$MethodInvocationAgent.invoke(TestInvoker.java:824)
	at org.testng.internal.TestInvoker.invokeTestMethods(TestInvoker.java:146)
	at org.testng.internal.TestMethodWorker.invokeTestMethods(TestMethodWorker.java:146)
	at org.testng.internal.TestMethodWorker.run(TestMethodWorker.java:128)
	at java.base/java.util.ArrayList.forEach(ArrayList.java:1511)
	at org.testng.TestRunner.privateRun(TestRunner.java:794)
	at org.testng.TestRunner.run(TestRunner.java:596)
	at org.testng.SuiteRunner.runTest(SuiteRunner.java:377)
	at org.testng.SuiteRunner.runSequentially(SuiteRunner.java:371)
	at org.testng.SuiteRunner.privateRun(SuiteRunner.java:332)
	at org.testng.SuiteRunner.run(SuiteRunner.java:276)
	at org.testng.SuiteRunnerWorker.runSuite(SuiteRunnerWorker.java:53)
	at org.testng.SuiteRunnerWorker.run(SuiteRunnerWorker.java:96)
	at org.testng.TestNG.runSuitesSequentially(TestNG.java:1212)
	at org.testng.TestNG.runSuitesLocally(TestNG.java:1134)
	at org.testng.TestNG.runSuites(TestNG.java:1063)
	at org.testng.TestNG.run(TestNG.java:1031)
	at org.testng.remote.AbstractRemoteTestNG.run(AbstractRemoteTestNG.java:115)
	at org.testng.remote.RemoteTestNG.initAndRun(RemoteTestNG.java:251)
	at org.testng.remote.RemoteTestNG.main(RemoteTestNG.java:77)
</pre></div></td>
<td>119</td>
<td>com.medmantra.testcases.Laboratory.TC_015_Lab_Reception_Generate_PP_Token@2584b82d</td></tr>
</table><p>
</body>
</html>