<?xml version="1.0" encoding="UTF-8"?>
<!-- Generated by org.testng.reporters.JUnitXMLReporter -->
<testsuite ignored="2" hostname="DESKTOP-6CGC2KB" failures="1" tests="2" name="TC_062" time="139.414" errors="0" timestamp="2022-08-17T09:08:38 IST">
  <testcase classname="com.medmantra.testcases.Registration.TC_001_REG_NormalRegistration" name="normalRegistration" time="110.694"/>
  <testcase classname="com.medmantra.testcases.OPWards.TC_062_SecretaryDashboard_AppointmentWithDoctor_Walkin" name="runDoctorsAppoinmentBookingWalkin" time="22.377">
    <failure type="java.lang.RuntimeException" message="See the reporter for details.">
      <![CDATA[java.lang.RuntimeException: See the reporter for details.
at com.framework.utils.Reporter.reportStep(Reporter.java:92)
at com.framework.utils.Reporter.reportStep(Reporter.java:107)
at com.framework.selenium.api.base.SeleniumBase.takeSnap(SeleniumBase.java:913)
at com.framework.utils.Reporter.reportStep(Reporter.java:80)
at com.framework.utils.Reporter.reportStep(Reporter.java:107)
at com.medmantra.pages.DoctorsAndWardsPage.clickSecretaryDashboard(DoctorsAndWardsPage.java:39)
at com.medmantra.testcases.OPWards.TC_062_SecretaryDashboard_AppointmentWithDoctor_Walkin.runDoctorsAppoinmentBookingWalkin(TC_062_SecretaryDashboard_AppointmentWithDoctor_Walkin.java:33)
at java.base/java.util.ArrayList.forEach(ArrayList.java:1511)
... Removed 27 stack frames]]>
    </failure>
  </testcase> <!-- runDoctorsAppoinmentBookingWalkin -->
  <testcase classname="com.framework.utils.Reporter" name="@BeforeSuite startReport" time="0.0">
    <ignored/>
  </testcase> <!-- @BeforeSuite startReport -->
  <testcase classname="com.framework.utils.Reporter" name="@AfterSuite endResult" time="0.0">
    <ignored/>
  </testcase> <!-- @AfterSuite endResult -->
</testsuite> <!-- TC_062 -->
