<?xml version="1.0" encoding="UTF-8"?>
<!-- Generated by org.testng.reporters.JUnitXMLReporter -->
<<<<<<< HEAD
<testsuite ignored="6" hostname="DESKTOP-6CGC2KB" failures="3" tests="3" name="TC_009" time="117.983" errors="0" timestamp="2022-08-22T11:31:57 IST">
  <testcase classname="com.medmantra.testcases.Registration.TC_001_REG_NormalRegistration" name="normalRegistration" time="16.126">
=======
<testsuite ignored="3" hostname="EC-AUTOMA-001" failures="1" tests="4" name="TC_009" time="514.531" errors="0" timestamp="2022-09-14T23:10:12 PDT">
  <testcase classname="com.medmantra.testcases.Laboratory.ToCreateLRNNumber" name="createLRN" time="124.261"/>
  <testcase classname="com.medmantra.testcases.Laboratory.TC_009_LAB_ModifyTestRequest_CancelLRN" name="runCancelLRN" time="115.603">
    <skipped/>
  </testcase> <!-- runCancelLRN -->
  <testcase classname="com.medmantra.testcases.Laboratory.TC_009_LAB_ModifyTestRequest_CancelLRN" name="runCancelLRN" time="104.121">
    <skipped/>
  </testcase> <!-- runCancelLRN -->
  <testcase classname="com.medmantra.testcases.Laboratory.TC_009_LAB_ModifyTestRequest_CancelLRN" name="runCancelLRN" time="84.991">
>>>>>>> a36527de2242561f4ee434d68ee0055eb38bdbe2
    <failure type="java.lang.RuntimeException" message="See the reporter for details.">
      <![CDATA[java.lang.RuntimeException: See the reporter for details.
at com.framework.utils.Reporter.reportStep(Reporter.java:92)
at com.framework.utils.Reporter.reportStep(Reporter.java:107)
<<<<<<< HEAD
at com.framework.selenium.api.base.SeleniumBase.locateElement(SeleniumBase.java:635)
at com.medmantra.pages.RegistrationPage.selectTitle(RegistrationPage.java:12)
at com.medmantra.testcases.Registration.TC_001_REG_NormalRegistration.normalRegistration(TC_001_REG_NormalRegistration.java:40)
at java.base/java.util.ArrayList.forEach(ArrayList.java:1511)
... Removed 27 stack frames]]>
    </failure>
  </testcase> <!-- normalRegistration -->
  <testcase classname="com.medmantra.testcases.ES_Appoinment.TC_008_ES_AppointmentBooking" name="runAppoinmentBooking" time="50.036">
    <failure type="java.lang.IllegalArgumentException" message="Keys to send should be a not null CharSequence">
      <![CDATA[java.lang.IllegalArgumentException: Keys to send should be a not null CharSequence
at org.openqa.selenium.remote.RemoteWebElement.sendKeys(RemoteWebElement.java:92)
at com.framework.selenium.api.base.SeleniumBase.clearAndType(SeleniumBase.java:312)
at com.medmantra.pages.AppointmentBookingPage.enterRegNum(AppointmentBookingPage.java:185)
at com.medmantra.testcases.ES_Appoinment.TC_008_ES_AppointmentBooking.runAppoinmentBooking(TC_008_ES_AppointmentBooking.java:37)
at java.base/java.util.ArrayList.forEach(ArrayList.java:1511)
... Removed 27 stack frames]]>
    </failure>
  </testcase> <!-- runAppoinmentBooking -->
  <testcase classname="com.medmantra.testcases.ES_Appoinment.TC_009_ES_RescheduleAppointment" name="runreason" time="32.999">
    <failure type="java.lang.IllegalArgumentException" message="Keys to send should be a not null CharSequence">
      <![CDATA[java.lang.IllegalArgumentException: Keys to send should be a not null CharSequence
at org.openqa.selenium.remote.RemoteWebElement.sendKeys(RemoteWebElement.java:92)
at com.framework.selenium.api.base.SeleniumBase.clearAndType(SeleniumBase.java:312)
at com.medmantra.pages.ReschedulePage.enterUHIDNo(ReschedulePage.java:22)
at com.medmantra.testcases.ES_Appoinment.TC_009_ES_RescheduleAppointment.runreason(TC_009_ES_RescheduleAppointment.java:34)
at java.base/java.util.ArrayList.forEach(ArrayList.java:1511)
... Removed 27 stack frames]]>
    </failure>
  </testcase> <!-- runreason -->
  <testcase classname="com.framework.utils.Reporter" name="@BeforeSuite startReport" time="0.0">
    <ignored/>
  </testcase> <!-- @BeforeSuite startReport -->
=======
at com.framework.selenium.api.base.SeleniumBase.takeSnap(SeleniumBase.java:913)
at com.framework.utils.Reporter.reportStep(Reporter.java:80)
at com.framework.utils.Reporter.reportStep(Reporter.java:107)
at com.medmantra.pages.ModifyTestRequestPage.clickCancelLrnButton(ModifyTestRequestPage.java:73)
at com.medmantra.testcases.Laboratory.TC_009_LAB_ModifyTestRequest_CancelLRN.runCancelLRN(TC_009_LAB_ModifyTestRequest_CancelLRN.java:35)
at java.base/java.util.ArrayList.forEach(ArrayList.java:1511)
... Removed 27 stack frames]]>
    </failure>
  </testcase> <!-- runCancelLRN -->
>>>>>>> a36527de2242561f4ee434d68ee0055eb38bdbe2
  <testcase classname="com.framework.utils.Reporter" name="@BeforeSuite startReport" time="0.0">
    <ignored/>
  </testcase> <!-- @BeforeSuite startReport -->
  <testcase classname="com.framework.testng.api.base.ProjectSpecificMethods" name="@BeforeSuite url" time="0.0">
    <ignored/>
  </testcase> <!-- @BeforeSuite url -->
<<<<<<< HEAD
  <testcase classname="com.framework.testng.api.base.ProjectSpecificMethods" name="@BeforeSuite url" time="0.0">
    <ignored/>
  </testcase> <!-- @BeforeSuite url -->
  <testcase classname="com.framework.utils.Reporter" name="@AfterSuite endResult" time="0.0">
    <ignored/>
  </testcase> <!-- @AfterSuite endResult -->
=======
>>>>>>> a36527de2242561f4ee434d68ee0055eb38bdbe2
  <testcase classname="com.framework.utils.Reporter" name="@AfterSuite endResult" time="0.0">
    <ignored/>
  </testcase> <!-- @AfterSuite endResult -->
</testsuite> <!-- TC_009 -->
