<?xml version="1.0" encoding="UTF-8"?>
<!-- Generated by org.testng.reporters.JUnitXMLReporter -->
<<<<<<< HEAD
<testsuite ignored="4" hostname="DESKTOP-6CGC2KB" failures="1" tests="3" name="TC_031" time="270.099" errors="0" timestamp="2022-08-16T14:00:33 IST">
  <testcase classname="com.medmantra.testcases.Registration.TC_001_REG_NormalRegistration" name="normalRegistration" time="177.766">
    <failure type="java.lang.RuntimeException" message="See the reporter for details.">
      <![CDATA[java.lang.RuntimeException: See the reporter for details.
at com.framework.utils.Reporter.reportStep(Reporter.java:92)
at com.framework.selenium.api.base.SeleniumBase.acceptAlert(SeleniumBase.java:710)
at com.medmantra.pages.PaymentsPage.clickSubmit(PaymentsPage.java:105)
at com.medmantra.testcases.Registration.TC_001_REG_NormalRegistration.normalRegistration(TC_001_REG_NormalRegistration.java:58)
at java.base/java.util.ArrayList.forEach(ArrayList.java:1511)
... Removed 27 stack frames]]>
    </failure>
  </testcase> <!-- normalRegistration -->
  <testcase classname="com.medmantra.testcases.ES_Appoinment.TC_008_ES_AppointmentBooking" name="runAppoinmentBooking" time="82.426"/>
  <testcase classname="com.medmantra.testcases.ES_Appoinment.TC_031_ES_ViewAppointmentsCancel" name="ViewAppointmentsCancel" time="0.0">
    <skipped/>
  </testcase> <!-- ViewAppointmentsCancel -->
  <testcase classname="com.framework.utils.Reporter" name="@BeforeSuite startReport" time="0.0">
    <ignored/>
  </testcase> <!-- @BeforeSuite startReport -->
  <testcase classname="com.framework.utils.Reporter" name="@BeforeSuite startReport" time="0.0">
    <ignored/>
  </testcase> <!-- @BeforeSuite startReport -->
  <testcase classname="com.framework.utils.Reporter" name="@AfterSuite endResult" time="0.0">
    <ignored/>
  </testcase> <!-- @AfterSuite endResult -->
  <testcase classname="com.framework.utils.Reporter" name="@AfterSuite endResult" time="0.0">
    <ignored/>
  </testcase> <!-- @AfterSuite endResult -->
=======
<testsuite ignored="0" hostname="EC-AUTOMA-001" failures="1" tests="3" name="TC_031" time="88.171" errors="0" timestamp="2022-09-13T06:23:04 PDT">
  <testcase classname="com.medmantra.testcases.Laboratory.TC_031_LAB_SampleCollection" name="IPSampleCollection" time="27.041">
    <skipped/>
  </testcase> <!-- IPSampleCollection -->
  <testcase classname="com.medmantra.testcases.Laboratory.TC_031_LAB_SampleCollection" name="IPSampleCollection" time="24.615">
    <skipped/>
  </testcase> <!-- IPSampleCollection -->
  <testcase classname="com.medmantra.testcases.Laboratory.TC_031_LAB_SampleCollection" name="IPSampleCollection" time="24.719">
    <failure type="java.lang.RuntimeException" message="See the reporter for details.">
      <![CDATA[java.lang.RuntimeException: See the reporter for details.
at com.framework.utils.Reporter.reportStep(Reporter.java:92)
at com.framework.utils.Reporter.reportStep(Reporter.java:107)
at com.framework.selenium.api.base.SeleniumBase.takeSnap(SeleniumBase.java:913)
at com.framework.utils.Reporter.reportStep(Reporter.java:80)
at com.framework.utils.Reporter.reportStep(Reporter.java:107)
at com.framework.selenium.api.base.SeleniumBase.takeSnap(SeleniumBase.java:913)
at com.framework.utils.Reporter.reportStep(Reporter.java:80)
at com.framework.utils.Reporter.reportStep(Reporter.java:107)
at com.medmantra.pages.SpecimenCollectionPage.clickGobutton(SpecimenCollectionPage.java:20)
at com.medmantra.testcases.Laboratory.TC_031_LAB_SampleCollection.IPSampleCollection(TC_031_LAB_SampleCollection.java:33)
at java.base/java.util.ArrayList.forEach(ArrayList.java:1511)
... Removed 27 stack frames]]>
    </failure>
  </testcase> <!-- IPSampleCollection -->
>>>>>>> a36527de2242561f4ee434d68ee0055eb38bdbe2
</testsuite> <!-- TC_031 -->
