<?xml version="1.0" encoding="UTF-8"?>
<!-- Generated by org.testng.reporters.JUnitXMLReporter -->
<<<<<<< HEAD
<testsuite ignored="3" hostname="DESKTOP-6CGC2KB" failures="0" tests="2" name="TC_036" time="134.386" errors="0" timestamp="2022-08-17T13:24:00 IST">
  <testcase classname="com.medmantra.testcases.ES_Appoinment.TC_006_ES_ResourceSpecificCalendarSetup" name="resourceSpecificCalendarSetup" time="62.092"/>
  <testcase classname="com.medmantra.testcases.ES_Appoinment.TC_036_ES_ResourceSpecificCalendarSetup_Update" name="runresourceSpecificCalendarSetupUpdate" time="67.129"/>
=======
<testsuite ignored="6" hostname="EC-AUTOMA-001" failures="3" tests="9" name="TC_036" time="621.555" errors="0" timestamp="2022-09-13T06:48:47 PDT">
  <testcase classname="com.medmantra.testcases.Laboratory.ToCreateLRNNumber" name="createLRN" time="122.588">
    <skipped/>
  </testcase> <!-- createLRN -->
  <testcase classname="com.medmantra.testcases.Laboratory.ToCreateLRNNumber" name="createLRN" time="122.616">
    <skipped/>
  </testcase> <!-- createLRN -->
  <testcase classname="com.medmantra.testcases.Laboratory.ToCreateLRNNumber" name="createLRN" time="131.413">
    <failure type="java.lang.RuntimeException" message="See the reporter for details.">
      <![CDATA[java.lang.RuntimeException: See the reporter for details.
at com.framework.utils.Reporter.reportStep(Reporter.java:92)
at com.framework.utils.Reporter.reportStep(Reporter.java:107)
at com.framework.selenium.api.base.SeleniumBase.locateElement(SeleniumBase.java:632)
at com.medmantra.pages.WardsDashboardPage.clickDoctorActivities(WardsDashboardPage.java:39)
at com.medmantra.testcases.Laboratory.ToCreateLRNNumber.createLRN(ToCreateLRNNumber.java:50)
at java.base/java.util.ArrayList.forEach(ArrayList.java:1511)
... Removed 26 stack frames]]>
    </failure>
  </testcase> <!-- createLRN -->
  <testcase classname="com.medmantra.testcases.Laboratory.TC_029_LAB_IPSampleCollection" name="IPSampleCollection" time="27.376">
    <skipped/>
  </testcase> <!-- IPSampleCollection -->
  <testcase classname="com.medmantra.testcases.Laboratory.TC_029_LAB_IPSampleCollection" name="IPSampleCollection" time="26.867">
    <skipped/>
  </testcase> <!-- IPSampleCollection -->
  <testcase classname="com.medmantra.testcases.Laboratory.TC_029_LAB_IPSampleCollection" name="IPSampleCollection" time="26.548">
    <failure type="java.lang.IllegalArgumentException" message="Keys to send should be a not null CharSequence">
      <![CDATA[java.lang.IllegalArgumentException: Keys to send should be a not null CharSequence
at org.openqa.selenium.remote.RemoteWebElement.sendKeys(RemoteWebElement.java:92)
at com.framework.selenium.api.base.SeleniumBase.clearAndType(SeleniumBase.java:312)
at com.medmantra.pages.IPSampleCollectionPage.enterLRN(IPSampleCollectionPage.java:19)
at com.medmantra.testcases.Laboratory.TC_029_LAB_IPSampleCollection.IPSampleCollection(TC_029_LAB_IPSampleCollection.java:32)
at java.base/java.util.ArrayList.forEach(ArrayList.java:1511)
... Removed 27 stack frames]]>
    </failure>
  </testcase> <!-- IPSampleCollection -->
  <testcase classname="com.medmantra.testcases.Laboratory.TC_036_LAB_TransferRequestWithinHospital_DiagnosticCenter" name="runTransferRequest" time="25.41">
    <skipped/>
  </testcase> <!-- runTransferRequest -->
  <testcase classname="com.medmantra.testcases.Laboratory.TC_036_LAB_TransferRequestWithinHospital_DiagnosticCenter" name="runTransferRequest" time="25.381">
    <skipped/>
  </testcase> <!-- runTransferRequest -->
  <testcase classname="com.medmantra.testcases.Laboratory.TC_036_LAB_TransferRequestWithinHospital_DiagnosticCenter" name="runTransferRequest" time="24.885">
    <failure type="java.lang.IllegalArgumentException" message="Keys to send should be a not null CharSequence">
      <![CDATA[java.lang.IllegalArgumentException: Keys to send should be a not null CharSequence
at org.openqa.selenium.remote.RemoteWebElement.sendKeys(RemoteWebElement.java:92)
at com.framework.selenium.api.base.SeleniumBase.type(SeleniumBase.java:342)
at com.medmantra.pages.TransferTestWithinApolloPage.enterLRNNo(TransferTestWithinApolloPage.java:19)
at com.medmantra.testcases.Laboratory.TC_036_LAB_TransferRequestWithinHospital_DiagnosticCenter.runTransferRequest(TC_036_LAB_TransferRequestWithinHospital_DiagnosticCenter.java:51)
at java.base/java.util.ArrayList.forEach(ArrayList.java:1511)
... Removed 27 stack frames]]>
    </failure>
  </testcase> <!-- runTransferRequest -->
  <testcase classname="com.framework.utils.Reporter" name="@BeforeSuite startReport" time="0.0">
    <ignored/>
  </testcase> <!-- @BeforeSuite startReport -->
>>>>>>> a36527de2242561f4ee434d68ee0055eb38bdbe2
  <testcase classname="com.framework.utils.Reporter" name="@BeforeSuite startReport" time="0.0">
    <ignored/>
  </testcase> <!-- @BeforeSuite startReport -->
  <testcase classname="com.framework.testng.api.base.ProjectSpecificMethods" name="@BeforeSuite url" time="0.0">
    <ignored/>
  </testcase> <!-- @BeforeSuite url -->
<<<<<<< HEAD
=======
  <testcase classname="com.framework.testng.api.base.ProjectSpecificMethods" name="@BeforeSuite url" time="0.0">
    <ignored/>
  </testcase> <!-- @BeforeSuite url -->
  <testcase classname="com.framework.utils.Reporter" name="@AfterSuite endResult" time="0.0">
    <ignored/>
  </testcase> <!-- @AfterSuite endResult -->
>>>>>>> a36527de2242561f4ee434d68ee0055eb38bdbe2
  <testcase classname="com.framework.utils.Reporter" name="@AfterSuite endResult" time="0.0">
    <ignored/>
  </testcase> <!-- @AfterSuite endResult -->
</testsuite> <!-- TC_036 -->
