<html>
<head>
<title>TestNG:  TC_009</title>
<link href="../testng.css" rel="stylesheet" type="text/css" />
<link href="../my-testng.css" rel="stylesheet" type="text/css" />

<style type="text/css">
.log { display: none;} 
.stack-trace { display: none;} 
</style>
<script type="text/javascript">
<!--
function flip(e) {
  current = e.style.display;
  if (current == 'block') {
    e.style.display = 'none';
    return 0;
  }
  else {
    e.style.display = 'block';
    return 1;
  }
}

function toggleBox(szDivId, elem, msg1, msg2)
{
  var res = -1;  if (document.getElementById) {
    res = flip(document.getElementById(szDivId));
  }
  else if (document.all) {
    // this is the way old msie versions work
    res = flip(document.all[szDivId]);
  }
  if(elem) {
    if(res == 0) elem.innerHTML = msg1; else elem.innerHTML = msg2;
  }

}

function toggleAllBoxes() {
  if (document.getElementsByTagName) {
    d = document.getElementsByTagName('div');
    for (i = 0; i < d.length; i++) {
      if (d[i].className == 'log') {
        flip(d[i]);
      }
    }
  }
}

// -->
</script>

</head>
<body>
<h2 align='center'>TC_009</h2><table border='1' align="center">
<tr>
<<<<<<< HEAD
<td>Tests passed/Failed/Skipped:</td><td>0/3/0</td>
</tr><tr>
<td>Started on:</td><td>Mon Aug 22 11:29:59 IST 2022</td>
</tr>
<tr><td>Total time:</td><td>117 seconds (117983 ms)</td>
=======
<td>Tests passed/Failed/Skipped:</td><td>1/1/2</td>
</tr><tr>
<td>Started on:</td><td>Wed Sep 14 23:01:37 PDT 2022</td>
</tr>
<tr><td>Total time:</td><td>514 seconds (514531 ms)</td>
>>>>>>> a36527de2242561f4ee434d68ee0055eb38bdbe2
</tr><tr>
<td>Included groups:</td><td></td>
</tr><tr>
<td>Excluded groups:</td><td></td>
</tr>
</table><p/>
<small><i>(Hover the method name to see the test class name)</i></small><p/>
<table width='100%' border='1' class='invocation-failed'>
<tr><td colspan='4' align='center'><b>FAILED TESTS</b></td></tr>
<tr><td><b>Test method</b></td>
<td width="30%"><b>Exception</b></td>
<td width="10%"><b>Time (seconds)</b></td>
<td><b>Instance</b></td>
</tr>
<tr>
<<<<<<< HEAD
<td title='com.medmantra.testcases.Registration.TC_001_REG_NormalRegistration.normalRegistration()'><b>normalRegistration</b><br>Test class: com.medmantra.testcases.Registration.TC_001_REG_NormalRegistration</td>
<td><div><pre>java.lang.RuntimeException: See the reporter for details.
	at com.framework.utils.Reporter.reportStep(Reporter.java:92)
	at com.framework.utils.Reporter.reportStep(Reporter.java:107)
	at com.framework.selenium.api.base.SeleniumBase.locateElement(SeleniumBase.java:635)
	at com.medmantra.pages.RegistrationPage.selectTitle(RegistrationPage.java:12)
	at com.medmantra.testcases.Registration.TC_001_REG_NormalRegistration.normalRegistration(TC_001_REG_NormalRegistration.java:40)
	at java.base/java.util.ArrayList.forEach(ArrayList.java:1511)
... Removed 27 stack frames</pre></div><a href='#' onClick='toggleBox("stack-trace1996472700", this, "Click to show all stack frames", "Click to hide stack frames")'>Click to show all stack frames</a>
<div class='stack-trace' id='stack-trace1996472700'><pre>java.lang.RuntimeException: See the reporter for details.
	at com.framework.utils.Reporter.reportStep(Reporter.java:92)
	at com.framework.utils.Reporter.reportStep(Reporter.java:107)
	at com.framework.selenium.api.base.SeleniumBase.locateElement(SeleniumBase.java:635)
	at com.medmantra.pages.RegistrationPage.selectTitle(RegistrationPage.java:12)
	at com.medmantra.testcases.Registration.TC_001_REG_NormalRegistration.normalRegistration(TC_001_REG_NormalRegistration.java:40)
	at java.base/jdk.internal.reflect.NativeMethodAccessorImpl.invoke0(Native Method)
	at java.base/jdk.internal.reflect.NativeMethodAccessorImpl.invoke(NativeMethodAccessorImpl.java:78)
	at java.base/jdk.internal.reflect.DelegatingMethodAccessorImpl.invoke(DelegatingMethodAccessorImpl.java:43)
	at java.base/java.lang.reflect.Method.invoke(Method.java:567)
	at org.testng.internal.MethodInvocationHelper.invokeMethod(MethodInvocationHelper.java:133)
	at org.testng.internal.TestInvoker.invokeMethod(TestInvoker.java:598)
	at org.testng.internal.TestInvoker.invokeTestMethod(TestInvoker.java:173)
	at org.testng.internal.MethodRunner.runInSequence(MethodRunner.java:46)
=======
<td title='com.medmantra.testcases.Laboratory.TC_009_LAB_ModifyTestRequest_CancelLRN.runCancelLRN()'><b>runCancelLRN</b><br>Test class: com.medmantra.testcases.Laboratory.TC_009_LAB_ModifyTestRequest_CancelLRN<br>Parameters: Test</td>
<td><div><pre>java.lang.RuntimeException: See the reporter for details.
	at com.framework.utils.Reporter.reportStep(Reporter.java:92)
	at com.framework.utils.Reporter.reportStep(Reporter.java:107)
	at com.framework.selenium.api.base.SeleniumBase.takeSnap(SeleniumBase.java:913)
	at com.framework.utils.Reporter.reportStep(Reporter.java:80)
	at com.framework.utils.Reporter.reportStep(Reporter.java:107)
	at com.medmantra.pages.ModifyTestRequestPage.clickCancelLrnButton(ModifyTestRequestPage.java:73)
	at com.medmantra.testcases.Laboratory.TC_009_LAB_ModifyTestRequest_CancelLRN.runCancelLRN(TC_009_LAB_ModifyTestRequest_CancelLRN.java:35)
	at java.base/java.util.ArrayList.forEach(ArrayList.java:1511)
... Removed 27 stack frames</pre></div><a href='#' onClick='toggleBox("stack-trace1686632440", this, "Click to show all stack frames", "Click to hide stack frames")'>Click to show all stack frames</a>
<div class='stack-trace' id='stack-trace1686632440'><pre>java.lang.RuntimeException: See the reporter for details.
	at com.framework.utils.Reporter.reportStep(Reporter.java:92)
	at com.framework.utils.Reporter.reportStep(Reporter.java:107)
	at com.framework.selenium.api.base.SeleniumBase.takeSnap(SeleniumBase.java:913)
	at com.framework.utils.Reporter.reportStep(Reporter.java:80)
	at com.framework.utils.Reporter.reportStep(Reporter.java:107)
	at com.medmantra.pages.ModifyTestRequestPage.clickCancelLrnButton(ModifyTestRequestPage.java:73)
	at com.medmantra.testcases.Laboratory.TC_009_LAB_ModifyTestRequest_CancelLRN.runCancelLRN(TC_009_LAB_ModifyTestRequest_CancelLRN.java:35)
	at java.base/jdk.internal.reflect.NativeMethodAccessorImpl.invoke0(Native Method)
	at java.base/jdk.internal.reflect.NativeMethodAccessorImpl.invoke(NativeMethodAccessorImpl.java:77)
	at java.base/jdk.internal.reflect.DelegatingMethodAccessorImpl.invoke(DelegatingMethodAccessorImpl.java:43)
	at java.base/java.lang.reflect.Method.invoke(Method.java:568)
	at org.testng.internal.MethodInvocationHelper.invokeMethod(MethodInvocationHelper.java:133)
	at org.testng.internal.TestInvoker.invokeMethod(TestInvoker.java:598)
	at org.testng.internal.TestInvoker.retryFailed(TestInvoker.java:213)
	at org.testng.internal.MethodRunner.runInSequence(MethodRunner.java:58)
>>>>>>> a36527de2242561f4ee434d68ee0055eb38bdbe2
	at org.testng.internal.TestInvoker$MethodInvocationAgent.invoke(TestInvoker.java:824)
	at org.testng.internal.TestInvoker.invokeTestMethods(TestInvoker.java:146)
	at org.testng.internal.TestMethodWorker.invokeTestMethods(TestMethodWorker.java:146)
	at org.testng.internal.TestMethodWorker.run(TestMethodWorker.java:128)
	at java.base/java.util.ArrayList.forEach(ArrayList.java:1511)
	at org.testng.TestRunner.privateRun(TestRunner.java:794)
	at org.testng.TestRunner.run(TestRunner.java:596)
	at org.testng.SuiteRunner.runTest(SuiteRunner.java:377)
	at org.testng.SuiteRunner.runSequentially(SuiteRunner.java:371)
	at org.testng.SuiteRunner.privateRun(SuiteRunner.java:332)
	at org.testng.SuiteRunner.run(SuiteRunner.java:276)
	at org.testng.SuiteRunnerWorker.runSuite(SuiteRunnerWorker.java:53)
	at org.testng.SuiteRunnerWorker.run(SuiteRunnerWorker.java:96)
	at org.testng.TestNG.runSuitesSequentially(TestNG.java:1212)
	at org.testng.TestNG.runSuitesLocally(TestNG.java:1134)
	at org.testng.TestNG.runSuites(TestNG.java:1063)
	at org.testng.TestNG.run(TestNG.java:1031)
	at org.testng.remote.AbstractRemoteTestNG.run(AbstractRemoteTestNG.java:115)
	at org.testng.remote.RemoteTestNG.initAndRun(RemoteTestNG.java:251)
	at org.testng.remote.RemoteTestNG.main(RemoteTestNG.java:77)
</pre></div></td>
<<<<<<< HEAD
<td>16</td>
<td>com.medmantra.testcases.Registration.TC_001_REG_NormalRegistration@7d3e8655</td></tr>
<tr>
<td title='com.medmantra.testcases.ES_Appoinment.TC_008_ES_AppointmentBooking.runAppoinmentBooking()'><b>runAppoinmentBooking</b><br>Test class: com.medmantra.testcases.ES_Appoinment.TC_008_ES_AppointmentBooking<br>Parameters: In Person, DOCTOR UNWELL, Appointment No.</td>
<td><div><pre>java.lang.IllegalArgumentException: Keys to send should be a not null CharSequence
	at org.openqa.selenium.remote.RemoteWebElement.sendKeys(RemoteWebElement.java:92)
	at com.framework.selenium.api.base.SeleniumBase.clearAndType(SeleniumBase.java:312)
	at com.medmantra.pages.AppointmentBookingPage.enterRegNum(AppointmentBookingPage.java:185)
	at com.medmantra.testcases.ES_Appoinment.TC_008_ES_AppointmentBooking.runAppoinmentBooking(TC_008_ES_AppointmentBooking.java:37)
	at java.base/java.util.ArrayList.forEach(ArrayList.java:1511)
... Removed 27 stack frames</pre></div><a href='#' onClick='toggleBox("stack-trace70061633", this, "Click to show all stack frames", "Click to hide stack frames")'>Click to show all stack frames</a>
<div class='stack-trace' id='stack-trace70061633'><pre>java.lang.IllegalArgumentException: Keys to send should be a not null CharSequence
	at org.openqa.selenium.remote.RemoteWebElement.sendKeys(RemoteWebElement.java:92)
	at com.framework.selenium.api.base.SeleniumBase.clearAndType(SeleniumBase.java:312)
	at com.medmantra.pages.AppointmentBookingPage.enterRegNum(AppointmentBookingPage.java:185)
	at com.medmantra.testcases.ES_Appoinment.TC_008_ES_AppointmentBooking.runAppoinmentBooking(TC_008_ES_AppointmentBooking.java:37)
	at java.base/jdk.internal.reflect.NativeMethodAccessorImpl.invoke0(Native Method)
	at java.base/jdk.internal.reflect.NativeMethodAccessorImpl.invoke(NativeMethodAccessorImpl.java:78)
	at java.base/jdk.internal.reflect.DelegatingMethodAccessorImpl.invoke(DelegatingMethodAccessorImpl.java:43)
	at java.base/java.lang.reflect.Method.invoke(Method.java:567)
	at org.testng.internal.MethodInvocationHelper.invokeMethod(MethodInvocationHelper.java:133)
	at org.testng.internal.TestInvoker.invokeMethod(TestInvoker.java:598)
	at org.testng.internal.TestInvoker.invokeTestMethod(TestInvoker.java:173)
	at org.testng.internal.MethodRunner.runInSequence(MethodRunner.java:46)
	at org.testng.internal.TestInvoker$MethodInvocationAgent.invoke(TestInvoker.java:824)
	at org.testng.internal.TestInvoker.invokeTestMethods(TestInvoker.java:146)
	at org.testng.internal.TestMethodWorker.invokeTestMethods(TestMethodWorker.java:146)
	at org.testng.internal.TestMethodWorker.run(TestMethodWorker.java:128)
	at java.base/java.util.ArrayList.forEach(ArrayList.java:1511)
	at org.testng.TestRunner.privateRun(TestRunner.java:794)
	at org.testng.TestRunner.run(TestRunner.java:596)
	at org.testng.SuiteRunner.runTest(SuiteRunner.java:377)
	at org.testng.SuiteRunner.runSequentially(SuiteRunner.java:371)
	at org.testng.SuiteRunner.privateRun(SuiteRunner.java:332)
	at org.testng.SuiteRunner.run(SuiteRunner.java:276)
	at org.testng.SuiteRunnerWorker.runSuite(SuiteRunnerWorker.java:53)
	at org.testng.SuiteRunnerWorker.run(SuiteRunnerWorker.java:96)
	at org.testng.TestNG.runSuitesSequentially(TestNG.java:1212)
	at org.testng.TestNG.runSuitesLocally(TestNG.java:1134)
	at org.testng.TestNG.runSuites(TestNG.java:1063)
	at org.testng.TestNG.run(TestNG.java:1031)
	at org.testng.remote.AbstractRemoteTestNG.run(AbstractRemoteTestNG.java:115)
	at org.testng.remote.RemoteTestNG.initAndRun(RemoteTestNG.java:251)
	at org.testng.remote.RemoteTestNG.main(RemoteTestNG.java:77)
</pre></div></td>
<td>50</td>
<td>com.medmantra.testcases.ES_Appoinment.TC_008_ES_AppointmentBooking@7dfb0c0f</td></tr>
<tr>
<td title='com.medmantra.testcases.ES_Appoinment.TC_009_ES_RescheduleAppointment.runreason()'><b>runreason</b><br>Test class: com.medmantra.testcases.ES_Appoinment.TC_009_ES_RescheduleAppointment<br>Parameters: Doctor unavailable</td>
<td><div><pre>java.lang.IllegalArgumentException: Keys to send should be a not null CharSequence
	at org.openqa.selenium.remote.RemoteWebElement.sendKeys(RemoteWebElement.java:92)
	at com.framework.selenium.api.base.SeleniumBase.clearAndType(SeleniumBase.java:312)
	at com.medmantra.pages.ReschedulePage.enterUHIDNo(ReschedulePage.java:22)
	at com.medmantra.testcases.ES_Appoinment.TC_009_ES_RescheduleAppointment.runreason(TC_009_ES_RescheduleAppointment.java:34)
	at java.base/java.util.ArrayList.forEach(ArrayList.java:1511)
... Removed 27 stack frames</pre></div><a href='#' onClick='toggleBox("stack-trace664671266", this, "Click to show all stack frames", "Click to hide stack frames")'>Click to show all stack frames</a>
<div class='stack-trace' id='stack-trace664671266'><pre>java.lang.IllegalArgumentException: Keys to send should be a not null CharSequence
	at org.openqa.selenium.remote.RemoteWebElement.sendKeys(RemoteWebElement.java:92)
	at com.framework.selenium.api.base.SeleniumBase.clearAndType(SeleniumBase.java:312)
	at com.medmantra.pages.ReschedulePage.enterUHIDNo(ReschedulePage.java:22)
	at com.medmantra.testcases.ES_Appoinment.TC_009_ES_RescheduleAppointment.runreason(TC_009_ES_RescheduleAppointment.java:34)
	at java.base/jdk.internal.reflect.NativeMethodAccessorImpl.invoke0(Native Method)
	at java.base/jdk.internal.reflect.NativeMethodAccessorImpl.invoke(NativeMethodAccessorImpl.java:78)
	at java.base/jdk.internal.reflect.DelegatingMethodAccessorImpl.invoke(DelegatingMethodAccessorImpl.java:43)
	at java.base/java.lang.reflect.Method.invoke(Method.java:567)
=======
<td>84</td>
<td>com.medmantra.testcases.Laboratory.TC_009_LAB_ModifyTestRequest_CancelLRN@1b1cfb87</td></tr>
</table><p>
<table width='100%' border='1' class='invocation-passed'>
<tr><td colspan='4' align='center'><b>PASSED TESTS</b></td></tr>
<tr><td><b>Test method</b></td>
<td width="30%"><b>Exception</b></td>
<td width="10%"><b>Time (seconds)</b></td>
<td><b>Instance</b></td>
</tr>
<tr>
<td title='com.medmantra.testcases.Laboratory.ToCreateLRNNumber.createLRN()'><b>createLRN</b><br>Test class: com.medmantra.testcases.Laboratory.ToCreateLRNNumber<br>Parameters: Department</td>
<td></td>
<td>124</td>
<td>com.medmantra.testcases.Laboratory.ToCreateLRNNumber@23f5b5dc</td></tr>
</table><p>
<table width='100%' border='1' class='invocation-skipped'>
<tr><td colspan='4' align='center'><b>SKIPPED TESTS</b></td></tr>
<tr><td><b>Test method</b></td>
<td width="30%"><b>Exception</b></td>
<td width="10%"><b>Time (seconds)</b></td>
<td><b>Instance</b></td>
</tr>
<tr>
<td title='com.medmantra.testcases.Laboratory.TC_009_LAB_ModifyTestRequest_CancelLRN.runCancelLRN()'><b>runCancelLRN</b><br>Test class: com.medmantra.testcases.Laboratory.TC_009_LAB_ModifyTestRequest_CancelLRN<br>Parameters: Test</td>
<td><div><pre>java.lang.RuntimeException: See the reporter for details.
	at com.framework.utils.Reporter.reportStep(Reporter.java:92)
	at com.framework.utils.Reporter.reportStep(Reporter.java:107)
	at com.framework.selenium.api.base.SeleniumBase.takeSnap(SeleniumBase.java:913)
	at com.framework.utils.Reporter.reportStep(Reporter.java:80)
	at com.framework.utils.Reporter.reportStep(Reporter.java:107)
	at com.medmantra.pages.LaboratoryPage.clickOnModifyTestRequest(LaboratoryPage.java:25)
	at com.medmantra.testcases.Laboratory.TC_009_LAB_ModifyTestRequest_CancelLRN.runCancelLRN(TC_009_LAB_ModifyTestRequest_CancelLRN.java:31)
	at java.base/java.util.ArrayList.forEach(ArrayList.java:1511)
... Removed 27 stack frames</pre></div><a href='#' onClick='toggleBox("stack-trace1790671741", this, "Click to show all stack frames", "Click to hide stack frames")'>Click to show all stack frames</a>
<div class='stack-trace' id='stack-trace1790671741'><pre>java.lang.RuntimeException: See the reporter for details.
	at com.framework.utils.Reporter.reportStep(Reporter.java:92)
	at com.framework.utils.Reporter.reportStep(Reporter.java:107)
	at com.framework.selenium.api.base.SeleniumBase.takeSnap(SeleniumBase.java:913)
	at com.framework.utils.Reporter.reportStep(Reporter.java:80)
	at com.framework.utils.Reporter.reportStep(Reporter.java:107)
	at com.medmantra.pages.LaboratoryPage.clickOnModifyTestRequest(LaboratoryPage.java:25)
	at com.medmantra.testcases.Laboratory.TC_009_LAB_ModifyTestRequest_CancelLRN.runCancelLRN(TC_009_LAB_ModifyTestRequest_CancelLRN.java:31)
	at java.base/jdk.internal.reflect.NativeMethodAccessorImpl.invoke0(Native Method)
	at java.base/jdk.internal.reflect.NativeMethodAccessorImpl.invoke(NativeMethodAccessorImpl.java:77)
	at java.base/jdk.internal.reflect.DelegatingMethodAccessorImpl.invoke(DelegatingMethodAccessorImpl.java:43)
	at java.base/java.lang.reflect.Method.invoke(Method.java:568)
>>>>>>> a36527de2242561f4ee434d68ee0055eb38bdbe2
	at org.testng.internal.MethodInvocationHelper.invokeMethod(MethodInvocationHelper.java:133)
	at org.testng.internal.TestInvoker.invokeMethod(TestInvoker.java:598)
	at org.testng.internal.TestInvoker.invokeTestMethod(TestInvoker.java:173)
	at org.testng.internal.MethodRunner.runInSequence(MethodRunner.java:46)
	at org.testng.internal.TestInvoker$MethodInvocationAgent.invoke(TestInvoker.java:824)
	at org.testng.internal.TestInvoker.invokeTestMethods(TestInvoker.java:146)
	at org.testng.internal.TestMethodWorker.invokeTestMethods(TestMethodWorker.java:146)
	at org.testng.internal.TestMethodWorker.run(TestMethodWorker.java:128)
	at java.base/java.util.ArrayList.forEach(ArrayList.java:1511)
	at org.testng.TestRunner.privateRun(TestRunner.java:794)
	at org.testng.TestRunner.run(TestRunner.java:596)
	at org.testng.SuiteRunner.runTest(SuiteRunner.java:377)
	at org.testng.SuiteRunner.runSequentially(SuiteRunner.java:371)
	at org.testng.SuiteRunner.privateRun(SuiteRunner.java:332)
	at org.testng.SuiteRunner.run(SuiteRunner.java:276)
	at org.testng.SuiteRunnerWorker.runSuite(SuiteRunnerWorker.java:53)
	at org.testng.SuiteRunnerWorker.run(SuiteRunnerWorker.java:96)
	at org.testng.TestNG.runSuitesSequentially(TestNG.java:1212)
	at org.testng.TestNG.runSuitesLocally(TestNG.java:1134)
	at org.testng.TestNG.runSuites(TestNG.java:1063)
	at org.testng.TestNG.run(TestNG.java:1031)
	at org.testng.remote.AbstractRemoteTestNG.run(AbstractRemoteTestNG.java:115)
	at org.testng.remote.RemoteTestNG.initAndRun(RemoteTestNG.java:251)
	at org.testng.remote.RemoteTestNG.main(RemoteTestNG.java:77)
</pre></div></td>
<<<<<<< HEAD
<td>32</td>
<td>com.medmantra.testcases.ES_Appoinment.TC_009_ES_RescheduleAppointment@626abbd0</td></tr>
=======
<td>115</td>
<td>com.medmantra.testcases.Laboratory.TC_009_LAB_ModifyTestRequest_CancelLRN@1b1cfb87</td></tr>
<tr>
<td title='com.medmantra.testcases.Laboratory.TC_009_LAB_ModifyTestRequest_CancelLRN.runCancelLRN()'><b>runCancelLRN</b><br>Test class: com.medmantra.testcases.Laboratory.TC_009_LAB_ModifyTestRequest_CancelLRN<br>Parameters: Test</td>
<td><div><pre>java.lang.RuntimeException: See the reporter for details.
	at com.framework.utils.Reporter.reportStep(Reporter.java:92)
	at com.framework.utils.Reporter.reportStep(Reporter.java:107)
	at com.framework.selenium.api.base.SeleniumBase.takeSnap(SeleniumBase.java:913)
	at com.framework.utils.Reporter.reportStep(Reporter.java:80)
	at com.framework.utils.Reporter.reportStep(Reporter.java:107)
	at com.medmantra.pages.ModifyTestRequestPage.clickCancelLrnButton(ModifyTestRequestPage.java:73)
	at com.medmantra.testcases.Laboratory.TC_009_LAB_ModifyTestRequest_CancelLRN.runCancelLRN(TC_009_LAB_ModifyTestRequest_CancelLRN.java:35)
	at java.base/java.util.ArrayList.forEach(ArrayList.java:1511)
... Removed 27 stack frames</pre></div><a href='#' onClick='toggleBox("stack-trace693211959", this, "Click to show all stack frames", "Click to hide stack frames")'>Click to show all stack frames</a>
<div class='stack-trace' id='stack-trace693211959'><pre>java.lang.RuntimeException: See the reporter for details.
	at com.framework.utils.Reporter.reportStep(Reporter.java:92)
	at com.framework.utils.Reporter.reportStep(Reporter.java:107)
	at com.framework.selenium.api.base.SeleniumBase.takeSnap(SeleniumBase.java:913)
	at com.framework.utils.Reporter.reportStep(Reporter.java:80)
	at com.framework.utils.Reporter.reportStep(Reporter.java:107)
	at com.medmantra.pages.ModifyTestRequestPage.clickCancelLrnButton(ModifyTestRequestPage.java:73)
	at com.medmantra.testcases.Laboratory.TC_009_LAB_ModifyTestRequest_CancelLRN.runCancelLRN(TC_009_LAB_ModifyTestRequest_CancelLRN.java:35)
	at java.base/jdk.internal.reflect.NativeMethodAccessorImpl.invoke0(Native Method)
	at java.base/jdk.internal.reflect.NativeMethodAccessorImpl.invoke(NativeMethodAccessorImpl.java:77)
	at java.base/jdk.internal.reflect.DelegatingMethodAccessorImpl.invoke(DelegatingMethodAccessorImpl.java:43)
	at java.base/java.lang.reflect.Method.invoke(Method.java:568)
	at org.testng.internal.MethodInvocationHelper.invokeMethod(MethodInvocationHelper.java:133)
	at org.testng.internal.TestInvoker.invokeMethod(TestInvoker.java:598)
	at org.testng.internal.TestInvoker.retryFailed(TestInvoker.java:213)
	at org.testng.internal.MethodRunner.runInSequence(MethodRunner.java:58)
	at org.testng.internal.TestInvoker$MethodInvocationAgent.invoke(TestInvoker.java:824)
	at org.testng.internal.TestInvoker.invokeTestMethods(TestInvoker.java:146)
	at org.testng.internal.TestMethodWorker.invokeTestMethods(TestMethodWorker.java:146)
	at org.testng.internal.TestMethodWorker.run(TestMethodWorker.java:128)
	at java.base/java.util.ArrayList.forEach(ArrayList.java:1511)
	at org.testng.TestRunner.privateRun(TestRunner.java:794)
	at org.testng.TestRunner.run(TestRunner.java:596)
	at org.testng.SuiteRunner.runTest(SuiteRunner.java:377)
	at org.testng.SuiteRunner.runSequentially(SuiteRunner.java:371)
	at org.testng.SuiteRunner.privateRun(SuiteRunner.java:332)
	at org.testng.SuiteRunner.run(SuiteRunner.java:276)
	at org.testng.SuiteRunnerWorker.runSuite(SuiteRunnerWorker.java:53)
	at org.testng.SuiteRunnerWorker.run(SuiteRunnerWorker.java:96)
	at org.testng.TestNG.runSuitesSequentially(TestNG.java:1212)
	at org.testng.TestNG.runSuitesLocally(TestNG.java:1134)
	at org.testng.TestNG.runSuites(TestNG.java:1063)
	at org.testng.TestNG.run(TestNG.java:1031)
	at org.testng.remote.AbstractRemoteTestNG.run(AbstractRemoteTestNG.java:115)
	at org.testng.remote.RemoteTestNG.initAndRun(RemoteTestNG.java:251)
	at org.testng.remote.RemoteTestNG.main(RemoteTestNG.java:77)
</pre></div></td>
<td>104</td>
<td>com.medmantra.testcases.Laboratory.TC_009_LAB_ModifyTestRequest_CancelLRN@1b1cfb87</td></tr>
>>>>>>> a36527de2242561f4ee434d68ee0055eb38bdbe2
</table><p>
</body>
</html>