<?xml version="1.0" encoding="UTF-8"?>
<!-- Generated by org.testng.reporters.JUnitXMLReporter -->
<<<<<<< HEAD
<testsuite ignored="0" hostname="DESKTOP-6CGC2KB" failures="0" tests="1" name="TC_037" time="40.538" errors="0" timestamp="2022-08-17T13:24:40 IST">
  <testcase classname="com.medmantra.testcases.ES_Appoinment.TC_037_ES_CalendarSetup_TemplateUpdate" name="runCalendarSetupTemplateUpdate" time="38.152"/>
=======
<testsuite ignored="6" hostname="EC-AUTOMA-001" failures="3" tests="9" name="TC_037" time="716.84" errors="0" timestamp="2022-09-13T07:00:44 PDT">
  <testcase classname="com.framework.testng.api.base.ProjectSpecificMethods" name="@BeforeMethod preCondition" time="93.3">
    <failure type="java.lang.RuntimeException" message="See the reporter for details.">
      <![CDATA[java.lang.RuntimeException: See the reporter for details.
at com.framework.utils.Reporter.reportStep(Reporter.java:92)
at com.framework.utils.Reporter.reportStep(Reporter.java:107)
at com.framework.selenium.api.base.SeleniumBase.startApp(SeleniumBase.java:600)
at com.framework.testng.api.base.ProjectSpecificMethods.preCondition(ProjectSpecificMethods.java:50)
at java.base/java.util.ArrayList.forEach(ArrayList.java:1511)
... Removed 30 stack frames]]>
    </failure>
  </testcase> <!-- @BeforeMethod preCondition -->
  <testcase classname="com.medmantra.testcases.Laboratory.TC_037_LAB_ReceiveSamples" name="@BeforeMethod preCondition" time="-1.663077554091E9">
    <skipped/>
  </testcase> <!-- @BeforeMethod preCondition -->
  <testcase classname="com.framework.testng.api.base.ProjectSpecificMethods" name="@AfterMethod postCondition" time="-1.663077644247E9">
    <skipped/>
  </testcase> <!-- @AfterMethod postCondition -->
  <testcase classname="com.medmantra.testcases.Laboratory.ToCreateLRNNumber" name="createLRN" time="123.289">
    <skipped/>
  </testcase> <!-- createLRN -->
  <testcase classname="com.medmantra.testcases.Laboratory.ToCreateLRNNumber" name="createLRN" time="123.21">
    <skipped/>
  </testcase> <!-- createLRN -->
  <testcase classname="com.medmantra.testcases.Laboratory.ToCreateLRNNumber" name="createLRN" time="123.14">
    <failure type="java.lang.RuntimeException" message="See the reporter for details.">
      <![CDATA[java.lang.RuntimeException: See the reporter for details.
at com.framework.utils.Reporter.reportStep(Reporter.java:92)
at com.framework.utils.Reporter.reportStep(Reporter.java:107)
at com.framework.selenium.api.base.SeleniumBase.locateElement(SeleniumBase.java:632)
at com.medmantra.pages.WardsDashboardPage.clickDoctorActivities(WardsDashboardPage.java:39)
at com.medmantra.testcases.Laboratory.ToCreateLRNNumber.createLRN(ToCreateLRNNumber.java:50)
at java.base/java.util.ArrayList.forEach(ArrayList.java:1511)
... Removed 26 stack frames]]>
    </failure>
  </testcase> <!-- createLRN -->
  <testcase classname="com.medmantra.testcases.Laboratory.TC_029_LAB_IPSampleCollection" name="IPSampleCollection" time="26.52">
    <skipped/>
  </testcase> <!-- IPSampleCollection -->
  <testcase classname="com.medmantra.testcases.Laboratory.TC_029_LAB_IPSampleCollection" name="IPSampleCollection" time="26.671">
    <skipped/>
  </testcase> <!-- IPSampleCollection -->
  <testcase classname="com.medmantra.testcases.Laboratory.TC_029_LAB_IPSampleCollection" name="IPSampleCollection" time="26.772">
    <failure type="java.lang.IllegalArgumentException" message="Keys to send should be a not null CharSequence">
      <![CDATA[java.lang.IllegalArgumentException: Keys to send should be a not null CharSequence
at org.openqa.selenium.remote.RemoteWebElement.sendKeys(RemoteWebElement.java:92)
at com.framework.selenium.api.base.SeleniumBase.clearAndType(SeleniumBase.java:312)
at com.medmantra.pages.IPSampleCollectionPage.enterLRN(IPSampleCollectionPage.java:19)
at com.medmantra.testcases.Laboratory.TC_029_LAB_IPSampleCollection.IPSampleCollection(TC_029_LAB_IPSampleCollection.java:32)
at java.base/java.util.ArrayList.forEach(ArrayList.java:1511)
... Removed 27 stack frames]]>
    </failure>
  </testcase> <!-- IPSampleCollection -->
  <testcase classname="com.medmantra.testcases.Laboratory.TC_037_LAB_ReceiveSamples" name="ReceiveSamples" time="26.407">
    <skipped/>
  </testcase> <!-- ReceiveSamples -->
  <testcase classname="com.medmantra.testcases.Laboratory.TC_037_LAB_ReceiveSamples" name="ReceiveSamples" time="26.127">
    <skipped/>
  </testcase> <!-- ReceiveSamples -->
  <testcase classname="com.medmantra.testcases.Laboratory.TC_037_LAB_ReceiveSamples" name="ReceiveSamples" time="90.155">
    <failure type="java.lang.RuntimeException" message="See the reporter for details.">
      <![CDATA[java.lang.RuntimeException: See the reporter for details.
at com.framework.utils.Reporter.reportStep(Reporter.java:92)
at com.framework.utils.Reporter.reportStep(Reporter.java:107)
at com.framework.selenium.api.base.SeleniumBase.locateElement(SeleniumBase.java:632)
at com.medmantra.pages.LoginPage.enterUsername(LoginPage.java:23)
at com.medmantra.testcases.Laboratory.TC_037_LAB_ReceiveSamples.ReceiveSamples(TC_037_LAB_ReceiveSamples.java:41)
at java.base/java.util.ArrayList.forEach(ArrayList.java:1511)
... Removed 27 stack frames]]>
    </failure>
  </testcase> <!-- ReceiveSamples -->
  <testcase classname="com.framework.utils.Reporter" name="@BeforeSuite startReport" time="0.0">
    <ignored/>
  </testcase> <!-- @BeforeSuite startReport -->
  <testcase classname="com.framework.utils.Reporter" name="@BeforeSuite startReport" time="0.0">
    <ignored/>
  </testcase> <!-- @BeforeSuite startReport -->
  <testcase classname="com.framework.testng.api.base.ProjectSpecificMethods" name="@BeforeSuite url" time="0.0">
    <ignored/>
  </testcase> <!-- @BeforeSuite url -->
  <testcase classname="com.framework.testng.api.base.ProjectSpecificMethods" name="@BeforeSuite url" time="0.0">
    <ignored/>
  </testcase> <!-- @BeforeSuite url -->
  <testcase classname="com.framework.utils.Reporter" name="@AfterSuite endResult" time="0.0">
    <ignored/>
  </testcase> <!-- @AfterSuite endResult -->
  <testcase classname="com.framework.utils.Reporter" name="@AfterSuite endResult" time="0.0">
    <ignored/>
  </testcase> <!-- @AfterSuite endResult -->
>>>>>>> a36527de2242561f4ee434d68ee0055eb38bdbe2
</testsuite> <!-- TC_037 -->
