<?xml version="1.0" encoding="UTF-8"?>
<!-- Generated by org.testng.reporters.JUnitXMLReporter -->
<testsuite ignored="6" hostname="DESKTOP-6CGC2KB" failures="3" tests="3" name="TC_010" time="211.211" errors="0" timestamp="2022-09-20T00:13:31 IST">
  <testcase classname="com.medmantra.testcases.Registration.TC_001_REG_NormalRegistration" name="normalRegistration" time="106.809">
    <failure type="java.lang.RuntimeException" message="See the reporter for details.">
      <![CDATA[java.lang.RuntimeException: See the reporter for details.
at com.framework.utils.Reporter.reportStep(Reporter.java:92)
at com.framework.selenium.api.base.SeleniumBase.switchToWindow(SeleniumBase.java:783)
at com.medmantra.pages.PaymentsPage.verifyRegistration(PaymentsPage.java:378)
at com.medmantra.testcases.Registration.TC_001_REG_NormalRegistration.normalRegistration(TC_001_REG_NormalRegistration.java:56)
at java.base/java.util.ArrayList.forEach(ArrayList.java:1511)
... Removed 27 stack frames]]>
    </failure>
  </testcase> <!-- normalRegistration -->
  <testcase classname="com.medmantra.testcases.ES_Appoinment.TC_008_ES_AppointmentBooking" name="runAppoinmentBooking" time="58.575">
    <failure type="java.lang.RuntimeException" message="See the reporter for details.">
      <![CDATA[java.lang.RuntimeException: See the reporter for details.
at com.framework.utils.Reporter.reportStep(Reporter.java:92)
at com.framework.utils.Reporter.reportStep(Reporter.java:107)
at com.framework.selenium.api.base.SeleniumBase.locateElement(SeleniumBase.java:635)
at com.medmantra.pages.AppointmentBookingPage.clickYesToProceed(AppointmentBookingPage.java:124)
at com.medmantra.testcases.ES_Appoinment.TC_008_ES_AppointmentBooking.runAppoinmentBooking(TC_008_ES_AppointmentBooking.java:40)
at java.base/java.util.ArrayList.forEach(ArrayList.java:1511)
... Removed 27 stack frames]]>
    </failure>
  </testcase> <!-- runAppoinmentBooking -->
  <testcase classname="com.medmantra.testcases.ES_Appoinment.TC_009_ES_RescheduleAppointment" name="runRescheduleAppointment" time="32.711">
    <failure type="java.lang.RuntimeException" message="See the reporter for details.">
      <![CDATA[java.lang.RuntimeException: See the reporter for details.
at com.framework.utils.Reporter.reportStep(Reporter.java:92)
at com.framework.utils.Reporter.reportStep(Reporter.java:107)
at com.framework.selenium.api.base.SeleniumBase.takeSnap(SeleniumBase.java:913)
at com.framework.utils.Reporter.reportStep(Reporter.java:80)
at com.framework.utils.Reporter.reportStep(Reporter.java:107)
at com.medmantra.pages.ReschedulePage.clickSearchButton(ReschedulePage.java:31)
at com.medmantra.testcases.ES_Appoinment.TC_009_ES_RescheduleAppointment.runRescheduleAppointment(TC_009_ES_RescheduleAppointment.java:35)
at java.base/java.util.ArrayList.forEach(ArrayList.java:1511)
... Removed 27 stack frames]]>
    </failure>
  </testcase> <!-- runRescheduleAppointment -->
  <testcase classname="com.framework.utils.Reporter" name="@BeforeSuite startReport" time="0.0">
    <ignored/>
  </testcase> <!-- @BeforeSuite startReport -->
  <testcase classname="com.framework.utils.Reporter" name="@BeforeSuite startReport" time="0.0">
    <ignored/>
  </testcase> <!-- @BeforeSuite startReport -->
  <testcase classname="com.framework.testng.api.base.ProjectSpecificMethods" name="@BeforeSuite url" time="0.0">
    <ignored/>
  </testcase> <!-- @BeforeSuite url -->
  <testcase classname="com.framework.testng.api.base.ProjectSpecificMethods" name="@BeforeSuite url" time="0.0">
    <ignored/>
  </testcase> <!-- @BeforeSuite url -->
  <testcase classname="com.framework.utils.Reporter" name="@AfterSuite endResult" time="0.0">
    <ignored/>
  </testcase> <!-- @AfterSuite endResult -->
  <testcase classname="com.framework.utils.Reporter" name="@AfterSuite endResult" time="0.0">
    <ignored/>
  </testcase> <!-- @AfterSuite endResult -->
</testsuite> <!-- TC_010 -->
