<?xml version="1.0" encoding="UTF-8"?>
<!-- Generated by org.testng.reporters.JUnitXMLReporter -->
<<<<<<< HEAD
<testsuite ignored="4" hostname="DESKTOP-6CGC2KB" failures="2" tests="3" name="TC_030" time="308.093" errors="0" timestamp="2022-08-16T13:56:03 IST">
  <testcase classname="com.medmantra.testcases.Registration.TC_001_REG_NormalRegistration" name="normalRegistration" time="173.999">
    <failure type="java.lang.RuntimeException" message="See the reporter for details.">
      <![CDATA[java.lang.RuntimeException: See the reporter for details.
at com.framework.utils.Reporter.reportStep(Reporter.java:92)
at com.framework.selenium.api.base.SeleniumBase.acceptAlert(SeleniumBase.java:710)
at com.medmantra.pages.PaymentsPage.clickSubmit(PaymentsPage.java:105)
at com.medmantra.testcases.Registration.TC_001_REG_NormalRegistration.normalRegistration(TC_001_REG_NormalRegistration.java:58)
at java.base/java.util.ArrayList.forEach(ArrayList.java:1511)
... Removed 27 stack frames]]>
    </failure>
  </testcase> <!-- normalRegistration -->
  <testcase classname="com.medmantra.testcases.ES_Appoinment.TC_008_ES_AppointmentBooking" name="runAppoinmentBooking" time="76.957"/>
  <testcase classname="com.medmantra.testcases.ES_Appoinment.TC_030_ES_ViewAppointmentsReschedule" name="ViewAppointmentsReschedule" time="41.06">
    <failure type="org.openqa.selenium.UnhandledAlertException" message="unexpected alert open: {Alert text : No Appointments found}
  (Session info: MicrosoftEdge=104.0.1293.54): No Appointments found
Build info: version: &amp;apos;4.1.1&amp;apos;, revision: &amp;apos;e8fcc2cecf&amp;apos;
System info: host: &amp;apos;DESKTOP-6CGC2KB&amp;apos;, ip: &amp;apos;10.22.61.192&amp;apos;, os.name: &amp;apos;Windows 10&amp;apos;, os.arch: &amp;apos;amd64&amp;apos;, os.version: &amp;apos;10.0&amp;apos;, java.version: &amp;apos;16.0.1&amp;apos;
Driver info: org.openqa.selenium.edge.EdgeDriver
Command: [2874542cd95f1d3de081690c7111e83e, executeScript {script=var element = document.querySelector(&amp;apos;#AppID1&amp;apos;); var rightClick = document.createEvent(&amp;apos;MouseEvents&amp;apos;); rightClick.initMouseEvent(&amp;apos;contextmenu&amp;apos;, true, true, document.defaultView, 1, 0, 0, 0, 0, false,false, false, false, 2, null); element.dispatchEvent(rightClick);, args=[]}]
Capabilities {acceptInsecureCerts: false, browserName: msedge, browserVersion: 104.0.1293.54, javascriptEnabled: true, ms:edgeOptions: {debuggerAddress: localhost:51276}, msedge: {msedgedriverVersion: 104.0.1293.54 (cf00dc8720d8..., userDataDir: C:\Users\RAMKUM~1\AppData\L...}, networkConnectionEnabled: false, pageLoadStrategy: normal, platform: WINDOWS, platformName: WINDOWS, proxy: Proxy(), se:cdp: ws://localhost:51276/devtoo..., se:cdpVersion: 104.0.1293.54, setWindowRect: true, strictFileInteractability: false, timeouts: {implicit: 0, pageLoad: 300000, script: 30000}, unhandledPromptBehavior: dismiss and notify, webauthn:extension:credBlob: true, webauthn:extension:largeBlob: true, webauthn:virtualAuthenticators: true}
Session ID: 2874542cd95f1d3de081690c7111e83e">
      <![CDATA[org.openqa.selenium.UnhandledAlertException: unexpected alert open: {Alert text : No Appointments found}
  (Session info: MicrosoftEdge=104.0.1293.54): No Appointments found
Build info: version: '4.1.1', revision: 'e8fcc2cecf'
System info: host: 'DESKTOP-6CGC2KB', ip: '10.22.61.192', os.name: 'Windows 10', os.arch: 'amd64', os.version: '10.0', java.version: '16.0.1'
Driver info: org.openqa.selenium.edge.EdgeDriver
Command: [2874542cd95f1d3de081690c7111e83e, executeScript {script=var element = document.querySelector('#AppID1'); var rightClick = document.createEvent('MouseEvents'); rightClick.initMouseEvent('contextmenu', true, true, document.defaultView, 1, 0, 0, 0, 0, false,false, false, false, 2, null); element.dispatchEvent(rightClick);, args=[]}]
Capabilities {acceptInsecureCerts: false, browserName: msedge, browserVersion: 104.0.1293.54, javascriptEnabled: true, ms:edgeOptions: {debuggerAddress: localhost:51276}, msedge: {msedgedriverVersion: 104.0.1293.54 (cf00dc8720d8..., userDataDir: C:\Users\RAMKUM~1\AppData\L...}, networkConnectionEnabled: false, pageLoadStrategy: normal, platform: WINDOWS, platformName: WINDOWS, proxy: Proxy(), se:cdp: ws://localhost:51276/devtoo..., se:cdpVersion: 104.0.1293.54, setWindowRect: true, strictFileInteractability: false, timeouts: {implicit: 0, pageLoad: 300000, script: 30000}, unhandledPromptBehavior: dismiss and notify, webauthn:extension:credBlob: true, webauthn:extension:largeBlob: true, webauthn:virtualAuthenticators: true}
Session ID: 2874542cd95f1d3de081690c7111e83e
at org.openqa.selenium.remote.codec.w3c.W3CHttpResponseCodec.decode(W3CHttpResponseCodec.java:131)
at org.openqa.selenium.remote.codec.w3c.W3CHttpResponseCodec.decode(W3CHttpResponseCodec.java:53)
at org.openqa.selenium.remote.HttpCommandExecutor.execute(HttpCommandExecutor.java:184)
at org.openqa.selenium.remote.service.DriverCommandExecutor.invokeExecute(DriverCommandExecutor.java:167)
at org.openqa.selenium.remote.service.DriverCommandExecutor.execute(DriverCommandExecutor.java:142)
at org.openqa.selenium.remote.RemoteWebDriver.execute(RemoteWebDriver.java:543)
at org.openqa.selenium.remote.RemoteWebDriver.executeScript(RemoteWebDriver.java:477)
at com.medmantra.pages.ViewAppointmentsPage.rightclickAppointmentsID(ViewAppointmentsPage.java:175)
at com.medmantra.testcases.ES_Appoinment.TC_030_ES_ViewAppointmentsReschedule.ViewAppointmentsReschedule(TC_030_ES_ViewAppointmentsReschedule.java:34)
at java.base/java.util.ArrayList.forEach(ArrayList.java:1511)
... Removed 27 stack frames]]>
    </failure>
  </testcase> <!-- ViewAppointmentsReschedule -->
  <testcase classname="com.framework.utils.Reporter" name="@BeforeSuite startReport" time="0.0">
    <ignored/>
  </testcase> <!-- @BeforeSuite startReport -->
  <testcase classname="com.framework.utils.Reporter" name="@BeforeSuite startReport" time="0.0">
    <ignored/>
  </testcase> <!-- @BeforeSuite startReport -->
  <testcase classname="com.framework.utils.Reporter" name="@AfterSuite endResult" time="0.0">
    <ignored/>
  </testcase> <!-- @AfterSuite endResult -->
=======
<testsuite ignored="3" hostname="EC-AUTOMA-001" failures="2" tests="6" name="TC_030" time="475.288" errors="0" timestamp="2022-09-13T06:21:36 PDT">
  <testcase classname="com.medmantra.testcases.Laboratory.ToCreateLRNNumber" name="createLRN" time="124.067">
    <skipped/>
  </testcase> <!-- createLRN -->
  <testcase classname="com.medmantra.testcases.Laboratory.ToCreateLRNNumber" name="createLRN" time="123.253">
    <skipped/>
  </testcase> <!-- createLRN -->
  <testcase classname="com.medmantra.testcases.Laboratory.ToCreateLRNNumber" name="createLRN" time="122.951">
    <failure type="java.lang.RuntimeException" message="See the reporter for details.">
      <![CDATA[java.lang.RuntimeException: See the reporter for details.
at com.framework.utils.Reporter.reportStep(Reporter.java:92)
at com.framework.utils.Reporter.reportStep(Reporter.java:107)
at com.framework.selenium.api.base.SeleniumBase.locateElement(SeleniumBase.java:632)
at com.medmantra.pages.WardsDashboardPage.clickDoctorActivities(WardsDashboardPage.java:39)
at com.medmantra.testcases.Laboratory.ToCreateLRNNumber.createLRN(ToCreateLRNNumber.java:50)
at java.base/java.util.ArrayList.forEach(ArrayList.java:1511)
... Removed 26 stack frames]]>
    </failure>
  </testcase> <!-- createLRN -->
  <testcase classname="com.medmantra.testcases.Laboratory.TC_030_LAB_IPSampleCollectionIPBatchSampleCollectionPrintLabels" name="IPSampleCollectionPrintLables" time="27.231">
    <skipped/>
  </testcase> <!-- IPSampleCollectionPrintLables -->
  <testcase classname="com.medmantra.testcases.Laboratory.TC_030_LAB_IPSampleCollectionIPBatchSampleCollectionPrintLabels" name="IPSampleCollectionPrintLables" time="27.064">
    <skipped/>
  </testcase> <!-- IPSampleCollectionPrintLables -->
  <testcase classname="com.medmantra.testcases.Laboratory.TC_030_LAB_IPSampleCollectionIPBatchSampleCollectionPrintLabels" name="IPSampleCollectionPrintLables" time="26.434">
    <failure type="java.lang.IllegalArgumentException" message="Keys to send should be a not null CharSequence">
      <![CDATA[java.lang.IllegalArgumentException: Keys to send should be a not null CharSequence
at org.openqa.selenium.remote.RemoteWebElement.sendKeys(RemoteWebElement.java:92)
at com.framework.selenium.api.base.SeleniumBase.clearAndType(SeleniumBase.java:312)
at com.medmantra.pages.IPSampleCollectionPage.enterLRN(IPSampleCollectionPage.java:19)
at com.medmantra.testcases.Laboratory.TC_030_LAB_IPSampleCollectionIPBatchSampleCollectionPrintLabels.IPSampleCollectionPrintLables(TC_030_LAB_IPSampleCollectionIPBatchSampleCollectionPrintLabels.java:31)
at java.base/java.util.ArrayList.forEach(ArrayList.java:1511)
... Removed 27 stack frames]]>
    </failure>
  </testcase> <!-- IPSampleCollectionPrintLables -->
  <testcase classname="com.framework.utils.Reporter" name="@BeforeSuite startReport" time="0.0">
    <ignored/>
  </testcase> <!-- @BeforeSuite startReport -->
  <testcase classname="com.framework.testng.api.base.ProjectSpecificMethods" name="@BeforeSuite url" time="0.0">
    <ignored/>
  </testcase> <!-- @BeforeSuite url -->
>>>>>>> a36527de2242561f4ee434d68ee0055eb38bdbe2
  <testcase classname="com.framework.utils.Reporter" name="@AfterSuite endResult" time="0.0">
    <ignored/>
  </testcase> <!-- @AfterSuite endResult -->
</testsuite> <!-- TC_030 -->
