<?xml version="1.0" encoding="UTF-8"?>
<!-- Generated by org.testng.reporters.JUnitXMLReporter -->
<testsuite ignored="15" hostname="EC-AUTOMA-001" failures="6" tests="18" name="TC_071" time="786.971" errors="0" timestamp="2022-09-13T11:48:05 PDT">
  <testcase classname="com.medmantra.testcases.Laboratory.ToCreateLRNNumber" name="createLRN" time="122.054">
    <skipped/>
  </testcase> <!-- createLRN -->
  <testcase classname="com.medmantra.testcases.Laboratory.ToCreateLRNNumber" name="createLRN" time="122.411">
    <skipped/>
  </testcase> <!-- createLRN -->
  <testcase classname="com.medmantra.testcases.Laboratory.ToCreateLRNNumber" name="createLRN" time="122.344">
    <failure type="java.lang.RuntimeException" message="See the reporter for details.">
      <![CDATA[java.lang.RuntimeException: See the reporter for details.
at com.framework.utils.Reporter.reportStep(Reporter.java:92)
at com.framework.utils.Reporter.reportStep(Reporter.java:107)
at com.framework.selenium.api.base.SeleniumBase.locateElement(SeleniumBase.java:632)
at com.medmantra.pages.WardsDashboardPage.clickDoctorActivities(WardsDashboardPage.java:39)
at com.medmantra.testcases.Laboratory.ToCreateLRNNumber.createLRN(ToCreateLRNNumber.java:50)
at java.base/java.util.ArrayList.forEach(ArrayList.java:1511)
... Removed 26 stack frames]]>
    </failure>
  </testcase> <!-- createLRN -->
  <testcase classname="com.medmantra.testcases.Laboratory.TC_029_LAB_IPSampleCollection" name="IPSampleCollection" time="26.556">
    <skipped/>
  </testcase> <!-- IPSampleCollection -->
  <testcase classname="com.medmantra.testcases.Laboratory.TC_029_LAB_IPSampleCollection" name="IPSampleCollection" time="26.568">
    <skipped/>
  </testcase> <!-- IPSampleCollection -->
  <testcase classname="com.medmantra.testcases.Laboratory.TC_029_LAB_IPSampleCollection" name="IPSampleCollection" time="26.559">
    <failure type="java.lang.IllegalArgumentException" message="Keys to send should be a not null CharSequence">
      <![CDATA[java.lang.IllegalArgumentException: Keys to send should be a not null CharSequence
at org.openqa.selenium.remote.RemoteWebElement.sendKeys(RemoteWebElement.java:92)
at com.framework.selenium.api.base.SeleniumBase.clearAndType(SeleniumBase.java:312)
at com.medmantra.pages.IPSampleCollectionPage.enterLRN(IPSampleCollectionPage.java:19)
at com.medmantra.testcases.Laboratory.TC_029_LAB_IPSampleCollection.IPSampleCollection(TC_029_LAB_IPSampleCollection.java:32)
at java.base/java.util.ArrayList.forEach(ArrayList.java:1511)
... Removed 26 stack frames]]>
    </failure>
  </testcase> <!-- IPSampleCollection -->
  <testcase classname="com.medmantra.testcases.Laboratory.TC_037_LAB_ReceiveSamples" name="ReceiveSamples" time="26.671">
    <skipped/>
  </testcase> <!-- ReceiveSamples -->
  <testcase classname="com.medmantra.testcases.Laboratory.TC_037_LAB_ReceiveSamples" name="ReceiveSamples" time="26.214">
    <skipped/>
  </testcase> <!-- ReceiveSamples -->
  <testcase classname="com.medmantra.testcases.Laboratory.TC_037_LAB_ReceiveSamples" name="ReceiveSamples" time="26.234">
    <failure type="java.lang.IllegalArgumentException" message="Keys to send should be a not null CharSequence">
      <![CDATA[java.lang.IllegalArgumentException: Keys to send should be a not null CharSequence
at org.openqa.selenium.remote.RemoteWebElement.sendKeys(RemoteWebElement.java:92)
at com.framework.selenium.api.base.SeleniumBase.type(SeleniumBase.java:342)
at com.medmantra.pages.PrepareSampleInternalPage.enterLRNNo(PrepareSampleInternalPage.java:20)
at com.medmantra.testcases.Laboratory.TC_037_LAB_ReceiveSamples.ReceiveSamples(TC_037_LAB_ReceiveSamples.java:51)
at java.base/java.util.ArrayList.forEach(ArrayList.java:1511)
... Removed 26 stack frames]]>
    </failure>
  </testcase> <!-- ReceiveSamples -->
  <testcase classname="com.medmantra.testcases.Laboratory.TC_047_LAB_ProcessSampleAutomaticComplete" name="runProcessSampleComplete" time="26.213">
    <skipped/>
  </testcase> <!-- runProcessSampleComplete -->
  <testcase classname="com.medmantra.testcases.Laboratory.TC_047_LAB_ProcessSampleAutomaticComplete" name="runProcessSampleComplete" time="26.585">
    <skipped/>
  </testcase> <!-- runProcessSampleComplete -->
  <testcase classname="com.medmantra.testcases.Laboratory.TC_047_LAB_ProcessSampleAutomaticComplete" name="runProcessSampleComplete" time="26.274">
    <failure type="java.lang.IllegalArgumentException" message="Keys to send should be a not null CharSequence">
      <![CDATA[java.lang.IllegalArgumentException: Keys to send should be a not null CharSequence
at org.openqa.selenium.remote.RemoteWebElement.sendKeys(RemoteWebElement.java:92)
at com.framework.selenium.api.base.SeleniumBase.type(SeleniumBase.java:342)
at com.medmantra.pages.ProcessSamplePage.enterLRNNo(ProcessSamplePage.java:19)
at com.medmantra.testcases.Laboratory.TC_047_LAB_ProcessSampleAutomaticComplete.runProcessSampleComplete(TC_047_LAB_ProcessSampleAutomaticComplete.java:51)
at java.base/java.util.ArrayList.forEach(ArrayList.java:1511)
... Removed 26 stack frames]]>
    </failure>
  </testcase> <!-- runProcessSampleComplete -->
  <testcase classname="com.medmantra.testcases.Laboratory.TC_064_LAB_BatchReporting" name="runBatchReporting" time="18.793">
    <skipped/>
  </testcase> <!-- runBatchReporting -->
  <testcase classname="com.medmantra.testcases.Laboratory.TC_064_LAB_BatchReporting" name="runBatchReporting" time="18.834">
    <skipped/>
  </testcase> <!-- runBatchReporting -->
  <testcase classname="com.medmantra.testcases.Laboratory.TC_064_LAB_BatchReporting" name="runBatchReporting" time="18.738">
    <failure type="java.lang.IllegalArgumentException" message="Keys to send should be a not null CharSequence">
      <![CDATA[java.lang.IllegalArgumentException: Keys to send should be a not null CharSequence
at org.openqa.selenium.remote.RemoteWebElement.sendKeys(RemoteWebElement.java:92)
at com.framework.selenium.api.base.SeleniumBase.clearAndType(SeleniumBase.java:312)
at com.medmantra.pages.LabBatchReportingPage.enterLRN(LabBatchReportingPage.java:16)
at com.medmantra.testcases.Laboratory.TC_064_LAB_BatchReporting.runBatchReporting(TC_064_LAB_BatchReporting.java:52)
at java.base/java.util.ArrayList.forEach(ArrayList.java:1511)
... Removed 27 stack frames]]>
    </failure>
  </testcase> <!-- runBatchReporting -->
  <testcase classname="com.medmantra.testcases.Laboratory.TC_071_LAB_BatchVerification" name="runBatchReporting" time="18.978">
    <skipped/>
  </testcase> <!-- runBatchReporting -->
  <testcase classname="com.medmantra.testcases.Laboratory.TC_071_LAB_BatchVerification" name="runBatchReporting" time="19.258">
    <skipped/>
  </testcase> <!-- runBatchReporting -->
  <testcase classname="com.medmantra.testcases.Laboratory.TC_071_LAB_BatchVerification" name="runBatchReporting" time="18.816">
    <failure type="java.lang.IllegalArgumentException" message="Keys to send should be a not null CharSequence">
      <![CDATA[java.lang.IllegalArgumentException: Keys to send should be a not null CharSequence
at org.openqa.selenium.remote.RemoteWebElement.sendKeys(RemoteWebElement.java:92)
at com.framework.selenium.api.base.SeleniumBase.clearAndType(SeleniumBase.java:312)
at com.medmantra.pages.LabBatchVerificationPage.enterLRN(LabBatchVerificationPage.java:16)
at com.medmantra.testcases.Laboratory.TC_071_LAB_BatchVerification.runBatchReporting(TC_071_LAB_BatchVerification.java:49)
at java.base/java.util.ArrayList.forEach(ArrayList.java:1511)
... Removed 27 stack frames]]>
    </failure>
  </testcase> <!-- runBatchReporting -->
  <testcase classname="com.framework.utils.Reporter" name="@AfterSuite endResult" time="0.0">
    <ignored/>
  </testcase> <!-- @AfterSuite endResult -->
  <testcase classname="com.framework.utils.Reporter" name="@AfterSuite endResult" time="0.0">
    <ignored/>
  </testcase> <!-- @AfterSuite endResult -->
  <testcase classname="com.framework.utils.Reporter" name="@AfterSuite endResult" time="0.0">
    <ignored/>
  </testcase> <!-- @AfterSuite endResult -->
  <testcase classname="com.framework.utils.Reporter" name="@AfterSuite endResult" time="0.0">
    <ignored/>
  </testcase> <!-- @AfterSuite endResult -->
  <testcase classname="com.framework.utils.Reporter" name="@AfterSuite endResult" time="0.0">
    <ignored/>
  </testcase> <!-- @AfterSuite endResult -->
  <testcase classname="com.framework.utils.Reporter" name="@BeforeSuite startReport" time="0.0">
    <ignored/>
  </testcase> <!-- @BeforeSuite startReport -->
  <testcase classname="com.framework.utils.Reporter" name="@BeforeSuite startReport" time="0.0">
    <ignored/>
  </testcase> <!-- @BeforeSuite startReport -->
  <testcase classname="com.framework.utils.Reporter" name="@BeforeSuite startReport" time="0.0">
    <ignored/>
  </testcase> <!-- @BeforeSuite startReport -->
  <testcase classname="com.framework.utils.Reporter" name="@BeforeSuite startReport" time="0.0">
    <ignored/>
  </testcase> <!-- @BeforeSuite startReport -->
  <testcase classname="com.framework.utils.Reporter" name="@BeforeSuite startReport" time="0.0">
    <ignored/>
  </testcase> <!-- @BeforeSuite startReport -->
  <testcase classname="com.framework.testng.api.base.ProjectSpecificMethods" name="@BeforeSuite url" time="0.0">
    <ignored/>
  </testcase> <!-- @BeforeSuite url -->
  <testcase classname="com.framework.testng.api.base.ProjectSpecificMethods" name="@BeforeSuite url" time="0.0">
    <ignored/>
  </testcase> <!-- @BeforeSuite url -->
  <testcase classname="com.framework.testng.api.base.ProjectSpecificMethods" name="@BeforeSuite url" time="0.0">
    <ignored/>
  </testcase> <!-- @BeforeSuite url -->
  <testcase classname="com.framework.testng.api.base.ProjectSpecificMethods" name="@BeforeSuite url" time="0.0">
    <ignored/>
  </testcase> <!-- @BeforeSuite url -->
  <testcase classname="com.framework.testng.api.base.ProjectSpecificMethods" name="@BeforeSuite url" time="0.0">
    <ignored/>
  </testcase> <!-- @BeforeSuite url -->
</testsuite> <!-- TC_071 -->
