<?xml version="1.0" encoding="UTF-8"?>
<!-- Generated by org.testng.reporters.JUnitXMLReporter -->
<testsuite ignored="63" hostname="EC-AUTOMA-001" failures="5" tests="32" name="TC_074 - 250" time="1073.58" errors="0" timestamp="2022-09-13T12:19:59 PDT">
  <testcase classname="com.medmantra.testcases.Laboratory.TC_074_LAB_PrintReportsGroupTests" name="runGroupTests" time="16.994">
    <skipped/>
  </testcase> <!-- runGroupTests -->
  <testcase classname="com.medmantra.testcases.Laboratory.TC_074_LAB_PrintReportsGroupTests" name="runGroupTests" time="16.925">
    <skipped/>
  </testcase> <!-- runGroupTests -->
  <testcase classname="com.medmantra.testcases.Laboratory.TC_074_LAB_PrintReportsGroupTests" name="runGroupTests" time="16.889">
    <failure type="java.lang.IllegalArgumentException" message="Keys to send should be a not null CharSequence">
      <![CDATA[java.lang.IllegalArgumentException: Keys to send should be a not null CharSequence
at org.openqa.selenium.remote.RemoteWebElement.sendKeys(RemoteWebElement.java:92)
at com.framework.selenium.api.base.SeleniumBase.clearAndType(SeleniumBase.java:312)
at com.medmantra.pages.DispatchReportsPage.enterLRN(DispatchReportsPage.java:19)
at com.medmantra.testcases.Laboratory.TC_074_LAB_PrintReportsGroupTests.runGroupTests(TC_074_LAB_PrintReportsGroupTests.java:31)
at java.base/java.util.ArrayList.forEach(ArrayList.java:1511)
... Removed 27 stack frames]]>
    </failure>
  </testcase> <!-- runGroupTests -->
  <testcase classname="com.medmantra.testcases.Laboratory.TC_075_LAB_PrintGroups" name="runPrintGroups" time="22.642"/>
  <testcase classname="com.medmantra.testcases.Laboratory.TC_077_LAB_ViewLabInvestigationResults" name="ViewLabInvestigationResults" time="37.802"/>
  <testcase classname="com.medmantra.testcases.Laboratory.TC_078_LAB_PendingTest" name="runPendingTest" time="43.516"/>
  <testcase classname="com.medmantra.testcases.Laboratory.TC_079_LAB_PrintReportsOld" name="runPrintReportsOld" time="21.808"/>
  <testcase classname="com.medmantra.testcases.Laboratory.TC_080_LAB_UploadReports" name="runUploadReports" time="0.0">
    <skipped/>
  </testcase> <!-- runUploadReports -->
  <testcase classname="com.medmantra.testcases.Laboratory.TC_084_LAB_AddendumReports" name="runAddendumReports" time="30.063"/>
  <testcase classname="com.medmantra.testcases.Laboratory.TC_085_LAB_ViewStatus" name="runViewStatus" time="32.115"/>
  <testcase classname="com.medmantra.testcases.Laboratory.TC_086_LAB_AuditTrail" name="runAuditTrail" time="0.0">
    <skipped/>
  </testcase> <!-- runAuditTrail -->
  <testcase classname="com.medmantra.testcases.Laboratory.TC_219_LAB_Reports_Search" name="runReportsSearch" time="40.534"/>
  <testcase classname="com.medmantra.testcases.Laboratory.TC_220_LAB_DynamicReportingStatus_Search" name="runDynamicReportingStatus" time="16.667">
    <skipped/>
  </testcase> <!-- runDynamicReportingStatus -->
  <testcase classname="com.medmantra.testcases.Laboratory.TC_220_LAB_DynamicReportingStatus_Search" name="runDynamicReportingStatus" time="16.419">
    <skipped/>
  </testcase> <!-- runDynamicReportingStatus -->
  <testcase classname="com.medmantra.testcases.Laboratory.TC_220_LAB_DynamicReportingStatus_Search" name="runDynamicReportingStatus" time="16.201">
    <failure type="java.lang.RuntimeException" message="See the reporter for details.">
      <![CDATA[java.lang.RuntimeException: See the reporter for details.
at com.framework.utils.Reporter.reportStep(Reporter.java:92)
at com.framework.utils.Reporter.reportStep(Reporter.java:107)
at com.framework.selenium.api.base.SeleniumBase.takeSnap(SeleniumBase.java:913)
at com.framework.utils.Reporter.reportStep(Reporter.java:80)
at com.framework.utils.Reporter.reportStep(Reporter.java:107)
at com.medmantra.pages.DailyStatusReportPage.clickSearchbutton(DailyStatusReportPage.java:28)
at com.medmantra.testcases.Laboratory.TC_220_LAB_DynamicReportingStatus_Search.runDynamicReportingStatus(TC_220_LAB_DynamicReportingStatus_Search.java:35)
at java.base/java.util.ArrayList.forEach(ArrayList.java:1511)
... Removed 27 stack frames]]>
    </failure>
  </testcase> <!-- runDynamicReportingStatus -->
  <testcase classname="com.medmantra.testcases.Laboratory.TC_221_LAB_DynamicReportingStatus_Count" name="runDynamicReportingStatusCount" time="16.855"/>
  <testcase classname="com.medmantra.testcases.Laboratory.TC_225_LAB_Reports_MIS_DailySampleCollectionReport" name="runDailySampleCollection" time="49.118"/>
  <testcase classname="com.medmantra.testcases.Laboratory.TC_233_Reports_MIS_SampleTransferToOtherHospitalDetailsReport" name="runSampleTransferToOtherHospitalDetailsReport" time="148.624">
    <skipped/>
  </testcase> <!-- runSampleTransferToOtherHospitalDetailsReport -->
  <testcase classname="com.medmantra.testcases.Laboratory.TC_233_Reports_MIS_SampleTransferToOtherHospitalDetailsReport" name="runSampleTransferToOtherHospitalDetailsReport" time="27.496">
    <skipped/>
  </testcase> <!-- runSampleTransferToOtherHospitalDetailsReport -->
  <testcase classname="com.medmantra.testcases.Laboratory.TC_233_Reports_MIS_SampleTransferToOtherHospitalDetailsReport" name="runSampleTransferToOtherHospitalDetailsReport" time="27.381">
    <failure type="java.lang.RuntimeException" message="See the reporter for details.">
      <![CDATA[java.lang.RuntimeException: See the reporter for details.
at com.framework.utils.Reporter.reportStep(Reporter.java:92)
at com.framework.utils.Reporter.reportStep(Reporter.java:107)
at com.framework.selenium.api.base.SeleniumBase.verifyTitle(SeleniumBase.java:900)
at com.medmantra.pages.SampleTransferDeatailsPage.verifyTitle(SampleTransferDeatailsPage.java:93)
at com.medmantra.testcases.Laboratory.TC_233_Reports_MIS_SampleTransferToOtherHospitalDetailsReport.runSampleTransferToOtherHospitalDetailsReport(TC_233_Reports_MIS_SampleTransferToOtherHospitalDetailsReport.java:41)
at java.base/java.util.ArrayList.forEach(ArrayList.java:1511)
... Removed 27 stack frames]]>
    </failure>
  </testcase> <!-- runSampleTransferToOtherHospitalDetailsReport -->
  <testcase classname="com.medmantra.testcases.Laboratory.TC_234_Reports_MIS_GynaecCytologyAndcorrelationReport" name="runDailySampleCollection" time="0.0">
    <skipped/>
  </testcase> <!-- runDailySampleCollection -->
  <testcase classname="com.medmantra.testcases.Laboratory.TC_239_Reports_ReportsMISMalignantcasesreportpage" name="runReportsMISMalignantcasesreportpage" time="0.0">
    <skipped/>
  </testcase> <!-- runReportsMISMalignantcasesreportpage -->
  <testcase classname="com.medmantra.testcases.Laboratory.TC_242_Reports_MIS_AntibiogramReport" name="runAntibiogramReport" time="0.0">
    <skipped/>
  </testcase> <!-- runAntibiogramReport -->
  <testcase classname="com.medmantra.testcases.Laboratory.TC_243_LAB_Reports_TurnAroundTimeCalculation" name="runDailySampleCollection" time="26.227"/>
  <testcase classname="com.medmantra.testcases.Laboratory.TC_244_LAB_Reports_TurnAroundTimeCalculationPatientwise" name="runDailySampleCollection" time="78.746">
    <skipped/>
  </testcase> <!-- runDailySampleCollection -->
  <testcase classname="com.medmantra.testcases.Laboratory.TC_244_LAB_Reports_TurnAroundTimeCalculationPatientwise" name="runDailySampleCollection" time="78.674">
    <skipped/>
  </testcase> <!-- runDailySampleCollection -->
  <testcase classname="com.medmantra.testcases.Laboratory.TC_244_LAB_Reports_TurnAroundTimeCalculationPatientwise" name="runDailySampleCollection" time="78.575">
    <failure type="java.lang.RuntimeException" message="See the reporter for details.">
      <![CDATA[java.lang.RuntimeException: See the reporter for details.
at com.framework.utils.Reporter.reportStep(Reporter.java:92)
at com.framework.selenium.api.base.SeleniumBase.acceptAlert(SeleniumBase.java:710)
at com.medmantra.pages.TATCalculatorPage.clickPatientServiceWise(TATCalculatorPage.java:18)
at com.medmantra.testcases.Laboratory.TC_244_LAB_Reports_TurnAroundTimeCalculationPatientwise.runDailySampleCollection(TC_244_LAB_Reports_TurnAroundTimeCalculationPatientwise.java:32)
at java.base/java.util.ArrayList.forEach(ArrayList.java:1511)
... Removed 27 stack frames]]>
    </failure>
  </testcase> <!-- runDailySampleCollection -->
  <testcase classname="com.medmantra.testcases.Laboratory.TC_245_LAB_Reports_TurnAroundTimeCalculation" name="runDailySampleCollection" time="25.98"/>
  <testcase classname="com.medmantra.testcases.Laboratory.TC_249_LAB_Reports_MIS_DaywisePendingTest" name="runDailySampleCollection" time="21.977">
    <skipped/>
  </testcase> <!-- runDailySampleCollection -->
  <testcase classname="com.medmantra.testcases.Laboratory.TC_249_LAB_Reports_MIS_DaywisePendingTest" name="runDailySampleCollection" time="21.956">
    <skipped/>
  </testcase> <!-- runDailySampleCollection -->
  <testcase classname="com.medmantra.testcases.Laboratory.TC_249_LAB_Reports_MIS_DaywisePendingTest" name="runDailySampleCollection" time="21.519">
    <failure type="java.lang.RuntimeException" message="See the reporter for details.">
      <![CDATA[java.lang.RuntimeException: See the reporter for details.
at com.framework.utils.Reporter.reportStep(Reporter.java:92)
at com.framework.utils.Reporter.reportStep(Reporter.java:107)
at com.framework.selenium.api.base.SeleniumBase.takeSnap(SeleniumBase.java:913)
at com.framework.utils.Reporter.reportStep(Reporter.java:80)
at com.framework.utils.Reporter.reportStep(Reporter.java:107)
at com.medmantra.pages.InvestigationReportPage.clickViewReportButton(InvestigationReportPage.java:54)
at com.medmantra.testcases.Laboratory.TC_249_LAB_Reports_MIS_DaywisePendingTest.runDailySampleCollection(TC_249_LAB_Reports_MIS_DaywisePendingTest.java:36)
at java.base/java.util.ArrayList.forEach(ArrayList.java:1511)
... Removed 27 stack frames]]>
    </failure>
  </testcase> <!-- runDailySampleCollection -->
  <testcase classname="com.medmantra.testcases.Laboratory.TC_250_LAB_Reports_MIS_DelayReport" name="runDailySampleCollection" time="15.799"/>
  <testcase classname="com.framework.utils.Reporter" name="@AfterSuite endResult" time="0.0">
    <ignored/>
  </testcase> <!-- @AfterSuite endResult -->
  <testcase classname="com.framework.utils.Reporter" name="@AfterSuite endResult" time="0.0">
    <ignored/>
  </testcase> <!-- @AfterSuite endResult -->
  <testcase classname="com.framework.utils.Reporter" name="@AfterSuite endResult" time="0.0">
    <ignored/>
  </testcase> <!-- @AfterSuite endResult -->
  <testcase classname="com.framework.utils.Reporter" name="@AfterSuite endResult" time="0.0">
    <ignored/>
  </testcase> <!-- @AfterSuite endResult -->
  <testcase classname="com.framework.utils.Reporter" name="@AfterSuite endResult" time="0.0">
    <ignored/>
  </testcase> <!-- @AfterSuite endResult -->
  <testcase classname="com.framework.utils.Reporter" name="@AfterSuite endResult" time="0.0">
    <ignored/>
  </testcase> <!-- @AfterSuite endResult -->
  <testcase classname="com.framework.utils.Reporter" name="@AfterSuite endResult" time="0.0">
    <ignored/>
  </testcase> <!-- @AfterSuite endResult -->
  <testcase classname="com.framework.utils.Reporter" name="@AfterSuite endResult" time="0.0">
    <ignored/>
  </testcase> <!-- @AfterSuite endResult -->
  <testcase classname="com.framework.utils.Reporter" name="@AfterSuite endResult" time="0.0">
    <ignored/>
  </testcase> <!-- @AfterSuite endResult -->
  <testcase classname="com.framework.utils.Reporter" name="@AfterSuite endResult" time="0.0">
    <ignored/>
  </testcase> <!-- @AfterSuite endResult -->
  <testcase classname="com.framework.utils.Reporter" name="@AfterSuite endResult" time="0.0">
    <ignored/>
  </testcase> <!-- @AfterSuite endResult -->
  <testcase classname="com.framework.utils.Reporter" name="@AfterSuite endResult" time="0.0">
    <ignored/>
  </testcase> <!-- @AfterSuite endResult -->
  <testcase classname="com.framework.utils.Reporter" name="@AfterSuite endResult" time="0.0">
    <ignored/>
  </testcase> <!-- @AfterSuite endResult -->
  <testcase classname="com.framework.utils.Reporter" name="@AfterSuite endResult" time="0.0">
    <ignored/>
  </testcase> <!-- @AfterSuite endResult -->
  <testcase classname="com.framework.utils.Reporter" name="@AfterSuite endResult" time="0.0">
    <ignored/>
  </testcase> <!-- @AfterSuite endResult -->
  <testcase classname="com.framework.utils.Reporter" name="@AfterSuite endResult" time="0.0">
    <ignored/>
  </testcase> <!-- @AfterSuite endResult -->
  <testcase classname="com.framework.utils.Reporter" name="@AfterSuite endResult" time="0.0">
    <ignored/>
  </testcase> <!-- @AfterSuite endResult -->
  <testcase classname="com.framework.utils.Reporter" name="@AfterSuite endResult" time="0.0">
    <ignored/>
  </testcase> <!-- @AfterSuite endResult -->
  <testcase classname="com.framework.utils.Reporter" name="@AfterSuite endResult" time="0.0">
    <ignored/>
  </testcase> <!-- @AfterSuite endResult -->
  <testcase classname="com.framework.utils.Reporter" name="@AfterSuite endResult" time="0.0">
    <ignored/>
  </testcase> <!-- @AfterSuite endResult -->
  <testcase classname="com.framework.utils.Reporter" name="@AfterSuite endResult" time="0.0">
    <ignored/>
  </testcase> <!-- @AfterSuite endResult -->
  <testcase classname="com.framework.testng.api.base.ProjectSpecificMethods" name="@BeforeSuite url" time="0.0">
    <ignored/>
  </testcase> <!-- @BeforeSuite url -->
  <testcase classname="com.framework.testng.api.base.ProjectSpecificMethods" name="@BeforeSuite url" time="0.0">
    <ignored/>
  </testcase> <!-- @BeforeSuite url -->
  <testcase classname="com.framework.testng.api.base.ProjectSpecificMethods" name="@BeforeSuite url" time="0.0">
    <ignored/>
  </testcase> <!-- @BeforeSuite url -->
  <testcase classname="com.framework.testng.api.base.ProjectSpecificMethods" name="@BeforeSuite url" time="0.0">
    <ignored/>
  </testcase> <!-- @BeforeSuite url -->
  <testcase classname="com.framework.testng.api.base.ProjectSpecificMethods" name="@BeforeSuite url" time="0.0">
    <ignored/>
  </testcase> <!-- @BeforeSuite url -->
  <testcase classname="com.framework.testng.api.base.ProjectSpecificMethods" name="@BeforeSuite url" time="0.0">
    <ignored/>
  </testcase> <!-- @BeforeSuite url -->
  <testcase classname="com.framework.testng.api.base.ProjectSpecificMethods" name="@BeforeSuite url" time="0.0">
    <ignored/>
  </testcase> <!-- @BeforeSuite url -->
  <testcase classname="com.framework.testng.api.base.ProjectSpecificMethods" name="@BeforeSuite url" time="0.0">
    <ignored/>
  </testcase> <!-- @BeforeSuite url -->
  <testcase classname="com.framework.testng.api.base.ProjectSpecificMethods" name="@BeforeSuite url" time="0.0">
    <ignored/>
  </testcase> <!-- @BeforeSuite url -->
  <testcase classname="com.framework.testng.api.base.ProjectSpecificMethods" name="@BeforeSuite url" time="0.0">
    <ignored/>
  </testcase> <!-- @BeforeSuite url -->
  <testcase classname="com.framework.testng.api.base.ProjectSpecificMethods" name="@BeforeSuite url" time="0.0">
    <ignored/>
  </testcase> <!-- @BeforeSuite url -->
  <testcase classname="com.framework.testng.api.base.ProjectSpecificMethods" name="@BeforeSuite url" time="0.0">
    <ignored/>
  </testcase> <!-- @BeforeSuite url -->
  <testcase classname="com.framework.testng.api.base.ProjectSpecificMethods" name="@BeforeSuite url" time="0.0">
    <ignored/>
  </testcase> <!-- @BeforeSuite url -->
  <testcase classname="com.framework.testng.api.base.ProjectSpecificMethods" name="@BeforeSuite url" time="0.0">
    <ignored/>
  </testcase> <!-- @BeforeSuite url -->
  <testcase classname="com.framework.testng.api.base.ProjectSpecificMethods" name="@BeforeSuite url" time="0.0">
    <ignored/>
  </testcase> <!-- @BeforeSuite url -->
  <testcase classname="com.framework.testng.api.base.ProjectSpecificMethods" name="@BeforeSuite url" time="0.0">
    <ignored/>
  </testcase> <!-- @BeforeSuite url -->
  <testcase classname="com.framework.testng.api.base.ProjectSpecificMethods" name="@BeforeSuite url" time="0.0">
    <ignored/>
  </testcase> <!-- @BeforeSuite url -->
  <testcase classname="com.framework.testng.api.base.ProjectSpecificMethods" name="@BeforeSuite url" time="0.0">
    <ignored/>
  </testcase> <!-- @BeforeSuite url -->
  <testcase classname="com.framework.testng.api.base.ProjectSpecificMethods" name="@BeforeSuite url" time="0.0">
    <ignored/>
  </testcase> <!-- @BeforeSuite url -->
  <testcase classname="com.framework.testng.api.base.ProjectSpecificMethods" name="@BeforeSuite url" time="0.0">
    <ignored/>
  </testcase> <!-- @BeforeSuite url -->
  <testcase classname="com.framework.testng.api.base.ProjectSpecificMethods" name="@BeforeSuite url" time="0.0">
    <ignored/>
  </testcase> <!-- @BeforeSuite url -->
  <testcase classname="com.framework.utils.Reporter" name="@BeforeSuite startReport" time="0.0">
    <ignored/>
  </testcase> <!-- @BeforeSuite startReport -->
  <testcase classname="com.framework.utils.Reporter" name="@BeforeSuite startReport" time="0.0">
    <ignored/>
  </testcase> <!-- @BeforeSuite startReport -->
  <testcase classname="com.framework.utils.Reporter" name="@BeforeSuite startReport" time="0.0">
    <ignored/>
  </testcase> <!-- @BeforeSuite startReport -->
  <testcase classname="com.framework.utils.Reporter" name="@BeforeSuite startReport" time="0.0">
    <ignored/>
  </testcase> <!-- @BeforeSuite startReport -->
  <testcase classname="com.framework.utils.Reporter" name="@BeforeSuite startReport" time="0.0">
    <ignored/>
  </testcase> <!-- @BeforeSuite startReport -->
  <testcase classname="com.framework.utils.Reporter" name="@BeforeSuite startReport" time="0.0">
    <ignored/>
  </testcase> <!-- @BeforeSuite startReport -->
  <testcase classname="com.framework.utils.Reporter" name="@BeforeSuite startReport" time="0.0">
    <ignored/>
  </testcase> <!-- @BeforeSuite startReport -->
  <testcase classname="com.framework.utils.Reporter" name="@BeforeSuite startReport" time="0.0">
    <ignored/>
  </testcase> <!-- @BeforeSuite startReport -->
  <testcase classname="com.framework.utils.Reporter" name="@BeforeSuite startReport" time="0.0">
    <ignored/>
  </testcase> <!-- @BeforeSuite startReport -->
  <testcase classname="com.framework.utils.Reporter" name="@BeforeSuite startReport" time="0.0">
    <ignored/>
  </testcase> <!-- @BeforeSuite startReport -->
  <testcase classname="com.framework.utils.Reporter" name="@BeforeSuite startReport" time="0.0">
    <ignored/>
  </testcase> <!-- @BeforeSuite startReport -->
  <testcase classname="com.framework.utils.Reporter" name="@BeforeSuite startReport" time="0.0">
    <ignored/>
  </testcase> <!-- @BeforeSuite startReport -->
  <testcase classname="com.framework.utils.Reporter" name="@BeforeSuite startReport" time="0.0">
    <ignored/>
  </testcase> <!-- @BeforeSuite startReport -->
  <testcase classname="com.framework.utils.Reporter" name="@BeforeSuite startReport" time="0.0">
    <ignored/>
  </testcase> <!-- @BeforeSuite startReport -->
  <testcase classname="com.framework.utils.Reporter" name="@BeforeSuite startReport" time="0.0">
    <ignored/>
  </testcase> <!-- @BeforeSuite startReport -->
  <testcase classname="com.framework.utils.Reporter" name="@BeforeSuite startReport" time="0.0">
    <ignored/>
  </testcase> <!-- @BeforeSuite startReport -->
  <testcase classname="com.framework.utils.Reporter" name="@BeforeSuite startReport" time="0.0">
    <ignored/>
  </testcase> <!-- @BeforeSuite startReport -->
  <testcase classname="com.framework.utils.Reporter" name="@BeforeSuite startReport" time="0.0">
    <ignored/>
  </testcase> <!-- @BeforeSuite startReport -->
  <testcase classname="com.framework.utils.Reporter" name="@BeforeSuite startReport" time="0.0">
    <ignored/>
  </testcase> <!-- @BeforeSuite startReport -->
  <testcase classname="com.framework.utils.Reporter" name="@BeforeSuite startReport" time="0.0">
    <ignored/>
  </testcase> <!-- @BeforeSuite startReport -->
  <testcase classname="com.framework.utils.Reporter" name="@BeforeSuite startReport" time="0.0">
    <ignored/>
  </testcase> <!-- @BeforeSuite startReport -->
</testsuite> <!-- TC_074 - 250 -->
