<?xml version="1.0" encoding="UTF-8"?>
<!-- Generated by org.testng.reporters.JUnitXMLReporter -->
<testsuite ignored="15" hostname="DESKTOP-6CGC2KB" failures="6" tests="6" name="TC_064 - 071" time="525.091" errors="0" timestamp="2022-09-28T11:39:15 IST">
  <testcase classname="com.medmantra.testcases.Laboratory.ToCreateLRNNumber" name="createLRN" time="157.149">
    <failure type="java.lang.RuntimeException" message="See the reporter for details.">
      <![CDATA[java.lang.RuntimeException: See the reporter for details.
at com.framework.utils.Reporter.reportStep(Reporter.java:99)
at com.framework.utils.Reporter.reportStep(Reporter.java:113)
at com.framework.selenium.api.base.SeleniumBase.click(SeleniumBase.java:158)
at com.medmantra.pages.ServiceRequestScreenPage.clickSaveButton(ServiceRequestScreenPage.java:93)
at com.medmantra.testcases.Laboratory.ToCreateLRNNumber.createLRN(ToCreateLRNNumber.java:64)
at java.base/java.util.ArrayList.forEach(ArrayList.java:1511)
... Removed 27 stack frames]]>
    </failure>
  </testcase> <!-- createLRN -->
  <testcase classname="com.medmantra.testcases.Laboratory.TC_029_LAB_IPSampleCollection" name="IPSampleCollection" time="125.426">
    <failure type="java.lang.RuntimeException" message="See the reporter for details.">
      <![CDATA[java.lang.RuntimeException: See the reporter for details.
at com.framework.utils.Reporter.reportStep(Reporter.java:99)
at com.framework.utils.Reporter.reportStep(Reporter.java:113)
at com.framework.selenium.api.base.SeleniumBase.locateElement(SeleniumBase.java:629)
at com.medmantra.pages.IPSampleCollectionPage.clickOnTest(IPSampleCollectionPage.java:33)
at com.medmantra.testcases.Laboratory.TC_029_LAB_IPSampleCollection.IPSampleCollection(TC_029_LAB_IPSampleCollection.java:34)
at java.base/java.util.ArrayList.forEach(ArrayList.java:1511)
... Removed 27 stack frames]]>
    </failure>
  </testcase> <!-- IPSampleCollection -->
  <testcase classname="com.medmantra.testcases.Laboratory.TC_037_LAB_ReceiveSamples" name="ReceiveSamples" time="36.451">
    <failure type="java.lang.RuntimeException" message="See the reporter for details.">
      <![CDATA[java.lang.RuntimeException: See the reporter for details.
at com.framework.utils.Reporter.reportStep(Reporter.java:99)
at com.framework.utils.Reporter.reportStep(Reporter.java:113)
at com.framework.selenium.api.base.SeleniumBase.locateElement(SeleniumBase.java:632)
at com.medmantra.pages.PrepareSampleInternalPage.clickReceiveSamplesbutton(PrepareSampleInternalPage.java:40)
at com.medmantra.testcases.Laboratory.TC_037_LAB_ReceiveSamples.ReceiveSamples(TC_037_LAB_ReceiveSamples.java:53)
at java.base/java.util.ArrayList.forEach(ArrayList.java:1511)
... Removed 27 stack frames]]>
    </failure>
  </testcase> <!-- ReceiveSamples -->
  <testcase classname="com.medmantra.testcases.Laboratory.TC_047_LAB_ProcessSampleAutomaticComplete" name="runProcessSampleComplete" time="124.88">
    <failure type="java.lang.RuntimeException" message="See the reporter for details.">
      <![CDATA[java.lang.RuntimeException: See the reporter for details.
at com.framework.utils.Reporter.reportStep(Reporter.java:99)
at com.framework.utils.Reporter.reportStep(Reporter.java:113)
at com.framework.selenium.api.base.SeleniumBase.locateElement(SeleniumBase.java:629)
at com.medmantra.pages.ProcessSamplePage.clickCheckBox(ProcessSamplePage.java:40)
at com.medmantra.testcases.Laboratory.TC_047_LAB_ProcessSampleAutomaticComplete.runProcessSampleComplete(TC_047_LAB_ProcessSampleAutomaticComplete.java:53)
at java.base/java.util.ArrayList.forEach(ArrayList.java:1511)
... Removed 27 stack frames]]>
    </failure>
  </testcase> <!-- runProcessSampleComplete -->
  <testcase classname="com.medmantra.testcases.Laboratory.TC_064_LAB_BatchReporting" name="runBatchReporting" time="33.373">
    <failure type="java.lang.RuntimeException" message="See the reporter for details.">
      <![CDATA[java.lang.RuntimeException: See the reporter for details.
at com.framework.utils.Reporter.reportStep(Reporter.java:99)
at com.framework.utils.Reporter.reportStep(Reporter.java:113)
at com.framework.selenium.api.base.SeleniumBase.takeSnap(SeleniumBase.java:912)
at com.framework.utils.Reporter.reportStep(Reporter.java:87)
at com.framework.utils.Reporter.reportStep(Reporter.java:113)
at com.framework.selenium.api.base.SeleniumBase.takeSnap(SeleniumBase.java:912)
at com.framework.utils.Reporter.reportStep(Reporter.java:87)
at com.framework.utils.Reporter.reportStep(Reporter.java:113)
at com.medmantra.pages.LabBatchReportingPage.clickSearchbutton(LabBatchReportingPage.java:23)
at com.medmantra.testcases.Laboratory.TC_064_LAB_BatchReporting.runBatchReporting(TC_064_LAB_BatchReporting.java:53)
at java.base/java.util.ArrayList.forEach(ArrayList.java:1511)
... Removed 27 stack frames]]>
    </failure>
  </testcase> <!-- runBatchReporting -->
  <testcase classname="com.medmantra.testcases.Laboratory.TC_071_LAB_BatchVerification" name="runBatchReporting" time="22.175">
    <failure type="java.lang.RuntimeException" message="See the reporter for details.">
      <![CDATA[java.lang.RuntimeException: See the reporter for details.
at com.framework.utils.Reporter.reportStep(Reporter.java:99)
at com.framework.utils.Reporter.reportStep(Reporter.java:113)
at com.framework.selenium.api.base.SeleniumBase.takeSnap(SeleniumBase.java:912)
at com.framework.utils.Reporter.reportStep(Reporter.java:87)
at com.framework.utils.Reporter.reportStep(Reporter.java:113)
at com.framework.selenium.api.base.SeleniumBase.takeSnap(SeleniumBase.java:912)
at com.framework.utils.Reporter.reportStep(Reporter.java:87)
at com.framework.utils.Reporter.reportStep(Reporter.java:113)
at com.medmantra.pages.LabBatchVerificationPage.clickSearchbutton(LabBatchVerificationPage.java:23)
at com.medmantra.testcases.Laboratory.TC_071_LAB_BatchVerification.runBatchReporting(TC_071_LAB_BatchVerification.java:50)
at java.base/java.util.ArrayList.forEach(ArrayList.java:1511)
... Removed 27 stack frames]]>
    </failure>
  </testcase> <!-- runBatchReporting -->
  <testcase classname="com.framework.utils.Reporter" name="@AfterSuite endResult" time="0.0">
    <ignored/>
  </testcase> <!-- @AfterSuite endResult -->
  <testcase classname="com.framework.utils.Reporter" name="@AfterSuite endResult" time="0.0">
    <ignored/>
  </testcase> <!-- @AfterSuite endResult -->
  <testcase classname="com.framework.utils.Reporter" name="@AfterSuite endResult" time="0.0">
    <ignored/>
  </testcase> <!-- @AfterSuite endResult -->
  <testcase classname="com.framework.utils.Reporter" name="@AfterSuite endResult" time="0.0">
    <ignored/>
  </testcase> <!-- @AfterSuite endResult -->
  <testcase classname="com.framework.utils.Reporter" name="@AfterSuite endResult" time="0.0">
    <ignored/>
  </testcase> <!-- @AfterSuite endResult -->
  <testcase classname="com.framework.utils.Reporter" name="@BeforeSuite startReport" time="0.0">
    <ignored/>
  </testcase> <!-- @BeforeSuite startReport -->
  <testcase classname="com.framework.utils.Reporter" name="@BeforeSuite startReport" time="0.0">
    <ignored/>
  </testcase> <!-- @BeforeSuite startReport -->
  <testcase classname="com.framework.utils.Reporter" name="@BeforeSuite startReport" time="0.0">
    <ignored/>
  </testcase> <!-- @BeforeSuite startReport -->
  <testcase classname="com.framework.utils.Reporter" name="@BeforeSuite startReport" time="0.0">
    <ignored/>
  </testcase> <!-- @BeforeSuite startReport -->
  <testcase classname="com.framework.utils.Reporter" name="@BeforeSuite startReport" time="0.0">
    <ignored/>
  </testcase> <!-- @BeforeSuite startReport -->
  <testcase classname="com.framework.testng.api.base.ProjectSpecificMethods" name="@BeforeSuite url" time="0.0">
    <ignored/>
  </testcase> <!-- @BeforeSuite url -->
  <testcase classname="com.framework.testng.api.base.ProjectSpecificMethods" name="@BeforeSuite url" time="0.0">
    <ignored/>
  </testcase> <!-- @BeforeSuite url -->
  <testcase classname="com.framework.testng.api.base.ProjectSpecificMethods" name="@BeforeSuite url" time="0.0">
    <ignored/>
  </testcase> <!-- @BeforeSuite url -->
  <testcase classname="com.framework.testng.api.base.ProjectSpecificMethods" name="@BeforeSuite url" time="0.0">
    <ignored/>
  </testcase> <!-- @BeforeSuite url -->
  <testcase classname="com.framework.testng.api.base.ProjectSpecificMethods" name="@BeforeSuite url" time="0.0">
    <ignored/>
  </testcase> <!-- @BeforeSuite url -->
</testsuite> <!-- TC_064 - 071 -->
