<html>
<head>
<title>TestNG:  TC_068</title>
<link href="../testng.css" rel="stylesheet" type="text/css" />
<link href="../my-testng.css" rel="stylesheet" type="text/css" />

<style type="text/css">
.log { display: none;} 
.stack-trace { display: none;} 
</style>
<script type="text/javascript">
<!--
function flip(e) {
  current = e.style.display;
  if (current == 'block') {
    e.style.display = 'none';
    return 0;
  }
  else {
    e.style.display = 'block';
    return 1;
  }
}

function toggleBox(szDivId, elem, msg1, msg2)
{
  var res = -1;  if (document.getElementById) {
    res = flip(document.getElementById(szDivId));
  }
  else if (document.all) {
    // this is the way old msie versions work
    res = flip(document.all[szDivId]);
  }
  if(elem) {
    if(res == 0) elem.innerHTML = msg1; else elem.innerHTML = msg2;
  }

}

function toggleAllBoxes() {
  if (document.getElementsByTagName) {
    d = document.getElementsByTagName('div');
    for (i = 0; i < d.length; i++) {
      if (d[i].className == 'log') {
        flip(d[i]);
      }
    }
  }
}

// -->
</script>

</head>
<body>
<h2 align='center'>TC_068</h2><table border='1' align="center">
<tr>
<td>Tests passed/Failed/Skipped:</td><td>6/0/2</td>
</tr><tr>
<td>Started on:</td><td>Wed Sep 28 00:55:01 IST 2022</td>
</tr>
<tr><td>Total time:</td><td>499 seconds (499496 ms)</td>
</tr><tr>
<td>Included groups:</td><td></td>
</tr><tr>
<td>Excluded groups:</td><td></td>
</tr>
</table><p/>
<small><i>(Hover the method name to see the test class name)</i></small><p/>
<table width='100%' border='1' class='invocation-passed'>
<tr><td colspan='4' align='center'><b>PASSED TESTS</b></td></tr>
<tr><td><b>Test method</b></td>
<td width="30%"><b>Exception</b></td>
<td width="10%"><b>Time (seconds)</b></td>
<td><b>Instance</b></td>
</tr>
<tr>
<td title='com.medmantra.testcases.Laboratory.TC_060_LAB_ReportResult.runReportresult()'><b>runReportresult</b><br>Test class: com.medmantra.testcases.Laboratory.TC_060_LAB_ReportResult<br>Parameters: 4, 123456, test, test</td>
<td></td>
<td>37</td>
<td>com.medmantra.testcases.Laboratory.TC_060_LAB_ReportResult@4b86805d</td></tr>
<tr>
<td title='com.medmantra.testcases.Laboratory.TC_068_LAB_VerificationofResultsVerifyReport.runVerificationofResultsVerifyReport()'><b>runVerificationofResultsVerifyReport</b><br>Test class: com.medmantra.testcases.Laboratory.TC_068_LAB_VerificationofResultsVerifyReport</td>
<td></td>
<td>28</td>
<td>com.medmantra.testcases.Laboratory.TC_068_LAB_VerificationofResultsVerifyReport@4149c063</td></tr>
<tr>
<td title='com.medmantra.testcases.Laboratory.TC_037_LAB_ReceiveSamples.ReceiveSamples()'><b>ReceiveSamples</b><br>Test class: com.medmantra.testcases.Laboratory.TC_037_LAB_ReceiveSamples<br>Parameters: PopupforAutomaticDetails</td>
<td></td>
<td>50</td>
<td>com.medmantra.testcases.Laboratory.TC_037_LAB_ReceiveSamples@79defdc</td></tr>
<tr>
<td title='com.medmantra.testcases.Laboratory.ToCreateLRNNumber.createLRN()'><b>createLRN</b><br>Test class: com.medmantra.testcases.Laboratory.ToCreateLRNNumber<br>Parameters: Department</td>
<td></td>
<td>86</td>
<td>com.medmantra.testcases.Laboratory.ToCreateLRNNumber@16612a51</td></tr>
<tr>
<td title='com.medmantra.testcases.Laboratory.TC_029_LAB_IPSampleCollection.IPSampleCollection()'><b>IPSampleCollection</b><br>Test class: com.medmantra.testcases.Laboratory.TC_029_LAB_IPSampleCollection</td>
<td></td>
<td>41</td>
<td>com.medmantra.testcases.Laboratory.TC_029_LAB_IPSampleCollection@2c78324b</td></tr>
<tr>
<td title='com.medmantra.testcases.Laboratory.TC_047_LAB_ProcessSampleAutomaticComplete.runProcessSampleComplete()'><b>runProcessSampleComplete</b><br>Test class: com.medmantra.testcases.Laboratory.TC_047_LAB_ProcessSampleAutomaticComplete</td>
<td></td>
<td>46</td>
<td>com.medmantra.testcases.Laboratory.TC_047_LAB_ProcessSampleAutomaticComplete@4e0ae11f</td></tr>
</table><p>
<table width='100%' border='1' class='invocation-skipped'>
<tr><td colspan='4' align='center'><b>SKIPPED TESTS</b></td></tr>
<tr><td><b>Test method</b></td>
<td width="30%"><b>Exception</b></td>
<td width="10%"><b>Time (seconds)</b></td>
<td><b>Instance</b></td>
</tr>
<tr>
<td title='com.medmantra.testcases.Laboratory.ToCreateLRNNumber.createLRN()'><b>createLRN</b><br>Test class: com.medmantra.testcases.Laboratory.ToCreateLRNNumber<br>Parameters: Department</td>
<td><div><pre>org.openqa.selenium.StaleElementReferenceException: stale element reference: element is not attached to the page document
  (Session info: MicrosoftEdge=105.0.1343.50)
For documentation on this error, please visit: https://selenium.dev/exceptions/#stale_element_reference
Build info: version: &apos;4.1.1&apos;, revision: &apos;e8fcc2cecf&apos;
System info: host: &apos;DESKTOP-6CGC2KB&apos;, ip: &apos;10.22.61.231&apos;, os.name: &apos;Windows 10&apos;, os.arch: &apos;amd64&apos;, os.version: &apos;10.0&apos;, java.version: &apos;16.0.1&apos;
Driver info: org.openqa.selenium.edge.EdgeDriver
Command: [760b333cfeb62bdd4bc296ee4a04a033, isElementDisplayed {id=c618ae3f-feed-445b-901a-bd040cebe8f4}]
Capabilities {acceptInsecureCerts: false, browserName: msedge, browserVersion: 105.0.1343.50, javascriptEnabled: true, ms:edgeOptions: {debuggerAddress: localhost:63694}, msedge: {msedgedriverVersion: 105.0.1343.53 (3a47f00402d5..., userDataDir: C:\Users\RAMKUM~1\AppData\L...}, networkConnectionEnabled: false, pageLoadStrategy: normal, platform: WINDOWS, platformName: WINDOWS, proxy: Proxy(), se:cdp: ws://localhost:63694/devtoo..., se:cdpVersion: 105.0.1343.50, setWindowRect: true, strictFileInteractability: false, timeouts: {implicit: 0, pageLoad: 300000, script: 30000}, unhandledPromptBehavior: dismiss and notify, webauthn:extension:credBlob: true, webauthn:extension:largeBlob: true, webauthn:virtualAuthenticators: true}
Element: [[EdgeDriver: msedge on WINDOWS (760b333cfeb62bdd4bc296ee4a04a033)] -&gt; xpath: //input[contains(@id,&apos;chkSelectItem_30&apos;)]]
Session ID: 760b333cfeb62bdd4bc296ee4a04a033
	at org.openqa.selenium.remote.codec.w3c.W3CHttpResponseCodec.createException(W3CHttpResponseCodec.java:200)
	at org.openqa.selenium.remote.codec.w3c.W3CHttpResponseCodec.decode(W3CHttpResponseCodec.java:133)
	at org.openqa.selenium.remote.codec.w3c.W3CHttpResponseCodec.decode(W3CHttpResponseCodec.java:53)
	at org.openqa.selenium.remote.HttpCommandExecutor.execute(HttpCommandExecutor.java:184)
	at org.openqa.selenium.remote.service.DriverCommandExecutor.invokeExecute(DriverCommandExecutor.java:167)
	at org.openqa.selenium.remote.service.DriverCommandExecutor.execute(DriverCommandExecutor.java:142)
	at org.openqa.selenium.remote.RemoteWebDriver.execute(RemoteWebDriver.java:543)
	at org.openqa.selenium.remote.RemoteWebElement.execute(RemoteWebElement.java:251)
	at org.openqa.selenium.remote.RemoteWebElement.isDisplayed(RemoteWebElement.java:307)
	at com.framework.selenium.api.base.SeleniumBase.click(SeleniumBase.java:120)
	at com.medmantra.pages.ServiceRequestScreenPage.clickCheckbox(ServiceRequestScreenPage.java:68)
	at com.medmantra.testcases.Laboratory.ToCreateLRNNumber.createLRN(ToCreateLRNNumber.java:58)
	at java.base/java.util.ArrayList.forEach(ArrayList.java:1511)
... Removed 31 stack frames</pre></div><a href='#' onClick='toggleBox("stack-trace1993402066", this, "Click to show all stack frames", "Click to hide stack frames")'>Click to show all stack frames</a>
<div class='stack-trace' id='stack-trace1993402066'><pre>org.openqa.selenium.StaleElementReferenceException: stale element reference: element is not attached to the page document
  (Session info: MicrosoftEdge=105.0.1343.50)
For documentation on this error, please visit: https://selenium.dev/exceptions/#stale_element_reference
Build info: version: &apos;4.1.1&apos;, revision: &apos;e8fcc2cecf&apos;
System info: host: &apos;DESKTOP-6CGC2KB&apos;, ip: &apos;10.22.61.231&apos;, os.name: &apos;Windows 10&apos;, os.arch: &apos;amd64&apos;, os.version: &apos;10.0&apos;, java.version: &apos;16.0.1&apos;
Driver info: org.openqa.selenium.edge.EdgeDriver
Command: [760b333cfeb62bdd4bc296ee4a04a033, isElementDisplayed {id=c618ae3f-feed-445b-901a-bd040cebe8f4}]
Capabilities {acceptInsecureCerts: false, browserName: msedge, browserVersion: 105.0.1343.50, javascriptEnabled: true, ms:edgeOptions: {debuggerAddress: localhost:63694}, msedge: {msedgedriverVersion: 105.0.1343.53 (3a47f00402d5..., userDataDir: C:\Users\RAMKUM~1\AppData\L...}, networkConnectionEnabled: false, pageLoadStrategy: normal, platform: WINDOWS, platformName: WINDOWS, proxy: Proxy(), se:cdp: ws://localhost:63694/devtoo..., se:cdpVersion: 105.0.1343.50, setWindowRect: true, strictFileInteractability: false, timeouts: {implicit: 0, pageLoad: 300000, script: 30000}, unhandledPromptBehavior: dismiss and notify, webauthn:extension:credBlob: true, webauthn:extension:largeBlob: true, webauthn:virtualAuthenticators: true}
Element: [[EdgeDriver: msedge on WINDOWS (760b333cfeb62bdd4bc296ee4a04a033)] -&gt; xpath: //input[contains(@id,&apos;chkSelectItem_30&apos;)]]
Session ID: 760b333cfeb62bdd4bc296ee4a04a033
	at jdk.internal.reflect.GeneratedConstructorAccessor88.newInstance(Unknown Source)
	at java.base/jdk.internal.reflect.DelegatingConstructorAccessorImpl.newInstance(DelegatingConstructorAccessorImpl.java:45)
	at java.base/java.lang.reflect.Constructor.newInstanceWithCaller(Constructor.java:499)
	at java.base/java.lang.reflect.Constructor.newInstance(Constructor.java:480)
	at org.openqa.selenium.remote.codec.w3c.W3CHttpResponseCodec.createException(W3CHttpResponseCodec.java:200)
	at org.openqa.selenium.remote.codec.w3c.W3CHttpResponseCodec.decode(W3CHttpResponseCodec.java:133)
	at org.openqa.selenium.remote.codec.w3c.W3CHttpResponseCodec.decode(W3CHttpResponseCodec.java:53)
	at org.openqa.selenium.remote.HttpCommandExecutor.execute(HttpCommandExecutor.java:184)
	at org.openqa.selenium.remote.service.DriverCommandExecutor.invokeExecute(DriverCommandExecutor.java:167)
	at org.openqa.selenium.remote.service.DriverCommandExecutor.execute(DriverCommandExecutor.java:142)
	at org.openqa.selenium.remote.RemoteWebDriver.execute(RemoteWebDriver.java:543)
	at org.openqa.selenium.remote.RemoteWebElement.execute(RemoteWebElement.java:251)
	at org.openqa.selenium.remote.RemoteWebElement.isDisplayed(RemoteWebElement.java:307)
	at com.framework.selenium.api.base.SeleniumBase.click(SeleniumBase.java:120)
	at com.medmantra.pages.ServiceRequestScreenPage.clickCheckbox(ServiceRequestScreenPage.java:68)
	at com.medmantra.testcases.Laboratory.ToCreateLRNNumber.createLRN(ToCreateLRNNumber.java:58)
	at java.base/jdk.internal.reflect.NativeMethodAccessorImpl.invoke0(Native Method)
	at java.base/jdk.internal.reflect.NativeMethodAccessorImpl.invoke(NativeMethodAccessorImpl.java:78)
	at java.base/jdk.internal.reflect.DelegatingMethodAccessorImpl.invoke(DelegatingMethodAccessorImpl.java:43)
	at java.base/java.lang.reflect.Method.invoke(Method.java:567)
	at org.testng.internal.MethodInvocationHelper.invokeMethod(MethodInvocationHelper.java:133)
	at org.testng.internal.TestInvoker.invokeMethod(TestInvoker.java:598)
	at org.testng.internal.TestInvoker.retryFailed(TestInvoker.java:213)
	at org.testng.internal.MethodRunner.runInSequence(MethodRunner.java:58)
	at org.testng.internal.TestInvoker$MethodInvocationAgent.invoke(TestInvoker.java:824)
	at org.testng.internal.TestInvoker.invokeTestMethods(TestInvoker.java:146)
	at org.testng.internal.TestMethodWorker.invokeTestMethods(TestMethodWorker.java:146)
	at org.testng.internal.TestMethodWorker.run(TestMethodWorker.java:128)
	at java.base/java.util.ArrayList.forEach(ArrayList.java:1511)
	at org.testng.TestRunner.privateRun(TestRunner.java:794)
	at org.testng.TestRunner.run(TestRunner.java:596)
	at org.testng.SuiteRunner.runTest(SuiteRunner.java:377)
	at org.testng.SuiteRunner.runSequentially(SuiteRunner.java:371)
	at org.testng.SuiteRunner.privateRun(SuiteRunner.java:332)
	at org.testng.SuiteRunner.run(SuiteRunner.java:276)
	at org.testng.SuiteRunnerWorker.runSuite(SuiteRunnerWorker.java:53)
	at org.testng.SuiteRunnerWorker.run(SuiteRunnerWorker.java:96)
	at org.testng.TestNG.runSuitesSequentially(TestNG.java:1212)
	at org.testng.TestNG.runSuitesLocally(TestNG.java:1134)
	at org.testng.TestNG.runSuites(TestNG.java:1063)
	at org.testng.TestNG.run(TestNG.java:1031)
	at org.testng.remote.AbstractRemoteTestNG.run(AbstractRemoteTestNG.java:115)
	at org.testng.remote.RemoteTestNG.initAndRun(RemoteTestNG.java:251)
	at org.testng.remote.RemoteTestNG.main(RemoteTestNG.java:77)
</pre></div></td>
<td>77</td>
<td>com.medmantra.testcases.Laboratory.ToCreateLRNNumber@16612a51</td></tr>
<tr>
<td title='com.medmantra.testcases.Laboratory.ToCreateLRNNumber.createLRN()'><b>createLRN</b><br>Test class: com.medmantra.testcases.Laboratory.ToCreateLRNNumber<br>Parameters: Department</td>
<td><div><pre>java.lang.RuntimeException: See the reporter for details.
	at com.framework.utils.Reporter.reportStep(Reporter.java:99)
	at com.framework.utils.Reporter.reportStep(Reporter.java:113)
	at com.framework.selenium.api.base.SeleniumBase.click(SeleniumBase.java:155)
	at com.medmantra.pages.ServiceRequestScreenPage.clickCheckbox(ServiceRequestScreenPage.java:68)
	at com.medmantra.testcases.Laboratory.ToCreateLRNNumber.createLRN(ToCreateLRNNumber.java:58)
	at java.base/java.util.ArrayList.forEach(ArrayList.java:1511)
... Removed 27 stack frames</pre></div><a href='#' onClick='toggleBox("stack-trace1400842114", this, "Click to show all stack frames", "Click to hide stack frames")'>Click to show all stack frames</a>
<div class='stack-trace' id='stack-trace1400842114'><pre>java.lang.RuntimeException: See the reporter for details.
	at com.framework.utils.Reporter.reportStep(Reporter.java:99)
	at com.framework.utils.Reporter.reportStep(Reporter.java:113)
	at com.framework.selenium.api.base.SeleniumBase.click(SeleniumBase.java:155)
	at com.medmantra.pages.ServiceRequestScreenPage.clickCheckbox(ServiceRequestScreenPage.java:68)
	at com.medmantra.testcases.Laboratory.ToCreateLRNNumber.createLRN(ToCreateLRNNumber.java:58)
	at java.base/jdk.internal.reflect.NativeMethodAccessorImpl.invoke0(Native Method)
	at java.base/jdk.internal.reflect.NativeMethodAccessorImpl.invoke(NativeMethodAccessorImpl.java:78)
	at java.base/jdk.internal.reflect.DelegatingMethodAccessorImpl.invoke(DelegatingMethodAccessorImpl.java:43)
	at java.base/java.lang.reflect.Method.invoke(Method.java:567)
	at org.testng.internal.MethodInvocationHelper.invokeMethod(MethodInvocationHelper.java:133)
	at org.testng.internal.TestInvoker.invokeMethod(TestInvoker.java:598)
	at org.testng.internal.TestInvoker.invokeTestMethod(TestInvoker.java:173)
	at org.testng.internal.MethodRunner.runInSequence(MethodRunner.java:46)
	at org.testng.internal.TestInvoker$MethodInvocationAgent.invoke(TestInvoker.java:824)
	at org.testng.internal.TestInvoker.invokeTestMethods(TestInvoker.java:146)
	at org.testng.internal.TestMethodWorker.invokeTestMethods(TestMethodWorker.java:146)
	at org.testng.internal.TestMethodWorker.run(TestMethodWorker.java:128)
	at java.base/java.util.ArrayList.forEach(ArrayList.java:1511)
	at org.testng.TestRunner.privateRun(TestRunner.java:794)
	at org.testng.TestRunner.run(TestRunner.java:596)
	at org.testng.SuiteRunner.runTest(SuiteRunner.java:377)
	at org.testng.SuiteRunner.runSequentially(SuiteRunner.java:371)
	at org.testng.SuiteRunner.privateRun(SuiteRunner.java:332)
	at org.testng.SuiteRunner.run(SuiteRunner.java:276)
	at org.testng.SuiteRunnerWorker.runSuite(SuiteRunnerWorker.java:53)
	at org.testng.SuiteRunnerWorker.run(SuiteRunnerWorker.java:96)
	at org.testng.TestNG.runSuitesSequentially(TestNG.java:1212)
	at org.testng.TestNG.runSuitesLocally(TestNG.java:1134)
	at org.testng.TestNG.runSuites(TestNG.java:1063)
	at org.testng.TestNG.run(TestNG.java:1031)
	at org.testng.remote.AbstractRemoteTestNG.run(AbstractRemoteTestNG.java:115)
	at org.testng.remote.RemoteTestNG.initAndRun(RemoteTestNG.java:251)
	at org.testng.remote.RemoteTestNG.main(RemoteTestNG.java:77)
</pre></div></td>
<td>80</td>
<td>com.medmantra.testcases.Laboratory.ToCreateLRNNumber@16612a51</td></tr>
</table><p>
</body>
</html>