<?xml version="1.0" encoding="UTF-8"?>
<!-- Generated by org.testng.reporters.JUnitXMLReporter -->
<testsuite ignored="0" hostname="EC-AUTOMA-001" failures="1" tests="3" name="TC_045" time="274.271" errors="0" timestamp="2022-09-13T08:02:56 PDT">
  <testcase classname="com.medmantra.testcases.Laboratory.TC_045_LAB_StoreSamples" name="runStoreSamples" time="108.588">
    <skipped/>
  </testcase> <!-- runStoreSamples -->
  <testcase classname="com.medmantra.testcases.Laboratory.TC_045_LAB_StoreSamples" name="runStoreSamples" time="108.384">
    <skipped/>
  </testcase> <!-- runStoreSamples -->
  <testcase classname="com.medmantra.testcases.Laboratory.TC_045_LAB_StoreSamples" name="runStoreSamples" time="45.223">
    <failure type="java.lang.RuntimeException" message="See the reporter for details.">
      <![CDATA[java.lang.RuntimeException: See the reporter for details.
at com.framework.utils.Reporter.reportStep(Reporter.java:92)
at com.framework.utils.Reporter.reportStep(Reporter.java:107)
at com.framework.selenium.api.base.SeleniumBase.takeSnap(SeleniumBase.java:913)
at com.framework.utils.Reporter.reportStep(Reporter.java:80)
at com.framework.utils.Reporter.reportStep(Reporter.java:107)
at com.medmantra.pages.StoreSamplesPage.clickSearch(StoreSamplesPage.java:25)
at com.medmantra.testcases.Laboratory.TC_045_LAB_StoreSamples.runStoreSamples(TC_045_LAB_StoreSamples.java:34)
at java.base/java.util.ArrayList.forEach(ArrayList.java:1511)
... Removed 27 stack frames]]>
    </failure>
  </testcase> <!-- runStoreSamples -->
</testsuite> <!-- TC_045 -->
