<html>
<head>
<title>TestNG:  TC_025 - TC_116</title>
<link href="../testng.css" rel="stylesheet" type="text/css" />
<link href="../my-testng.css" rel="stylesheet" type="text/css" />

<style type="text/css">
.log { display: none;} 
.stack-trace { display: none;} 
</style>
<script type="text/javascript">
<!--
function flip(e) {
  current = e.style.display;
  if (current == 'block') {
    e.style.display = 'none';
    return 0;
  }
  else {
    e.style.display = 'block';
    return 1;
  }
}

function toggleBox(szDivId, elem, msg1, msg2)
{
  var res = -1;  if (document.getElementById) {
    res = flip(document.getElementById(szDivId));
  }
  else if (document.all) {
    // this is the way old msie versions work
    res = flip(document.all[szDivId]);
  }
  if(elem) {
    if(res == 0) elem.innerHTML = msg1; else elem.innerHTML = msg2;
  }

}

function toggleAllBoxes() {
  if (document.getElementsByTagName) {
    d = document.getElementsByTagName('div');
    for (i = 0; i < d.length; i++) {
      if (d[i].className == 'log') {
        flip(d[i]);
      }
    }
  }
}

// -->
</script>

</head>
<body>
<h2 align='center'>TC_025 - TC_116</h2><table border='1' align="center">
<tr>
<td>Tests passed/Failed/Skipped:</td><td>28/25/0</td>
</tr><tr>
<td>Started on:</td><td>Mon Sep 19 22:12:58 PDT 2022</td>
</tr>
<tr><td>Total time:</td><td>4032 seconds (4032214 ms)</td>
</tr><tr>
<td>Included groups:</td><td></td>
</tr><tr>
<td>Excluded groups:</td><td></td>
</tr>
</table><p/>
<small><i>(Hover the method name to see the test class name)</i></small><p/>
<table width='100%' border='1' class='invocation-failed'>
<tr><td colspan='4' align='center'><b>FAILED TESTS</b></td></tr>
<tr><td><b>Test method</b></td>
<td width="30%"><b>Exception</b></td>
<td width="10%"><b>Time (seconds)</b></td>
<td><b>Instance</b></td>
</tr>
<tr>
<td title='com.medmantra.testcases.Admission.TC_028_Transactions_BedBookingViewReservation.runBedBookingViewReservation()'><b>runBedBookingViewReservation</b><br>Test class: com.medmantra.testcases.Admission.TC_028_Transactions_BedBookingViewReservation</td>
<td><div><pre>java.lang.RuntimeException: See the reporter for details.
	at com.framework.utils.Reporter.reportStep(Reporter.java:92)
	at com.framework.utils.Reporter.reportStep(Reporter.java:107)
	at com.framework.selenium.api.base.SeleniumBase.locateElement(SeleniumBase.java:632)
	at com.medmantra.pages.ViewReservationPage.verifyReservedBedBookings(ViewReservationPage.java:86)
	at com.medmantra.testcases.Admission.TC_028_Transactions_BedBookingViewReservation.runBedBookingViewReservation(TC_028_Transactions_BedBookingViewReservation.java:35)
	at java.base/java.util.ArrayList.forEach(ArrayList.java:1511)
... Removed 27 stack frames</pre></div><a href='#' onClick='toggleBox("stack-trace1853364091", this, "Click to show all stack frames", "Click to hide stack frames")'>Click to show all stack frames</a>
<div class='stack-trace' id='stack-trace1853364091'><pre>java.lang.RuntimeException: See the reporter for details.
	at com.framework.utils.Reporter.reportStep(Reporter.java:92)
	at com.framework.utils.Reporter.reportStep(Reporter.java:107)
	at com.framework.selenium.api.base.SeleniumBase.locateElement(SeleniumBase.java:632)
	at com.medmantra.pages.ViewReservationPage.verifyReservedBedBookings(ViewReservationPage.java:86)
	at com.medmantra.testcases.Admission.TC_028_Transactions_BedBookingViewReservation.runBedBookingViewReservation(TC_028_Transactions_BedBookingViewReservation.java:35)
	at java.base/jdk.internal.reflect.NativeMethodAccessorImpl.invoke0(Native Method)
	at java.base/jdk.internal.reflect.NativeMethodAccessorImpl.invoke(NativeMethodAccessorImpl.java:77)
	at java.base/jdk.internal.reflect.DelegatingMethodAccessorImpl.invoke(DelegatingMethodAccessorImpl.java:43)
	at java.base/java.lang.reflect.Method.invoke(Method.java:568)
	at org.testng.internal.MethodInvocationHelper.invokeMethod(MethodInvocationHelper.java:133)
	at org.testng.internal.TestInvoker.invokeMethod(TestInvoker.java:598)
	at org.testng.internal.TestInvoker.invokeTestMethod(TestInvoker.java:173)
	at org.testng.internal.MethodRunner.runInSequence(MethodRunner.java:46)
	at org.testng.internal.TestInvoker$MethodInvocationAgent.invoke(TestInvoker.java:824)
	at org.testng.internal.TestInvoker.invokeTestMethods(TestInvoker.java:146)
	at org.testng.internal.TestMethodWorker.invokeTestMethods(TestMethodWorker.java:146)
	at org.testng.internal.TestMethodWorker.run(TestMethodWorker.java:128)
	at java.base/java.util.ArrayList.forEach(ArrayList.java:1511)
	at org.testng.TestRunner.privateRun(TestRunner.java:794)
	at org.testng.TestRunner.run(TestRunner.java:596)
	at org.testng.SuiteRunner.runTest(SuiteRunner.java:377)
	at org.testng.SuiteRunner.runSequentially(SuiteRunner.java:371)
	at org.testng.SuiteRunner.privateRun(SuiteRunner.java:332)
	at org.testng.SuiteRunner.run(SuiteRunner.java:276)
	at org.testng.SuiteRunnerWorker.runSuite(SuiteRunnerWorker.java:53)
	at org.testng.SuiteRunnerWorker.run(SuiteRunnerWorker.java:96)
	at org.testng.TestNG.runSuitesSequentially(TestNG.java:1212)
	at org.testng.TestNG.runSuitesLocally(TestNG.java:1134)
	at org.testng.TestNG.runSuites(TestNG.java:1063)
	at org.testng.TestNG.run(TestNG.java:1031)
	at org.testng.remote.AbstractRemoteTestNG.run(AbstractRemoteTestNG.java:115)
	at org.testng.remote.RemoteTestNG.initAndRun(RemoteTestNG.java:251)
	at org.testng.remote.RemoteTestNG.main(RemoteTestNG.java:77)
</pre></div></td>
<td>137</td>
<td>com.medmantra.testcases.Admission.TC_028_Transactions_BedBookingViewReservation@4f49f6af</td></tr>
<tr>
<td title='com.medmantra.testcases.Admission.TC_054_QuickLinks_BedMatrix.runQuickLinksBedMatrix()'><b>runQuickLinksBedMatrix</b><br>Test class: com.medmantra.testcases.Admission.TC_054_QuickLinks_BedMatrix<br>Parameters: G 8 A, GROUND FLOOR EMERGENCY </td>
<td><div><pre>java.lang.RuntimeException: See the reporter for details.
	at com.framework.utils.Reporter.reportStep(Reporter.java:92)
	at com.framework.utils.Reporter.reportStep(Reporter.java:107)
	at com.framework.selenium.api.base.SeleniumBase.locateElement(SeleniumBase.java:632)
	at com.medmantra.pages.BedMatrixPage.verifyBedFloor(BedMatrixPage.java:83)
	at com.medmantra.testcases.Admission.TC_054_QuickLinks_BedMatrix.runQuickLinksBedMatrix(TC_054_QuickLinks_BedMatrix.java:33)
	at java.base/java.util.ArrayList.forEach(ArrayList.java:1511)
... Removed 27 stack frames</pre></div><a href='#' onClick='toggleBox("stack-trace1158951378", this, "Click to show all stack frames", "Click to hide stack frames")'>Click to show all stack frames</a>
<div class='stack-trace' id='stack-trace1158951378'><pre>java.lang.RuntimeException: See the reporter for details.
	at com.framework.utils.Reporter.reportStep(Reporter.java:92)
	at com.framework.utils.Reporter.reportStep(Reporter.java:107)
	at com.framework.selenium.api.base.SeleniumBase.locateElement(SeleniumBase.java:632)
	at com.medmantra.pages.BedMatrixPage.verifyBedFloor(BedMatrixPage.java:83)
	at com.medmantra.testcases.Admission.TC_054_QuickLinks_BedMatrix.runQuickLinksBedMatrix(TC_054_QuickLinks_BedMatrix.java:33)
	at java.base/jdk.internal.reflect.NativeMethodAccessorImpl.invoke0(Native Method)
	at java.base/jdk.internal.reflect.NativeMethodAccessorImpl.invoke(NativeMethodAccessorImpl.java:77)
	at java.base/jdk.internal.reflect.DelegatingMethodAccessorImpl.invoke(DelegatingMethodAccessorImpl.java:43)
	at java.base/java.lang.reflect.Method.invoke(Method.java:568)
	at org.testng.internal.MethodInvocationHelper.invokeMethod(MethodInvocationHelper.java:133)
	at org.testng.internal.TestInvoker.invokeMethod(TestInvoker.java:598)
	at org.testng.internal.TestInvoker.invokeTestMethod(TestInvoker.java:173)
	at org.testng.internal.MethodRunner.runInSequence(MethodRunner.java:46)
	at org.testng.internal.TestInvoker$MethodInvocationAgent.invoke(TestInvoker.java:824)
	at org.testng.internal.TestInvoker.invokeTestMethods(TestInvoker.java:146)
	at org.testng.internal.TestMethodWorker.invokeTestMethods(TestMethodWorker.java:146)
	at org.testng.internal.TestMethodWorker.run(TestMethodWorker.java:128)
	at java.base/java.util.ArrayList.forEach(ArrayList.java:1511)
	at org.testng.TestRunner.privateRun(TestRunner.java:794)
	at org.testng.TestRunner.run(TestRunner.java:596)
	at org.testng.SuiteRunner.runTest(SuiteRunner.java:377)
	at org.testng.SuiteRunner.runSequentially(SuiteRunner.java:371)
	at org.testng.SuiteRunner.privateRun(SuiteRunner.java:332)
	at org.testng.SuiteRunner.run(SuiteRunner.java:276)
	at org.testng.SuiteRunnerWorker.runSuite(SuiteRunnerWorker.java:53)
	at org.testng.SuiteRunnerWorker.run(SuiteRunnerWorker.java:96)
	at org.testng.TestNG.runSuitesSequentially(TestNG.java:1212)
	at org.testng.TestNG.runSuitesLocally(TestNG.java:1134)
	at org.testng.TestNG.runSuites(TestNG.java:1063)
	at org.testng.TestNG.run(TestNG.java:1031)
	at org.testng.remote.AbstractRemoteTestNG.run(AbstractRemoteTestNG.java:115)
	at org.testng.remote.RemoteTestNG.initAndRun(RemoteTestNG.java:251)
	at org.testng.remote.RemoteTestNG.main(RemoteTestNG.java:77)
</pre></div></td>
<td>114</td>
<td>com.medmantra.testcases.Admission.TC_054_QuickLinks_BedMatrix@60db1c0e</td></tr>
<tr>
<td title='com.medmantra.testcases.Admission.TC_037_IPSearch_EditMLC_Details.runEditMLCDetails()'><b>runEditMLCDetails</b><br>Test class: com.medmantra.testcases.Admission.TC_037_IPSearch_EditMLC_Details<br>Parameters: APJ1.0003504552</td>
<td><div><pre>java.lang.RuntimeException: See the reporter for details.
	at com.framework.utils.Reporter.reportStep(Reporter.java:92)
	at com.framework.selenium.api.base.SeleniumBase.acceptAlert(SeleniumBase.java:710)
	at com.medmantra.pages.MainSearchScreenPage.clickEditMLCDetails(MainSearchScreenPage.java:52)
	at com.medmantra.testcases.Admission.TC_037_IPSearch_EditMLC_Details.runEditMLCDetails(TC_037_IPSearch_EditMLC_Details.java:39)
	at java.base/java.util.ArrayList.forEach(ArrayList.java:1511)
... Removed 27 stack frames</pre></div><a href='#' onClick='toggleBox("stack-trace1688209895", this, "Click to show all stack frames", "Click to hide stack frames")'>Click to show all stack frames</a>
<div class='stack-trace' id='stack-trace1688209895'><pre>java.lang.RuntimeException: See the reporter for details.
	at com.framework.utils.Reporter.reportStep(Reporter.java:92)
	at com.framework.selenium.api.base.SeleniumBase.acceptAlert(SeleniumBase.java:710)
	at com.medmantra.pages.MainSearchScreenPage.clickEditMLCDetails(MainSearchScreenPage.java:52)
	at com.medmantra.testcases.Admission.TC_037_IPSearch_EditMLC_Details.runEditMLCDetails(TC_037_IPSearch_EditMLC_Details.java:39)
	at java.base/jdk.internal.reflect.NativeMethodAccessorImpl.invoke0(Native Method)
	at java.base/jdk.internal.reflect.NativeMethodAccessorImpl.invoke(NativeMethodAccessorImpl.java:77)
	at java.base/jdk.internal.reflect.DelegatingMethodAccessorImpl.invoke(DelegatingMethodAccessorImpl.java:43)
	at java.base/java.lang.reflect.Method.invoke(Method.java:568)
	at org.testng.internal.MethodInvocationHelper.invokeMethod(MethodInvocationHelper.java:133)
	at org.testng.internal.TestInvoker.invokeMethod(TestInvoker.java:598)
	at org.testng.internal.TestInvoker.invokeTestMethod(TestInvoker.java:173)
	at org.testng.internal.MethodRunner.runInSequence(MethodRunner.java:46)
	at org.testng.internal.TestInvoker$MethodInvocationAgent.invoke(TestInvoker.java:824)
	at org.testng.internal.TestInvoker.invokeTestMethods(TestInvoker.java:146)
	at org.testng.internal.TestMethodWorker.invokeTestMethods(TestMethodWorker.java:146)
	at org.testng.internal.TestMethodWorker.run(TestMethodWorker.java:128)
	at java.base/java.util.ArrayList.forEach(ArrayList.java:1511)
	at org.testng.TestRunner.privateRun(TestRunner.java:794)
	at org.testng.TestRunner.run(TestRunner.java:596)
	at org.testng.SuiteRunner.runTest(SuiteRunner.java:377)
	at org.testng.SuiteRunner.runSequentially(SuiteRunner.java:371)
	at org.testng.SuiteRunner.privateRun(SuiteRunner.java:332)
	at org.testng.SuiteRunner.run(SuiteRunner.java:276)
	at org.testng.SuiteRunnerWorker.runSuite(SuiteRunnerWorker.java:53)
	at org.testng.SuiteRunnerWorker.run(SuiteRunnerWorker.java:96)
	at org.testng.TestNG.runSuitesSequentially(TestNG.java:1212)
	at org.testng.TestNG.runSuitesLocally(TestNG.java:1134)
	at org.testng.TestNG.runSuites(TestNG.java:1063)
	at org.testng.TestNG.run(TestNG.java:1031)
	at org.testng.remote.AbstractRemoteTestNG.run(AbstractRemoteTestNG.java:115)
	at org.testng.remote.RemoteTestNG.initAndRun(RemoteTestNG.java:251)
	at org.testng.remote.RemoteTestNG.main(RemoteTestNG.java:77)
</pre></div></td>
<td>85</td>
<td>com.medmantra.testcases.Admission.TC_037_IPSearch_EditMLC_Details@3bcd05cb</td></tr>
<tr>
<td title='com.medmantra.testcases.Admission.TC_061_Transanction_SearchTransfers.runSearchTransfers()'><b>runSearchTransfers</b><br>Test class: com.medmantra.testcases.Admission.TC_061_Transanction_SearchTransfers<br>Parameters: Emergency, Vacant</td>
<td><div><pre>java.lang.RuntimeException: See the reporter for details.
	at com.framework.utils.Reporter.reportStep(Reporter.java:92)
	at com.framework.utils.Reporter.reportStep(Reporter.java:107)
	at com.framework.selenium.api.base.SeleniumBase.takeSnap(SeleniumBase.java:913)
	at com.framework.utils.Reporter.reportStep(Reporter.java:80)
	at com.framework.utils.Reporter.reportStep(Reporter.java:107)
	at com.medmantra.pages.AdmissionAndTransferPage.verifyReleaseAlert(AdmissionAndTransferPage.java:450)
	at com.medmantra.testcases.Admission.TC_061_Transanction_SearchTransfers.runSearchTransfers(TC_061_Transanction_SearchTransfers.java:39)
	at java.base/java.util.ArrayList.forEach(ArrayList.java:1511)
... Removed 27 stack frames</pre></div><a href='#' onClick='toggleBox("stack-trace1384421324", this, "Click to show all stack frames", "Click to hide stack frames")'>Click to show all stack frames</a>
<div class='stack-trace' id='stack-trace1384421324'><pre>java.lang.RuntimeException: See the reporter for details.
	at com.framework.utils.Reporter.reportStep(Reporter.java:92)
	at com.framework.utils.Reporter.reportStep(Reporter.java:107)
	at com.framework.selenium.api.base.SeleniumBase.takeSnap(SeleniumBase.java:913)
	at com.framework.utils.Reporter.reportStep(Reporter.java:80)
	at com.framework.utils.Reporter.reportStep(Reporter.java:107)
	at com.medmantra.pages.AdmissionAndTransferPage.verifyReleaseAlert(AdmissionAndTransferPage.java:450)
	at com.medmantra.testcases.Admission.TC_061_Transanction_SearchTransfers.runSearchTransfers(TC_061_Transanction_SearchTransfers.java:39)
	at java.base/jdk.internal.reflect.NativeMethodAccessorImpl.invoke0(Native Method)
	at java.base/jdk.internal.reflect.NativeMethodAccessorImpl.invoke(NativeMethodAccessorImpl.java:77)
	at java.base/jdk.internal.reflect.DelegatingMethodAccessorImpl.invoke(DelegatingMethodAccessorImpl.java:43)
	at java.base/java.lang.reflect.Method.invoke(Method.java:568)
	at org.testng.internal.MethodInvocationHelper.invokeMethod(MethodInvocationHelper.java:133)
	at org.testng.internal.TestInvoker.invokeMethod(TestInvoker.java:598)
	at org.testng.internal.TestInvoker.invokeTestMethod(TestInvoker.java:173)
	at org.testng.internal.MethodRunner.runInSequence(MethodRunner.java:46)
	at org.testng.internal.TestInvoker$MethodInvocationAgent.invoke(TestInvoker.java:824)
	at org.testng.internal.TestInvoker.invokeTestMethods(TestInvoker.java:146)
	at org.testng.internal.TestMethodWorker.invokeTestMethods(TestMethodWorker.java:146)
	at org.testng.internal.TestMethodWorker.run(TestMethodWorker.java:128)
	at java.base/java.util.ArrayList.forEach(ArrayList.java:1511)
	at org.testng.TestRunner.privateRun(TestRunner.java:794)
	at org.testng.TestRunner.run(TestRunner.java:596)
	at org.testng.SuiteRunner.runTest(SuiteRunner.java:377)
	at org.testng.SuiteRunner.runSequentially(SuiteRunner.java:371)
	at org.testng.SuiteRunner.privateRun(SuiteRunner.java:332)
	at org.testng.SuiteRunner.run(SuiteRunner.java:276)
	at org.testng.SuiteRunnerWorker.runSuite(SuiteRunnerWorker.java:53)
	at org.testng.SuiteRunnerWorker.run(SuiteRunnerWorker.java:96)
	at org.testng.TestNG.runSuitesSequentially(TestNG.java:1212)
	at org.testng.TestNG.runSuitesLocally(TestNG.java:1134)
	at org.testng.TestNG.runSuites(TestNG.java:1063)
	at org.testng.TestNG.run(TestNG.java:1031)
	at org.testng.remote.AbstractRemoteTestNG.run(AbstractRemoteTestNG.java:115)
	at org.testng.remote.RemoteTestNG.initAndRun(RemoteTestNG.java:251)
	at org.testng.remote.RemoteTestNG.main(RemoteTestNG.java:77)
</pre></div></td>
<td>35</td>
<td>com.medmantra.testcases.Admission.TC_061_Transanction_SearchTransfers@5167f57d</td></tr>
<tr>
<td title='com.medmantra.testcases.Admission.TC_060_Transanction_SearchTransfers.runSearchTransfers()'><b>runSearchTransfers</b><br>Test class: com.medmantra.testcases.Admission.TC_060_Transanction_SearchTransfers</td>
<td><div><pre>java.lang.RuntimeException: See the reporter for details.
	at com.framework.utils.Reporter.reportStep(Reporter.java:92)
	at com.framework.utils.Reporter.reportStep(Reporter.java:107)
	at com.framework.selenium.api.base.SeleniumBase.takeSnap(SeleniumBase.java:913)
	at com.framework.utils.Reporter.reportStep(Reporter.java:80)
	at com.framework.utils.Reporter.reportStep(Reporter.java:107)
	at com.medmantra.pages.AdmissionAndTransferPage.selectOccpyOld(AdmissionAndTransferPage.java:348)
	at com.medmantra.testcases.Admission.TC_060_Transanction_SearchTransfers.runSearchTransfers(TC_060_Transanction_SearchTransfers.java:32)
	at java.base/java.util.ArrayList.forEach(ArrayList.java:1511)
... Removed 27 stack frames</pre></div><a href='#' onClick='toggleBox("stack-trace2057656687", this, "Click to show all stack frames", "Click to hide stack frames")'>Click to show all stack frames</a>
<div class='stack-trace' id='stack-trace2057656687'><pre>java.lang.RuntimeException: See the reporter for details.
	at com.framework.utils.Reporter.reportStep(Reporter.java:92)
	at com.framework.utils.Reporter.reportStep(Reporter.java:107)
	at com.framework.selenium.api.base.SeleniumBase.takeSnap(SeleniumBase.java:913)
	at com.framework.utils.Reporter.reportStep(Reporter.java:80)
	at com.framework.utils.Reporter.reportStep(Reporter.java:107)
	at com.medmantra.pages.AdmissionAndTransferPage.selectOccpyOld(AdmissionAndTransferPage.java:348)
	at com.medmantra.testcases.Admission.TC_060_Transanction_SearchTransfers.runSearchTransfers(TC_060_Transanction_SearchTransfers.java:32)
	at java.base/jdk.internal.reflect.NativeMethodAccessorImpl.invoke0(Native Method)
	at java.base/jdk.internal.reflect.NativeMethodAccessorImpl.invoke(NativeMethodAccessorImpl.java:77)
	at java.base/jdk.internal.reflect.DelegatingMethodAccessorImpl.invoke(DelegatingMethodAccessorImpl.java:43)
	at java.base/java.lang.reflect.Method.invoke(Method.java:568)
	at org.testng.internal.MethodInvocationHelper.invokeMethod(MethodInvocationHelper.java:133)
	at org.testng.internal.TestInvoker.invokeMethod(TestInvoker.java:598)
	at org.testng.internal.TestInvoker.invokeTestMethod(TestInvoker.java:173)
	at org.testng.internal.MethodRunner.runInSequence(MethodRunner.java:46)
	at org.testng.internal.TestInvoker$MethodInvocationAgent.invoke(TestInvoker.java:824)
	at org.testng.internal.TestInvoker.invokeTestMethods(TestInvoker.java:146)
	at org.testng.internal.TestMethodWorker.invokeTestMethods(TestMethodWorker.java:146)
	at org.testng.internal.TestMethodWorker.run(TestMethodWorker.java:128)
	at java.base/java.util.ArrayList.forEach(ArrayList.java:1511)
	at org.testng.TestRunner.privateRun(TestRunner.java:794)
	at org.testng.TestRunner.run(TestRunner.java:596)
	at org.testng.SuiteRunner.runTest(SuiteRunner.java:377)
	at org.testng.SuiteRunner.runSequentially(SuiteRunner.java:371)
	at org.testng.SuiteRunner.privateRun(SuiteRunner.java:332)
	at org.testng.SuiteRunner.run(SuiteRunner.java:276)
	at org.testng.SuiteRunnerWorker.runSuite(SuiteRunnerWorker.java:53)
	at org.testng.SuiteRunnerWorker.run(SuiteRunnerWorker.java:96)
	at org.testng.TestNG.runSuitesSequentially(TestNG.java:1212)
	at org.testng.TestNG.runSuitesLocally(TestNG.java:1134)
	at org.testng.TestNG.runSuites(TestNG.java:1063)
	at org.testng.TestNG.run(TestNG.java:1031)
	at org.testng.remote.AbstractRemoteTestNG.run(AbstractRemoteTestNG.java:115)
	at org.testng.remote.RemoteTestNG.initAndRun(RemoteTestNG.java:251)
	at org.testng.remote.RemoteTestNG.main(RemoteTestNG.java:77)
</pre></div></td>
<td>152</td>
<td>com.medmantra.testcases.Admission.TC_060_Transanction_SearchTransfers@24105dc5</td></tr>
<tr>
<td title='com.medmantra.testcases.Admission.TC_036_IPSearch_EditAdmission.runEditAdmission()'><b>runEditAdmission</b><br>Test class: com.medmantra.testcases.Admission.TC_036_IPSearch_EditAdmission<br>Parameters: APJ1.0003504552</td>
<td><div><pre>java.lang.RuntimeException: See the reporter for details.
	at com.framework.utils.Reporter.reportStep(Reporter.java:92)
	at com.framework.selenium.api.base.SeleniumBase.verifyAlertText(SeleniumBase.java:1105)
	at com.medmantra.pages.EditAdmissionDetailsPage.verifyAdmissionIsEdited(EditAdmissionDetailsPage.java:24)
	at com.medmantra.testcases.Admission.TC_036_IPSearch_EditAdmission.runEditAdmission(TC_036_IPSearch_EditAdmission.java:43)
	at java.base/java.util.ArrayList.forEach(ArrayList.java:1511)
... Removed 27 stack frames</pre></div><a href='#' onClick='toggleBox("stack-trace664706197", this, "Click to show all stack frames", "Click to hide stack frames")'>Click to show all stack frames</a>
<div class='stack-trace' id='stack-trace664706197'><pre>java.lang.RuntimeException: See the reporter for details.
	at com.framework.utils.Reporter.reportStep(Reporter.java:92)
	at com.framework.selenium.api.base.SeleniumBase.verifyAlertText(SeleniumBase.java:1105)
	at com.medmantra.pages.EditAdmissionDetailsPage.verifyAdmissionIsEdited(EditAdmissionDetailsPage.java:24)
	at com.medmantra.testcases.Admission.TC_036_IPSearch_EditAdmission.runEditAdmission(TC_036_IPSearch_EditAdmission.java:43)
	at java.base/jdk.internal.reflect.NativeMethodAccessorImpl.invoke0(Native Method)
	at java.base/jdk.internal.reflect.NativeMethodAccessorImpl.invoke(NativeMethodAccessorImpl.java:77)
	at java.base/jdk.internal.reflect.DelegatingMethodAccessorImpl.invoke(DelegatingMethodAccessorImpl.java:43)
	at java.base/java.lang.reflect.Method.invoke(Method.java:568)
	at org.testng.internal.MethodInvocationHelper.invokeMethod(MethodInvocationHelper.java:133)
	at org.testng.internal.TestInvoker.invokeMethod(TestInvoker.java:598)
	at org.testng.internal.TestInvoker.invokeTestMethod(TestInvoker.java:173)
	at org.testng.internal.MethodRunner.runInSequence(MethodRunner.java:46)
	at org.testng.internal.TestInvoker$MethodInvocationAgent.invoke(TestInvoker.java:824)
	at org.testng.internal.TestInvoker.invokeTestMethods(TestInvoker.java:146)
	at org.testng.internal.TestMethodWorker.invokeTestMethods(TestMethodWorker.java:146)
	at org.testng.internal.TestMethodWorker.run(TestMethodWorker.java:128)
	at java.base/java.util.ArrayList.forEach(ArrayList.java:1511)
	at org.testng.TestRunner.privateRun(TestRunner.java:794)
	at org.testng.TestRunner.run(TestRunner.java:596)
	at org.testng.SuiteRunner.runTest(SuiteRunner.java:377)
	at org.testng.SuiteRunner.runSequentially(SuiteRunner.java:371)
	at org.testng.SuiteRunner.privateRun(SuiteRunner.java:332)
	at org.testng.SuiteRunner.run(SuiteRunner.java:276)
	at org.testng.SuiteRunnerWorker.runSuite(SuiteRunnerWorker.java:53)
	at org.testng.SuiteRunnerWorker.run(SuiteRunnerWorker.java:96)
	at org.testng.TestNG.runSuitesSequentially(TestNG.java:1212)
	at org.testng.TestNG.runSuitesLocally(TestNG.java:1134)
	at org.testng.TestNG.runSuites(TestNG.java:1063)
	at org.testng.TestNG.run(TestNG.java:1031)
	at org.testng.remote.AbstractRemoteTestNG.run(AbstractRemoteTestNG.java:115)
	at org.testng.remote.RemoteTestNG.initAndRun(RemoteTestNG.java:251)
	at org.testng.remote.RemoteTestNG.main(RemoteTestNG.java:77)
</pre></div></td>
<td>193</td>
<td>com.medmantra.testcases.Admission.TC_036_IPSearch_EditAdmission@17503f6b</td></tr>
<tr>
<td title='com.medmantra.testcases.Admission.TC_038_IPSearchCancel_IPAdmission.runCancelIPAdmission()'><b>runCancelIPAdmission</b><br>Test class: com.medmantra.testcases.Admission.TC_038_IPSearchCancel_IPAdmission<br>Parameters: APJ1.0003504552</td>
<td><div><pre>java.lang.RuntimeException: See the reporter for details.
	at com.framework.utils.Reporter.reportStep(Reporter.java:92)
	at com.framework.utils.Reporter.reportStep(Reporter.java:107)
	at com.framework.selenium.api.base.SeleniumBase.takeSnap(SeleniumBase.java:913)
	at com.framework.utils.Reporter.reportStep(Reporter.java:80)
	at com.framework.utils.Reporter.reportStep(Reporter.java:107)
	at com.medmantra.pages.MainSearchScreenPage.clickCancelIPAdmission(MainSearchScreenPage.java:58)
	at com.medmantra.testcases.Admission.TC_038_IPSearchCancel_IPAdmission.runCancelIPAdmission(TC_038_IPSearchCancel_IPAdmission.java:39)
	at java.base/java.util.ArrayList.forEach(ArrayList.java:1511)
... Removed 27 stack frames</pre></div><a href='#' onClick='toggleBox("stack-trace1397010952", this, "Click to show all stack frames", "Click to hide stack frames")'>Click to show all stack frames</a>
<div class='stack-trace' id='stack-trace1397010952'><pre>java.lang.RuntimeException: See the reporter for details.
	at com.framework.utils.Reporter.reportStep(Reporter.java:92)
	at com.framework.utils.Reporter.reportStep(Reporter.java:107)
	at com.framework.selenium.api.base.SeleniumBase.takeSnap(SeleniumBase.java:913)
	at com.framework.utils.Reporter.reportStep(Reporter.java:80)
	at com.framework.utils.Reporter.reportStep(Reporter.java:107)
	at com.medmantra.pages.MainSearchScreenPage.clickCancelIPAdmission(MainSearchScreenPage.java:58)
	at com.medmantra.testcases.Admission.TC_038_IPSearchCancel_IPAdmission.runCancelIPAdmission(TC_038_IPSearchCancel_IPAdmission.java:39)
	at java.base/jdk.internal.reflect.NativeMethodAccessorImpl.invoke0(Native Method)
	at java.base/jdk.internal.reflect.NativeMethodAccessorImpl.invoke(NativeMethodAccessorImpl.java:77)
	at java.base/jdk.internal.reflect.DelegatingMethodAccessorImpl.invoke(DelegatingMethodAccessorImpl.java:43)
	at java.base/java.lang.reflect.Method.invoke(Method.java:568)
	at org.testng.internal.MethodInvocationHelper.invokeMethod(MethodInvocationHelper.java:133)
	at org.testng.internal.TestInvoker.invokeMethod(TestInvoker.java:598)
	at org.testng.internal.TestInvoker.invokeTestMethod(TestInvoker.java:173)
	at org.testng.internal.MethodRunner.runInSequence(MethodRunner.java:46)
	at org.testng.internal.TestInvoker$MethodInvocationAgent.invoke(TestInvoker.java:824)
	at org.testng.internal.TestInvoker.invokeTestMethods(TestInvoker.java:146)
	at org.testng.internal.TestMethodWorker.invokeTestMethods(TestMethodWorker.java:146)
	at org.testng.internal.TestMethodWorker.run(TestMethodWorker.java:128)
	at java.base/java.util.ArrayList.forEach(ArrayList.java:1511)
	at org.testng.TestRunner.privateRun(TestRunner.java:794)
	at org.testng.TestRunner.run(TestRunner.java:596)
	at org.testng.SuiteRunner.runTest(SuiteRunner.java:377)
	at org.testng.SuiteRunner.runSequentially(SuiteRunner.java:371)
	at org.testng.SuiteRunner.privateRun(SuiteRunner.java:332)
	at org.testng.SuiteRunner.run(SuiteRunner.java:276)
	at org.testng.SuiteRunnerWorker.runSuite(SuiteRunnerWorker.java:53)
	at org.testng.SuiteRunnerWorker.run(SuiteRunnerWorker.java:96)
	at org.testng.TestNG.runSuitesSequentially(TestNG.java:1212)
	at org.testng.TestNG.runSuitesLocally(TestNG.java:1134)
	at org.testng.TestNG.runSuites(TestNG.java:1063)
	at org.testng.TestNG.run(TestNG.java:1031)
	at org.testng.remote.AbstractRemoteTestNG.run(AbstractRemoteTestNG.java:115)
	at org.testng.remote.RemoteTestNG.initAndRun(RemoteTestNG.java:251)
	at org.testng.remote.RemoteTestNG.main(RemoteTestNG.java:77)
</pre></div></td>
<td>59</td>
<td>com.medmantra.testcases.Admission.TC_038_IPSearchCancel_IPAdmission@3b6d844d</td></tr>
<tr>
<td title='com.medmantra.testcases.Admission.TC_025_Transactions_BedBookingOnline.runBedBookingOnline()'><b>runBedBookingOnline</b><br>Test class: com.medmantra.testcases.Admission.TC_025_Transactions_BedBookingOnline<br>Parameters: InPerson, CARDIOLOGY, AJIT MENON, Emergency, ISOLATION-MULTI, 3, Health Checkup, Ram, 1234567890, appollo@gmail.com, Uncle</td>
<td><div><pre>java.lang.RuntimeException: See the reporter for details.
	at com.framework.utils.Reporter.reportStep(Reporter.java:92)
	at com.framework.utils.Reporter.reportStep(Reporter.java:107)
	at com.framework.selenium.api.base.SeleniumBase.selectDropDownUsingText(SeleniumBase.java:410)
	at com.medmantra.pages.BedBookingPage.selectSecondChoice(BedBookingPage.java:50)
	at com.medmantra.testcases.Admission.TC_025_Transactions_BedBookingOnline.runBedBookingOnline(TC_025_Transactions_BedBookingOnline.java:46)
	at java.base/java.util.ArrayList.forEach(ArrayList.java:1511)
... Removed 27 stack frames</pre></div><a href='#' onClick='toggleBox("stack-trace583896770", this, "Click to show all stack frames", "Click to hide stack frames")'>Click to show all stack frames</a>
<div class='stack-trace' id='stack-trace583896770'><pre>java.lang.RuntimeException: See the reporter for details.
	at com.framework.utils.Reporter.reportStep(Reporter.java:92)
	at com.framework.utils.Reporter.reportStep(Reporter.java:107)
	at com.framework.selenium.api.base.SeleniumBase.selectDropDownUsingText(SeleniumBase.java:410)
	at com.medmantra.pages.BedBookingPage.selectSecondChoice(BedBookingPage.java:50)
	at com.medmantra.testcases.Admission.TC_025_Transactions_BedBookingOnline.runBedBookingOnline(TC_025_Transactions_BedBookingOnline.java:46)
	at java.base/jdk.internal.reflect.NativeMethodAccessorImpl.invoke0(Native Method)
	at java.base/jdk.internal.reflect.NativeMethodAccessorImpl.invoke(NativeMethodAccessorImpl.java:77)
	at java.base/jdk.internal.reflect.DelegatingMethodAccessorImpl.invoke(DelegatingMethodAccessorImpl.java:43)
	at java.base/java.lang.reflect.Method.invoke(Method.java:568)
	at org.testng.internal.MethodInvocationHelper.invokeMethod(MethodInvocationHelper.java:133)
	at org.testng.internal.TestInvoker.invokeMethod(TestInvoker.java:598)
	at org.testng.internal.TestInvoker.invokeTestMethod(TestInvoker.java:173)
	at org.testng.internal.MethodRunner.runInSequence(MethodRunner.java:46)
	at org.testng.internal.TestInvoker$MethodInvocationAgent.invoke(TestInvoker.java:824)
	at org.testng.internal.TestInvoker.invokeTestMethods(TestInvoker.java:146)
	at org.testng.internal.TestMethodWorker.invokeTestMethods(TestMethodWorker.java:146)
	at org.testng.internal.TestMethodWorker.run(TestMethodWorker.java:128)
	at java.base/java.util.ArrayList.forEach(ArrayList.java:1511)
	at org.testng.TestRunner.privateRun(TestRunner.java:794)
	at org.testng.TestRunner.run(TestRunner.java:596)
	at org.testng.SuiteRunner.runTest(SuiteRunner.java:377)
	at org.testng.SuiteRunner.runSequentially(SuiteRunner.java:371)
	at org.testng.SuiteRunner.privateRun(SuiteRunner.java:332)
	at org.testng.SuiteRunner.run(SuiteRunner.java:276)
	at org.testng.SuiteRunnerWorker.runSuite(SuiteRunnerWorker.java:53)
	at org.testng.SuiteRunnerWorker.run(SuiteRunnerWorker.java:96)
	at org.testng.TestNG.runSuitesSequentially(TestNG.java:1212)
	at org.testng.TestNG.runSuitesLocally(TestNG.java:1134)
	at org.testng.TestNG.runSuites(TestNG.java:1063)
	at org.testng.TestNG.run(TestNG.java:1031)
	at org.testng.remote.AbstractRemoteTestNG.run(AbstractRemoteTestNG.java:115)
	at org.testng.remote.RemoteTestNG.initAndRun(RemoteTestNG.java:251)
	at org.testng.remote.RemoteTestNG.main(RemoteTestNG.java:77)
</pre></div></td>
<td>123</td>
<td>com.medmantra.testcases.Admission.TC_025_Transactions_BedBookingOnline@642a7222</td></tr>
<tr>
<td title='com.medmantra.testcases.Admission.TC_043_IPAdmissionCancel.runIPAdmissionCancel()'><b>runIPAdmissionCancel</b><br>Test class: com.medmantra.testcases.Admission.TC_043_IPAdmissionCancel<br>Parameters: ANMIP85049, test, ABHAY  NENE</td>
<td><div><pre>java.lang.RuntimeException: See the reporter for details.
	at com.framework.utils.Reporter.reportStep(Reporter.java:92)
	at com.framework.utils.Reporter.reportStep(Reporter.java:107)
	at com.framework.selenium.api.base.SeleniumBase.selectDropDownUsingText(SeleniumBase.java:410)
	at com.medmantra.pages.CancelAdmissionPage.selectAuthorizingDoctor(CancelAdmissionPage.java:20)
	at com.medmantra.testcases.Admission.TC_043_IPAdmissionCancel.runIPAdmissionCancel(TC_043_IPAdmissionCancel.java:35)
	at java.base/java.util.ArrayList.forEach(ArrayList.java:1511)
... Removed 27 stack frames</pre></div><a href='#' onClick='toggleBox("stack-trace332804485", this, "Click to show all stack frames", "Click to hide stack frames")'>Click to show all stack frames</a>
<div class='stack-trace' id='stack-trace332804485'><pre>java.lang.RuntimeException: See the reporter for details.
	at com.framework.utils.Reporter.reportStep(Reporter.java:92)
	at com.framework.utils.Reporter.reportStep(Reporter.java:107)
	at com.framework.selenium.api.base.SeleniumBase.selectDropDownUsingText(SeleniumBase.java:410)
	at com.medmantra.pages.CancelAdmissionPage.selectAuthorizingDoctor(CancelAdmissionPage.java:20)
	at com.medmantra.testcases.Admission.TC_043_IPAdmissionCancel.runIPAdmissionCancel(TC_043_IPAdmissionCancel.java:35)
	at java.base/jdk.internal.reflect.NativeMethodAccessorImpl.invoke0(Native Method)
	at java.base/jdk.internal.reflect.NativeMethodAccessorImpl.invoke(NativeMethodAccessorImpl.java:77)
	at java.base/jdk.internal.reflect.DelegatingMethodAccessorImpl.invoke(DelegatingMethodAccessorImpl.java:43)
	at java.base/java.lang.reflect.Method.invoke(Method.java:568)
	at org.testng.internal.MethodInvocationHelper.invokeMethod(MethodInvocationHelper.java:133)
	at org.testng.internal.TestInvoker.invokeMethod(TestInvoker.java:598)
	at org.testng.internal.TestInvoker.invokeTestMethod(TestInvoker.java:173)
	at org.testng.internal.MethodRunner.runInSequence(MethodRunner.java:46)
	at org.testng.internal.TestInvoker$MethodInvocationAgent.invoke(TestInvoker.java:824)
	at org.testng.internal.TestInvoker.invokeTestMethods(TestInvoker.java:146)
	at org.testng.internal.TestMethodWorker.invokeTestMethods(TestMethodWorker.java:146)
	at org.testng.internal.TestMethodWorker.run(TestMethodWorker.java:128)
	at java.base/java.util.ArrayList.forEach(ArrayList.java:1511)
	at org.testng.TestRunner.privateRun(TestRunner.java:794)
	at org.testng.TestRunner.run(TestRunner.java:596)
	at org.testng.SuiteRunner.runTest(SuiteRunner.java:377)
	at org.testng.SuiteRunner.runSequentially(SuiteRunner.java:371)
	at org.testng.SuiteRunner.privateRun(SuiteRunner.java:332)
	at org.testng.SuiteRunner.run(SuiteRunner.java:276)
	at org.testng.SuiteRunnerWorker.runSuite(SuiteRunnerWorker.java:53)
	at org.testng.SuiteRunnerWorker.run(SuiteRunnerWorker.java:96)
	at org.testng.TestNG.runSuitesSequentially(TestNG.java:1212)
	at org.testng.TestNG.runSuitesLocally(TestNG.java:1134)
	at org.testng.TestNG.runSuites(TestNG.java:1063)
	at org.testng.TestNG.run(TestNG.java:1031)
	at org.testng.remote.AbstractRemoteTestNG.run(AbstractRemoteTestNG.java:115)
	at org.testng.remote.RemoteTestNG.initAndRun(RemoteTestNG.java:251)
	at org.testng.remote.RemoteTestNG.main(RemoteTestNG.java:77)
</pre></div></td>
<td>207</td>
<td>com.medmantra.testcases.Admission.TC_043_IPAdmissionCancel@24959ca4</td></tr>
<tr>
<td title='com.medmantra.testcases.Admission.TC_032_BedBooking_ViewReservation_Delete.runViewReservationDelete()'><b>runViewReservationDelete</b><br>Test class: com.medmantra.testcases.Admission.TC_032_BedBooking_ViewReservation_Delete</td>
<td><div><pre>java.lang.RuntimeException: See the reporter for details.
	at com.framework.utils.Reporter.reportStep(Reporter.java:92)
	at com.framework.selenium.api.base.SeleniumBase.acceptAlert(SeleniumBase.java:710)
	at com.medmantra.pages.ViewReservationPage.clickDeleteButton(ViewReservationPage.java:52)
	at com.medmantra.testcases.Admission.TC_032_BedBooking_ViewReservation_Delete.runViewReservationDelete(TC_032_BedBooking_ViewReservation_Delete.java:35)
	at java.base/java.util.ArrayList.forEach(ArrayList.java:1511)
... Removed 27 stack frames</pre></div><a href='#' onClick='toggleBox("stack-trace1555453155", this, "Click to show all stack frames", "Click to hide stack frames")'>Click to show all stack frames</a>
<div class='stack-trace' id='stack-trace1555453155'><pre>java.lang.RuntimeException: See the reporter for details.
	at com.framework.utils.Reporter.reportStep(Reporter.java:92)
	at com.framework.selenium.api.base.SeleniumBase.acceptAlert(SeleniumBase.java:710)
	at com.medmantra.pages.ViewReservationPage.clickDeleteButton(ViewReservationPage.java:52)
	at com.medmantra.testcases.Admission.TC_032_BedBooking_ViewReservation_Delete.runViewReservationDelete(TC_032_BedBooking_ViewReservation_Delete.java:35)
	at java.base/jdk.internal.reflect.NativeMethodAccessorImpl.invoke0(Native Method)
	at java.base/jdk.internal.reflect.NativeMethodAccessorImpl.invoke(NativeMethodAccessorImpl.java:77)
	at java.base/jdk.internal.reflect.DelegatingMethodAccessorImpl.invoke(DelegatingMethodAccessorImpl.java:43)
	at java.base/java.lang.reflect.Method.invoke(Method.java:568)
	at org.testng.internal.MethodInvocationHelper.invokeMethod(MethodInvocationHelper.java:133)
	at org.testng.internal.TestInvoker.invokeMethod(TestInvoker.java:598)
	at org.testng.internal.TestInvoker.invokeTestMethod(TestInvoker.java:173)
	at org.testng.internal.MethodRunner.runInSequence(MethodRunner.java:46)
	at org.testng.internal.TestInvoker$MethodInvocationAgent.invoke(TestInvoker.java:824)
	at org.testng.internal.TestInvoker.invokeTestMethods(TestInvoker.java:146)
	at org.testng.internal.TestMethodWorker.invokeTestMethods(TestMethodWorker.java:146)
	at org.testng.internal.TestMethodWorker.run(TestMethodWorker.java:128)
	at java.base/java.util.ArrayList.forEach(ArrayList.java:1511)
	at org.testng.TestRunner.privateRun(TestRunner.java:794)
	at org.testng.TestRunner.run(TestRunner.java:596)
	at org.testng.SuiteRunner.runTest(SuiteRunner.java:377)
	at org.testng.SuiteRunner.runSequentially(SuiteRunner.java:371)
	at org.testng.SuiteRunner.privateRun(SuiteRunner.java:332)
	at org.testng.SuiteRunner.run(SuiteRunner.java:276)
	at org.testng.SuiteRunnerWorker.runSuite(SuiteRunnerWorker.java:53)
	at org.testng.SuiteRunnerWorker.run(SuiteRunnerWorker.java:96)
	at org.testng.TestNG.runSuitesSequentially(TestNG.java:1212)
	at org.testng.TestNG.runSuitesLocally(TestNG.java:1134)
	at org.testng.TestNG.runSuites(TestNG.java:1063)
	at org.testng.TestNG.run(TestNG.java:1031)
	at org.testng.remote.AbstractRemoteTestNG.run(AbstractRemoteTestNG.java:115)
	at org.testng.remote.RemoteTestNG.initAndRun(RemoteTestNG.java:251)
	at org.testng.remote.RemoteTestNG.main(RemoteTestNG.java:77)
</pre></div></td>
<td>150</td>
<td>com.medmantra.testcases.Admission.TC_032_BedBooking_ViewReservation_Delete@7098b907</td></tr>
<tr>
<td title='com.medmantra.testcases.Admission.TC_087_Reports_AT_DayCarePatientList.runDayCarePatientList()'><b>runDayCarePatientList</b><br>Test class: com.medmantra.testcases.Admission.TC_087_Reports_AT_DayCarePatientList<br>Parameters: aspx</td>
<td><div><pre>java.lang.RuntimeException: See the reporter for details.
	at com.framework.utils.Reporter.reportStep(Reporter.java:92)
	at com.framework.selenium.api.base.SeleniumBase.switchToWindow(SeleniumBase.java:783)
	at com.medmantra.pages.AdmissionReportsPage.verifyDisplayTitle(AdmissionReportsPage.java:159)
	at com.medmantra.testcases.Admission.TC_087_Reports_AT_DayCarePatientList.runDayCarePatientList(TC_087_Reports_AT_DayCarePatientList.java:34)
	at java.base/java.util.ArrayList.forEach(ArrayList.java:1511)
... Removed 27 stack frames</pre></div><a href='#' onClick='toggleBox("stack-trace1891577322", this, "Click to show all stack frames", "Click to hide stack frames")'>Click to show all stack frames</a>
<div class='stack-trace' id='stack-trace1891577322'><pre>java.lang.RuntimeException: See the reporter for details.
	at com.framework.utils.Reporter.reportStep(Reporter.java:92)
	at com.framework.selenium.api.base.SeleniumBase.switchToWindow(SeleniumBase.java:783)
	at com.medmantra.pages.AdmissionReportsPage.verifyDisplayTitle(AdmissionReportsPage.java:159)
	at com.medmantra.testcases.Admission.TC_087_Reports_AT_DayCarePatientList.runDayCarePatientList(TC_087_Reports_AT_DayCarePatientList.java:34)
	at java.base/jdk.internal.reflect.NativeMethodAccessorImpl.invoke0(Native Method)
	at java.base/jdk.internal.reflect.NativeMethodAccessorImpl.invoke(NativeMethodAccessorImpl.java:77)
	at java.base/jdk.internal.reflect.DelegatingMethodAccessorImpl.invoke(DelegatingMethodAccessorImpl.java:43)
	at java.base/java.lang.reflect.Method.invoke(Method.java:568)
	at org.testng.internal.MethodInvocationHelper.invokeMethod(MethodInvocationHelper.java:133)
	at org.testng.internal.TestInvoker.invokeMethod(TestInvoker.java:598)
	at org.testng.internal.TestInvoker.invokeTestMethod(TestInvoker.java:173)
	at org.testng.internal.MethodRunner.runInSequence(MethodRunner.java:46)
	at org.testng.internal.TestInvoker$MethodInvocationAgent.invoke(TestInvoker.java:824)
	at org.testng.internal.TestInvoker.invokeTestMethods(TestInvoker.java:146)
	at org.testng.internal.TestMethodWorker.invokeTestMethods(TestMethodWorker.java:146)
	at org.testng.internal.TestMethodWorker.run(TestMethodWorker.java:128)
	at java.base/java.util.ArrayList.forEach(ArrayList.java:1511)
	at org.testng.TestRunner.privateRun(TestRunner.java:794)
	at org.testng.TestRunner.run(TestRunner.java:596)
	at org.testng.SuiteRunner.runTest(SuiteRunner.java:377)
	at org.testng.SuiteRunner.runSequentially(SuiteRunner.java:371)
	at org.testng.SuiteRunner.privateRun(SuiteRunner.java:332)
	at org.testng.SuiteRunner.run(SuiteRunner.java:276)
	at org.testng.SuiteRunnerWorker.runSuite(SuiteRunnerWorker.java:53)
	at org.testng.SuiteRunnerWorker.run(SuiteRunnerWorker.java:96)
	at org.testng.TestNG.runSuitesSequentially(TestNG.java:1212)
	at org.testng.TestNG.runSuitesLocally(TestNG.java:1134)
	at org.testng.TestNG.runSuites(TestNG.java:1063)
	at org.testng.TestNG.run(TestNG.java:1031)
	at org.testng.remote.AbstractRemoteTestNG.run(AbstractRemoteTestNG.java:115)
	at org.testng.remote.RemoteTestNG.initAndRun(RemoteTestNG.java:251)
	at org.testng.remote.RemoteTestNG.main(RemoteTestNG.java:77)
</pre></div></td>
<td>29</td>
<td>com.medmantra.testcases.Admission.TC_087_Reports_AT_DayCarePatientList@7d9f158f</td></tr>
<tr>
<td title='com.medmantra.testcases.Admission.TC_026_Transactions_BedBookingModify.runBedBookingModify()'><b>runBedBookingModify</b><br>Test class: com.medmantra.testcases.Admission.TC_026_Transactions_BedBookingModify<br>Parameters: HYDB127, CARDIOLOGY, K. Manohar, Isolation, General, 3, Health Checkup, Test, Ram, 1234567890, appollo@gmail.com, Uncle</td>
<td><div><pre>java.lang.RuntimeException: See the reporter for details.
	at com.framework.utils.Reporter.reportStep(Reporter.java:92)
	at com.framework.utils.Reporter.reportStep(Reporter.java:107)
	at com.framework.selenium.api.base.SeleniumBase.verifyUrl(SeleniumBase.java:885)
	at com.medmantra.pages.ModifyPage.verifyBedBookingModify(ModifyPage.java:147)
	at com.medmantra.testcases.Admission.TC_026_Transactions_BedBookingModify.runBedBookingModify(TC_026_Transactions_BedBookingModify.java:53)
	at java.base/java.util.ArrayList.forEach(ArrayList.java:1511)
... Removed 27 stack frames</pre></div><a href='#' onClick='toggleBox("stack-trace1517223475", this, "Click to show all stack frames", "Click to hide stack frames")'>Click to show all stack frames</a>
<div class='stack-trace' id='stack-trace1517223475'><pre>java.lang.RuntimeException: See the reporter for details.
	at com.framework.utils.Reporter.reportStep(Reporter.java:92)
	at com.framework.utils.Reporter.reportStep(Reporter.java:107)
	at com.framework.selenium.api.base.SeleniumBase.verifyUrl(SeleniumBase.java:885)
	at com.medmantra.pages.ModifyPage.verifyBedBookingModify(ModifyPage.java:147)
	at com.medmantra.testcases.Admission.TC_026_Transactions_BedBookingModify.runBedBookingModify(TC_026_Transactions_BedBookingModify.java:53)
	at java.base/jdk.internal.reflect.NativeMethodAccessorImpl.invoke0(Native Method)
	at java.base/jdk.internal.reflect.NativeMethodAccessorImpl.invoke(NativeMethodAccessorImpl.java:77)
	at java.base/jdk.internal.reflect.DelegatingMethodAccessorImpl.invoke(DelegatingMethodAccessorImpl.java:43)
	at java.base/java.lang.reflect.Method.invoke(Method.java:568)
	at org.testng.internal.MethodInvocationHelper.invokeMethod(MethodInvocationHelper.java:133)
	at org.testng.internal.TestInvoker.invokeMethod(TestInvoker.java:598)
	at org.testng.internal.TestInvoker.invokeTestMethod(TestInvoker.java:173)
	at org.testng.internal.MethodRunner.runInSequence(MethodRunner.java:46)
	at org.testng.internal.TestInvoker$MethodInvocationAgent.invoke(TestInvoker.java:824)
	at org.testng.internal.TestInvoker.invokeTestMethods(TestInvoker.java:146)
	at org.testng.internal.TestMethodWorker.invokeTestMethods(TestMethodWorker.java:146)
	at org.testng.internal.TestMethodWorker.run(TestMethodWorker.java:128)
	at java.base/java.util.ArrayList.forEach(ArrayList.java:1511)
	at org.testng.TestRunner.privateRun(TestRunner.java:794)
	at org.testng.TestRunner.run(TestRunner.java:596)
	at org.testng.SuiteRunner.runTest(SuiteRunner.java:377)
	at org.testng.SuiteRunner.runSequentially(SuiteRunner.java:371)
	at org.testng.SuiteRunner.privateRun(SuiteRunner.java:332)
	at org.testng.SuiteRunner.run(SuiteRunner.java:276)
	at org.testng.SuiteRunnerWorker.runSuite(SuiteRunnerWorker.java:53)
	at org.testng.SuiteRunnerWorker.run(SuiteRunnerWorker.java:96)
	at org.testng.TestNG.runSuitesSequentially(TestNG.java:1212)
	at org.testng.TestNG.runSuitesLocally(TestNG.java:1134)
	at org.testng.TestNG.runSuites(TestNG.java:1063)
	at org.testng.TestNG.run(TestNG.java:1031)
	at org.testng.remote.AbstractRemoteTestNG.run(AbstractRemoteTestNG.java:115)
	at org.testng.remote.RemoteTestNG.initAndRun(RemoteTestNG.java:251)
	at org.testng.remote.RemoteTestNG.main(RemoteTestNG.java:77)
</pre></div></td>
<td>38</td>
<td>com.medmantra.testcases.Admission.TC_026_Transactions_BedBookingModify@7d322cad</td></tr>
<tr>
<td title='com.medmantra.testcases.Admission.TC_048_Block_Reserve_BlockBed_View.runReserveBlockBedView()'><b>runReserveBlockBedView</b><br>Test class: com.medmantra.testcases.Admission.TC_048_Block_Reserve_BlockBed_View<br>Parameters: ICU, Vacant, NORMAL, 02, 22, Test</td>
<td><div><pre>java.lang.RuntimeException: See the reporter for details.
	at com.framework.utils.Reporter.reportStep(Reporter.java:92)
	at com.framework.selenium.api.base.SeleniumBase.acceptAlert(SeleniumBase.java:710)
	at com.medmantra.pages.AdmissionAndTransferPage.clickViewButton(AdmissionAndTransferPage.java:118)
	at com.medmantra.testcases.Admission.TC_048_Block_Reserve_BlockBed_View.runReserveBlockBedView(TC_048_Block_Reserve_BlockBed_View.java:48)
	at java.base/java.util.ArrayList.forEach(ArrayList.java:1511)
... Removed 27 stack frames</pre></div><a href='#' onClick='toggleBox("stack-trace484695549", this, "Click to show all stack frames", "Click to hide stack frames")'>Click to show all stack frames</a>
<div class='stack-trace' id='stack-trace484695549'><pre>java.lang.RuntimeException: See the reporter for details.
	at com.framework.utils.Reporter.reportStep(Reporter.java:92)
	at com.framework.selenium.api.base.SeleniumBase.acceptAlert(SeleniumBase.java:710)
	at com.medmantra.pages.AdmissionAndTransferPage.clickViewButton(AdmissionAndTransferPage.java:118)
	at com.medmantra.testcases.Admission.TC_048_Block_Reserve_BlockBed_View.runReserveBlockBedView(TC_048_Block_Reserve_BlockBed_View.java:48)
	at java.base/jdk.internal.reflect.NativeMethodAccessorImpl.invoke0(Native Method)
	at java.base/jdk.internal.reflect.NativeMethodAccessorImpl.invoke(NativeMethodAccessorImpl.java:77)
	at java.base/jdk.internal.reflect.DelegatingMethodAccessorImpl.invoke(DelegatingMethodAccessorImpl.java:43)
	at java.base/java.lang.reflect.Method.invoke(Method.java:568)
	at org.testng.internal.MethodInvocationHelper.invokeMethod(MethodInvocationHelper.java:133)
	at org.testng.internal.TestInvoker.invokeMethod(TestInvoker.java:598)
	at org.testng.internal.TestInvoker.invokeTestMethod(TestInvoker.java:173)
	at org.testng.internal.MethodRunner.runInSequence(MethodRunner.java:46)
	at org.testng.internal.TestInvoker$MethodInvocationAgent.invoke(TestInvoker.java:824)
	at org.testng.internal.TestInvoker.invokeTestMethods(TestInvoker.java:146)
	at org.testng.internal.TestMethodWorker.invokeTestMethods(TestMethodWorker.java:146)
	at org.testng.internal.TestMethodWorker.run(TestMethodWorker.java:128)
	at java.base/java.util.ArrayList.forEach(ArrayList.java:1511)
	at org.testng.TestRunner.privateRun(TestRunner.java:794)
	at org.testng.TestRunner.run(TestRunner.java:596)
	at org.testng.SuiteRunner.runTest(SuiteRunner.java:377)
	at org.testng.SuiteRunner.runSequentially(SuiteRunner.java:371)
	at org.testng.SuiteRunner.privateRun(SuiteRunner.java:332)
	at org.testng.SuiteRunner.run(SuiteRunner.java:276)
	at org.testng.SuiteRunnerWorker.runSuite(SuiteRunnerWorker.java:53)
	at org.testng.SuiteRunnerWorker.run(SuiteRunnerWorker.java:96)
	at org.testng.TestNG.runSuitesSequentially(TestNG.java:1212)
	at org.testng.TestNG.runSuitesLocally(TestNG.java:1134)
	at org.testng.TestNG.runSuites(TestNG.java:1063)
	at org.testng.TestNG.run(TestNG.java:1031)
	at org.testng.remote.AbstractRemoteTestNG.run(AbstractRemoteTestNG.java:115)
	at org.testng.remote.RemoteTestNG.initAndRun(RemoteTestNG.java:251)
	at org.testng.remote.RemoteTestNG.main(RemoteTestNG.java:77)
</pre></div></td>
<td>205</td>
<td>com.medmantra.testcases.Admission.TC_048_Block_Reserve_BlockBed_View@461ad730</td></tr>
<tr>
<td title='com.medmantra.testcases.Admission.TC_040_AdmissionIPAdmissionOnline.runIPAdmissionOnline()'><b>runIPAdmissionOnline</b><br>Test class: com.medmantra.testcases.Admission.TC_040_AdmissionIPAdmissionOnline<br>Parameters: APJ1.0003504552, test, Medical, InPatient, NORMAL, Emergency, Emergency, Vacant, Brother, 1243</td>
<td><div><pre>java.lang.RuntimeException: See the reporter for details.
	at com.framework.utils.Reporter.reportStep(Reporter.java:92)
	at com.framework.utils.Reporter.reportStep(Reporter.java:107)
	at com.framework.selenium.api.base.SeleniumBase.takeSnap(SeleniumBase.java:913)
	at com.framework.utils.Reporter.reportStep(Reporter.java:80)
	at com.framework.utils.Reporter.reportStep(Reporter.java:107)
	at com.medmantra.pages.IPAdmissionPage.clickSubmitButton(IPAdmissionPage.java:61)
	at com.medmantra.testcases.Admission.TC_040_AdmissionIPAdmissionOnline.runIPAdmissionOnline(TC_040_AdmissionIPAdmissionOnline.java:58)
	at java.base/java.util.ArrayList.forEach(ArrayList.java:1511)
... Removed 27 stack frames</pre></div><a href='#' onClick='toggleBox("stack-trace317319433", this, "Click to show all stack frames", "Click to hide stack frames")'>Click to show all stack frames</a>
<div class='stack-trace' id='stack-trace317319433'><pre>java.lang.RuntimeException: See the reporter for details.
	at com.framework.utils.Reporter.reportStep(Reporter.java:92)
	at com.framework.utils.Reporter.reportStep(Reporter.java:107)
	at com.framework.selenium.api.base.SeleniumBase.takeSnap(SeleniumBase.java:913)
	at com.framework.utils.Reporter.reportStep(Reporter.java:80)
	at com.framework.utils.Reporter.reportStep(Reporter.java:107)
	at com.medmantra.pages.IPAdmissionPage.clickSubmitButton(IPAdmissionPage.java:61)
	at com.medmantra.testcases.Admission.TC_040_AdmissionIPAdmissionOnline.runIPAdmissionOnline(TC_040_AdmissionIPAdmissionOnline.java:58)
	at java.base/jdk.internal.reflect.NativeMethodAccessorImpl.invoke0(Native Method)
	at java.base/jdk.internal.reflect.NativeMethodAccessorImpl.invoke(NativeMethodAccessorImpl.java:77)
	at java.base/jdk.internal.reflect.DelegatingMethodAccessorImpl.invoke(DelegatingMethodAccessorImpl.java:43)
	at java.base/java.lang.reflect.Method.invoke(Method.java:568)
	at org.testng.internal.MethodInvocationHelper.invokeMethod(MethodInvocationHelper.java:133)
	at org.testng.internal.TestInvoker.invokeMethod(TestInvoker.java:598)
	at org.testng.internal.TestInvoker.invokeTestMethod(TestInvoker.java:173)
	at org.testng.internal.MethodRunner.runInSequence(MethodRunner.java:46)
	at org.testng.internal.TestInvoker$MethodInvocationAgent.invoke(TestInvoker.java:824)
	at org.testng.internal.TestInvoker.invokeTestMethods(TestInvoker.java:146)
	at org.testng.internal.TestMethodWorker.invokeTestMethods(TestMethodWorker.java:146)
	at org.testng.internal.TestMethodWorker.run(TestMethodWorker.java:128)
	at java.base/java.util.ArrayList.forEach(ArrayList.java:1511)
	at org.testng.TestRunner.privateRun(TestRunner.java:794)
	at org.testng.TestRunner.run(TestRunner.java:596)
	at org.testng.SuiteRunner.runTest(SuiteRunner.java:377)
	at org.testng.SuiteRunner.runSequentially(SuiteRunner.java:371)
	at org.testng.SuiteRunner.privateRun(SuiteRunner.java:332)
	at org.testng.SuiteRunner.run(SuiteRunner.java:276)
	at org.testng.SuiteRunnerWorker.runSuite(SuiteRunnerWorker.java:53)
	at org.testng.SuiteRunnerWorker.run(SuiteRunnerWorker.java:96)
	at org.testng.TestNG.runSuitesSequentially(TestNG.java:1212)
	at org.testng.TestNG.runSuitesLocally(TestNG.java:1134)
	at org.testng.TestNG.runSuites(TestNG.java:1063)
	at org.testng.TestNG.run(TestNG.java:1031)
	at org.testng.remote.AbstractRemoteTestNG.run(AbstractRemoteTestNG.java:115)
	at org.testng.remote.RemoteTestNG.initAndRun(RemoteTestNG.java:251)
	at org.testng.remote.RemoteTestNG.main(RemoteTestNG.java:77)
</pre></div></td>
<td>101</td>
<td>com.medmantra.testcases.Admission.TC_040_AdmissionIPAdmissionOnline@20bd8be5</td></tr>
<tr>
<td title='com.medmantra.testcases.Admission.TC_041_AdmissionIPAdmissionCash.runIPAdmissionCash()'><b>runIPAdmissionCash</b><br>Test class: com.medmantra.testcases.Admission.TC_041_AdmissionIPAdmissionCash<br>Parameters: APJ1.0003504552, A K SINGHAL, test, Medical, InPatient, NORMAL, Emergency, Emergency, Vacant, Brother, 1243</td>
<td><div><pre>java.lang.RuntimeException: See the reporter for details.
	at com.framework.utils.Reporter.reportStep(Reporter.java:92)
	at com.framework.utils.Reporter.reportStep(Reporter.java:107)
	at com.framework.selenium.api.base.SeleniumBase.takeSnap(SeleniumBase.java:913)
	at com.framework.utils.Reporter.reportStep(Reporter.java:80)
	at com.framework.utils.Reporter.reportStep(Reporter.java:107)
	at com.medmantra.pages.IPAdmissionPage.clickSubmitButton(IPAdmissionPage.java:61)
	at com.medmantra.testcases.Admission.TC_041_AdmissionIPAdmissionCash.runIPAdmissionCash(TC_041_AdmissionIPAdmissionCash.java:59)
	at java.base/java.util.ArrayList.forEach(ArrayList.java:1511)
... Removed 27 stack frames</pre></div><a href='#' onClick='toggleBox("stack-trace2022215913", this, "Click to show all stack frames", "Click to hide stack frames")'>Click to show all stack frames</a>
<div class='stack-trace' id='stack-trace2022215913'><pre>java.lang.RuntimeException: See the reporter for details.
	at com.framework.utils.Reporter.reportStep(Reporter.java:92)
	at com.framework.utils.Reporter.reportStep(Reporter.java:107)
	at com.framework.selenium.api.base.SeleniumBase.takeSnap(SeleniumBase.java:913)
	at com.framework.utils.Reporter.reportStep(Reporter.java:80)
	at com.framework.utils.Reporter.reportStep(Reporter.java:107)
	at com.medmantra.pages.IPAdmissionPage.clickSubmitButton(IPAdmissionPage.java:61)
	at com.medmantra.testcases.Admission.TC_041_AdmissionIPAdmissionCash.runIPAdmissionCash(TC_041_AdmissionIPAdmissionCash.java:59)
	at java.base/jdk.internal.reflect.NativeMethodAccessorImpl.invoke0(Native Method)
	at java.base/jdk.internal.reflect.NativeMethodAccessorImpl.invoke(NativeMethodAccessorImpl.java:77)
	at java.base/jdk.internal.reflect.DelegatingMethodAccessorImpl.invoke(DelegatingMethodAccessorImpl.java:43)
	at java.base/java.lang.reflect.Method.invoke(Method.java:568)
	at org.testng.internal.MethodInvocationHelper.invokeMethod(MethodInvocationHelper.java:133)
	at org.testng.internal.TestInvoker.invokeMethod(TestInvoker.java:598)
	at org.testng.internal.TestInvoker.invokeTestMethod(TestInvoker.java:173)
	at org.testng.internal.MethodRunner.runInSequence(MethodRunner.java:46)
	at org.testng.internal.TestInvoker$MethodInvocationAgent.invoke(TestInvoker.java:824)
	at org.testng.internal.TestInvoker.invokeTestMethods(TestInvoker.java:146)
	at org.testng.internal.TestMethodWorker.invokeTestMethods(TestMethodWorker.java:146)
	at org.testng.internal.TestMethodWorker.run(TestMethodWorker.java:128)
	at java.base/java.util.ArrayList.forEach(ArrayList.java:1511)
	at org.testng.TestRunner.privateRun(TestRunner.java:794)
	at org.testng.TestRunner.run(TestRunner.java:596)
	at org.testng.SuiteRunner.runTest(SuiteRunner.java:377)
	at org.testng.SuiteRunner.runSequentially(SuiteRunner.java:371)
	at org.testng.SuiteRunner.privateRun(SuiteRunner.java:332)
	at org.testng.SuiteRunner.run(SuiteRunner.java:276)
	at org.testng.SuiteRunnerWorker.runSuite(SuiteRunnerWorker.java:53)
	at org.testng.SuiteRunnerWorker.run(SuiteRunnerWorker.java:96)
	at org.testng.TestNG.runSuitesSequentially(TestNG.java:1212)
	at org.testng.TestNG.runSuitesLocally(TestNG.java:1134)
	at org.testng.TestNG.runSuites(TestNG.java:1063)
	at org.testng.TestNG.run(TestNG.java:1031)
	at org.testng.remote.AbstractRemoteTestNG.run(AbstractRemoteTestNG.java:115)
	at org.testng.remote.RemoteTestNG.initAndRun(RemoteTestNG.java:251)
	at org.testng.remote.RemoteTestNG.main(RemoteTestNG.java:77)
</pre></div></td>
<td>93</td>
<td>com.medmantra.testcases.Admission.TC_041_AdmissionIPAdmissionCash@730d2164</td></tr>
<tr>
<td title='com.medmantra.testcases.Admission.TC_027_Transactions_BedBookingCancel.runBedBookingCancel()'><b>runBedBookingCancel</b><br>Test class: com.medmantra.testcases.Admission.TC_027_Transactions_BedBookingCancel<br>Parameters: HYDB135, Health Checkup</td>
<td><div><pre>java.lang.RuntimeException: See the reporter for details.
	at com.framework.utils.Reporter.reportStep(Reporter.java:92)
	at com.framework.utils.Reporter.reportStep(Reporter.java:107)
	at com.framework.selenium.api.base.SeleniumBase.takeSnap(SeleniumBase.java:913)
	at com.framework.utils.Reporter.reportStep(Reporter.java:80)
	at com.framework.utils.Reporter.reportStep(Reporter.java:107)
	at com.medmantra.pages.CancelPage.clickSearchButton(CancelPage.java:17)
	at com.medmantra.testcases.Admission.TC_027_Transactions_BedBookingCancel.runBedBookingCancel(TC_027_Transactions_BedBookingCancel.java:34)
	at java.base/java.util.ArrayList.forEach(ArrayList.java:1511)
... Removed 27 stack frames</pre></div><a href='#' onClick='toggleBox("stack-trace222122132", this, "Click to show all stack frames", "Click to hide stack frames")'>Click to show all stack frames</a>
<div class='stack-trace' id='stack-trace222122132'><pre>java.lang.RuntimeException: See the reporter for details.
	at com.framework.utils.Reporter.reportStep(Reporter.java:92)
	at com.framework.utils.Reporter.reportStep(Reporter.java:107)
	at com.framework.selenium.api.base.SeleniumBase.takeSnap(SeleniumBase.java:913)
	at com.framework.utils.Reporter.reportStep(Reporter.java:80)
	at com.framework.utils.Reporter.reportStep(Reporter.java:107)
	at com.medmantra.pages.CancelPage.clickSearchButton(CancelPage.java:17)
	at com.medmantra.testcases.Admission.TC_027_Transactions_BedBookingCancel.runBedBookingCancel(TC_027_Transactions_BedBookingCancel.java:34)
	at java.base/jdk.internal.reflect.NativeMethodAccessorImpl.invoke0(Native Method)
	at java.base/jdk.internal.reflect.NativeMethodAccessorImpl.invoke(NativeMethodAccessorImpl.java:77)
	at java.base/jdk.internal.reflect.DelegatingMethodAccessorImpl.invoke(DelegatingMethodAccessorImpl.java:43)
	at java.base/java.lang.reflect.Method.invoke(Method.java:568)
	at org.testng.internal.MethodInvocationHelper.invokeMethod(MethodInvocationHelper.java:133)
	at org.testng.internal.TestInvoker.invokeMethod(TestInvoker.java:598)
	at org.testng.internal.TestInvoker.invokeTestMethod(TestInvoker.java:173)
	at org.testng.internal.MethodRunner.runInSequence(MethodRunner.java:46)
	at org.testng.internal.TestInvoker$MethodInvocationAgent.invoke(TestInvoker.java:824)
	at org.testng.internal.TestInvoker.invokeTestMethods(TestInvoker.java:146)
	at org.testng.internal.TestMethodWorker.invokeTestMethods(TestMethodWorker.java:146)
	at org.testng.internal.TestMethodWorker.run(TestMethodWorker.java:128)
	at java.base/java.util.ArrayList.forEach(ArrayList.java:1511)
	at org.testng.TestRunner.privateRun(TestRunner.java:794)
	at org.testng.TestRunner.run(TestRunner.java:596)
	at org.testng.SuiteRunner.runTest(SuiteRunner.java:377)
	at org.testng.SuiteRunner.runSequentially(SuiteRunner.java:371)
	at org.testng.SuiteRunner.privateRun(SuiteRunner.java:332)
	at org.testng.SuiteRunner.run(SuiteRunner.java:276)
	at org.testng.SuiteRunnerWorker.runSuite(SuiteRunnerWorker.java:53)
	at org.testng.SuiteRunnerWorker.run(SuiteRunnerWorker.java:96)
	at org.testng.TestNG.runSuitesSequentially(TestNG.java:1212)
	at org.testng.TestNG.runSuitesLocally(TestNG.java:1134)
	at org.testng.TestNG.runSuites(TestNG.java:1063)
	at org.testng.TestNG.run(TestNG.java:1031)
	at org.testng.remote.AbstractRemoteTestNG.run(AbstractRemoteTestNG.java:115)
	at org.testng.remote.RemoteTestNG.initAndRun(RemoteTestNG.java:251)
	at org.testng.remote.RemoteTestNG.main(RemoteTestNG.java:77)
</pre></div></td>
<td>39</td>
<td>com.medmantra.testcases.Admission.TC_027_Transactions_BedBookingCancel@21be3395</td></tr>
<tr>
<td title='com.medmantra.testcases.Admission.TC_090_LocationWiseBedDetail_Report.runLocationWiseBedDetail()'><b>runLocationWiseBedDetail</b><br>Test class: com.medmantra.testcases.Admission.TC_090_LocationWiseBedDetail_Report<br>Parameters: PopupRPTBuildingBedReport</td>
<td><div><pre>java.lang.RuntimeException: See the reporter for details.
	at com.framework.utils.Reporter.reportStep(Reporter.java:92)
	at com.framework.utils.Reporter.reportStep(Reporter.java:107)
	at com.framework.selenium.api.base.SeleniumBase.locateElement(SeleniumBase.java:632)
	at com.medmantra.pages.HomePage.clickOnAT(HomePage.java:59)
	at com.medmantra.testcases.Admission.TC_090_LocationWiseBedDetail_Report.runLocationWiseBedDetail(TC_090_LocationWiseBedDetail_Report.java:29)
	at java.base/java.util.ArrayList.forEach(ArrayList.java:1511)
... Removed 27 stack frames</pre></div><a href='#' onClick='toggleBox("stack-trace1420476609", this, "Click to show all stack frames", "Click to hide stack frames")'>Click to show all stack frames</a>
<div class='stack-trace' id='stack-trace1420476609'><pre>java.lang.RuntimeException: See the reporter for details.
	at com.framework.utils.Reporter.reportStep(Reporter.java:92)
	at com.framework.utils.Reporter.reportStep(Reporter.java:107)
	at com.framework.selenium.api.base.SeleniumBase.locateElement(SeleniumBase.java:632)
	at com.medmantra.pages.HomePage.clickOnAT(HomePage.java:59)
	at com.medmantra.testcases.Admission.TC_090_LocationWiseBedDetail_Report.runLocationWiseBedDetail(TC_090_LocationWiseBedDetail_Report.java:29)
	at java.base/jdk.internal.reflect.NativeMethodAccessorImpl.invoke0(Native Method)
	at java.base/jdk.internal.reflect.NativeMethodAccessorImpl.invoke(NativeMethodAccessorImpl.java:77)
	at java.base/jdk.internal.reflect.DelegatingMethodAccessorImpl.invoke(DelegatingMethodAccessorImpl.java:43)
	at java.base/java.lang.reflect.Method.invoke(Method.java:568)
	at org.testng.internal.MethodInvocationHelper.invokeMethod(MethodInvocationHelper.java:133)
	at org.testng.internal.TestInvoker.invokeMethod(TestInvoker.java:598)
	at org.testng.internal.TestInvoker.invokeTestMethod(TestInvoker.java:173)
	at org.testng.internal.MethodRunner.runInSequence(MethodRunner.java:46)
	at org.testng.internal.TestInvoker$MethodInvocationAgent.invoke(TestInvoker.java:824)
	at org.testng.internal.TestInvoker.invokeTestMethods(TestInvoker.java:146)
	at org.testng.internal.TestMethodWorker.invokeTestMethods(TestMethodWorker.java:146)
	at org.testng.internal.TestMethodWorker.run(TestMethodWorker.java:128)
	at java.base/java.util.ArrayList.forEach(ArrayList.java:1511)
	at org.testng.TestRunner.privateRun(TestRunner.java:794)
	at org.testng.TestRunner.run(TestRunner.java:596)
	at org.testng.SuiteRunner.runTest(SuiteRunner.java:377)
	at org.testng.SuiteRunner.runSequentially(SuiteRunner.java:371)
	at org.testng.SuiteRunner.privateRun(SuiteRunner.java:332)
	at org.testng.SuiteRunner.run(SuiteRunner.java:276)
	at org.testng.SuiteRunnerWorker.runSuite(SuiteRunnerWorker.java:53)
	at org.testng.SuiteRunnerWorker.run(SuiteRunnerWorker.java:96)
	at org.testng.TestNG.runSuitesSequentially(TestNG.java:1212)
	at org.testng.TestNG.runSuitesLocally(TestNG.java:1134)
	at org.testng.TestNG.runSuites(TestNG.java:1063)
	at org.testng.TestNG.run(TestNG.java:1031)
	at org.testng.remote.AbstractRemoteTestNG.run(AbstractRemoteTestNG.java:115)
	at org.testng.remote.RemoteTestNG.initAndRun(RemoteTestNG.java:251)
	at org.testng.remote.RemoteTestNG.main(RemoteTestNG.java:77)
</pre></div></td>
<td>100</td>
<td>com.medmantra.testcases.Admission.TC_090_LocationWiseBedDetail_Report@45efd90f</td></tr>
<tr>
<td title='com.medmantra.testcases.Admission.TC_064_Transanction_SearchTransfers.runSearchTransfers()'><b>runSearchTransfers</b><br>Test class: com.medmantra.testcases.Admission.TC_064_Transanction_SearchTransfers<br>Parameters: Emergency, Vacant</td>
<td><div><pre>java.lang.RuntimeException: See the reporter for details.
	at com.framework.utils.Reporter.reportStep(Reporter.java:92)
	at com.framework.utils.Reporter.reportStep(Reporter.java:107)
	at com.framework.selenium.api.base.SeleniumBase.locateElement(SeleniumBase.java:632)
	at com.medmantra.pages.AdmissionAndTransferPage.clickSavebutton(AdmissionAndTransferPage.java:457)
	at com.medmantra.testcases.Admission.TC_064_Transanction_SearchTransfers.runSearchTransfers(TC_064_Transanction_SearchTransfers.java:37)
	at java.base/java.util.ArrayList.forEach(ArrayList.java:1511)
... Removed 27 stack frames</pre></div><a href='#' onClick='toggleBox("stack-trace1340093201", this, "Click to show all stack frames", "Click to hide stack frames")'>Click to show all stack frames</a>
<div class='stack-trace' id='stack-trace1340093201'><pre>java.lang.RuntimeException: See the reporter for details.
	at com.framework.utils.Reporter.reportStep(Reporter.java:92)
	at com.framework.utils.Reporter.reportStep(Reporter.java:107)
	at com.framework.selenium.api.base.SeleniumBase.locateElement(SeleniumBase.java:632)
	at com.medmantra.pages.AdmissionAndTransferPage.clickSavebutton(AdmissionAndTransferPage.java:457)
	at com.medmantra.testcases.Admission.TC_064_Transanction_SearchTransfers.runSearchTransfers(TC_064_Transanction_SearchTransfers.java:37)
	at java.base/jdk.internal.reflect.NativeMethodAccessorImpl.invoke0(Native Method)
	at java.base/jdk.internal.reflect.NativeMethodAccessorImpl.invoke(NativeMethodAccessorImpl.java:77)
	at java.base/jdk.internal.reflect.DelegatingMethodAccessorImpl.invoke(DelegatingMethodAccessorImpl.java:43)
	at java.base/java.lang.reflect.Method.invoke(Method.java:568)
	at org.testng.internal.MethodInvocationHelper.invokeMethod(MethodInvocationHelper.java:133)
	at org.testng.internal.TestInvoker.invokeMethod(TestInvoker.java:598)
	at org.testng.internal.TestInvoker.invokeTestMethod(TestInvoker.java:173)
	at org.testng.internal.MethodRunner.runInSequence(MethodRunner.java:46)
	at org.testng.internal.TestInvoker$MethodInvocationAgent.invoke(TestInvoker.java:824)
	at org.testng.internal.TestInvoker.invokeTestMethods(TestInvoker.java:146)
	at org.testng.internal.TestMethodWorker.invokeTestMethods(TestMethodWorker.java:146)
	at org.testng.internal.TestMethodWorker.run(TestMethodWorker.java:128)
	at java.base/java.util.ArrayList.forEach(ArrayList.java:1511)
	at org.testng.TestRunner.privateRun(TestRunner.java:794)
	at org.testng.TestRunner.run(TestRunner.java:596)
	at org.testng.SuiteRunner.runTest(SuiteRunner.java:377)
	at org.testng.SuiteRunner.runSequentially(SuiteRunner.java:371)
	at org.testng.SuiteRunner.privateRun(SuiteRunner.java:332)
	at org.testng.SuiteRunner.run(SuiteRunner.java:276)
	at org.testng.SuiteRunnerWorker.runSuite(SuiteRunnerWorker.java:53)
	at org.testng.SuiteRunnerWorker.run(SuiteRunnerWorker.java:96)
	at org.testng.TestNG.runSuitesSequentially(TestNG.java:1212)
	at org.testng.TestNG.runSuitesLocally(TestNG.java:1134)
	at org.testng.TestNG.runSuites(TestNG.java:1063)
	at org.testng.TestNG.run(TestNG.java:1031)
	at org.testng.remote.AbstractRemoteTestNG.run(AbstractRemoteTestNG.java:115)
	at org.testng.remote.RemoteTestNG.initAndRun(RemoteTestNG.java:251)
	at org.testng.remote.RemoteTestNG.main(RemoteTestNG.java:77)
</pre></div></td>
<td>122</td>
<td>com.medmantra.testcases.Admission.TC_064_Transanction_SearchTransfers@64b0598</td></tr>
<tr>
<td title='com.medmantra.testcases.Admission.TC_071_Report_DoctorwiseIPList.run_DoctorwiseIPList()'><b>run_DoctorwiseIPList</b><br>Test class: com.medmantra.testcases.Admission.TC_071_Report_DoctorwiseIPList<br>Parameters: A Ramakanth  Reddy, aspx</td>
<td><div><pre>java.lang.RuntimeException: See the reporter for details.
	at com.framework.utils.Reporter.reportStep(Reporter.java:92)
	at com.framework.utils.Reporter.reportStep(Reporter.java:107)
	at com.framework.selenium.api.base.SeleniumBase.locateElement(SeleniumBase.java:632)
	at com.medmantra.pages.HomePage.clickOnAT(HomePage.java:59)
	at com.medmantra.testcases.Admission.TC_071_Report_DoctorwiseIPList.run_DoctorwiseIPList(TC_071_Report_DoctorwiseIPList.java:30)
	at java.base/java.util.ArrayList.forEach(ArrayList.java:1511)
... Removed 27 stack frames</pre></div><a href='#' onClick='toggleBox("stack-trace46742397", this, "Click to show all stack frames", "Click to hide stack frames")'>Click to show all stack frames</a>
<div class='stack-trace' id='stack-trace46742397'><pre>java.lang.RuntimeException: See the reporter for details.
	at com.framework.utils.Reporter.reportStep(Reporter.java:92)
	at com.framework.utils.Reporter.reportStep(Reporter.java:107)
	at com.framework.selenium.api.base.SeleniumBase.locateElement(SeleniumBase.java:632)
	at com.medmantra.pages.HomePage.clickOnAT(HomePage.java:59)
	at com.medmantra.testcases.Admission.TC_071_Report_DoctorwiseIPList.run_DoctorwiseIPList(TC_071_Report_DoctorwiseIPList.java:30)
	at java.base/jdk.internal.reflect.NativeMethodAccessorImpl.invoke0(Native Method)
	at java.base/jdk.internal.reflect.NativeMethodAccessorImpl.invoke(NativeMethodAccessorImpl.java:77)
	at java.base/jdk.internal.reflect.DelegatingMethodAccessorImpl.invoke(DelegatingMethodAccessorImpl.java:43)
	at java.base/java.lang.reflect.Method.invoke(Method.java:568)
	at org.testng.internal.MethodInvocationHelper.invokeMethod(MethodInvocationHelper.java:133)
	at org.testng.internal.TestInvoker.invokeMethod(TestInvoker.java:598)
	at org.testng.internal.TestInvoker.invokeTestMethod(TestInvoker.java:173)
	at org.testng.internal.MethodRunner.runInSequence(MethodRunner.java:46)
	at org.testng.internal.TestInvoker$MethodInvocationAgent.invoke(TestInvoker.java:824)
	at org.testng.internal.TestInvoker.invokeTestMethods(TestInvoker.java:146)
	at org.testng.internal.TestMethodWorker.invokeTestMethods(TestMethodWorker.java:146)
	at org.testng.internal.TestMethodWorker.run(TestMethodWorker.java:128)
	at java.base/java.util.ArrayList.forEach(ArrayList.java:1511)
	at org.testng.TestRunner.privateRun(TestRunner.java:794)
	at org.testng.TestRunner.run(TestRunner.java:596)
	at org.testng.SuiteRunner.runTest(SuiteRunner.java:377)
	at org.testng.SuiteRunner.runSequentially(SuiteRunner.java:371)
	at org.testng.SuiteRunner.privateRun(SuiteRunner.java:332)
	at org.testng.SuiteRunner.run(SuiteRunner.java:276)
	at org.testng.SuiteRunnerWorker.runSuite(SuiteRunnerWorker.java:53)
	at org.testng.SuiteRunnerWorker.run(SuiteRunnerWorker.java:96)
	at org.testng.TestNG.runSuitesSequentially(TestNG.java:1212)
	at org.testng.TestNG.runSuitesLocally(TestNG.java:1134)
	at org.testng.TestNG.runSuites(TestNG.java:1063)
	at org.testng.TestNG.run(TestNG.java:1031)
	at org.testng.remote.AbstractRemoteTestNG.run(AbstractRemoteTestNG.java:115)
	at org.testng.remote.RemoteTestNG.initAndRun(RemoteTestNG.java:251)
	at org.testng.remote.RemoteTestNG.main(RemoteTestNG.java:77)
</pre></div></td>
<td>100</td>
<td>com.medmantra.testcases.Admission.TC_071_Report_DoctorwiseIPList@50f6ac94</td></tr>
<tr>
<td title='com.medmantra.testcases.Admission.TC_068_Search_OnlineAdmissions.runSearchOnlineAdmissions()'><b>runSearchOnlineAdmissions</b><br>Test class: com.medmantra.testcases.Admission.TC_068_Search_OnlineAdmissions</td>
<td><div><pre>java.lang.RuntimeException: See the reporter for details.
	at com.framework.utils.Reporter.reportStep(Reporter.java:92)
	at com.framework.utils.Reporter.reportStep(Reporter.java:107)
	at com.framework.selenium.api.base.SeleniumBase.takeSnap(SeleniumBase.java:913)
	at com.framework.utils.Reporter.reportStep(Reporter.java:80)
	at com.framework.utils.Reporter.reportStep(Reporter.java:107)
	at com.framework.selenium.api.base.SeleniumBase.takeSnap(SeleniumBase.java:913)
	at com.framework.utils.Reporter.reportStep(Reporter.java:80)
	at com.framework.utils.Reporter.reportStep(Reporter.java:107)
	at com.medmantra.pages.AdmissionAndTransferPage.clickOnlineAdmissionLink(AdmissionAndTransferPage.java:428)
	at com.medmantra.testcases.Admission.TC_068_Search_OnlineAdmissions.runSearchOnlineAdmissions(TC_068_Search_OnlineAdmissions.java:29)
	at java.base/java.util.ArrayList.forEach(ArrayList.java:1511)
... Removed 27 stack frames</pre></div><a href='#' onClick='toggleBox("stack-trace493689368", this, "Click to show all stack frames", "Click to hide stack frames")'>Click to show all stack frames</a>
<div class='stack-trace' id='stack-trace493689368'><pre>java.lang.RuntimeException: See the reporter for details.
	at com.framework.utils.Reporter.reportStep(Reporter.java:92)
	at com.framework.utils.Reporter.reportStep(Reporter.java:107)
	at com.framework.selenium.api.base.SeleniumBase.takeSnap(SeleniumBase.java:913)
	at com.framework.utils.Reporter.reportStep(Reporter.java:80)
	at com.framework.utils.Reporter.reportStep(Reporter.java:107)
	at com.framework.selenium.api.base.SeleniumBase.takeSnap(SeleniumBase.java:913)
	at com.framework.utils.Reporter.reportStep(Reporter.java:80)
	at com.framework.utils.Reporter.reportStep(Reporter.java:107)
	at com.medmantra.pages.AdmissionAndTransferPage.clickOnlineAdmissionLink(AdmissionAndTransferPage.java:428)
	at com.medmantra.testcases.Admission.TC_068_Search_OnlineAdmissions.runSearchOnlineAdmissions(TC_068_Search_OnlineAdmissions.java:29)
	at java.base/jdk.internal.reflect.NativeMethodAccessorImpl.invoke0(Native Method)
	at java.base/jdk.internal.reflect.NativeMethodAccessorImpl.invoke(NativeMethodAccessorImpl.java:77)
	at java.base/jdk.internal.reflect.DelegatingMethodAccessorImpl.invoke(DelegatingMethodAccessorImpl.java:43)
	at java.base/java.lang.reflect.Method.invoke(Method.java:568)
	at org.testng.internal.MethodInvocationHelper.invokeMethod(MethodInvocationHelper.java:133)
	at org.testng.internal.TestInvoker.invokeMethod(TestInvoker.java:598)
	at org.testng.internal.TestInvoker.invokeTestMethod(TestInvoker.java:173)
	at org.testng.internal.MethodRunner.runInSequence(MethodRunner.java:46)
	at org.testng.internal.TestInvoker$MethodInvocationAgent.invoke(TestInvoker.java:824)
	at org.testng.internal.TestInvoker.invokeTestMethods(TestInvoker.java:146)
	at org.testng.internal.TestMethodWorker.invokeTestMethods(TestMethodWorker.java:146)
	at org.testng.internal.TestMethodWorker.run(TestMethodWorker.java:128)
	at java.base/java.util.ArrayList.forEach(ArrayList.java:1511)
	at org.testng.TestRunner.privateRun(TestRunner.java:794)
	at org.testng.TestRunner.run(TestRunner.java:596)
	at org.testng.SuiteRunner.runTest(SuiteRunner.java:377)
	at org.testng.SuiteRunner.runSequentially(SuiteRunner.java:371)
	at org.testng.SuiteRunner.privateRun(SuiteRunner.java:332)
	at org.testng.SuiteRunner.run(SuiteRunner.java:276)
	at org.testng.SuiteRunnerWorker.runSuite(SuiteRunnerWorker.java:53)
	at org.testng.SuiteRunnerWorker.run(SuiteRunnerWorker.java:96)
	at org.testng.TestNG.runSuitesSequentially(TestNG.java:1212)
	at org.testng.TestNG.runSuitesLocally(TestNG.java:1134)
	at org.testng.TestNG.runSuites(TestNG.java:1063)
	at org.testng.TestNG.run(TestNG.java:1031)
	at org.testng.remote.AbstractRemoteTestNG.run(AbstractRemoteTestNG.java:115)
	at org.testng.remote.RemoteTestNG.initAndRun(RemoteTestNG.java:251)
	at org.testng.remote.RemoteTestNG.main(RemoteTestNG.java:77)
</pre></div></td>
<td>14</td>
<td>com.medmantra.testcases.Admission.TC_068_Search_OnlineAdmissions@50029372</td></tr>
<tr>
<td title='com.medmantra.testcases.Admission.TC_031_BedBooking_ViewReservation_Update.runViewReservationUpdate()'><b>runViewReservationUpdate</b><br>Test class: com.medmantra.testcases.Admission.TC_031_BedBooking_ViewReservation_Update<br>Parameters: Test</td>
<td><div><pre>java.lang.RuntimeException: See the reporter for details.
	at com.framework.utils.Reporter.reportStep(Reporter.java:92)
	at com.framework.selenium.api.base.SeleniumBase.acceptAlert(SeleniumBase.java:710)
	at com.medmantra.pages.ViewReservationPage.clickUpdateButton(ViewReservationPage.java:44)
	at com.medmantra.testcases.Admission.TC_031_BedBooking_ViewReservation_Update.runViewReservationUpdate(TC_031_BedBooking_ViewReservation_Update.java:39)
	at java.base/java.util.ArrayList.forEach(ArrayList.java:1511)
... Removed 27 stack frames</pre></div><a href='#' onClick='toggleBox("stack-trace441216628", this, "Click to show all stack frames", "Click to hide stack frames")'>Click to show all stack frames</a>
<div class='stack-trace' id='stack-trace441216628'><pre>java.lang.RuntimeException: See the reporter for details.
	at com.framework.utils.Reporter.reportStep(Reporter.java:92)
	at com.framework.selenium.api.base.SeleniumBase.acceptAlert(SeleniumBase.java:710)
	at com.medmantra.pages.ViewReservationPage.clickUpdateButton(ViewReservationPage.java:44)
	at com.medmantra.testcases.Admission.TC_031_BedBooking_ViewReservation_Update.runViewReservationUpdate(TC_031_BedBooking_ViewReservation_Update.java:39)
	at java.base/jdk.internal.reflect.NativeMethodAccessorImpl.invoke0(Native Method)
	at java.base/jdk.internal.reflect.NativeMethodAccessorImpl.invoke(NativeMethodAccessorImpl.java:77)
	at java.base/jdk.internal.reflect.DelegatingMethodAccessorImpl.invoke(DelegatingMethodAccessorImpl.java:43)
	at java.base/java.lang.reflect.Method.invoke(Method.java:568)
	at org.testng.internal.MethodInvocationHelper.invokeMethod(MethodInvocationHelper.java:133)
	at org.testng.internal.TestInvoker.invokeMethod(TestInvoker.java:598)
	at org.testng.internal.TestInvoker.invokeTestMethod(TestInvoker.java:173)
	at org.testng.internal.MethodRunner.runInSequence(MethodRunner.java:46)
	at org.testng.internal.TestInvoker$MethodInvocationAgent.invoke(TestInvoker.java:824)
	at org.testng.internal.TestInvoker.invokeTestMethods(TestInvoker.java:146)
	at org.testng.internal.TestMethodWorker.invokeTestMethods(TestMethodWorker.java:146)
	at org.testng.internal.TestMethodWorker.run(TestMethodWorker.java:128)
	at java.base/java.util.ArrayList.forEach(ArrayList.java:1511)
	at org.testng.TestRunner.privateRun(TestRunner.java:794)
	at org.testng.TestRunner.run(TestRunner.java:596)
	at org.testng.SuiteRunner.runTest(SuiteRunner.java:377)
	at org.testng.SuiteRunner.runSequentially(SuiteRunner.java:371)
	at org.testng.SuiteRunner.privateRun(SuiteRunner.java:332)
	at org.testng.SuiteRunner.run(SuiteRunner.java:276)
	at org.testng.SuiteRunnerWorker.runSuite(SuiteRunnerWorker.java:53)
	at org.testng.SuiteRunnerWorker.run(SuiteRunnerWorker.java:96)
	at org.testng.TestNG.runSuitesSequentially(TestNG.java:1212)
	at org.testng.TestNG.runSuitesLocally(TestNG.java:1134)
	at org.testng.TestNG.runSuites(TestNG.java:1063)
	at org.testng.TestNG.run(TestNG.java:1031)
	at org.testng.remote.AbstractRemoteTestNG.run(AbstractRemoteTestNG.java:115)
	at org.testng.remote.RemoteTestNG.initAndRun(RemoteTestNG.java:251)
	at org.testng.remote.RemoteTestNG.main(RemoteTestNG.java:77)
</pre></div></td>
<td>150</td>
<td>com.medmantra.testcases.Admission.TC_031_BedBooking_ViewReservation_Update@15d49048</td></tr>
<tr>
<td title='com.medmantra.testcases.Admission.TC_035_Transactions_IPSearchTransfer.runIPSearchTransfer()'><b>runIPSearchTransfer</b><br>Test class: com.medmantra.testcases.Admission.TC_035_Transactions_IPSearchTransfer<br>Parameters: APJ1.0003504552</td>
<td><div><pre>java.lang.RuntimeException: See the reporter for details.
	at com.framework.utils.Reporter.reportStep(Reporter.java:92)
	at com.framework.utils.Reporter.reportStep(Reporter.java:107)
	at com.framework.selenium.api.base.SeleniumBase.takeSnap(SeleniumBase.java:913)
	at com.framework.utils.Reporter.reportStep(Reporter.java:80)
	at com.framework.utils.Reporter.reportStep(Reporter.java:107)
	at com.medmantra.pages.MainSearchScreenPage.clickTransferButton(MainSearchScreenPage.java:37)
	at com.medmantra.testcases.Admission.TC_035_Transactions_IPSearchTransfer.runIPSearchTransfer(TC_035_Transactions_IPSearchTransfer.java:36)
	at java.base/java.util.ArrayList.forEach(ArrayList.java:1511)
... Removed 27 stack frames</pre></div><a href='#' onClick='toggleBox("stack-trace349549228", this, "Click to show all stack frames", "Click to hide stack frames")'>Click to show all stack frames</a>
<div class='stack-trace' id='stack-trace349549228'><pre>java.lang.RuntimeException: See the reporter for details.
	at com.framework.utils.Reporter.reportStep(Reporter.java:92)
	at com.framework.utils.Reporter.reportStep(Reporter.java:107)
	at com.framework.selenium.api.base.SeleniumBase.takeSnap(SeleniumBase.java:913)
	at com.framework.utils.Reporter.reportStep(Reporter.java:80)
	at com.framework.utils.Reporter.reportStep(Reporter.java:107)
	at com.medmantra.pages.MainSearchScreenPage.clickTransferButton(MainSearchScreenPage.java:37)
	at com.medmantra.testcases.Admission.TC_035_Transactions_IPSearchTransfer.runIPSearchTransfer(TC_035_Transactions_IPSearchTransfer.java:36)
	at java.base/jdk.internal.reflect.NativeMethodAccessorImpl.invoke0(Native Method)
	at java.base/jdk.internal.reflect.NativeMethodAccessorImpl.invoke(NativeMethodAccessorImpl.java:77)
	at java.base/jdk.internal.reflect.DelegatingMethodAccessorImpl.invoke(DelegatingMethodAccessorImpl.java:43)
	at java.base/java.lang.reflect.Method.invoke(Method.java:568)
	at org.testng.internal.MethodInvocationHelper.invokeMethod(MethodInvocationHelper.java:133)
	at org.testng.internal.TestInvoker.invokeMethod(TestInvoker.java:598)
	at org.testng.internal.TestInvoker.invokeTestMethod(TestInvoker.java:173)
	at org.testng.internal.MethodRunner.runInSequence(MethodRunner.java:46)
	at org.testng.internal.TestInvoker$MethodInvocationAgent.invoke(TestInvoker.java:824)
	at org.testng.internal.TestInvoker.invokeTestMethods(TestInvoker.java:146)
	at org.testng.internal.TestMethodWorker.invokeTestMethods(TestMethodWorker.java:146)
	at org.testng.internal.TestMethodWorker.run(TestMethodWorker.java:128)
	at java.base/java.util.ArrayList.forEach(ArrayList.java:1511)
	at org.testng.TestRunner.privateRun(TestRunner.java:794)
	at org.testng.TestRunner.run(TestRunner.java:596)
	at org.testng.SuiteRunner.runTest(SuiteRunner.java:377)
	at org.testng.SuiteRunner.runSequentially(SuiteRunner.java:371)
	at org.testng.SuiteRunner.privateRun(SuiteRunner.java:332)
	at org.testng.SuiteRunner.run(SuiteRunner.java:276)
	at org.testng.SuiteRunnerWorker.runSuite(SuiteRunnerWorker.java:53)
	at org.testng.SuiteRunnerWorker.run(SuiteRunnerWorker.java:96)
	at org.testng.TestNG.runSuitesSequentially(TestNG.java:1212)
	at org.testng.TestNG.runSuitesLocally(TestNG.java:1134)
	at org.testng.TestNG.runSuites(TestNG.java:1063)
	at org.testng.TestNG.run(TestNG.java:1031)
	at org.testng.remote.AbstractRemoteTestNG.run(AbstractRemoteTestNG.java:115)
	at org.testng.remote.RemoteTestNG.initAndRun(RemoteTestNG.java:251)
	at org.testng.remote.RemoteTestNG.main(RemoteTestNG.java:77)
</pre></div></td>
<td>37</td>
<td>com.medmantra.testcases.Admission.TC_035_Transactions_IPSearchTransfer@2235eaab</td></tr>
<tr>
<td title='com.medmantra.testcases.Admission.TC_039_AdmissionIPAdmissionPaper.runIPAdmissionPaper()'><b>runIPAdmissionPaper</b><br>Test class: com.medmantra.testcases.Admission.TC_039_AdmissionIPAdmissionPaper<br>Parameters: APJ1.0003504413, A K SINGHAL, test, Medical, InPatient, NORMAL, Emergency, Emergency, Vacant, Brother, 1243</td>
<td><div><pre>java.lang.RuntimeException: See the reporter for details.
	at com.framework.utils.Reporter.reportStep(Reporter.java:92)
	at com.framework.utils.Reporter.reportStep(Reporter.java:107)
	at com.framework.selenium.api.base.SeleniumBase.takeSnap(SeleniumBase.java:913)
	at com.framework.utils.Reporter.reportStep(Reporter.java:80)
	at com.framework.utils.Reporter.reportStep(Reporter.java:107)
	at com.medmantra.pages.IPAdmissionPage.clickSubmitButton(IPAdmissionPage.java:61)
	at com.medmantra.testcases.Admission.TC_039_AdmissionIPAdmissionPaper.runIPAdmissionPaper(TC_039_AdmissionIPAdmissionPaper.java:59)
	at java.base/java.util.ArrayList.forEach(ArrayList.java:1511)
... Removed 27 stack frames</pre></div><a href='#' onClick='toggleBox("stack-trace453884081", this, "Click to show all stack frames", "Click to hide stack frames")'>Click to show all stack frames</a>
<div class='stack-trace' id='stack-trace453884081'><pre>java.lang.RuntimeException: See the reporter for details.
	at com.framework.utils.Reporter.reportStep(Reporter.java:92)
	at com.framework.utils.Reporter.reportStep(Reporter.java:107)
	at com.framework.selenium.api.base.SeleniumBase.takeSnap(SeleniumBase.java:913)
	at com.framework.utils.Reporter.reportStep(Reporter.java:80)
	at com.framework.utils.Reporter.reportStep(Reporter.java:107)
	at com.medmantra.pages.IPAdmissionPage.clickSubmitButton(IPAdmissionPage.java:61)
	at com.medmantra.testcases.Admission.TC_039_AdmissionIPAdmissionPaper.runIPAdmissionPaper(TC_039_AdmissionIPAdmissionPaper.java:59)
	at java.base/jdk.internal.reflect.NativeMethodAccessorImpl.invoke0(Native Method)
	at java.base/jdk.internal.reflect.NativeMethodAccessorImpl.invoke(NativeMethodAccessorImpl.java:77)
	at java.base/jdk.internal.reflect.DelegatingMethodAccessorImpl.invoke(DelegatingMethodAccessorImpl.java:43)
	at java.base/java.lang.reflect.Method.invoke(Method.java:568)
	at org.testng.internal.MethodInvocationHelper.invokeMethod(MethodInvocationHelper.java:133)
	at org.testng.internal.TestInvoker.invokeMethod(TestInvoker.java:598)
	at org.testng.internal.TestInvoker.invokeTestMethod(TestInvoker.java:173)
	at org.testng.internal.MethodRunner.runInSequence(MethodRunner.java:46)
	at org.testng.internal.TestInvoker$MethodInvocationAgent.invoke(TestInvoker.java:824)
	at org.testng.internal.TestInvoker.invokeTestMethods(TestInvoker.java:146)
	at org.testng.internal.TestMethodWorker.invokeTestMethods(TestMethodWorker.java:146)
	at org.testng.internal.TestMethodWorker.run(TestMethodWorker.java:128)
	at java.base/java.util.ArrayList.forEach(ArrayList.java:1511)
	at org.testng.TestRunner.privateRun(TestRunner.java:794)
	at org.testng.TestRunner.run(TestRunner.java:596)
	at org.testng.SuiteRunner.runTest(SuiteRunner.java:377)
	at org.testng.SuiteRunner.runSequentially(SuiteRunner.java:371)
	at org.testng.SuiteRunner.privateRun(SuiteRunner.java:332)
	at org.testng.SuiteRunner.run(SuiteRunner.java:276)
	at org.testng.SuiteRunnerWorker.runSuite(SuiteRunnerWorker.java:53)
	at org.testng.SuiteRunnerWorker.run(SuiteRunnerWorker.java:96)
	at org.testng.TestNG.runSuitesSequentially(TestNG.java:1212)
	at org.testng.TestNG.runSuitesLocally(TestNG.java:1134)
	at org.testng.TestNG.runSuites(TestNG.java:1063)
	at org.testng.TestNG.run(TestNG.java:1031)
	at org.testng.remote.AbstractRemoteTestNG.run(AbstractRemoteTestNG.java:115)
	at org.testng.remote.RemoteTestNG.initAndRun(RemoteTestNG.java:251)
	at org.testng.remote.RemoteTestNG.main(RemoteTestNG.java:77)
</pre></div></td>
<td>94</td>
<td>com.medmantra.testcases.Admission.TC_039_AdmissionIPAdmissionPaper@36804139</td></tr>
<tr>
<td title='com.medmantra.testcases.Admission.TC_033_Transactions_BedBookingViewReservation_BedBookingSlip.runBedBookingViewReservation()'><b>runBedBookingViewReservation</b><br>Test class: com.medmantra.testcases.Admission.TC_033_Transactions_BedBookingViewReservation_BedBookingSlip<br>Parameters: Booking Slip</td>
<td><div><pre>java.lang.RuntimeException: See the reporter for details.
	at com.framework.utils.Reporter.reportStep(Reporter.java:92)
	at com.framework.utils.Reporter.reportStep(Reporter.java:107)
	at com.framework.selenium.api.base.SeleniumBase.takeSnap(SeleniumBase.java:913)
	at com.framework.utils.Reporter.reportStep(Reporter.java:80)
	at com.framework.utils.Reporter.reportStep(Reporter.java:107)
	at com.medmantra.pages.ViewReservationPage.clickSearchtButton(ViewReservationPage.java:30)
	at com.medmantra.testcases.Admission.TC_033_Transactions_BedBookingViewReservation_BedBookingSlip.runBedBookingViewReservation(TC_033_Transactions_BedBookingViewReservation_BedBookingSlip.java:33)
	at java.base/java.util.ArrayList.forEach(ArrayList.java:1511)
... Removed 27 stack frames</pre></div><a href='#' onClick='toggleBox("stack-trace1002212482", this, "Click to show all stack frames", "Click to hide stack frames")'>Click to show all stack frames</a>
<div class='stack-trace' id='stack-trace1002212482'><pre>java.lang.RuntimeException: See the reporter for details.
	at com.framework.utils.Reporter.reportStep(Reporter.java:92)
	at com.framework.utils.Reporter.reportStep(Reporter.java:107)
	at com.framework.selenium.api.base.SeleniumBase.takeSnap(SeleniumBase.java:913)
	at com.framework.utils.Reporter.reportStep(Reporter.java:80)
	at com.framework.utils.Reporter.reportStep(Reporter.java:107)
	at com.medmantra.pages.ViewReservationPage.clickSearchtButton(ViewReservationPage.java:30)
	at com.medmantra.testcases.Admission.TC_033_Transactions_BedBookingViewReservation_BedBookingSlip.runBedBookingViewReservation(TC_033_Transactions_BedBookingViewReservation_BedBookingSlip.java:33)
	at java.base/jdk.internal.reflect.NativeMethodAccessorImpl.invoke0(Native Method)
	at java.base/jdk.internal.reflect.NativeMethodAccessorImpl.invoke(NativeMethodAccessorImpl.java:77)
	at java.base/jdk.internal.reflect.DelegatingMethodAccessorImpl.invoke(DelegatingMethodAccessorImpl.java:43)
	at java.base/java.lang.reflect.Method.invoke(Method.java:568)
	at org.testng.internal.MethodInvocationHelper.invokeMethod(MethodInvocationHelper.java:133)
	at org.testng.internal.TestInvoker.invokeMethod(TestInvoker.java:598)
	at org.testng.internal.TestInvoker.invokeTestMethod(TestInvoker.java:173)
	at org.testng.internal.MethodRunner.runInSequence(MethodRunner.java:46)
	at org.testng.internal.TestInvoker$MethodInvocationAgent.invoke(TestInvoker.java:824)
	at org.testng.internal.TestInvoker.invokeTestMethods(TestInvoker.java:146)
	at org.testng.internal.TestMethodWorker.invokeTestMethods(TestMethodWorker.java:146)
	at org.testng.internal.TestMethodWorker.run(TestMethodWorker.java:128)
	at java.base/java.util.ArrayList.forEach(ArrayList.java:1511)
	at org.testng.TestRunner.privateRun(TestRunner.java:794)
	at org.testng.TestRunner.run(TestRunner.java:596)
	at org.testng.SuiteRunner.runTest(SuiteRunner.java:377)
	at org.testng.SuiteRunner.runSequentially(SuiteRunner.java:371)
	at org.testng.SuiteRunner.privateRun(SuiteRunner.java:332)
	at org.testng.SuiteRunner.run(SuiteRunner.java:276)
	at org.testng.SuiteRunnerWorker.runSuite(SuiteRunnerWorker.java:53)
	at org.testng.SuiteRunnerWorker.run(SuiteRunnerWorker.java:96)
	at org.testng.TestNG.runSuitesSequentially(TestNG.java:1212)
	at org.testng.TestNG.runSuitesLocally(TestNG.java:1134)
	at org.testng.TestNG.runSuites(TestNG.java:1063)
	at org.testng.TestNG.run(TestNG.java:1031)
	at org.testng.remote.AbstractRemoteTestNG.run(AbstractRemoteTestNG.java:115)
	at org.testng.remote.RemoteTestNG.initAndRun(RemoteTestNG.java:251)
	at org.testng.remote.RemoteTestNG.main(RemoteTestNG.java:77)
</pre></div></td>
<td>22</td>
<td>com.medmantra.testcases.Admission.TC_033_Transactions_BedBookingViewReservation_BedBookingSlip@503f91c3</td></tr>
<tr>
<td title='com.medmantra.testcases.Admission.TC_053_CovidInfoViewandUpdate.runCovidInfoViewandUpdate()'><b>runCovidInfoViewandUpdate</b><br>Test class: com.medmantra.testcases.Admission.TC_053_CovidInfoViewandUpdate<br>Parameters: Covaxin, test</td>
<td><div><pre>java.lang.RuntimeException: See the reporter for details.
	at com.framework.utils.Reporter.reportStep(Reporter.java:92)
	at com.framework.utils.Reporter.reportStep(Reporter.java:107)
	at com.framework.selenium.api.base.SeleniumBase.locateElement(SeleniumBase.java:632)
	at com.medmantra.pages.AdmissionAndTransferPage.mouseHoverOnOthers(AdmissionAndTransferPage.java:224)
	at com.medmantra.testcases.Admission.TC_053_CovidInfoViewandUpdate.runCovidInfoViewandUpdate(TC_053_CovidInfoViewandUpdate.java:31)
	at java.base/java.util.ArrayList.forEach(ArrayList.java:1511)
... Removed 27 stack frames</pre></div><a href='#' onClick='toggleBox("stack-trace1465813088", this, "Click to show all stack frames", "Click to hide stack frames")'>Click to show all stack frames</a>
<div class='stack-trace' id='stack-trace1465813088'><pre>java.lang.RuntimeException: See the reporter for details.
	at com.framework.utils.Reporter.reportStep(Reporter.java:92)
	at com.framework.utils.Reporter.reportStep(Reporter.java:107)
	at com.framework.selenium.api.base.SeleniumBase.locateElement(SeleniumBase.java:632)
	at com.medmantra.pages.AdmissionAndTransferPage.mouseHoverOnOthers(AdmissionAndTransferPage.java:224)
	at com.medmantra.testcases.Admission.TC_053_CovidInfoViewandUpdate.runCovidInfoViewandUpdate(TC_053_CovidInfoViewandUpdate.java:31)
	at java.base/jdk.internal.reflect.NativeMethodAccessorImpl.invoke0(Native Method)
	at java.base/jdk.internal.reflect.NativeMethodAccessorImpl.invoke(NativeMethodAccessorImpl.java:77)
	at java.base/jdk.internal.reflect.DelegatingMethodAccessorImpl.invoke(DelegatingMethodAccessorImpl.java:43)
	at java.base/java.lang.reflect.Method.invoke(Method.java:568)
	at org.testng.internal.MethodInvocationHelper.invokeMethod(MethodInvocationHelper.java:133)
	at org.testng.internal.TestInvoker.invokeMethod(TestInvoker.java:598)
	at org.testng.internal.TestInvoker.invokeTestMethod(TestInvoker.java:173)
	at org.testng.internal.MethodRunner.runInSequence(MethodRunner.java:46)
	at org.testng.internal.TestInvoker$MethodInvocationAgent.invoke(TestInvoker.java:824)
	at org.testng.internal.TestInvoker.invokeTestMethods(TestInvoker.java:146)
	at org.testng.internal.TestMethodWorker.invokeTestMethods(TestMethodWorker.java:146)
	at org.testng.internal.TestMethodWorker.run(TestMethodWorker.java:128)
	at java.base/java.util.ArrayList.forEach(ArrayList.java:1511)
	at org.testng.TestRunner.privateRun(TestRunner.java:794)
	at org.testng.TestRunner.run(TestRunner.java:596)
	at org.testng.SuiteRunner.runTest(SuiteRunner.java:377)
	at org.testng.SuiteRunner.runSequentially(SuiteRunner.java:371)
	at org.testng.SuiteRunner.privateRun(SuiteRunner.java:332)
	at org.testng.SuiteRunner.run(SuiteRunner.java:276)
	at org.testng.SuiteRunnerWorker.runSuite(SuiteRunnerWorker.java:53)
	at org.testng.SuiteRunnerWorker.run(SuiteRunnerWorker.java:96)
	at org.testng.TestNG.runSuitesSequentially(TestNG.java:1212)
	at org.testng.TestNG.runSuitesLocally(TestNG.java:1134)
	at org.testng.TestNG.runSuites(TestNG.java:1063)
	at org.testng.TestNG.run(TestNG.java:1031)
	at org.testng.remote.AbstractRemoteTestNG.run(AbstractRemoteTestNG.java:115)
	at org.testng.remote.RemoteTestNG.initAndRun(RemoteTestNG.java:251)
	at org.testng.remote.RemoteTestNG.main(RemoteTestNG.java:77)
</pre></div></td>
<td>106</td>
<td>com.medmantra.testcases.Admission.TC_053_CovidInfoViewandUpdate@7068e664</td></tr>
</table><p>
<table width='100%' border='1' class='invocation-passed'>
<tr><td colspan='4' align='center'><b>PASSED TESTS</b></td></tr>
<tr><td><b>Test method</b></td>
<td width="30%"><b>Exception</b></td>
<td width="10%"><b>Time (seconds)</b></td>
<td><b>Instance</b></td>
</tr>
<tr>
<td title='com.medmantra.testcases.Admission.TC_046_Transfer_ChangeBedStatus_ChangeStatus.runChangeBedStatusChangeStatus()'><b>runChangeBedStatusChangeStatus</b><br>Test class: com.medmantra.testcases.Admission.TC_046_Transfer_ChangeBedStatus_ChangeStatus<br>Parameters: Emergency, Vacant, Vacant, Test</td>
<td></td>
<td>48</td>
<td>com.medmantra.testcases.Admission.TC_046_Transfer_ChangeBedStatus_ChangeStatus@10289886</td></tr>
<tr>
<td title='com.medmantra.testcases.Admission.TC_057_QuickLinks_Reports.runQuickLinksReports()'><b>runQuickLinksReports</b><br>Test class: com.medmantra.testcases.Admission.TC_057_QuickLinks_Reports<br>Parameters: ReportInPatient.aspx</td>
<td></td>
<td>15</td>
<td>com.medmantra.testcases.Admission.TC_057_QuickLinks_Reports@41f69e84</td></tr>
<tr>
<td title='com.medmantra.testcases.Admission.TC_067_Search_ReadyForCheckout.runSearchReadyForCheckout()'><b>runSearchReadyForCheckout</b><br>Test class: com.medmantra.testcases.Admission.TC_067_Search_ReadyForCheckout</td>
<td></td>
<td>15</td>
<td>com.medmantra.testcases.Admission.TC_067_Search_ReadyForCheckout@3e2055d6</td></tr>
<tr>
<td title='com.medmantra.testcases.Admission.TC_050_BlockReserve_ReserveBed_View.runReserveBedView()'><b>runReserveBedView</b><br>Test class: com.medmantra.testcases.Admission.TC_050_BlockReserve_ReserveBed_View<br>Parameters: Emergency, Vacant, NORMAL, 02, 22, APJ1.0003508051</td>
<td></td>
<td>59</td>
<td>com.medmantra.testcases.Admission.TC_050_BlockReserve_ReserveBed_View@1a5a4e19</td></tr>
<tr>
<td title='com.medmantra.testcases.Admission.TC_058_QuickLinksTransferHistory.runQuickLinksTransferHistory()'><b>runQuickLinksTransferHistory</b><br>Test class: com.medmantra.testcases.Admission.TC_058_QuickLinksTransferHistory<br>Parameters: IP337174, TransferHistory</td>
<td></td>
<td>39</td>
<td>com.medmantra.testcases.Admission.TC_058_QuickLinksTransferHistory@7975d1d8</td></tr>
<tr>
<td title='com.medmantra.testcases.Admission.TC_108_Reports_PatientLocationWise.runPatientLocationWise()'><b>runPatientLocationWise</b><br>Test class: com.medmantra.testcases.Admission.TC_108_Reports_PatientLocationWise</td>
<td></td>
<td>46</td>
<td>com.medmantra.testcases.Admission.TC_108_Reports_PatientLocationWise@383dc82c</td></tr>
<tr>
<td title='com.medmantra.testcases.Admission.TC_081_Reports_CurrentInPatientList.runCurrentInPatientList()'><b>runCurrentInPatientList</b><br>Test class: com.medmantra.testcases.Admission.TC_081_Reports_CurrentInPatientList<br>Parameters: ReportOfCurrentPatient</td>
<td></td>
<td>29</td>
<td>com.medmantra.testcases.Admission.TC_081_Reports_CurrentInPatientList@5038d0b5</td></tr>
<tr>
<td title='com.medmantra.testcases.Admission.TC_095_CreditPatientList.runCreditPatientList()'><b>runCreditPatientList</b><br>Test class: com.medmantra.testcases.Admission.TC_095_CreditPatientList</td>
<td></td>
<td>90</td>
<td>com.medmantra.testcases.Admission.TC_095_CreditPatientList@4b8729ff</td></tr>
<tr>
<td title='com.medmantra.testcases.Admission.TC_049_BlockReserve_ReserveBed_Save.runReserveBedSave()'><b>runReserveBedSave</b><br>Test class: com.medmantra.testcases.Admission.TC_049_BlockReserve_ReserveBed_Save<br>Parameters: Emergency, Vacant, NORMAL, 02, 22, APJ1.0003508051</td>
<td></td>
<td>60</td>
<td>com.medmantra.testcases.Admission.TC_049_BlockReserve_ReserveBed_Save@4ee203eb</td></tr>
<tr>
<td title='com.medmantra.testcases.Admission.TC_102_Reports_SpecialNotes.runSpecialNotes()'><b>runSpecialNotes</b><br>Test class: com.medmantra.testcases.Admission.TC_102_Reports_SpecialNotes</td>
<td></td>
<td>43</td>
<td>com.medmantra.testcases.Admission.TC_102_Reports_SpecialNotes@3214ee6</td></tr>
<tr>
<td title='com.medmantra.testcases.Admission.TC_083_Reports_TotalAdmissionsWithinAPeriod.runTotalAdmissionsWithinAPeriodlink()'><b>runTotalAdmissionsWithinAPeriodlink</b><br>Test class: com.medmantra.testcases.Admission.TC_083_Reports_TotalAdmissionsWithinAPeriod<br>Parameters: PopupRPTTotalAndAverageAdmission</td>
<td></td>
<td>47</td>
<td>com.medmantra.testcases.Admission.TC_083_Reports_TotalAdmissionsWithinAPeriod@2ad48653</td></tr>
<tr>
<td title='com.medmantra.testcases.Admission.TC_079_Reports_WardWiseIPList.runWardWiseIPList()'><b>runWardWiseIPList</b><br>Test class: com.medmantra.testcases.Admission.TC_079_Reports_WardWiseIPList<br>Parameters: 1st FloorSpecial Ward, RPTWardWisePatientList</td>
<td></td>
<td>47</td>
<td>com.medmantra.testcases.Admission.TC_079_Reports_WardWiseIPList@1a5b6f42</td></tr>
<tr>
<td title='com.medmantra.testcases.Admission.TC_097_DeadPatientList.runDeadPatientList()'><b>runDeadPatientList</b><br>Test class: com.medmantra.testcases.Admission.TC_097_DeadPatientList<br>Parameters: PopupRPTDeadpatientReport</td>
<td></td>
<td>54</td>
<td>com.medmantra.testcases.Admission.TC_097_DeadPatientList@61710c6</td></tr>
<tr>
<td title='com.medmantra.testcases.Admission.TC_055_QuickLinks_IPAdmission.runQuickLinksIPAdmission()'><b>runQuickLinksIPAdmission</b><br>Test class: com.medmantra.testcases.Admission.TC_055_QuickLinks_IPAdmission<br>Parameters: IPAdmission.aspx</td>
<td></td>
<td>51</td>
<td>com.medmantra.testcases.Admission.TC_055_QuickLinks_IPAdmission@3e78b6a5</td></tr>
<tr>
<td title='com.medmantra.testcases.Admission.TC_047_Block_Reserve_BlockBed_Save.runReserveBlockBedSave()'><b>runReserveBlockBedSave</b><br>Test class: com.medmantra.testcases.Admission.TC_047_Block_Reserve_BlockBed_Save<br>Parameters: ICU, Vacant, NORMAL, 02, 22, Test</td>
<td></td>
<td>71</td>
<td>com.medmantra.testcases.Admission.TC_047_Block_Reserve_BlockBed_Save@5c86dbc5</td></tr>
<tr>
<td title='com.medmantra.testcases.Admission.TC_066_SearchDischargeSummary.runSearchDischargeSummary()'><b>runSearchDischargeSummary</b><br>Test class: com.medmantra.testcases.Admission.TC_066_SearchDischargeSummary<br>Parameters: DischargeSummaryPrepared</td>
<td></td>
<td>51</td>
<td>com.medmantra.testcases.Admission.TC_066_SearchDischargeSummary@18f8cd79</td></tr>
<tr>
<td title='com.medmantra.testcases.Admission.TC_056_QuickLinks_Statictics.runQuickLinksStatictics()'><b>runQuickLinksStatictics</b><br>Test class: com.medmantra.testcases.Admission.TC_056_QuickLinks_Statictics<br>Parameters: Statistics(Today)</td>
<td></td>
<td>34</td>
<td>com.medmantra.testcases.Admission.TC_056_QuickLinks_Statictics@769a1df5</td></tr>
<tr>
<td title='com.medmantra.testcases.Admission.TC_034_Transactions_IPSearch.runIPSearch()'><b>runIPSearch</b><br>Test class: com.medmantra.testcases.Admission.TC_034_Transactions_IPSearch<br>Parameters: APJ1.0003504552</td>
<td></td>
<td>34</td>
<td>com.medmantra.testcases.Admission.TC_034_Transactions_IPSearch@13526e59</td></tr>
<tr>
<td title='com.medmantra.testcases.Admission.TC_029_Transactions_BedBookingViewReservation_Arrived.runViewReservationArrived()'><b>runViewReservationArrived</b><br>Test class: com.medmantra.testcases.Admission.TC_029_Transactions_BedBookingViewReservation_Arrived</td>
<td></td>
<td>31</td>
<td>com.medmantra.testcases.Admission.TC_029_Transactions_BedBookingViewReservation_Arrived@448c8166</td></tr>
<tr>
<td title='com.medmantra.testcases.Admission.TC_070_Reports_SpecializationWiseIPList.run_SpecializationWiseIPList()'><b>run_SpecializationWiseIPList</b><br>Test class: com.medmantra.testcases.Admission.TC_070_Reports_SpecializationWiseIPList<br>Parameters: AUDIOLOGY, aspx</td>
<td></td>
<td>47</td>
<td>com.medmantra.testcases.Admission.TC_070_Reports_SpecializationWiseIPList@e3b3b2f</td></tr>
<tr>
<td title='com.medmantra.testcases.Admission.TC_076_Reports_TotalOccupancy.runTotalOccupancy()'><b>runTotalOccupancy</b><br>Test class: com.medmantra.testcases.Admission.TC_076_Reports_TotalOccupancy<br>Parameters: Total_occupancy</td>
<td></td>
<td>40</td>
<td>com.medmantra.testcases.Admission.TC_076_Reports_TotalOccupancy@28194a50</td></tr>
<tr>
<td title='com.medmantra.testcases.Admission.TC_084_Reports_Patienttransferhistory.runPatienttransferhistory()'><b>runPatienttransferhistory</b><br>Test class: com.medmantra.testcases.Admission.TC_084_Reports_Patienttransferhistory<br>Parameters: IP337174, PopupRPTPatientTransferHistory</td>
<td></td>
<td>32</td>
<td>com.medmantra.testcases.Admission.TC_084_Reports_Patienttransferhistory@6bb4dd34</td></tr>
<tr>
<td title='com.medmantra.testcases.Admission.TC_059_QuickLinksDischargeLink.runQuickLinksDischargeLink()'><b>runQuickLinksDischargeLink</b><br>Test class: com.medmantra.testcases.Admission.TC_059_QuickLinksDischargeLink<br>Parameters: Admitted, RPTStatusWiseIPAdmission</td>
<td></td>
<td>35</td>
<td>com.medmantra.testcases.Admission.TC_059_QuickLinksDischargeLink@2438dcd</td></tr>
<tr>
<td title='com.medmantra.testcases.Admission.TC_072_Reports_AT_TodaysAdmissionList.runTodaysAdmissionList()'><b>runTodaysAdmissionList</b><br>Test class: com.medmantra.testcases.Admission.TC_072_Reports_AT_TodaysAdmissionList<br>Parameters: aspx</td>
<td></td>
<td>52</td>
<td>com.medmantra.testcases.Admission.TC_072_Reports_AT_TodaysAdmissionList@6cc4cdb9</td></tr>
<tr>
<td title='com.medmantra.testcases.Admission.TC_116_Reports_AdmissionSearch.runAdmissionSearch()'><b>runAdmissionSearch</b><br>Test class: com.medmantra.testcases.Admission.TC_116_Reports_AdmissionSearch</td>
<td></td>
<td>37</td>
<td>com.medmantra.testcases.Admission.TC_116_Reports_AdmissionSearch@4a07d605</td></tr>
<tr>
<td title='com.medmantra.testcases.Admission.TC_082_Reports_InternationalPatientList.runInternationalPatientList()'><b>runInternationalPatientList</b><br>Test class: com.medmantra.testcases.Admission.TC_082_Reports_InternationalPatientList<br>Parameters: RPTInternationalPatientList</td>
<td></td>
<td>56</td>
<td>com.medmantra.testcases.Admission.TC_082_Reports_InternationalPatientList@32115b28</td></tr>
<tr>
<td title='com.medmantra.testcases.Admission.TC_078_Reports_BedCategoryWiseIPList.runBedCategoryWiseIPList()'><b>runBedCategoryWiseIPList</b><br>Test class: com.medmantra.testcases.Admission.TC_078_Reports_BedCategoryWiseIPList<br>Parameters: ACCU, aspx</td>
<td></td>
<td>35</td>
<td>com.medmantra.testcases.Admission.TC_078_Reports_BedCategoryWiseIPList@7f2cfe3f</td></tr>
<tr>
<td title='com.medmantra.testcases.Admission.TC_030_BedBooking_ViewReservation_Admit.runViewReservationAdmit()'><b>runViewReservationAdmit</b><br>Test class: com.medmantra.testcases.Admission.TC_030_BedBooking_ViewReservation_Admit<br>Parameters: Medical, InPatient, Chemo GW, ICU, Vacant, Brother, 10000</td>
<td></td>
<td>78</td>
<td>com.medmantra.testcases.Admission.TC_030_BedBooking_ViewReservation_Admit@4470fbd6</td></tr>
</table><p>
</body>
</html>