<?xml version="1.0" encoding="UTF-8"?>
<!-- Generated by org.testng.reporters.JUnitXMLReporter -->
<testsuite ignored="6" hostname="EC-AUTOMA-001" failures="2" tests="3" name="TC_001_TC_010" time="412.398" errors="0" timestamp="2022-09-15T10:08:59 PDT">
  <testcase classname="com.medmantra.testcases.sms.TC_001_SMS_EventMaster" name="runSMSEventMaster" time="14.692"/>
  <testcase classname="com.medmantra.testcases.sms.TC_002_SMS_EventMessageMappingMaster" name="runEventMessageMappingMaster" time="192.805">
    <failure type="java.lang.RuntimeException" message="See the reporter for details.">
      <![CDATA[java.lang.RuntimeException: See the reporter for details.
at com.framework.utils.Reporter.reportStep(Reporter.java:92)
at com.framework.utils.Reporter.reportStep(Reporter.java:107)
at com.framework.selenium.api.base.SeleniumBase.selectDropDownUsingText(SeleniumBase.java:410)
at com.medmantra.pages.EventMessageMappingMasterPage.selectEventName(EventMessageMappingMasterPage.java:22)
at com.medmantra.testcases.sms.TC_002_SMS_EventMessageMappingMaster.runEventMessageMappingMaster(TC_002_SMS_EventMessageMappingMaster.java:33)
at java.base/java.util.ArrayList.forEach(ArrayList.java:1511)
... Removed 27 stack frames]]>
    </failure>
  </testcase> <!-- runEventMessageMappingMaster -->
  <testcase classname="com.medmantra.testcases.sms.TC_010_SMS_EventMessageMappingMaster" name="runEventMessageMappingMaster" time="192.557">
    <failure type="java.lang.RuntimeException" message="See the reporter for details.">
      <![CDATA[java.lang.RuntimeException: See the reporter for details.
at com.framework.utils.Reporter.reportStep(Reporter.java:92)
at com.framework.utils.Reporter.reportStep(Reporter.java:107)
at com.framework.selenium.api.base.SeleniumBase.selectDropDownUsingText(SeleniumBase.java:410)
at com.medmantra.pages.EventMessageMappingMasterPage.selectEventName(EventMessageMappingMasterPage.java:22)
at com.medmantra.testcases.sms.TC_010_SMS_EventMessageMappingMaster.runEventMessageMappingMaster(TC_010_SMS_EventMessageMappingMaster.java:33)
at java.base/java.util.ArrayList.forEach(ArrayList.java:1511)
... Removed 27 stack frames]]>
    </failure>
  </testcase> <!-- runEventMessageMappingMaster -->
  <testcase classname="com.framework.utils.Reporter" name="@BeforeSuite startReport" time="0.0">
    <ignored/>
  </testcase> <!-- @BeforeSuite startReport -->
  <testcase classname="com.framework.utils.Reporter" name="@BeforeSuite startReport" time="0.0">
    <ignored/>
  </testcase> <!-- @BeforeSuite startReport -->
  <testcase classname="com.framework.testng.api.base.ProjectSpecificMethods" name="@BeforeSuite url" time="0.0">
    <ignored/>
  </testcase> <!-- @BeforeSuite url -->
  <testcase classname="com.framework.testng.api.base.ProjectSpecificMethods" name="@BeforeSuite url" time="0.0">
    <ignored/>
  </testcase> <!-- @BeforeSuite url -->
  <testcase classname="com.framework.utils.Reporter" name="@AfterSuite endResult" time="0.0">
    <ignored/>
  </testcase> <!-- @AfterSuite endResult -->
  <testcase classname="com.framework.utils.Reporter" name="@AfterSuite endResult" time="0.0">
    <ignored/>
  </testcase> <!-- @AfterSuite endResult -->
</testsuite> <!-- TC_001_TC_010 -->
