<?xml version="1.0" encoding="UTF-8"?>
<!-- Generated by org.testng.reporters.JUnitReportReporter -->
<<<<<<< HEAD
<testsuite hostname="EC-AUTOMA-001" failures="0" tests="2" name="com.medmantra.testcases.Registration.TC_032_REG_DoctorAppoinmentSchedule" time="104.332" errors="1" timestamp="2022-09-17T23:21:12 PDT" skipped="1">
  <testcase classname="com.medmantra.testcases.Registration.TC_032_REG_DoctorAppoinmentSchedule" name="runDoctorAppoinmentSchedule" time="3.177">
    <skipped/>
  </testcase> <!-- runDoctorAppoinmentSchedule -->
  <system-out/>
  <testcase classname="com.medmantra.testcases.Registration.TC_032_REG_DoctorAppoinmentSchedule" name="preScript" time="101.155">
    <error message="See the reporter for details." type="java.lang.RuntimeException">
      <![CDATA[java.lang.RuntimeException: See the reporter for details.
at com.framework.utils.Reporter.reportStep(Reporter.java:92)
at com.framework.selenium.api.base.SeleniumBase.switchToWindow(SeleniumBase.java:783)
at com.medmantra.pages.PaymentsPage.verifyRegistration(PaymentsPage.java:378)
at com.medmantra.testcases.Registration.TC_001_REG_NormalRegistration.normalRegistration(TC_001_REG_NormalRegistration.java:56)
at com.medmantra.testcases.Registration.TC_032_REG_DoctorAppoinmentSchedule.preScript(TC_032_REG_DoctorAppoinmentSchedule.java:24)
at java.base/jdk.internal.reflect.NativeMethodAccessorImpl.invoke0(Native Method)
at java.base/jdk.internal.reflect.NativeMethodAccessorImpl.invoke(NativeMethodAccessorImpl.java:77)
at java.base/jdk.internal.reflect.DelegatingMethodAccessorImpl.invoke(DelegatingMethodAccessorImpl.java:43)
at java.base/java.lang.reflect.Method.invoke(Method.java:568)
at org.testng.internal.MethodInvocationHelper.invokeMethod(MethodInvocationHelper.java:133)
at org.testng.internal.MethodInvocationHelper.invokeMethodConsideringTimeout(MethodInvocationHelper.java:62)
at org.testng.internal.ConfigInvoker.invokeConfigurationMethod(ConfigInvoker.java:385)
at org.testng.internal.ConfigInvoker.invokeConfigurations(ConfigInvoker.java:321)
at org.testng.internal.TestInvoker.runConfigMethods(TestInvoker.java:700)
at org.testng.internal.TestInvoker.invokeMethod(TestInvoker.java:527)
at org.testng.internal.TestInvoker.invokeTestMethod(TestInvoker.java:173)
at org.testng.internal.MethodRunner.runInSequence(MethodRunner.java:46)
=======
<testsuite hostname="DESKTOP-6CGC2KB" failures="0" tests="3" name="com.medmantra.testcases.Registration.TC_032_REG_DoctorAppoinmentSchedule" time="169.859" errors="1" timestamp="2022-08-23T22:59:58 IST" skipped="2">
  <testcase classname="com.medmantra.testcases.Registration.TC_032_REG_DoctorAppoinmentSchedule" name="runDoctorAppoinmentSchedule" time="43.267">
    <skipped/>
  </testcase> <!-- runDoctorAppoinmentSchedule -->
  <system-out/>
  <testcase classname="com.medmantra.testcases.Registration.TC_032_REG_DoctorAppoinmentSchedule" name="runDoctorAppoinmentSchedule" time="18.715">
    <skipped/>
  </testcase> <!-- runDoctorAppoinmentSchedule -->
  <system-out/>
  <testcase classname="com.medmantra.testcases.Registration.TC_032_REG_DoctorAppoinmentSchedule" name="runDoctorAppoinmentSchedule" time="107.877">
    <error message="See the reporter for details." type="java.lang.RuntimeException">
      <![CDATA[java.lang.RuntimeException: See the reporter for details.
at com.framework.utils.Reporter.reportStep(Reporter.java:92)
at com.framework.utils.Reporter.reportStep(Reporter.java:107)
at com.framework.selenium.api.base.SeleniumBase.locateElement(SeleniumBase.java:632)
at com.medmantra.pages.HomePage.clickRegistration(HomePage.java:23)
at com.medmantra.testcases.Registration.TC_032_REG_DoctorAppoinmentSchedule.runDoctorAppoinmentSchedule(TC_032_REG_DoctorAppoinmentSchedule.java:44)
at java.base/jdk.internal.reflect.NativeMethodAccessorImpl.invoke0(Native Method)
at java.base/jdk.internal.reflect.NativeMethodAccessorImpl.invoke(NativeMethodAccessorImpl.java:78)
at java.base/jdk.internal.reflect.DelegatingMethodAccessorImpl.invoke(DelegatingMethodAccessorImpl.java:43)
at java.base/java.lang.reflect.Method.invoke(Method.java:567)
at org.testng.internal.MethodInvocationHelper.invokeMethod(MethodInvocationHelper.java:133)
at org.testng.internal.TestInvoker.invokeMethod(TestInvoker.java:598)
at org.testng.internal.TestInvoker.retryFailed(TestInvoker.java:213)
at org.testng.internal.MethodRunner.runInSequence(MethodRunner.java:58)
>>>>>>> 9d84e3b6d0e3e07b1c620f9f03a38b8a429cb916
at org.testng.internal.TestInvoker$MethodInvocationAgent.invoke(TestInvoker.java:824)
at org.testng.internal.TestInvoker.invokeTestMethods(TestInvoker.java:146)
at org.testng.internal.TestMethodWorker.invokeTestMethods(TestMethodWorker.java:146)
at org.testng.internal.TestMethodWorker.run(TestMethodWorker.java:128)
at java.base/java.util.ArrayList.forEach(ArrayList.java:1511)
at org.testng.TestRunner.privateRun(TestRunner.java:794)
at org.testng.TestRunner.run(TestRunner.java:596)
at org.testng.SuiteRunner.runTest(SuiteRunner.java:377)
at org.testng.SuiteRunner.runSequentially(SuiteRunner.java:371)
at org.testng.SuiteRunner.privateRun(SuiteRunner.java:332)
at org.testng.SuiteRunner.run(SuiteRunner.java:276)
at org.testng.SuiteRunnerWorker.runSuite(SuiteRunnerWorker.java:53)
at org.testng.SuiteRunnerWorker.run(SuiteRunnerWorker.java:96)
at org.testng.TestNG.runSuitesSequentially(TestNG.java:1212)
at org.testng.TestNG.runSuitesLocally(TestNG.java:1134)
at org.testng.TestNG.runSuites(TestNG.java:1063)
at org.testng.TestNG.run(TestNG.java:1031)
at org.testng.remote.AbstractRemoteTestNG.run(AbstractRemoteTestNG.java:115)
at org.testng.remote.RemoteTestNG.initAndRun(RemoteTestNG.java:251)
at org.testng.remote.RemoteTestNG.main(RemoteTestNG.java:77)
]]>
    </error>
<<<<<<< HEAD
  </testcase> <!-- preScript -->
=======
  </testcase> <!-- runDoctorAppoinmentSchedule -->
>>>>>>> 9d84e3b6d0e3e07b1c620f9f03a38b8a429cb916
  <system-out/>
</testsuite> <!-- com.medmantra.testcases.Registration.TC_032_REG_DoctorAppoinmentSchedule -->
